[0.037s] Invoking command in '/home/hans/ar/build/ar_comm': CMAKE_PREFIX_PATH=/opt/ros/humble /usr/bin/cmake /home/hans/ar/ar_src/communication/commlibs/ar_comm -DCMAKE_INSTALL_PREFIX=/home/hans/ar/install/ar_comm
[0.320s] -- The C compiler identification is GNU 11.4.0
[0.495s] -- The CXX compiler identification is GNU 11.4.0
[0.522s] -- Detecting C compiler ABI info
[0.841s] -- Detecting C compiler ABI info - done
[0.848s] -- Check for working C compiler: /usr/bin/cc - skipped
[0.848s] -- Detecting C compile features
[0.848s] -- Detecting C compile features - done
[0.850s] -- Detecting CXX compiler ABI info
[1.311s] -- Detecting CXX compiler ABI info - done
[1.318s] -- Check for working CXX compiler: /usr/bin/c++ - skipped
[1.318s] -- Detecting CXX compile features
[1.318s] -- Detecting CXX compile features - done
[1.322s] -- Found ament_cmake: 1.3.11 (/opt/ros/humble/share/ament_cmake/cmake)
[1.555s] -- Found Python3: /usr/bin/python3 (found version "3.10.12") found components: Interpreter 
[1.691s] -- Found rclcpp: 16.0.12 (/opt/ros/humble/share/rclcpp/cmake)
[1.734s] -- Found rosidl_generator_c: 3.1.6 (/opt/ros/humble/share/rosidl_generator_c/cmake)
[1.739s] -- Found rosidl_adapter: 3.1.6 (/opt/ros/humble/share/rosidl_adapter/cmake)
[1.746s] -- Found rosidl_generator_cpp: 3.1.6 (/opt/ros/humble/share/rosidl_generator_cpp/cmake)
[1.758s] -- Using all available rosidl_typesupport_c: rosidl_typesupport_fastrtps_c;rosidl_typesupport_introspection_c
[1.774s] -- Using all available rosidl_typesupport_cpp: rosidl_typesupport_fastrtps_cpp;rosidl_typesupport_introspection_cpp
[1.815s] -- Found rmw_implementation_cmake: 6.1.2 (/opt/ros/humble/share/rmw_implementation_cmake/cmake)
[1.819s] -- Found rmw_fastrtps_cpp: 6.2.7 (/opt/ros/humble/share/rmw_fastrtps_cpp/cmake)
[2.112s] -- Found OpenSSL: /usr/lib/x86_64-linux-gnu/libcrypto.so (found version "3.0.2")  
[2.153s] -- Found FastRTPS: /opt/ros/humble/include  
[2.215s] -- Using RMW implementation 'rmw_fastrtps_cpp' as default
[2.226s] -- Looking for pthread.h
[2.443s] -- Looking for pthread.h - found
[2.443s] -- Performing Test CMAKE_HAVE_LIBC_PTHREAD
[2.710s] -- Performing Test CMAKE_HAVE_LIBC_PTHREAD - Success
[2.713s] -- Found Threads: TRUE  
[2.768s] -- Found ament_lint_auto: 0.12.12 (/opt/ros/humble/share/ament_lint_auto/cmake)
[2.910s] -- Added test 'cppcheck' to perform static code analysis on C / C++ code
[2.910s] -- Configured cppcheck include dirs: 
[2.913s] -- Configured cppcheck exclude dirs and/or files: 
[2.913s] -- Added test 'lint_cmake' to check CMake code style
[2.913s] -- Added test 'uncrustify' to check C / C++ code style
[2.913s] -- Configured uncrustify additional arguments: 
[2.914s] -- Added test 'xmllint' to check XML markup files
[2.923s] -- Configuring done
[2.928s] -- Generating done
[2.931s] -- Build files have been written to: /home/hans/ar/build/ar_comm
[2.965s] Invoked command in '/home/hans/ar/build/ar_comm' returned '0': CMAKE_PREFIX_PATH=/opt/ros/humble /usr/bin/cmake /home/hans/ar/ar_src/communication/commlibs/ar_comm -DCMAKE_INSTALL_PREFIX=/home/hans/ar/install/ar_comm
[2.967s] Invoking command in '/home/hans/ar/build/ar_comm': CMAKE_PREFIX_PATH=/opt/ros/humble /usr/bin/cmake --build /home/hans/ar/build/ar_comm -- -j12 -l12
[3.165s] Invoked command in '/home/hans/ar/build/ar_comm' returned '0': CMAKE_PREFIX_PATH=/opt/ros/humble /usr/bin/cmake --build /home/hans/ar/build/ar_comm -- -j12 -l12
[3.168s] Invoking command in '/home/hans/ar/build/ar_comm': CMAKE_PREFIX_PATH=/opt/ros/humble /usr/bin/cmake --install /home/hans/ar/build/ar_comm
[3.230s] -- Install configuration: ""
[3.230s] -- Installing: /home/hans/ar/install/ar_comm/share/ament_index/resource_index/package_run_dependencies/ar_comm
[3.230s] -- Installing: /home/hans/ar/install/ar_comm/share/ament_index/resource_index/parent_prefix_path/ar_comm
[3.230s] -- Installing: /home/hans/ar/install/ar_comm/share/ar_comm/environment/ament_prefix_path.sh
[3.230s] -- Installing: /home/hans/ar/install/ar_comm/share/ar_comm/environment/ament_prefix_path.dsv
[3.230s] -- Installing: /home/hans/ar/install/ar_comm/share/ar_comm/environment/path.sh
[3.230s] -- Installing: /home/hans/ar/install/ar_comm/share/ar_comm/environment/path.dsv
[3.230s] -- Installing: /home/hans/ar/install/ar_comm/share/ar_comm/local_setup.bash
[3.230s] -- Installing: /home/hans/ar/install/ar_comm/share/ar_comm/local_setup.sh
[3.230s] -- Installing: /home/hans/ar/install/ar_comm/share/ar_comm/local_setup.zsh
[3.231s] -- Installing: /home/hans/ar/install/ar_comm/share/ar_comm/local_setup.dsv
[3.231s] -- Installing: /home/hans/ar/install/ar_comm/share/ar_comm/package.dsv
[3.231s] -- Installing: /home/hans/ar/install/ar_comm/share/ament_index/resource_index/packages/ar_comm
[3.231s] -- Installing: /home/hans/ar/install/ar_comm/share/ar_comm/cmake/ar_commConfig.cmake
[3.231s] -- Installing: /home/hans/ar/install/ar_comm/share/ar_comm/cmake/ar_commConfig-version.cmake
[3.231s] -- Installing: /home/hans/ar/install/ar_comm/share/ar_comm/package.xml
[3.234s] Invoked command in '/home/hans/ar/build/ar_comm' returned '0': CMAKE_PREFIX_PATH=/opt/ros/humble /usr/bin/cmake --install /home/hans/ar/build/ar_comm
