[0.033s] Invoking command in '/home/hans/ar/build/ar_planner_interface': CMAKE_PREFIX_PATH=/opt/ros/humble /usr/bin/cmake /home/hans/ar/ar_src/command/ar_planner_interface -DCMAKE_INSTALL_PREFIX=/home/hans/ar/install/ar_planner_interface
[1.364s] -- The C compiler identification is GNU 11.4.0
[1.364s] -- The CXX compiler identification is GNU 11.4.0
[1.364s] -- Detecting C compiler ABI info
[1.364s] -- Detecting C compiler ABI info - done
[1.364s] -- Check for working C compiler: /usr/bin/cc - skipped
[1.364s] -- Detecting C compile features
[1.364s] -- Detecting C compile features - done
[1.364s] -- Detecting CXX compiler ABI info
[1.372s] -- Detecting CXX compiler ABI info - done
[1.378s] -- Check for working CXX compiler: /usr/bin/c++ - skipped
[1.378s] -- Detecting CXX compile features
[1.381s] -- Detecting CXX compile features - done
[1.381s] -- Found ament_cmake: 1.3.11 (/opt/ros/humble/share/ament_cmake/cmake)
[1.603s] -- Found Python3: /usr/bin/python3 (found version "3.10.12") found components: Interpreter 
[1.714s] -- Found rclcpp: 16.0.12 (/opt/ros/humble/share/rclcpp/cmake)
[1.751s] -- Found rosidl_generator_c: 3.1.6 (/opt/ros/humble/share/rosidl_generator_c/cmake)
[1.756s] -- Found rosidl_adapter: 3.1.6 (/opt/ros/humble/share/rosidl_adapter/cmake)
[1.764s] -- Found rosidl_generator_cpp: 3.1.6 (/opt/ros/humble/share/rosidl_generator_cpp/cmake)
[1.773s] -- Using all available rosidl_typesupport_c: rosidl_typesupport_fastrtps_c;rosidl_typesupport_introspection_c
[1.786s] -- Using all available rosidl_typesupport_cpp: rosidl_typesupport_fastrtps_cpp;rosidl_typesupport_introspection_cpp
[1.827s] -- Found rmw_implementation_cmake: 6.1.2 (/opt/ros/humble/share/rmw_implementation_cmake/cmake)
[1.828s] -- Found rmw_fastrtps_cpp: 6.2.7 (/opt/ros/humble/share/rmw_fastrtps_cpp/cmake)
[2.126s] -- Found OpenSSL: /usr/lib/x86_64-linux-gnu/libcrypto.so (found version "3.0.2")  
[2.169s] -- Found FastRTPS: /opt/ros/humble/include  
[2.242s] -- Using RMW implementation 'rmw_fastrtps_cpp' as default
[2.255s] -- Looking for pthread.h
[2.471s] -- Looking for pthread.h - found
[2.471s] -- Performing Test CMAKE_HAVE_LIBC_PTHREAD
[2.753s] -- Performing Test CMAKE_HAVE_LIBC_PTHREAD - Success
[2.754s] -- Found Threads: TRUE  
[2.849s] -- Found ament_lint_auto: 0.12.12 (/opt/ros/humble/share/ament_lint_auto/cmake)
[2.976s] -- Added test 'lint_cmake' to check CMake code style
[2.976s] -- Added test 'xmllint' to check XML markup files
[2.991s] -- Configuring done
[2.991s] -- Generating done
[2.999s] -- Build files have been written to: /home/hans/ar/build/ar_planner_interface
[3.048s] Invoked command in '/home/hans/ar/build/ar_planner_interface' returned '0': CMAKE_PREFIX_PATH=/opt/ros/humble /usr/bin/cmake /home/hans/ar/ar_src/command/ar_planner_interface -DCMAKE_INSTALL_PREFIX=/home/hans/ar/install/ar_planner_interface
[3.048s] Invoking command in '/home/hans/ar/build/ar_planner_interface': CMAKE_PREFIX_PATH=/opt/ros/humble /usr/bin/cmake --build /home/hans/ar/build/ar_planner_interface -- -j12 -l12
[3.222s] Invoked command in '/home/hans/ar/build/ar_planner_interface' returned '0': CMAKE_PREFIX_PATH=/opt/ros/humble /usr/bin/cmake --build /home/hans/ar/build/ar_planner_interface -- -j12 -l12
[3.222s] Invoking command in '/home/hans/ar/build/ar_planner_interface': CMAKE_PREFIX_PATH=/opt/ros/humble /usr/bin/cmake --install /home/hans/ar/build/ar_planner_interface
[3.237s] -- Install configuration: ""
[3.237s] -- Installing: /home/hans/ar/install/ar_planner_interface/share/ament_index/resource_index/package_run_dependencies/ar_planner_interface
[3.237s] -- Installing: /home/hans/ar/install/ar_planner_interface/share/ament_index/resource_index/parent_prefix_path/ar_planner_interface
[3.237s] -- Installing: /home/hans/ar/install/ar_planner_interface/share/ar_planner_interface/environment/ament_prefix_path.sh
[3.237s] -- Installing: /home/hans/ar/install/ar_planner_interface/share/ar_planner_interface/environment/ament_prefix_path.dsv
[3.238s] -- Installing: /home/hans/ar/install/ar_planner_interface/share/ar_planner_interface/environment/path.sh
[3.238s] -- Installing: /home/hans/ar/install/ar_planner_interface/share/ar_planner_interface/environment/path.dsv
[3.238s] -- Installing: /home/hans/ar/install/ar_planner_interface/share/ar_planner_interface/local_setup.bash
[3.238s] -- Installing: /home/hans/ar/install/ar_planner_interface/share/ar_planner_interface/local_setup.sh
[3.238s] -- Installing: /home/hans/ar/install/ar_planner_interface/share/ar_planner_interface/local_setup.zsh
[3.238s] -- Installing: /home/hans/ar/install/ar_planner_interface/share/ar_planner_interface/local_setup.dsv
[3.239s] -- Installing: /home/hans/ar/install/ar_planner_interface/share/ar_planner_interface/package.dsv
[3.239s] -- Installing: /home/hans/ar/install/ar_planner_interface/share/ament_index/resource_index/packages/ar_planner_interface
[3.240s] -- Installing: /home/hans/ar/install/ar_planner_interface/share/ar_planner_interface/cmake/ar_planner_interfaceConfig.cmake
[3.240s] -- Installing: /home/hans/ar/install/ar_planner_interface/share/ar_planner_interface/cmake/ar_planner_interfaceConfig-version.cmake
[3.240s] -- Installing: /home/hans/ar/install/ar_planner_interface/share/ar_planner_interface/package.xml
[3.251s] Invoked command in '/home/hans/ar/build/ar_planner_interface' returned '0': CMAKE_PREFIX_PATH=/opt/ros/humble /usr/bin/cmake --install /home/hans/ar/build/ar_planner_interface
