[0.008s] Invoking command in '/home/hans/ar/build/ar_msgs': CMAKE_PREFIX_PATH=/opt/ros/humble /usr/bin/cmake /home/hans/ar/communication/messages/ar_msgs -DCMAKE_INSTALL_PREFIX=/home/hans/ar/install/ar_msgs
[0.017s] -- Found ament_cmake: 1.3.11 (/opt/ros/humble/share/ament_cmake/cmake)
[0.091s] -- Found rosidl_default_generators: 1.2.0 (/opt/ros/humble/share/rosidl_default_generators/cmake)
[0.092s] -- Using all available rosidl_typesupport_c: rosidl_typesupport_fastrtps_c;rosidl_typesupport_introspection_c
[0.093s] -- Found rosidl_adapter: 3.1.6 (/opt/ros/humble/share/rosidl_adapter/cmake)
[0.110s] -- Using all available rosidl_typesupport_cpp: rosidl_typesupport_fastrtps_cpp;rosidl_typesupport_introspection_cpp
[0.126s] -- Found std_msgs: 4.8.0 (/opt/ros/humble/share/std_msgs/cmake)
[0.139s] -- Found geometry_msgs: 4.8.0 (/opt/ros/humble/share/geometry_msgs/cmake)
[0.145s] -- Found sensor_msgs: 4.8.0 (/opt/ros/humble/share/sensor_msgs/cmake)
[0.154s] -- Found trajectory_msgs: 4.8.0 (/opt/ros/humble/share/trajectory_msgs/cmake)
[0.163s] -- Found actionlib_msgs: 4.8.0 (/opt/ros/humble/share/actionlib_msgs/cmake)
[0.360s] -- Found ament_cmake_ros: 0.10.0 (/opt/ros/humble/share/ament_cmake_ros/cmake)
[0.547s] -- Using all available rosidl_typesupport_c: rosidl_typesupport_fastrtps_c;rosidl_typesupport_introspection_c
[0.780s] -- Using all available rosidl_typesupport_cpp: rosidl_typesupport_fastrtps_cpp;rosidl_typesupport_introspection_cpp
[0.795s] -- Found PythonInterp: /usr/bin/python3 (found suitable version "3.10.12", minimum required is "3.6") 
[0.797s] -- Found python_cmake_module: 0.10.0 (/opt/ros/humble/share/python_cmake_module/cmake)
[0.814s] -- Found PythonLibs: /usr/lib/x86_64-linux-gnu/libpython3.10.so (found suitable version "3.10.12", minimum required is "3.5") 
[0.814s] -- Using PYTHON_EXECUTABLE: /usr/bin/python3
[0.815s] -- Using PYTHON_INCLUDE_DIRS: /usr/include/python3.10
[0.815s] -- Using PYTHON_LIBRARIES: /usr/lib/x86_64-linux-gnu/libpython3.10.so
[0.828s] -- Found PythonExtra: .so  
[0.879s] -- Configuring done
[0.903s] -- Generating done
[0.910s] -- Build files have been written to: /home/hans/ar/build/ar_msgs
[0.917s] Invoked command in '/home/hans/ar/build/ar_msgs' returned '0': CMAKE_PREFIX_PATH=/opt/ros/humble /usr/bin/cmake /home/hans/ar/communication/messages/ar_msgs -DCMAKE_INSTALL_PREFIX=/home/hans/ar/install/ar_msgs
[0.917s] Invoking command in '/home/hans/ar/build/ar_msgs': CMAKE_PREFIX_PATH=/opt/ros/humble /usr/bin/cmake --build /home/hans/ar/build/ar_msgs -- -j12 -l12
[0.950s] [  3%] [34m[1mGenerating C code for ROS interfaces[0m
[0.956s] [  6%] [34m[1mGenerating C++ code for ROS interfaces[0m
[0.962s] [  6%] Built target ament_cmake_python_copy_ar_msgs
[1.090s] [  6%] Built target ar_msgs__cpp
[1.097s] [ 16%] [32mBuilding C object CMakeFiles/ar_msgs__rosidl_generator_c.dir/rosidl_generator_c/ar_msgs/msg/detail/joy__functions.c.o[0m
[1.097s] [ 16%] [34m[1mGenerating C++ type support for eProsima Fast-RTPS[0m
[1.097s] [ 16%] [34m[1mGenerating C++ type support dispatch for ROS interfaces[0m
[1.097s] [ 19%] [34m[1mGenerating C++ introspection for ROS interfaces[0m
[1.103s] running egg_info
[1.103s] creating ar_msgs.egg-info
[1.103s] writing ar_msgs.egg-info/PKG-INFO
[1.103s] writing dependency_links to ar_msgs.egg-info/dependency_links.txt
[1.103s] writing top-level names to ar_msgs.egg-info/top_level.txt
[1.104s] writing manifest file 'ar_msgs.egg-info/SOURCES.txt'
[1.106s] reading manifest file 'ar_msgs.egg-info/SOURCES.txt'
[1.106s] writing manifest file 'ar_msgs.egg-info/SOURCES.txt'
[1.136s] [ 19%] Built target ament_cmake_python_build_ar_msgs_egg
[1.138s] [ 22%] [32m[1mLinking C shared library libar_msgs__rosidl_generator_c.so[0m
[1.177s] [ 22%] Built target ar_msgs__rosidl_generator_c
[1.185s] [ 29%] [34m[1mGenerating C type support dispatch for ROS interfaces[0m
[1.185s] [ 29%] [34m[1mGenerating C type support for eProsima Fast-RTPS[0m
[1.185s] [ 32%] [34m[1mGenerating C introspection for ROS interfaces[0m
[1.240s] [ 35%] [32mBuilding CXX object CMakeFiles/ar_msgs__rosidl_typesupport_cpp.dir/rosidl_typesupport_cpp/ar_msgs/msg/joy__type_support.cpp.o[0m
[1.252s] [ 38%] [32mBuilding CXX object CMakeFiles/ar_msgs__rosidl_typesupport_introspection_cpp.dir/rosidl_typesupport_introspection_cpp/ar_msgs/msg/detail/joy__type_support.cpp.o[0m
[1.252s] [ 41%] [32mBuilding CXX object CMakeFiles/ar_msgs__rosidl_typesupport_fastrtps_cpp.dir/rosidl_typesupport_fastrtps_cpp/ar_msgs/msg/detail/dds_fastrtps/joy__type_support.cpp.o[0m
[1.317s] [ 45%] [32mBuilding CXX object CMakeFiles/ar_msgs__rosidl_typesupport_c.dir/rosidl_typesupport_c/ar_msgs/msg/joy__type_support.cpp.o[0m
[1.324s] [ 51%] [32mBuilding C object CMakeFiles/ar_msgs__rosidl_typesupport_introspection_c.dir/rosidl_typesupport_introspection_c/ar_msgs/msg/detail/joy__type_support.c.o[0m
[1.324s] [ 51%] [32mBuilding CXX object CMakeFiles/ar_msgs__rosidl_typesupport_fastrtps_c.dir/rosidl_typesupport_fastrtps_c/ar_msgs/msg/detail/joy__type_support_c.cpp.o[0m
[1.342s] [ 54%] [32m[1mLinking CXX shared library libar_msgs__rosidl_typesupport_c.so[0m
[1.350s] [ 58%] [32m[1mLinking C shared library libar_msgs__rosidl_typesupport_introspection_c.so[0m
[1.373s] [ 58%] Built target ar_msgs__rosidl_typesupport_c
[1.375s] [ 58%] Built target ar_msgs__rosidl_typesupport_introspection_c
[1.405s] [ 61%] [32m[1mLinking CXX shared library libar_msgs__rosidl_typesupport_cpp.so[0m
[1.438s] [ 61%] Built target ar_msgs__rosidl_typesupport_cpp
[1.479s] [ 64%] [32m[1mLinking CXX shared library libar_msgs__rosidl_typesupport_introspection_cpp.so[0m
[1.483s] [ 67%] [32m[1mLinking CXX shared library libar_msgs__rosidl_typesupport_fastrtps_cpp.so[0m
[1.512s] [ 67%] Built target ar_msgs__rosidl_typesupport_introspection_cpp
[1.519s] [ 70%] [32m[1mLinking CXX shared library libar_msgs__rosidl_typesupport_fastrtps_c.so[0m
[1.535s] [ 70%] Built target ar_msgs__rosidl_typesupport_fastrtps_cpp
[1.573s] [ 70%] Built target ar_msgs__rosidl_typesupport_fastrtps_c
[1.587s] [ 70%] Built target ar_msgs
[1.603s] [ 74%] [34m[1mGenerating Python code for ROS interfaces[0m
[1.757s] [ 74%] Built target ar_msgs__py
[1.772s] [ 77%] [32mBuilding C object CMakeFiles/ar_msgs__rosidl_generator_py.dir/rosidl_generator_py/ar_msgs/msg/_joy_s.c.o[0m
[1.854s] [ 80%] [32m[1mLinking C shared library rosidl_generator_py/ar_msgs/libar_msgs__rosidl_generator_py.so[0m
[1.889s] [ 80%] Built target ar_msgs__rosidl_generator_py
[1.903s] [ 83%] [32mBuilding C object CMakeFiles/ar_msgs__rosidl_typesupport_introspection_c__pyext.dir/rosidl_generator_py/ar_msgs/_ar_msgs_s.ep.rosidl_typesupport_introspection_c.c.o[0m
[1.903s] [ 87%] [32mBuilding C object CMakeFiles/ar_msgs__rosidl_typesupport_c__pyext.dir/rosidl_generator_py/ar_msgs/_ar_msgs_s.ep.rosidl_typesupport_c.c.o[0m
[1.903s] [ 90%] [32mBuilding C object CMakeFiles/ar_msgs__rosidl_typesupport_fastrtps_c__pyext.dir/rosidl_generator_py/ar_msgs/_ar_msgs_s.ep.rosidl_typesupport_fastrtps_c.c.o[0m
[1.969s] [ 96%] [32m[1mLinking C shared library rosidl_generator_py/ar_msgs/ar_msgs_s__rosidl_typesupport_introspection_c.cpython-310-x86_64-linux-gnu.so[0m
[1.969s] [ 96%] [32m[1mLinking C shared library rosidl_generator_py/ar_msgs/ar_msgs_s__rosidl_typesupport_fastrtps_c.cpython-310-x86_64-linux-gnu.so[0m
[1.970s] [100%] [32m[1mLinking C shared library rosidl_generator_py/ar_msgs/ar_msgs_s__rosidl_typesupport_c.cpython-310-x86_64-linux-gnu.so[0m
[1.998s] [100%] Built target ar_msgs__rosidl_typesupport_introspection_c__pyext
[1.998s] [100%] Built target ar_msgs__rosidl_typesupport_fastrtps_c__pyext
[2.000s] [100%] Built target ar_msgs__rosidl_typesupport_c__pyext
[2.008s] Invoked command in '/home/hans/ar/build/ar_msgs' returned '0': CMAKE_PREFIX_PATH=/opt/ros/humble /usr/bin/cmake --build /home/hans/ar/build/ar_msgs -- -j12 -l12
[2.015s] Invoking command in '/home/hans/ar/build/ar_msgs': CMAKE_PREFIX_PATH=/opt/ros/humble /usr/bin/cmake --install /home/hans/ar/build/ar_msgs
[2.019s] -- Install configuration: ""
[2.019s] -- Installing: /home/hans/ar/install/ar_msgs/share/ament_index/resource_index/rosidl_interfaces/ar_msgs
[2.019s] -- Installing: /home/hans/ar/install/ar_msgs/include/ar_msgs/ar_msgs
[2.019s] -- Installing: /home/hans/ar/install/ar_msgs/include/ar_msgs/ar_msgs/msg
[2.020s] -- Installing: /home/hans/ar/install/ar_msgs/include/ar_msgs/ar_msgs/msg/detail
[2.020s] -- Installing: /home/hans/ar/install/ar_msgs/include/ar_msgs/ar_msgs/msg/detail/joy__struct.h
[2.020s] -- Installing: /home/hans/ar/install/ar_msgs/include/ar_msgs/ar_msgs/msg/detail/joy__type_support.h
[2.020s] -- Installing: /home/hans/ar/install/ar_msgs/include/ar_msgs/ar_msgs/msg/detail/joy__functions.c
[2.020s] -- Installing: /home/hans/ar/install/ar_msgs/include/ar_msgs/ar_msgs/msg/detail/joy__functions.h
[2.020s] -- Installing: /home/hans/ar/install/ar_msgs/include/ar_msgs/ar_msgs/msg/rosidl_generator_c__visibility_control.h
[2.020s] -- Installing: /home/hans/ar/install/ar_msgs/include/ar_msgs/ar_msgs/msg/joy.h
[2.020s] -- Installing: /home/hans/ar/install/ar_msgs/share/ar_msgs/environment/library_path.sh
[2.020s] -- Installing: /home/hans/ar/install/ar_msgs/share/ar_msgs/environment/library_path.dsv
[2.020s] -- Installing: /home/hans/ar/install/ar_msgs/lib/libar_msgs__rosidl_generator_c.so
[2.020s] -- Set runtime path of "/home/hans/ar/install/ar_msgs/lib/libar_msgs__rosidl_generator_c.so" to ""
[2.020s] -- Up-to-date: /home/hans/ar/install/ar_msgs/include/ar_msgs/ar_msgs
[2.020s] -- Up-to-date: /home/hans/ar/install/ar_msgs/include/ar_msgs/ar_msgs/msg
[2.021s] -- Up-to-date: /home/hans/ar/install/ar_msgs/include/ar_msgs/ar_msgs/msg/detail
[2.021s] -- Installing: /home/hans/ar/install/ar_msgs/include/ar_msgs/ar_msgs/msg/detail/joy__rosidl_typesupport_fastrtps_c.h
[2.021s] -- Installing: /home/hans/ar/install/ar_msgs/include/ar_msgs/ar_msgs/msg/rosidl_typesupport_fastrtps_c__visibility_control.h
[2.021s] -- Installing: /home/hans/ar/install/ar_msgs/lib/libar_msgs__rosidl_typesupport_fastrtps_c.so
[2.021s] -- Set runtime path of "/home/hans/ar/install/ar_msgs/lib/libar_msgs__rosidl_typesupport_fastrtps_c.so" to ""
[2.021s] -- Up-to-date: /home/hans/ar/install/ar_msgs/include/ar_msgs/ar_msgs
[2.021s] -- Up-to-date: /home/hans/ar/install/ar_msgs/include/ar_msgs/ar_msgs/msg
[2.021s] -- Up-to-date: /home/hans/ar/install/ar_msgs/include/ar_msgs/ar_msgs/msg/detail
[2.021s] -- Installing: /home/hans/ar/install/ar_msgs/include/ar_msgs/ar_msgs/msg/detail/joy__rosidl_typesupport_introspection_c.h
[2.021s] -- Installing: /home/hans/ar/install/ar_msgs/include/ar_msgs/ar_msgs/msg/detail/joy__type_support.c
[2.021s] -- Installing: /home/hans/ar/install/ar_msgs/include/ar_msgs/ar_msgs/msg/rosidl_typesupport_introspection_c__visibility_control.h
[2.021s] -- Installing: /home/hans/ar/install/ar_msgs/lib/libar_msgs__rosidl_typesupport_introspection_c.so
[2.022s] -- Set runtime path of "/home/hans/ar/install/ar_msgs/lib/libar_msgs__rosidl_typesupport_introspection_c.so" to ""
[2.022s] -- Installing: /home/hans/ar/install/ar_msgs/lib/libar_msgs__rosidl_typesupport_c.so
[2.022s] -- Set runtime path of "/home/hans/ar/install/ar_msgs/lib/libar_msgs__rosidl_typesupport_c.so" to ""
[2.022s] -- Up-to-date: /home/hans/ar/install/ar_msgs/include/ar_msgs/ar_msgs
[2.022s] -- Up-to-date: /home/hans/ar/install/ar_msgs/include/ar_msgs/ar_msgs/msg
[2.022s] -- Up-to-date: /home/hans/ar/install/ar_msgs/include/ar_msgs/ar_msgs/msg/detail
[2.022s] -- Installing: /home/hans/ar/install/ar_msgs/include/ar_msgs/ar_msgs/msg/detail/joy__struct.hpp
[2.022s] -- Installing: /home/hans/ar/install/ar_msgs/include/ar_msgs/ar_msgs/msg/detail/joy__traits.hpp
[2.022s] -- Installing: /home/hans/ar/install/ar_msgs/include/ar_msgs/ar_msgs/msg/detail/joy__type_support.hpp
[2.022s] -- Installing: /home/hans/ar/install/ar_msgs/include/ar_msgs/ar_msgs/msg/detail/joy__builder.hpp
[2.022s] -- Installing: /home/hans/ar/install/ar_msgs/include/ar_msgs/ar_msgs/msg/rosidl_generator_cpp__visibility_control.hpp
[2.022s] -- Installing: /home/hans/ar/install/ar_msgs/include/ar_msgs/ar_msgs/msg/joy.hpp
[2.022s] -- Up-to-date: /home/hans/ar/install/ar_msgs/include/ar_msgs/ar_msgs
[2.022s] -- Up-to-date: /home/hans/ar/install/ar_msgs/include/ar_msgs/ar_msgs/msg
[2.022s] -- Up-to-date: /home/hans/ar/install/ar_msgs/include/ar_msgs/ar_msgs/msg/detail
[2.023s] -- Installing: /home/hans/ar/install/ar_msgs/include/ar_msgs/ar_msgs/msg/detail/dds_fastrtps
[2.023s] -- Installing: /home/hans/ar/install/ar_msgs/include/ar_msgs/ar_msgs/msg/detail/joy__rosidl_typesupport_fastrtps_cpp.hpp
[2.023s] -- Installing: /home/hans/ar/install/ar_msgs/include/ar_msgs/ar_msgs/msg/rosidl_typesupport_fastrtps_cpp__visibility_control.h
[2.023s] -- Installing: /home/hans/ar/install/ar_msgs/lib/libar_msgs__rosidl_typesupport_fastrtps_cpp.so
[2.023s] -- Set runtime path of "/home/hans/ar/install/ar_msgs/lib/libar_msgs__rosidl_typesupport_fastrtps_cpp.so" to ""
[2.023s] -- Up-to-date: /home/hans/ar/install/ar_msgs/include/ar_msgs/ar_msgs
[2.023s] -- Up-to-date: /home/hans/ar/install/ar_msgs/include/ar_msgs/ar_msgs/msg
[2.023s] -- Up-to-date: /home/hans/ar/install/ar_msgs/include/ar_msgs/ar_msgs/msg/detail
[2.023s] -- Installing: /home/hans/ar/install/ar_msgs/include/ar_msgs/ar_msgs/msg/detail/joy__type_support.cpp
[2.023s] -- Installing: /home/hans/ar/install/ar_msgs/include/ar_msgs/ar_msgs/msg/detail/joy__rosidl_typesupport_introspection_cpp.hpp
[2.023s] -- Installing: /home/hans/ar/install/ar_msgs/lib/libar_msgs__rosidl_typesupport_introspection_cpp.so
[2.023s] -- Set runtime path of "/home/hans/ar/install/ar_msgs/lib/libar_msgs__rosidl_typesupport_introspection_cpp.so" to ""
[2.024s] -- Installing: /home/hans/ar/install/ar_msgs/lib/libar_msgs__rosidl_typesupport_cpp.so
[2.024s] -- Set runtime path of "/home/hans/ar/install/ar_msgs/lib/libar_msgs__rosidl_typesupport_cpp.so" to ""
[2.024s] -- Installing: /home/hans/ar/install/ar_msgs/share/ar_msgs/environment/pythonpath.sh
[2.024s] -- Installing: /home/hans/ar/install/ar_msgs/share/ar_msgs/environment/pythonpath.dsv
[2.024s] -- Installing: /home/hans/ar/install/ar_msgs/local/lib/python3.10/dist-packages/ar_msgs-0.0.0-py3.10.egg-info
[2.024s] -- Installing: /home/hans/ar/install/ar_msgs/local/lib/python3.10/dist-packages/ar_msgs-0.0.0-py3.10.egg-info/top_level.txt
[2.024s] -- Installing: /home/hans/ar/install/ar_msgs/local/lib/python3.10/dist-packages/ar_msgs-0.0.0-py3.10.egg-info/PKG-INFO
[2.024s] -- Installing: /home/hans/ar/install/ar_msgs/local/lib/python3.10/dist-packages/ar_msgs-0.0.0-py3.10.egg-info/SOURCES.txt
[2.024s] -- Installing: /home/hans/ar/install/ar_msgs/local/lib/python3.10/dist-packages/ar_msgs-0.0.0-py3.10.egg-info/dependency_links.txt
[2.024s] -- Installing: /home/hans/ar/install/ar_msgs/local/lib/python3.10/dist-packages/ar_msgs
[2.024s] -- Installing: /home/hans/ar/install/ar_msgs/local/lib/python3.10/dist-packages/ar_msgs/ar_msgs_s__rosidl_typesupport_c.cpython-310-x86_64-linux-gnu.so
[2.025s] -- Installing: /home/hans/ar/install/ar_msgs/local/lib/python3.10/dist-packages/ar_msgs/_ar_msgs_s.ep.rosidl_typesupport_c.c
[2.025s] -- Installing: /home/hans/ar/install/ar_msgs/local/lib/python3.10/dist-packages/ar_msgs/__init__.py
[2.025s] -- Installing: /home/hans/ar/install/ar_msgs/local/lib/python3.10/dist-packages/ar_msgs/ar_msgs_s__rosidl_typesupport_fastrtps_c.cpython-310-x86_64-linux-gnu.so
[2.025s] -- Installing: /home/hans/ar/install/ar_msgs/local/lib/python3.10/dist-packages/ar_msgs/libar_msgs__rosidl_generator_py.so
[2.025s] -- Installing: /home/hans/ar/install/ar_msgs/local/lib/python3.10/dist-packages/ar_msgs/msg
[2.025s] -- Installing: /home/hans/ar/install/ar_msgs/local/lib/python3.10/dist-packages/ar_msgs/msg/_joy_s.c
[2.025s] -- Installing: /home/hans/ar/install/ar_msgs/local/lib/python3.10/dist-packages/ar_msgs/msg/__init__.py
[2.025s] -- Installing: /home/hans/ar/install/ar_msgs/local/lib/python3.10/dist-packages/ar_msgs/msg/_joy.py
[2.025s] -- Installing: /home/hans/ar/install/ar_msgs/local/lib/python3.10/dist-packages/ar_msgs/ar_msgs_s__rosidl_typesupport_introspection_c.cpython-310-x86_64-linux-gnu.so
[2.025s] -- Installing: /home/hans/ar/install/ar_msgs/local/lib/python3.10/dist-packages/ar_msgs/_ar_msgs_s.ep.rosidl_typesupport_introspection_c.c
[2.025s] -- Installing: /home/hans/ar/install/ar_msgs/local/lib/python3.10/dist-packages/ar_msgs/_ar_msgs_s.ep.rosidl_typesupport_fastrtps_c.c
[2.050s] Listing '/home/hans/ar/install/ar_msgs/local/lib/python3.10/dist-packages/ar_msgs'...
[2.050s] Compiling '/home/hans/ar/install/ar_msgs/local/lib/python3.10/dist-packages/ar_msgs/__init__.py'...
[2.050s] Listing '/home/hans/ar/install/ar_msgs/local/lib/python3.10/dist-packages/ar_msgs/msg'...
[2.050s] Compiling '/home/hans/ar/install/ar_msgs/local/lib/python3.10/dist-packages/ar_msgs/msg/__init__.py'...
[2.050s] Compiling '/home/hans/ar/install/ar_msgs/local/lib/python3.10/dist-packages/ar_msgs/msg/_joy.py'...
[2.052s] -- Installing: /home/hans/ar/install/ar_msgs/local/lib/python3.10/dist-packages/ar_msgs/ar_msgs_s__rosidl_typesupport_fastrtps_c.cpython-310-x86_64-linux-gnu.so
[2.053s] -- Set runtime path of "/home/hans/ar/install/ar_msgs/local/lib/python3.10/dist-packages/ar_msgs/ar_msgs_s__rosidl_typesupport_fastrtps_c.cpython-310-x86_64-linux-gnu.so" to ""
[2.053s] -- Installing: /home/hans/ar/install/ar_msgs/local/lib/python3.10/dist-packages/ar_msgs/ar_msgs_s__rosidl_typesupport_introspection_c.cpython-310-x86_64-linux-gnu.so
[2.053s] -- Set runtime path of "/home/hans/ar/install/ar_msgs/local/lib/python3.10/dist-packages/ar_msgs/ar_msgs_s__rosidl_typesupport_introspection_c.cpython-310-x86_64-linux-gnu.so" to ""
[2.053s] -- Installing: /home/hans/ar/install/ar_msgs/local/lib/python3.10/dist-packages/ar_msgs/ar_msgs_s__rosidl_typesupport_c.cpython-310-x86_64-linux-gnu.so
[2.053s] -- Set runtime path of "/home/hans/ar/install/ar_msgs/local/lib/python3.10/dist-packages/ar_msgs/ar_msgs_s__rosidl_typesupport_c.cpython-310-x86_64-linux-gnu.so" to ""
[2.054s] -- Installing: /home/hans/ar/install/ar_msgs/lib/libar_msgs__rosidl_generator_py.so
[2.054s] -- Set runtime path of "/home/hans/ar/install/ar_msgs/lib/libar_msgs__rosidl_generator_py.so" to ""
[2.054s] -- Installing: /home/hans/ar/install/ar_msgs/share/ar_msgs/msg/Joy.idl
[2.054s] -- Installing: /home/hans/ar/install/ar_msgs/share/ar_msgs/msg/Joy.msg
[2.054s] -- Installing: /home/hans/ar/install/ar_msgs/share/ament_index/resource_index/package_run_dependencies/ar_msgs
[2.054s] -- Installing: /home/hans/ar/install/ar_msgs/share/ament_index/resource_index/parent_prefix_path/ar_msgs
[2.054s] -- Installing: /home/hans/ar/install/ar_msgs/share/ar_msgs/environment/ament_prefix_path.sh
[2.054s] -- Installing: /home/hans/ar/install/ar_msgs/share/ar_msgs/environment/ament_prefix_path.dsv
[2.054s] -- Installing: /home/hans/ar/install/ar_msgs/share/ar_msgs/environment/path.sh
[2.055s] -- Installing: /home/hans/ar/install/ar_msgs/share/ar_msgs/environment/path.dsv
[2.055s] -- Installing: /home/hans/ar/install/ar_msgs/share/ar_msgs/local_setup.bash
[2.055s] -- Installing: /home/hans/ar/install/ar_msgs/share/ar_msgs/local_setup.sh
[2.055s] -- Installing: /home/hans/ar/install/ar_msgs/share/ar_msgs/local_setup.zsh
[2.055s] -- Installing: /home/hans/ar/install/ar_msgs/share/ar_msgs/local_setup.dsv
[2.055s] -- Installing: /home/hans/ar/install/ar_msgs/share/ar_msgs/package.dsv
[2.055s] -- Installing: /home/hans/ar/install/ar_msgs/share/ament_index/resource_index/packages/ar_msgs
[2.055s] -- Installing: /home/hans/ar/install/ar_msgs/share/ar_msgs/cmake/export_ar_msgs__rosidl_generator_cExport.cmake
[2.055s] -- Installing: /home/hans/ar/install/ar_msgs/share/ar_msgs/cmake/export_ar_msgs__rosidl_generator_cExport-noconfig.cmake
[2.055s] -- Installing: /home/hans/ar/install/ar_msgs/share/ar_msgs/cmake/export_ar_msgs__rosidl_typesupport_fastrtps_cExport.cmake
[2.056s] -- Installing: /home/hans/ar/install/ar_msgs/share/ar_msgs/cmake/export_ar_msgs__rosidl_typesupport_fastrtps_cExport-noconfig.cmake
[2.056s] -- Installing: /home/hans/ar/install/ar_msgs/share/ar_msgs/cmake/ar_msgs__rosidl_typesupport_introspection_cExport.cmake
[2.056s] -- Installing: /home/hans/ar/install/ar_msgs/share/ar_msgs/cmake/ar_msgs__rosidl_typesupport_introspection_cExport-noconfig.cmake
[2.056s] -- Installing: /home/hans/ar/install/ar_msgs/share/ar_msgs/cmake/ar_msgs__rosidl_typesupport_cExport.cmake
[2.056s] -- Installing: /home/hans/ar/install/ar_msgs/share/ar_msgs/cmake/ar_msgs__rosidl_typesupport_cExport-noconfig.cmake
[2.056s] -- Installing: /home/hans/ar/install/ar_msgs/share/ar_msgs/cmake/export_ar_msgs__rosidl_generator_cppExport.cmake
[2.056s] -- Installing: /home/hans/ar/install/ar_msgs/share/ar_msgs/cmake/export_ar_msgs__rosidl_typesupport_fastrtps_cppExport.cmake
[2.056s] -- Installing: /home/hans/ar/install/ar_msgs/share/ar_msgs/cmake/export_ar_msgs__rosidl_typesupport_fastrtps_cppExport-noconfig.cmake
[2.056s] -- Installing: /home/hans/ar/install/ar_msgs/share/ar_msgs/cmake/ar_msgs__rosidl_typesupport_introspection_cppExport.cmake
[2.057s] -- Installing: /home/hans/ar/install/ar_msgs/share/ar_msgs/cmake/ar_msgs__rosidl_typesupport_introspection_cppExport-noconfig.cmake
[2.057s] -- Installing: /home/hans/ar/install/ar_msgs/share/ar_msgs/cmake/ar_msgs__rosidl_typesupport_cppExport.cmake
[2.057s] -- Installing: /home/hans/ar/install/ar_msgs/share/ar_msgs/cmake/ar_msgs__rosidl_typesupport_cppExport-noconfig.cmake
[2.057s] -- Installing: /home/hans/ar/install/ar_msgs/share/ar_msgs/cmake/export_ar_msgs__rosidl_generator_pyExport.cmake
[2.057s] -- Installing: /home/hans/ar/install/ar_msgs/share/ar_msgs/cmake/export_ar_msgs__rosidl_generator_pyExport-noconfig.cmake
[2.057s] -- Installing: /home/hans/ar/install/ar_msgs/share/ar_msgs/cmake/rosidl_cmake-extras.cmake
[2.057s] -- Installing: /home/hans/ar/install/ar_msgs/share/ar_msgs/cmake/ament_cmake_export_dependencies-extras.cmake
[2.057s] -- Installing: /home/hans/ar/install/ar_msgs/share/ar_msgs/cmake/ament_cmake_export_include_directories-extras.cmake
[2.057s] -- Installing: /home/hans/ar/install/ar_msgs/share/ar_msgs/cmake/ament_cmake_export_libraries-extras.cmake
[2.057s] -- Installing: /home/hans/ar/install/ar_msgs/share/ar_msgs/cmake/ament_cmake_export_targets-extras.cmake
[2.058s] -- Installing: /home/hans/ar/install/ar_msgs/share/ar_msgs/cmake/rosidl_cmake_export_typesupport_targets-extras.cmake
[2.058s] -- Installing: /home/hans/ar/install/ar_msgs/share/ar_msgs/cmake/rosidl_cmake_export_typesupport_libraries-extras.cmake
[2.058s] -- Installing: /home/hans/ar/install/ar_msgs/share/ar_msgs/cmake/ar_msgsConfig.cmake
[2.058s] -- Installing: /home/hans/ar/install/ar_msgs/share/ar_msgs/cmake/ar_msgsConfig-version.cmake
[2.058s] -- Installing: /home/hans/ar/install/ar_msgs/share/ar_msgs/package.xml
[2.060s] Invoked command in '/home/hans/ar/build/ar_msgs' returned '0': CMAKE_PREFIX_PATH=/opt/ros/humble /usr/bin/cmake --install /home/hans/ar/build/ar_msgs
