[35m[1mConsolidate compiler generated dependencies of target ar_action__rosidl_generator_c[0m
[  3%] Built target ar_action__cpp
[ 12%] Built target ar_action__rosidl_generator_c
[ 12%] Built target ament_cmake_python_copy_ar_action
[35m[1mConsolidate compiler generated dependencies of target ar_action__rosidl_typesupport_cpp[0m
[35m[1mConsolidate compiler generated dependencies of target ar_action__rosidl_typesupport_introspection_cpp[0m
[35m[1mConsolidate compiler generated dependencies of target ar_action__rosidl_typesupport_introspection_c[0m
[35m[1mConsolidate compiler generated dependencies of target ar_action__rosidl_typesupport_fastrtps_cpp[0m
[35m[1mConsolidate compiler generated dependencies of target ar_action__rosidl_typesupport_fastrtps_c[0m
[35m[1mConsolidate compiler generated dependencies of target ar_action__rosidl_typesupport_c[0m
[ 22%] Built target ar_action__rosidl_typesupport_cpp
[ 32%] Built target ar_action__rosidl_typesupport_introspection_c
[ 41%] Built target ar_action__rosidl_typesupport_fastrtps_cpp
[ 51%] Built target ar_action__rosidl_typesupport_introspection_cpp
[ 61%] Built target ar_action__rosidl_typesupport_fastrtps_c
[ 70%] Built target ar_action__rosidl_typesupport_c
[ 70%] Built target ar_action
[ 74%] Built target ar_action__py
[35m[1mConsolidate compiler generated dependencies of target ar_action__rosidl_generator_py[0m
[ 80%] Built target ar_action__rosidl_generator_py
[35m[1mConsolidate compiler generated dependencies of target ar_action__rosidl_typesupport_fastrtps_c__pyext[0m
[35m[1mConsolidate compiler generated dependencies of target ar_action__rosidl_typesupport_c__pyext[0m
[35m[1mConsolidate compiler generated dependencies of target ar_action__rosidl_typesupport_introspection_c__pyext[0m
running egg_info
writing ar_action.egg-info/PKG-INFO
writing dependency_links to ar_action.egg-info/dependency_links.txt
writing top-level names to ar_action.egg-info/top_level.txt
reading manifest file 'ar_action.egg-info/SOURCES.txt'
writing manifest file 'ar_action.egg-info/SOURCES.txt'
[ 87%] Built target ar_action__rosidl_typesupport_fastrtps_c__pyext
[ 93%] Built target ar_action__rosidl_typesupport_introspection_c__pyext
[ 96%] Built target ament_cmake_python_build_ar_action_egg
[100%] Built target ar_action__rosidl_typesupport_c__pyext
-- Install configuration: "RelWithDebInfo"
-- Installing: /home/hans/ar/install/ar_action/share/ament_index/resource_index/rosidl_interfaces/ar_action
-- Installing: /home/hans/ar/install/ar_action/include/ar_action/ar_action
-- Installing: /home/hans/ar/install/ar_action/include/ar_action/ar_action/action
-- Installing: /home/hans/ar/install/ar_action/include/ar_action/ar_action/action/ar_control.h
-- Installing: /home/hans/ar/install/ar_action/include/ar_action/ar_action/action/detail
-- Installing: /home/hans/ar/install/ar_action/include/ar_action/ar_action/action/detail/ar_control__functions.c
-- Installing: /home/hans/ar/install/ar_action/include/ar_action/ar_action/action/detail/ar_control__functions.h
-- Installing: /home/hans/ar/install/ar_action/include/ar_action/ar_action/action/detail/ar_control__struct.h
-- Installing: /home/hans/ar/install/ar_action/include/ar_action/ar_action/action/detail/ar_control__type_support.h
-- Installing: /home/hans/ar/install/ar_action/include/ar_action/ar_action/msg
-- Installing: /home/hans/ar/install/ar_action/include/ar_action/ar_action/msg/rosidl_generator_c__visibility_control.h
-- Installing: /home/hans/ar/install/ar_action/share/ar_action/environment/library_path.sh
-- Installing: /home/hans/ar/install/ar_action/share/ar_action/environment/library_path.dsv
-- Installing: /home/hans/ar/install/ar_action/lib/libar_action__rosidl_generator_c.so
-- Set runtime path of "/home/hans/ar/install/ar_action/lib/libar_action__rosidl_generator_c.so" to ""
-- Up-to-date: /home/hans/ar/install/ar_action/include/ar_action/ar_action
-- Up-to-date: /home/hans/ar/install/ar_action/include/ar_action/ar_action/action
-- Up-to-date: /home/hans/ar/install/ar_action/include/ar_action/ar_action/action/detail
-- Installing: /home/hans/ar/install/ar_action/include/ar_action/ar_action/action/detail/ar_control__rosidl_typesupport_fastrtps_c.h
-- Up-to-date: /home/hans/ar/install/ar_action/include/ar_action/ar_action/msg
-- Installing: /home/hans/ar/install/ar_action/include/ar_action/ar_action/msg/rosidl_typesupport_fastrtps_c__visibility_control.h
-- Installing: /home/hans/ar/install/ar_action/lib/libar_action__rosidl_typesupport_fastrtps_c.so
-- Set runtime path of "/home/hans/ar/install/ar_action/lib/libar_action__rosidl_typesupport_fastrtps_c.so" to ""
-- Up-to-date: /home/hans/ar/install/ar_action/include/ar_action/ar_action
-- Up-to-date: /home/hans/ar/install/ar_action/include/ar_action/ar_action/action
-- Up-to-date: /home/hans/ar/install/ar_action/include/ar_action/ar_action/action/detail
-- Installing: /home/hans/ar/install/ar_action/include/ar_action/ar_action/action/detail/ar_control__type_support.c
-- Installing: /home/hans/ar/install/ar_action/include/ar_action/ar_action/action/detail/ar_control__rosidl_typesupport_introspection_c.h
-- Up-to-date: /home/hans/ar/install/ar_action/include/ar_action/ar_action/msg
-- Installing: /home/hans/ar/install/ar_action/include/ar_action/ar_action/msg/rosidl_typesupport_introspection_c__visibility_control.h
-- Installing: /home/hans/ar/install/ar_action/lib/libar_action__rosidl_typesupport_introspection_c.so
-- Set runtime path of "/home/hans/ar/install/ar_action/lib/libar_action__rosidl_typesupport_introspection_c.so" to ""
-- Installing: /home/hans/ar/install/ar_action/lib/libar_action__rosidl_typesupport_c.so
-- Set runtime path of "/home/hans/ar/install/ar_action/lib/libar_action__rosidl_typesupport_c.so" to ""
-- Up-to-date: /home/hans/ar/install/ar_action/include/ar_action/ar_action
-- Up-to-date: /home/hans/ar/install/ar_action/include/ar_action/ar_action/action
-- Up-to-date: /home/hans/ar/install/ar_action/include/ar_action/ar_action/action/detail
-- Installing: /home/hans/ar/install/ar_action/include/ar_action/ar_action/action/detail/ar_control__traits.hpp
-- Installing: /home/hans/ar/install/ar_action/include/ar_action/ar_action/action/detail/ar_control__type_support.hpp
-- Installing: /home/hans/ar/install/ar_action/include/ar_action/ar_action/action/detail/ar_control__builder.hpp
-- Installing: /home/hans/ar/install/ar_action/include/ar_action/ar_action/action/detail/ar_control__struct.hpp
-- Installing: /home/hans/ar/install/ar_action/include/ar_action/ar_action/action/ar_control.hpp
-- Up-to-date: /home/hans/ar/install/ar_action/include/ar_action/ar_action/msg
-- Installing: /home/hans/ar/install/ar_action/include/ar_action/ar_action/msg/rosidl_generator_cpp__visibility_control.hpp
-- Up-to-date: /home/hans/ar/install/ar_action/include/ar_action/ar_action
-- Up-to-date: /home/hans/ar/install/ar_action/include/ar_action/ar_action/action
-- Up-to-date: /home/hans/ar/install/ar_action/include/ar_action/ar_action/action/detail
-- Installing: /home/hans/ar/install/ar_action/include/ar_action/ar_action/action/detail/ar_control__rosidl_typesupport_fastrtps_cpp.hpp
-- Installing: /home/hans/ar/install/ar_action/include/ar_action/ar_action/action/detail/dds_fastrtps
-- Up-to-date: /home/hans/ar/install/ar_action/include/ar_action/ar_action/msg
-- Installing: /home/hans/ar/install/ar_action/include/ar_action/ar_action/msg/rosidl_typesupport_fastrtps_cpp__visibility_control.h
-- Installing: /home/hans/ar/install/ar_action/lib/libar_action__rosidl_typesupport_fastrtps_cpp.so
-- Set runtime path of "/home/hans/ar/install/ar_action/lib/libar_action__rosidl_typesupport_fastrtps_cpp.so" to ""
-- Up-to-date: /home/hans/ar/install/ar_action/include/ar_action/ar_action
-- Up-to-date: /home/hans/ar/install/ar_action/include/ar_action/ar_action/action
-- Up-to-date: /home/hans/ar/install/ar_action/include/ar_action/ar_action/action/detail
-- Installing: /home/hans/ar/install/ar_action/include/ar_action/ar_action/action/detail/ar_control__rosidl_typesupport_introspection_cpp.hpp
-- Installing: /home/hans/ar/install/ar_action/include/ar_action/ar_action/action/detail/ar_control__type_support.cpp
-- Installing: /home/hans/ar/install/ar_action/lib/libar_action__rosidl_typesupport_introspection_cpp.so
-- Set runtime path of "/home/hans/ar/install/ar_action/lib/libar_action__rosidl_typesupport_introspection_cpp.so" to ""
-- Installing: /home/hans/ar/install/ar_action/lib/libar_action__rosidl_typesupport_cpp.so
-- Set runtime path of "/home/hans/ar/install/ar_action/lib/libar_action__rosidl_typesupport_cpp.so" to ""
-- Installing: /home/hans/ar/install/ar_action/share/ar_action/environment/pythonpath.sh
-- Installing: /home/hans/ar/install/ar_action/share/ar_action/environment/pythonpath.dsv
-- Installing: /home/hans/ar/install/ar_action/local/lib/python3.10/dist-packages/ar_action-0.0.0-py3.10.egg-info
-- Installing: /home/hans/ar/install/ar_action/local/lib/python3.10/dist-packages/ar_action-0.0.0-py3.10.egg-info/top_level.txt
-- Installing: /home/hans/ar/install/ar_action/local/lib/python3.10/dist-packages/ar_action-0.0.0-py3.10.egg-info/PKG-INFO
-- Installing: /home/hans/ar/install/ar_action/local/lib/python3.10/dist-packages/ar_action-0.0.0-py3.10.egg-info/SOURCES.txt
-- Installing: /home/hans/ar/install/ar_action/local/lib/python3.10/dist-packages/ar_action-0.0.0-py3.10.egg-info/dependency_links.txt
-- Installing: /home/hans/ar/install/ar_action/local/lib/python3.10/dist-packages/ar_action
-- Installing: /home/hans/ar/install/ar_action/local/lib/python3.10/dist-packages/ar_action/ar_action_s__rosidl_typesupport_c.cpython-310-x86_64-linux-gnu.so
-- Installing: /home/hans/ar/install/ar_action/local/lib/python3.10/dist-packages/ar_action/action
-- Installing: /home/hans/ar/install/ar_action/local/lib/python3.10/dist-packages/ar_action/action/_ar_control.py
-- Installing: /home/hans/ar/install/ar_action/local/lib/python3.10/dist-packages/ar_action/action/_ar_control_s.c
-- Installing: /home/hans/ar/install/ar_action/local/lib/python3.10/dist-packages/ar_action/action/__init__.py
-- Installing: /home/hans/ar/install/ar_action/local/lib/python3.10/dist-packages/ar_action/_ar_action_s.ep.rosidl_typesupport_fastrtps_c.c
-- Installing: /home/hans/ar/install/ar_action/local/lib/python3.10/dist-packages/ar_action/ar_action_s__rosidl_typesupport_fastrtps_c.cpython-310-x86_64-linux-gnu.so
-- Installing: /home/hans/ar/install/ar_action/local/lib/python3.10/dist-packages/ar_action/__init__.py
-- Installing: /home/hans/ar/install/ar_action/local/lib/python3.10/dist-packages/ar_action/libar_action__rosidl_generator_py.so
-- Installing: /home/hans/ar/install/ar_action/local/lib/python3.10/dist-packages/ar_action/ar_action_s__rosidl_typesupport_introspection_c.cpython-310-x86_64-linux-gnu.so
-- Installing: /home/hans/ar/install/ar_action/local/lib/python3.10/dist-packages/ar_action/_ar_action_s.ep.rosidl_typesupport_introspection_c.c
-- Installing: /home/hans/ar/install/ar_action/local/lib/python3.10/dist-packages/ar_action/_ar_action_s.ep.rosidl_typesupport_c.c
Listing '/home/hans/ar/install/ar_action/local/lib/python3.10/dist-packages/ar_action'...
Compiling '/home/hans/ar/install/ar_action/local/lib/python3.10/dist-packages/ar_action/__init__.py'...
Listing '/home/hans/ar/install/ar_action/local/lib/python3.10/dist-packages/ar_action/action'...
Compiling '/home/hans/ar/install/ar_action/local/lib/python3.10/dist-packages/ar_action/action/__init__.py'...
Compiling '/home/hans/ar/install/ar_action/local/lib/python3.10/dist-packages/ar_action/action/_ar_control.py'...
-- Installing: /home/hans/ar/install/ar_action/local/lib/python3.10/dist-packages/ar_action/ar_action_s__rosidl_typesupport_fastrtps_c.cpython-310-x86_64-linux-gnu.so
-- Set runtime path of "/home/hans/ar/install/ar_action/local/lib/python3.10/dist-packages/ar_action/ar_action_s__rosidl_typesupport_fastrtps_c.cpython-310-x86_64-linux-gnu.so" to ""
-- Installing: /home/hans/ar/install/ar_action/local/lib/python3.10/dist-packages/ar_action/ar_action_s__rosidl_typesupport_introspection_c.cpython-310-x86_64-linux-gnu.so
-- Set runtime path of "/home/hans/ar/install/ar_action/local/lib/python3.10/dist-packages/ar_action/ar_action_s__rosidl_typesupport_introspection_c.cpython-310-x86_64-linux-gnu.so" to ""
-- Installing: /home/hans/ar/install/ar_action/local/lib/python3.10/dist-packages/ar_action/ar_action_s__rosidl_typesupport_c.cpython-310-x86_64-linux-gnu.so
-- Set runtime path of "/home/hans/ar/install/ar_action/local/lib/python3.10/dist-packages/ar_action/ar_action_s__rosidl_typesupport_c.cpython-310-x86_64-linux-gnu.so" to ""
-- Installing: /home/hans/ar/install/ar_action/lib/libar_action__rosidl_generator_py.so
-- Set runtime path of "/home/hans/ar/install/ar_action/lib/libar_action__rosidl_generator_py.so" to ""
-- Installing: /home/hans/ar/install/ar_action/share/ar_action/action/ArControl.idl
-- Installing: /home/hans/ar/install/ar_action/share/ar_action/action/ArControl.action
-- Installing: /home/hans/ar/install/ar_action/share/ament_index/resource_index/package_run_dependencies/ar_action
-- Installing: /home/hans/ar/install/ar_action/share/ament_index/resource_index/parent_prefix_path/ar_action
-- Installing: /home/hans/ar/install/ar_action/share/ar_action/environment/ament_prefix_path.sh
-- Installing: /home/hans/ar/install/ar_action/share/ar_action/environment/ament_prefix_path.dsv
-- Installing: /home/hans/ar/install/ar_action/share/ar_action/environment/path.sh
-- Installing: /home/hans/ar/install/ar_action/share/ar_action/environment/path.dsv
-- Installing: /home/hans/ar/install/ar_action/share/ar_action/local_setup.bash
-- Installing: /home/hans/ar/install/ar_action/share/ar_action/local_setup.sh
-- Installing: /home/hans/ar/install/ar_action/share/ar_action/local_setup.zsh
-- Installing: /home/hans/ar/install/ar_action/share/ar_action/local_setup.dsv
-- Installing: /home/hans/ar/install/ar_action/share/ar_action/package.dsv
-- Installing: /home/hans/ar/install/ar_action/share/ament_index/resource_index/packages/ar_action
-- Installing: /home/hans/ar/install/ar_action/share/ar_action/cmake/export_ar_action__rosidl_generator_cExport.cmake
-- Installing: /home/hans/ar/install/ar_action/share/ar_action/cmake/export_ar_action__rosidl_generator_cExport-relwithdebinfo.cmake
-- Installing: /home/hans/ar/install/ar_action/share/ar_action/cmake/export_ar_action__rosidl_typesupport_fastrtps_cExport.cmake
-- Installing: /home/hans/ar/install/ar_action/share/ar_action/cmake/export_ar_action__rosidl_typesupport_fastrtps_cExport-relwithdebinfo.cmake
-- Installing: /home/hans/ar/install/ar_action/share/ar_action/cmake/ar_action__rosidl_typesupport_introspection_cExport.cmake
-- Installing: /home/hans/ar/install/ar_action/share/ar_action/cmake/ar_action__rosidl_typesupport_introspection_cExport-relwithdebinfo.cmake
-- Installing: /home/hans/ar/install/ar_action/share/ar_action/cmake/ar_action__rosidl_typesupport_cExport.cmake
-- Installing: /home/hans/ar/install/ar_action/share/ar_action/cmake/ar_action__rosidl_typesupport_cExport-relwithdebinfo.cmake
-- Installing: /home/hans/ar/install/ar_action/share/ar_action/cmake/export_ar_action__rosidl_generator_cppExport.cmake
-- Installing: /home/hans/ar/install/ar_action/share/ar_action/cmake/export_ar_action__rosidl_typesupport_fastrtps_cppExport.cmake
-- Installing: /home/hans/ar/install/ar_action/share/ar_action/cmake/export_ar_action__rosidl_typesupport_fastrtps_cppExport-relwithdebinfo.cmake
-- Installing: /home/hans/ar/install/ar_action/share/ar_action/cmake/ar_action__rosidl_typesupport_introspection_cppExport.cmake
-- Installing: /home/hans/ar/install/ar_action/share/ar_action/cmake/ar_action__rosidl_typesupport_introspection_cppExport-relwithdebinfo.cmake
-- Installing: /home/hans/ar/install/ar_action/share/ar_action/cmake/ar_action__rosidl_typesupport_cppExport.cmake
-- Installing: /home/hans/ar/install/ar_action/share/ar_action/cmake/ar_action__rosidl_typesupport_cppExport-relwithdebinfo.cmake
-- Installing: /home/hans/ar/install/ar_action/share/ar_action/cmake/export_ar_action__rosidl_generator_pyExport.cmake
-- Installing: /home/hans/ar/install/ar_action/share/ar_action/cmake/export_ar_action__rosidl_generator_pyExport-relwithdebinfo.cmake
-- Installing: /home/hans/ar/install/ar_action/share/ar_action/cmake/rosidl_cmake-extras.cmake
-- Installing: /home/hans/ar/install/ar_action/share/ar_action/cmake/ament_cmake_export_dependencies-extras.cmake
-- Installing: /home/hans/ar/install/ar_action/share/ar_action/cmake/ament_cmake_export_include_directories-extras.cmake
-- Installing: /home/hans/ar/install/ar_action/share/ar_action/cmake/ament_cmake_export_libraries-extras.cmake
-- Installing: /home/hans/ar/install/ar_action/share/ar_action/cmake/ament_cmake_export_targets-extras.cmake
-- Installing: /home/hans/ar/install/ar_action/share/ar_action/cmake/rosidl_cmake_export_typesupport_targets-extras.cmake
-- Installing: /home/hans/ar/install/ar_action/share/ar_action/cmake/rosidl_cmake_export_typesupport_libraries-extras.cmake
-- Installing: /home/hans/ar/install/ar_action/share/ar_action/cmake/ar_actionConfig.cmake
-- Installing: /home/hans/ar/install/ar_action/share/ar_action/cmake/ar_actionConfig-version.cmake
-- Installing: /home/hans/ar/install/ar_action/share/ar_action/package.xml
