[0.025s] Invoking command in '/home/hans/ar/build/ar_action': CMAKE_PREFIX_PATH=${CMAKE_PREFIX_PATH}:/opt/ros/humble /usr/bin/cmake --build /home/hans/ar/build/ar_action -- -j12 -l12
[0.153s] [35m[1mConsolidate compiler generated dependencies of target ar_action__rosidl_generator_c[0m
[0.193s] [  3%] Built target ar_action__cpp
[0.212s] [ 12%] Built target ar_action__rosidl_generator_c
[0.253s] [ 12%] Built target ament_cmake_python_copy_ar_action
[0.302s] [35m[1mConsolidate compiler generated dependencies of target ar_action__rosidl_typesupport_cpp[0m
[0.310s] [35m[1mConsolidate compiler generated dependencies of target ar_action__rosidl_typesupport_introspection_cpp[0m
[0.311s] [35m[1mConsolidate compiler generated dependencies of target ar_action__rosidl_typesupport_introspection_c[0m
[0.315s] [35m[1mConsolidate compiler generated dependencies of target ar_action__rosidl_typesupport_fastrtps_cpp[0m
[0.326s] [35m[1mConsolidate compiler generated dependencies of target ar_action__rosidl_typesupport_fastrtps_c[0m
[0.330s] [35m[1mConsolidate compiler generated dependencies of target ar_action__rosidl_typesupport_c[0m
[0.425s] [ 22%] Built target ar_action__rosidl_typesupport_cpp
[0.430s] [ 32%] Built target ar_action__rosidl_typesupport_introspection_c
[0.431s] [ 41%] Built target ar_action__rosidl_typesupport_fastrtps_cpp
[0.433s] [ 51%] Built target ar_action__rosidl_typesupport_introspection_cpp
[0.436s] [ 61%] Built target ar_action__rosidl_typesupport_fastrtps_c
[0.439s] [ 70%] Built target ar_action__rosidl_typesupport_c
[0.485s] [ 70%] Built target ar_action
[0.536s] [ 74%] Built target ar_action__py
[0.558s] [35m[1mConsolidate compiler generated dependencies of target ar_action__rosidl_generator_py[0m
[0.585s] [ 80%] Built target ar_action__rosidl_generator_py
[0.627s] [35m[1mConsolidate compiler generated dependencies of target ar_action__rosidl_typesupport_fastrtps_c__pyext[0m
[0.630s] [35m[1mConsolidate compiler generated dependencies of target ar_action__rosidl_typesupport_c__pyext[0m
[0.633s] [35m[1mConsolidate compiler generated dependencies of target ar_action__rosidl_typesupport_introspection_c__pyext[0m
[0.634s] running egg_info
[0.635s] writing ar_action.egg-info/PKG-INFO
[0.635s] writing dependency_links to ar_action.egg-info/dependency_links.txt
[0.635s] writing top-level names to ar_action.egg-info/top_level.txt
[0.639s] reading manifest file 'ar_action.egg-info/SOURCES.txt'
[0.639s] writing manifest file 'ar_action.egg-info/SOURCES.txt'
[0.677s] [ 87%] Built target ar_action__rosidl_typesupport_fastrtps_c__pyext
[0.691s] [ 93%] Built target ar_action__rosidl_typesupport_introspection_c__pyext
[0.695s] [ 96%] Built target ament_cmake_python_build_ar_action_egg
[0.695s] [100%] Built target ar_action__rosidl_typesupport_c__pyext
[0.714s] Invoked command in '/home/hans/ar/build/ar_action' returned '0': CMAKE_PREFIX_PATH=${CMAKE_PREFIX_PATH}:/opt/ros/humble /usr/bin/cmake --build /home/hans/ar/build/ar_action -- -j12 -l12
[0.716s] Invoking command in '/home/hans/ar/build/ar_action': CMAKE_PREFIX_PATH=${CMAKE_PREFIX_PATH}:/opt/ros/humble /usr/bin/cmake --install /home/hans/ar/build/ar_action
[0.730s] -- Install configuration: "RelWithDebInfo"
[0.732s] -- Installing: /home/hans/ar/install/ar_action/share/ament_index/resource_index/rosidl_interfaces/ar_action
[0.733s] -- Installing: /home/hans/ar/install/ar_action/include/ar_action/ar_action
[0.733s] -- Installing: /home/hans/ar/install/ar_action/include/ar_action/ar_action/action
[0.733s] -- Installing: /home/hans/ar/install/ar_action/include/ar_action/ar_action/action/ar_control.h
[0.733s] -- Installing: /home/hans/ar/install/ar_action/include/ar_action/ar_action/action/detail
[0.735s] -- Installing: /home/hans/ar/install/ar_action/include/ar_action/ar_action/action/detail/ar_control__functions.c
[0.735s] -- Installing: /home/hans/ar/install/ar_action/include/ar_action/ar_action/action/detail/ar_control__functions.h
[0.736s] -- Installing: /home/hans/ar/install/ar_action/include/ar_action/ar_action/action/detail/ar_control__struct.h
[0.736s] -- Installing: /home/hans/ar/install/ar_action/include/ar_action/ar_action/action/detail/ar_control__type_support.h
[0.736s] -- Installing: /home/hans/ar/install/ar_action/include/ar_action/ar_action/msg
[0.736s] -- Installing: /home/hans/ar/install/ar_action/include/ar_action/ar_action/msg/rosidl_generator_c__visibility_control.h
[0.736s] -- Installing: /home/hans/ar/install/ar_action/share/ar_action/environment/library_path.sh
[0.736s] -- Installing: /home/hans/ar/install/ar_action/share/ar_action/environment/library_path.dsv
[0.736s] -- Installing: /home/hans/ar/install/ar_action/lib/libar_action__rosidl_generator_c.so
[0.736s] -- Set runtime path of "/home/hans/ar/install/ar_action/lib/libar_action__rosidl_generator_c.so" to ""
[0.736s] -- Up-to-date: /home/hans/ar/install/ar_action/include/ar_action/ar_action
[0.736s] -- Up-to-date: /home/hans/ar/install/ar_action/include/ar_action/ar_action/action
[0.736s] -- Up-to-date: /home/hans/ar/install/ar_action/include/ar_action/ar_action/action/detail
[0.736s] -- Installing: /home/hans/ar/install/ar_action/include/ar_action/ar_action/action/detail/ar_control__rosidl_typesupport_fastrtps_c.h
[0.736s] -- Up-to-date: /home/hans/ar/install/ar_action/include/ar_action/ar_action/msg
[0.736s] -- Installing: /home/hans/ar/install/ar_action/include/ar_action/ar_action/msg/rosidl_typesupport_fastrtps_c__visibility_control.h
[0.737s] -- Installing: /home/hans/ar/install/ar_action/lib/libar_action__rosidl_typesupport_fastrtps_c.so
[0.737s] -- Set runtime path of "/home/hans/ar/install/ar_action/lib/libar_action__rosidl_typesupport_fastrtps_c.so" to ""
[0.737s] -- Up-to-date: /home/hans/ar/install/ar_action/include/ar_action/ar_action
[0.737s] -- Up-to-date: /home/hans/ar/install/ar_action/include/ar_action/ar_action/action
[0.737s] -- Up-to-date: /home/hans/ar/install/ar_action/include/ar_action/ar_action/action/detail
[0.737s] -- Installing: /home/hans/ar/install/ar_action/include/ar_action/ar_action/action/detail/ar_control__type_support.c
[0.737s] -- Installing: /home/hans/ar/install/ar_action/include/ar_action/ar_action/action/detail/ar_control__rosidl_typesupport_introspection_c.h
[0.737s] -- Up-to-date: /home/hans/ar/install/ar_action/include/ar_action/ar_action/msg
[0.737s] -- Installing: /home/hans/ar/install/ar_action/include/ar_action/ar_action/msg/rosidl_typesupport_introspection_c__visibility_control.h
[0.737s] -- Installing: /home/hans/ar/install/ar_action/lib/libar_action__rosidl_typesupport_introspection_c.so
[0.737s] -- Set runtime path of "/home/hans/ar/install/ar_action/lib/libar_action__rosidl_typesupport_introspection_c.so" to ""
[0.737s] -- Installing: /home/hans/ar/install/ar_action/lib/libar_action__rosidl_typesupport_c.so
[0.737s] -- Set runtime path of "/home/hans/ar/install/ar_action/lib/libar_action__rosidl_typesupport_c.so" to ""
[0.738s] -- Up-to-date: /home/hans/ar/install/ar_action/include/ar_action/ar_action
[0.738s] -- Up-to-date: /home/hans/ar/install/ar_action/include/ar_action/ar_action/action
[0.738s] -- Up-to-date: /home/hans/ar/install/ar_action/include/ar_action/ar_action/action/detail
[0.738s] -- Installing: /home/hans/ar/install/ar_action/include/ar_action/ar_action/action/detail/ar_control__traits.hpp
[0.739s] -- Installing: /home/hans/ar/install/ar_action/include/ar_action/ar_action/action/detail/ar_control__type_support.hpp
[0.739s] -- Installing: /home/hans/ar/install/ar_action/include/ar_action/ar_action/action/detail/ar_control__builder.hpp
[0.739s] -- Installing: /home/hans/ar/install/ar_action/include/ar_action/ar_action/action/detail/ar_control__struct.hpp
[0.739s] -- Installing: /home/hans/ar/install/ar_action/include/ar_action/ar_action/action/ar_control.hpp
[0.739s] -- Up-to-date: /home/hans/ar/install/ar_action/include/ar_action/ar_action/msg
[0.740s] -- Installing: /home/hans/ar/install/ar_action/include/ar_action/ar_action/msg/rosidl_generator_cpp__visibility_control.hpp
[0.740s] -- Up-to-date: /home/hans/ar/install/ar_action/include/ar_action/ar_action
[0.740s] -- Up-to-date: /home/hans/ar/install/ar_action/include/ar_action/ar_action/action
[0.740s] -- Up-to-date: /home/hans/ar/install/ar_action/include/ar_action/ar_action/action/detail
[0.740s] -- Installing: /home/hans/ar/install/ar_action/include/ar_action/ar_action/action/detail/ar_control__rosidl_typesupport_fastrtps_cpp.hpp
[0.740s] -- Installing: /home/hans/ar/install/ar_action/include/ar_action/ar_action/action/detail/dds_fastrtps
[0.740s] -- Up-to-date: /home/hans/ar/install/ar_action/include/ar_action/ar_action/msg
[0.740s] -- Installing: /home/hans/ar/install/ar_action/include/ar_action/ar_action/msg/rosidl_typesupport_fastrtps_cpp__visibility_control.h
[0.740s] -- Installing: /home/hans/ar/install/ar_action/lib/libar_action__rosidl_typesupport_fastrtps_cpp.so
[0.740s] -- Set runtime path of "/home/hans/ar/install/ar_action/lib/libar_action__rosidl_typesupport_fastrtps_cpp.so" to ""
[0.740s] -- Up-to-date: /home/hans/ar/install/ar_action/include/ar_action/ar_action
[0.740s] -- Up-to-date: /home/hans/ar/install/ar_action/include/ar_action/ar_action/action
[0.740s] -- Up-to-date: /home/hans/ar/install/ar_action/include/ar_action/ar_action/action/detail
[0.740s] -- Installing: /home/hans/ar/install/ar_action/include/ar_action/ar_action/action/detail/ar_control__rosidl_typesupport_introspection_cpp.hpp
[0.741s] -- Installing: /home/hans/ar/install/ar_action/include/ar_action/ar_action/action/detail/ar_control__type_support.cpp
[0.741s] -- Installing: /home/hans/ar/install/ar_action/lib/libar_action__rosidl_typesupport_introspection_cpp.so
[0.741s] -- Set runtime path of "/home/hans/ar/install/ar_action/lib/libar_action__rosidl_typesupport_introspection_cpp.so" to ""
[0.741s] -- Installing: /home/hans/ar/install/ar_action/lib/libar_action__rosidl_typesupport_cpp.so
[0.741s] -- Set runtime path of "/home/hans/ar/install/ar_action/lib/libar_action__rosidl_typesupport_cpp.so" to ""
[0.741s] -- Installing: /home/hans/ar/install/ar_action/share/ar_action/environment/pythonpath.sh
[0.741s] -- Installing: /home/hans/ar/install/ar_action/share/ar_action/environment/pythonpath.dsv
[0.741s] -- Installing: /home/hans/ar/install/ar_action/local/lib/python3.10/dist-packages/ar_action-0.0.0-py3.10.egg-info
[0.741s] -- Installing: /home/hans/ar/install/ar_action/local/lib/python3.10/dist-packages/ar_action-0.0.0-py3.10.egg-info/top_level.txt
[0.741s] -- Installing: /home/hans/ar/install/ar_action/local/lib/python3.10/dist-packages/ar_action-0.0.0-py3.10.egg-info/PKG-INFO
[0.742s] -- Installing: /home/hans/ar/install/ar_action/local/lib/python3.10/dist-packages/ar_action-0.0.0-py3.10.egg-info/SOURCES.txt
[0.742s] -- Installing: /home/hans/ar/install/ar_action/local/lib/python3.10/dist-packages/ar_action-0.0.0-py3.10.egg-info/dependency_links.txt
[0.742s] -- Installing: /home/hans/ar/install/ar_action/local/lib/python3.10/dist-packages/ar_action
[0.742s] -- Installing: /home/hans/ar/install/ar_action/local/lib/python3.10/dist-packages/ar_action/ar_action_s__rosidl_typesupport_c.cpython-310-x86_64-linux-gnu.so
[0.742s] -- Installing: /home/hans/ar/install/ar_action/local/lib/python3.10/dist-packages/ar_action/action
[0.743s] -- Installing: /home/hans/ar/install/ar_action/local/lib/python3.10/dist-packages/ar_action/action/_ar_control.py
[0.743s] -- Installing: /home/hans/ar/install/ar_action/local/lib/python3.10/dist-packages/ar_action/action/_ar_control_s.c
[0.743s] -- Installing: /home/hans/ar/install/ar_action/local/lib/python3.10/dist-packages/ar_action/action/__init__.py
[0.743s] -- Installing: /home/hans/ar/install/ar_action/local/lib/python3.10/dist-packages/ar_action/_ar_action_s.ep.rosidl_typesupport_fastrtps_c.c
[0.743s] -- Installing: /home/hans/ar/install/ar_action/local/lib/python3.10/dist-packages/ar_action/ar_action_s__rosidl_typesupport_fastrtps_c.cpython-310-x86_64-linux-gnu.so
[0.743s] -- Installing: /home/hans/ar/install/ar_action/local/lib/python3.10/dist-packages/ar_action/__init__.py
[0.743s] -- Installing: /home/hans/ar/install/ar_action/local/lib/python3.10/dist-packages/ar_action/libar_action__rosidl_generator_py.so
[0.744s] -- Installing: /home/hans/ar/install/ar_action/local/lib/python3.10/dist-packages/ar_action/ar_action_s__rosidl_typesupport_introspection_c.cpython-310-x86_64-linux-gnu.so
[0.744s] -- Installing: /home/hans/ar/install/ar_action/local/lib/python3.10/dist-packages/ar_action/_ar_action_s.ep.rosidl_typesupport_introspection_c.c
[0.744s] -- Installing: /home/hans/ar/install/ar_action/local/lib/python3.10/dist-packages/ar_action/_ar_action_s.ep.rosidl_typesupport_c.c
[0.790s] Listing '/home/hans/ar/install/ar_action/local/lib/python3.10/dist-packages/ar_action'...
[0.790s] Compiling '/home/hans/ar/install/ar_action/local/lib/python3.10/dist-packages/ar_action/__init__.py'...
[0.790s] Listing '/home/hans/ar/install/ar_action/local/lib/python3.10/dist-packages/ar_action/action'...
[0.790s] Compiling '/home/hans/ar/install/ar_action/local/lib/python3.10/dist-packages/ar_action/action/__init__.py'...
[0.790s] Compiling '/home/hans/ar/install/ar_action/local/lib/python3.10/dist-packages/ar_action/action/_ar_control.py'...
[0.796s] -- Installing: /home/hans/ar/install/ar_action/local/lib/python3.10/dist-packages/ar_action/ar_action_s__rosidl_typesupport_fastrtps_c.cpython-310-x86_64-linux-gnu.so
[0.796s] -- Set runtime path of "/home/hans/ar/install/ar_action/local/lib/python3.10/dist-packages/ar_action/ar_action_s__rosidl_typesupport_fastrtps_c.cpython-310-x86_64-linux-gnu.so" to ""
[0.796s] -- Installing: /home/hans/ar/install/ar_action/local/lib/python3.10/dist-packages/ar_action/ar_action_s__rosidl_typesupport_introspection_c.cpython-310-x86_64-linux-gnu.so
[0.796s] -- Set runtime path of "/home/hans/ar/install/ar_action/local/lib/python3.10/dist-packages/ar_action/ar_action_s__rosidl_typesupport_introspection_c.cpython-310-x86_64-linux-gnu.so" to ""
[0.796s] -- Installing: /home/hans/ar/install/ar_action/local/lib/python3.10/dist-packages/ar_action/ar_action_s__rosidl_typesupport_c.cpython-310-x86_64-linux-gnu.so
[0.796s] -- Set runtime path of "/home/hans/ar/install/ar_action/local/lib/python3.10/dist-packages/ar_action/ar_action_s__rosidl_typesupport_c.cpython-310-x86_64-linux-gnu.so" to ""
[0.797s] -- Installing: /home/hans/ar/install/ar_action/lib/libar_action__rosidl_generator_py.so
[0.797s] -- Set runtime path of "/home/hans/ar/install/ar_action/lib/libar_action__rosidl_generator_py.so" to ""
[0.797s] -- Installing: /home/hans/ar/install/ar_action/share/ar_action/action/ArControl.idl
[0.798s] -- Installing: /home/hans/ar/install/ar_action/share/ar_action/action/ArControl.action
[0.798s] -- Installing: /home/hans/ar/install/ar_action/share/ament_index/resource_index/package_run_dependencies/ar_action
[0.798s] -- Installing: /home/hans/ar/install/ar_action/share/ament_index/resource_index/parent_prefix_path/ar_action
[0.798s] -- Installing: /home/hans/ar/install/ar_action/share/ar_action/environment/ament_prefix_path.sh
[0.799s] -- Installing: /home/hans/ar/install/ar_action/share/ar_action/environment/ament_prefix_path.dsv
[0.799s] -- Installing: /home/hans/ar/install/ar_action/share/ar_action/environment/path.sh
[0.800s] -- Installing: /home/hans/ar/install/ar_action/share/ar_action/environment/path.dsv
[0.800s] -- Installing: /home/hans/ar/install/ar_action/share/ar_action/local_setup.bash
[0.801s] -- Installing: /home/hans/ar/install/ar_action/share/ar_action/local_setup.sh
[0.801s] -- Installing: /home/hans/ar/install/ar_action/share/ar_action/local_setup.zsh
[0.801s] -- Installing: /home/hans/ar/install/ar_action/share/ar_action/local_setup.dsv
[0.801s] -- Installing: /home/hans/ar/install/ar_action/share/ar_action/package.dsv
[0.801s] -- Installing: /home/hans/ar/install/ar_action/share/ament_index/resource_index/packages/ar_action
[0.801s] -- Installing: /home/hans/ar/install/ar_action/share/ar_action/cmake/export_ar_action__rosidl_generator_cExport.cmake
[0.801s] -- Installing: /home/hans/ar/install/ar_action/share/ar_action/cmake/export_ar_action__rosidl_generator_cExport-relwithdebinfo.cmake
[0.802s] -- Installing: /home/hans/ar/install/ar_action/share/ar_action/cmake/export_ar_action__rosidl_typesupport_fastrtps_cExport.cmake
[0.802s] -- Installing: /home/hans/ar/install/ar_action/share/ar_action/cmake/export_ar_action__rosidl_typesupport_fastrtps_cExport-relwithdebinfo.cmake
[0.802s] -- Installing: /home/hans/ar/install/ar_action/share/ar_action/cmake/ar_action__rosidl_typesupport_introspection_cExport.cmake
[0.803s] -- Installing: /home/hans/ar/install/ar_action/share/ar_action/cmake/ar_action__rosidl_typesupport_introspection_cExport-relwithdebinfo.cmake
[0.803s] -- Installing: /home/hans/ar/install/ar_action/share/ar_action/cmake/ar_action__rosidl_typesupport_cExport.cmake
[0.803s] -- Installing: /home/hans/ar/install/ar_action/share/ar_action/cmake/ar_action__rosidl_typesupport_cExport-relwithdebinfo.cmake
[0.804s] -- Installing: /home/hans/ar/install/ar_action/share/ar_action/cmake/export_ar_action__rosidl_generator_cppExport.cmake
[0.804s] -- Installing: /home/hans/ar/install/ar_action/share/ar_action/cmake/export_ar_action__rosidl_typesupport_fastrtps_cppExport.cmake
[0.804s] -- Installing: /home/hans/ar/install/ar_action/share/ar_action/cmake/export_ar_action__rosidl_typesupport_fastrtps_cppExport-relwithdebinfo.cmake
[0.804s] -- Installing: /home/hans/ar/install/ar_action/share/ar_action/cmake/ar_action__rosidl_typesupport_introspection_cppExport.cmake
[0.804s] -- Installing: /home/hans/ar/install/ar_action/share/ar_action/cmake/ar_action__rosidl_typesupport_introspection_cppExport-relwithdebinfo.cmake
[0.804s] -- Installing: /home/hans/ar/install/ar_action/share/ar_action/cmake/ar_action__rosidl_typesupport_cppExport.cmake
[0.805s] -- Installing: /home/hans/ar/install/ar_action/share/ar_action/cmake/ar_action__rosidl_typesupport_cppExport-relwithdebinfo.cmake
[0.805s] -- Installing: /home/hans/ar/install/ar_action/share/ar_action/cmake/export_ar_action__rosidl_generator_pyExport.cmake
[0.805s] -- Installing: /home/hans/ar/install/ar_action/share/ar_action/cmake/export_ar_action__rosidl_generator_pyExport-relwithdebinfo.cmake
[0.805s] -- Installing: /home/hans/ar/install/ar_action/share/ar_action/cmake/rosidl_cmake-extras.cmake
[0.806s] -- Installing: /home/hans/ar/install/ar_action/share/ar_action/cmake/ament_cmake_export_dependencies-extras.cmake
[0.806s] -- Installing: /home/hans/ar/install/ar_action/share/ar_action/cmake/ament_cmake_export_include_directories-extras.cmake
[0.806s] -- Installing: /home/hans/ar/install/ar_action/share/ar_action/cmake/ament_cmake_export_libraries-extras.cmake
[0.806s] -- Installing: /home/hans/ar/install/ar_action/share/ar_action/cmake/ament_cmake_export_targets-extras.cmake
[0.806s] -- Installing: /home/hans/ar/install/ar_action/share/ar_action/cmake/rosidl_cmake_export_typesupport_targets-extras.cmake
[0.806s] -- Installing: /home/hans/ar/install/ar_action/share/ar_action/cmake/rosidl_cmake_export_typesupport_libraries-extras.cmake
[0.806s] -- Installing: /home/hans/ar/install/ar_action/share/ar_action/cmake/ar_actionConfig.cmake
[0.806s] -- Installing: /home/hans/ar/install/ar_action/share/ar_action/cmake/ar_actionConfig-version.cmake
[0.807s] -- Installing: /home/hans/ar/install/ar_action/share/ar_action/package.xml
[0.818s] Invoked command in '/home/hans/ar/build/ar_action' returned '0': CMAKE_PREFIX_PATH=${CMAKE_PREFIX_PATH}:/opt/ros/humble /usr/bin/cmake --install /home/hans/ar/build/ar_action
