[ 12%] [32mBuilding CXX object gtest/CMakeFiles/gtest.dir/src/gtest-all.cc.o[0m
[ 25%] [32mBuilding CXX object gtest/CMakeFiles/gtest_main.dir/src/gtest_main.cc.o[0m
[ 37%] [32mBuilding CXX object CMakeFiles/ar_conversion.dir/src/ar_conversion.cpp.o[0m
[ 50%] [32m[1mLinking CXX static library libgtest_main.a[0m
[ 50%] Built target gtest_main
[ 62%] [32m[1mLinking CXX static library libar_conversion.a[0m
[ 62%] Built target ar_conversion
[ 75%] [32m[1mLinking CXX static library libgtest.a[0m
[ 75%] Built target gtest
[ 87%] [32mBuilding CXX object CMakeFiles/test_ar_conversion.dir/test/test_ar_conversion.cpp.o[0m
[100%] [32m[1mLinking CXX executable test_ar_conversion[0m
[100%] Built target test_ar_conversion
-- Install configuration: ""
-- Installing: /home/hans/ar/install/ar_computation/share/ament_index/resource_index/package_run_dependencies/ar_computation
-- Installing: /home/hans/ar/install/ar_computation/share/ament_index/resource_index/parent_prefix_path/ar_computation
-- Installing: /home/hans/ar/install/ar_computation/share/ar_computation/environment/ament_prefix_path.sh
-- Installing: /home/hans/ar/install/ar_computation/share/ar_computation/environment/ament_prefix_path.dsv
-- Installing: /home/hans/ar/install/ar_computation/share/ar_computation/environment/path.sh
-- Installing: /home/hans/ar/install/ar_computation/share/ar_computation/environment/path.dsv
-- Installing: /home/hans/ar/install/ar_computation/share/ar_computation/local_setup.bash
-- Installing: /home/hans/ar/install/ar_computation/share/ar_computation/local_setup.sh
-- Installing: /home/hans/ar/install/ar_computation/share/ar_computation/local_setup.zsh
-- Installing: /home/hans/ar/install/ar_computation/share/ar_computation/local_setup.dsv
-- Installing: /home/hans/ar/install/ar_computation/share/ar_computation/package.dsv
-- Installing: /home/hans/ar/install/ar_computation/share/ament_index/resource_index/packages/ar_computation
-- Installing: /home/hans/ar/install/ar_computation/share/ar_computation/cmake/ar_computationConfig.cmake
-- Installing: /home/hans/ar/install/ar_computation/share/ar_computation/cmake/ar_computationConfig-version.cmake
-- Installing: /home/hans/ar/install/ar_computation/share/ar_computation/package.xml
