[0.009s] Invoking command in '/home/hans/ar/build/ar_control': CMAKE_PREFIX_PATH=/home/hans/ar/install/master:/home/hans/ar/install/ar_utils:/home/hans/ar/install/ar_comm:/home/hans/ar/install/ar_scene:/home/hans/ar/install/ar_planner_interface:/home/hans/ar/install/ar_msgs:/home/hans/ar/install/ar_moveit_config:/home/hans/ar/install/ar_computation:/home/hans/ar/install/ar_action:/opt/ros/humble /usr/bin/cmake --build /home/hans/ar/build/ar_control -- -j12 -l12
[0.028s] -- Found ament_cmake: 1.3.11 (/opt/ros/humble/share/ament_cmake/cmake)
[0.109s] -- Found moveit_common: 2.5.9 (/opt/ros/humble/share/moveit_common/cmake)
[0.155s] [0mar_control: You did not request a specific build type: Choosing 'Release' for maximum performance[0m
[0.155s] -- Found hardware_interface: 2.50.0 (/opt/ros/humble/share/hardware_interface/cmake)
[0.172s] -- Found rosidl_generator_c: 3.1.6 (/opt/ros/humble/share/rosidl_generator_c/cmake)
[0.173s] -- Found rosidl_adapter: 3.1.6 (/opt/ros/humble/share/rosidl_adapter/cmake)
[0.176s] -- Found rosidl_generator_cpp: 3.1.6 (/opt/ros/humble/share/rosidl_generator_cpp/cmake)
[0.182s] -- Using all available rosidl_typesupport_c: rosidl_typesupport_fastrtps_c;rosidl_typesupport_introspection_c
[0.190s] -- Using all available rosidl_typesupport_cpp: rosidl_typesupport_fastrtps_cpp;rosidl_typesupport_introspection_cpp
[0.292s] -- Found rmw_implementation_cmake: 6.1.2 (/opt/ros/humble/share/rmw_implementation_cmake/cmake)
[0.293s] -- Found rmw_fastrtps_cpp: 6.2.7 (/opt/ros/humble/share/rmw_fastrtps_cpp/cmake)
[0.303s] -- Found TinyXML2 via Config file: TinyXML2_DIR-NOTFOUND
[0.310s] -- Found TinyXML2 via Config file: TinyXML2_DIR-NOTFOUND
[0.321s] -- Found TinyXML2 via Config file: TinyXML2_DIR-NOTFOUND
[0.326s] -- Found TinyXML2 via Config file: TinyXML2_DIR-NOTFOUND
[0.332s] -- Using RMW implementation 'rmw_fastrtps_cpp' as default
[0.356s] -- Found rclcpp_action: 16.0.12 (/opt/ros/humble/share/rclcpp_action/cmake)
[0.360s] -- Found rclcpp_components: 16.0.12 (/opt/ros/humble/share/rclcpp_components/cmake)
[0.369s] -- Found yaml_cpp_vendor: 8.0.2 (/opt/ros/humble/share/yaml_cpp_vendor/cmake)
[0.369s] -- Found urdf: 2.6.1 (/opt/ros/humble/share/urdf/cmake)
[0.372s] -- Found moveit_core: 2.5.9 (/opt/ros/humble/share/moveit_core/cmake)
[0.380s] -- Found Boost: /usr/lib/x86_64-linux-gnu/cmake/Boost-1.74.0/BoostConfig.cmake (found version "1.74.0") found components: chrono date_time filesystem iostreams program_options regex serialization system thread 
[0.393s] -- Found parameter_traits: 0.4.0 (/opt/ros/humble/share/parameter_traits/cmake)
[0.401s] -- Found Boost: /usr/lib/x86_64-linux-gnu/cmake/Boost-1.74.0/BoostConfig.cmake (found version "1.74.0") found components: filesystem 
[0.427s] -- library: /usr/lib/x86_64-linux-gnu/libcurl.so
[0.450s] -- Ensuring Eigen3 include directory is part of orocos-kdl CMake target
[0.520s] -- Found moveit_ros_move_group: 2.5.9 (/opt/ros/humble/share/moveit_ros_move_group/cmake)
[0.523s] -- Found Boost: /usr/lib/x86_64-linux-gnu/cmake/Boost-1.74.0/BoostConfig.cmake (found version "1.74.0") found components: system filesystem date_time program_options thread 
[0.541s] -- Found Boost: /usr/lib/x86_64-linux-gnu/cmake/Boost-1.74.0/BoostConfig.cmake (found version "1.74.0") found components: system filesystem date_time program_options thread chrono 
[0.550s] -- Found moveit_ros_planning_interface: 2.5.9 (/opt/ros/humble/share/moveit_ros_planning_interface/cmake)
[0.553s] -- Found Boost: /usr/lib/x86_64-linux-gnu/cmake/Boost-1.74.0/BoostConfig.cmake (found version "1.74.0") found components: date_time filesystem program_options system thread 
[0.560s] -- Found Boost: /usr/lib/x86_64-linux-gnu/cmake/Boost-1.74.0/BoostConfig.cmake (found version "1.74.0") found components: thread system filesystem regex date_time program_options 
[0.573s] -- Found moveit_planners: 2.5.9 (/opt/ros/humble/share/moveit_planners/cmake)
[0.573s] -- Found ar_utils: 0.0.0 (/home/hans/ar/install/ar_utils/share/ar_utils/cmake)
[0.576s] -- Found ar_action: 0.0.0 (/home/hans/ar/install/ar_action/share/ar_action/cmake)
[0.620s] [31mCMake Error at /opt/ros/humble/share/ament_cmake_target_dependencies/cmake/ament_target_dependencies.cmake:77 (message):
[0.620s]   ament_target_dependencies() the passed package name 'ar_control_server' was
[0.621s]   not found before
[0.621s] Call Stack (most recent call first):
[0.621s]   CMakeLists.txt:153 (ament_target_dependencies)
[0.621s] 
[0.621s] [0m
[0.621s] -- Configuring incomplete, errors occurred!
[0.621s] See also "/home/hans/ar/build/ar_control/CMakeFiles/CMakeOutput.log".
[0.633s] gmake: *** [Makefile:441: cmake_check_build_system] Error 1
[0.636s] Invoked command in '/home/hans/ar/build/ar_control' returned '2': CMAKE_PREFIX_PATH=/home/hans/ar/install/master:/home/hans/ar/install/ar_utils:/home/hans/ar/install/ar_comm:/home/hans/ar/install/ar_scene:/home/hans/ar/install/ar_planner_interface:/home/hans/ar/install/ar_msgs:/home/hans/ar/install/ar_moveit_config:/home/hans/ar/install/ar_computation:/home/hans/ar/install/ar_action:/opt/ros/humble /usr/bin/cmake --build /home/hans/ar/build/ar_control -- -j12 -l12
