[0.036s] Invoking command in '/home/hans/ar/build/ar_srv': CMAKE_PREFIX_PATH=/opt/ros/humble /usr/bin/cmake /home/hans/ar/ar_src/communication/messages/ar_srv -DCMAKE_INSTALL_PREFIX=/home/hans/ar/install/ar_srv
[2.922s] -- The C compiler identification is GNU 11.4.0
[2.922s] -- The CXX compiler identification is GNU 11.4.0
[2.922s] -- Detecting C compiler ABI info
[2.922s] -- Detecting C compiler ABI info - done
[2.922s] -- Check for working C compiler: /usr/bin/cc - skipped
[2.922s] -- Detecting C compile features
[2.922s] -- Detecting C compile features - done
[2.922s] -- Detecting CXX compiler ABI info
[2.922s] -- Detecting CXX compiler ABI info - done
[2.922s] -- Check for working CXX compiler: /usr/bin/c++ - skipped
[2.922s] -- Detecting CXX compile features
[2.923s] -- Detecting CXX compile features - done
[2.923s] -- Found ament_cmake: 1.3.11 (/opt/ros/humble/share/ament_cmake/cmake)
[2.923s] -- Found Python3: /usr/bin/python3 (found version "3.10.12") found components: Interpreter 
[2.923s] -- Found rosidl_default_generators: 1.2.0 (/opt/ros/humble/share/rosidl_default_generators/cmake)
[2.923s] -- Using all available rosidl_typesupport_c: rosidl_typesupport_fastrtps_c;rosidl_typesupport_introspection_c
[2.923s] -- Found rosidl_adapter: 3.1.6 (/opt/ros/humble/share/rosidl_adapter/cmake)
[2.923s] -- Using all available rosidl_typesupport_cpp: rosidl_typesupport_fastrtps_cpp;rosidl_typesupport_introspection_cpp
[2.923s] -- Found std_msgs: 4.8.0 (/opt/ros/humble/share/std_msgs/cmake)
[2.923s] -- Found actionlib_msgs: 4.8.0 (/opt/ros/humble/share/actionlib_msgs/cmake)
[2.923s] -- Found geometry_msgs: 4.8.0 (/opt/ros/humble/share/geometry_msgs/cmake)
[2.923s] -- Found sensor_msgs: 4.8.0 (/opt/ros/humble/share/sensor_msgs/cmake)
[2.923s] -- Found trajectory_msgs: 4.8.0 (/opt/ros/humble/share/trajectory_msgs/cmake)
[2.923s] -- Found ament_cmake_ros: 0.10.0 (/opt/ros/humble/share/ament_cmake_ros/cmake)
[2.923s] -- Using all available rosidl_typesupport_c: rosidl_typesupport_fastrtps_c;rosidl_typesupport_introspection_c
[3.198s] -- Using all available rosidl_typesupport_cpp: rosidl_typesupport_fastrtps_cpp;rosidl_typesupport_introspection_cpp
[3.226s] -- Found PythonInterp: /usr/bin/python3 (found suitable version "3.10.12", minimum required is "3.6") 
[3.229s] -- Found python_cmake_module: 0.10.0 (/opt/ros/humble/share/python_cmake_module/cmake)
[3.257s] -- Found PythonLibs: /usr/lib/x86_64-linux-gnu/libpython3.10.so (found suitable version "3.10.12", minimum required is "3.5") 
[3.258s] -- Using PYTHON_EXECUTABLE: /usr/bin/python3
[3.258s] -- Using PYTHON_INCLUDE_DIRS: /usr/include/python3.10
[3.258s] -- Using PYTHON_LIBRARIES: /usr/lib/x86_64-linux-gnu/libpython3.10.so
[3.280s] -- Found PythonExtra: .so  
[3.342s] -- Found ament_lint_auto: 0.12.12 (/opt/ros/humble/share/ament_lint_auto/cmake)
[3.358s] -- Added test 'copyright' to check source files copyright and LICENSE
[3.359s] -- Added test 'lint_cmake' to check CMake code style
[3.360s] -- Added test 'xmllint' to check XML markup files
[3.362s] -- Configuring done
[3.393s] -- Generating done
[3.405s] -- Build files have been written to: /home/hans/ar/build/ar_srv
[3.417s] Invoked command in '/home/hans/ar/build/ar_srv' returned '0': CMAKE_PREFIX_PATH=/opt/ros/humble /usr/bin/cmake /home/hans/ar/ar_src/communication/messages/ar_srv -DCMAKE_INSTALL_PREFIX=/home/hans/ar/install/ar_srv
[3.418s] Invoking command in '/home/hans/ar/build/ar_srv': CMAKE_PREFIX_PATH=/opt/ros/humble /usr/bin/cmake --build /home/hans/ar/build/ar_srv -- -j12 -l12
[3.493s] [  3%] [34m[1mGenerating C code for ROS interfaces[0m
[3.535s] [  6%] [34m[1mGenerating C++ code for ROS interfaces[0m
[3.564s] [  6%] Built target ament_cmake_python_copy_ar_srv
[3.919s] running egg_info
[3.919s] creating ar_srv.egg-info
[3.920s] writing ar_srv.egg-info/PKG-INFO
[3.921s] writing dependency_links to ar_srv.egg-info/dependency_links.txt
[3.921s] writing top-level names to ar_srv.egg-info/top_level.txt
[3.921s] writing manifest file 'ar_srv.egg-info/SOURCES.txt'
[3.923s] reading manifest file 'ar_srv.egg-info/SOURCES.txt'
[3.923s] writing manifest file 'ar_srv.egg-info/SOURCES.txt'
[3.959s] [  6%] Built target ar_srv__cpp
[3.974s] [  9%] [32mBuilding C object CMakeFiles/ar_srv__rosidl_generator_c.dir/rosidl_generator_c/ar_srv/srv/detail/device__functions.c.o[0m
[4.014s] [  9%] Built target ament_cmake_python_build_ar_srv_egg
[4.040s] [ 12%] [34m[1mGenerating C++ type support dispatch for ROS interfaces[0m
[4.060s] [ 16%] [34m[1mGenerating C++ introspection for ROS interfaces[0m
[4.067s] [ 19%] [34m[1mGenerating C++ type support for eProsima Fast-RTPS[0m
[4.363s] [ 22%] [32m[1mLinking C shared library libar_srv__rosidl_generator_c.so[0m
[4.549s] [ 25%] [32mBuilding CXX object CMakeFiles/ar_srv__rosidl_typesupport_cpp.dir/rosidl_typesupport_cpp/ar_srv/srv/device__type_support.cpp.o[0m
[4.611s] [ 29%] [32mBuilding CXX object CMakeFiles/ar_srv__rosidl_typesupport_introspection_cpp.dir/rosidl_typesupport_introspection_cpp/ar_srv/srv/detail/device__type_support.cpp.o[0m
[4.620s] [ 29%] Built target ar_srv__rosidl_generator_c
[4.623s] [ 32%] [32mBuilding CXX object CMakeFiles/ar_srv__rosidl_typesupport_fastrtps_cpp.dir/rosidl_typesupport_fastrtps_cpp/ar_srv/srv/detail/dds_fastrtps/device__type_support.cpp.o[0m
[4.714s] [ 35%] [34m[1mGenerating C type support dispatch for ROS interfaces[0m
[4.724s] [ 38%] [34m[1mGenerating C type support for eProsima Fast-RTPS[0m
[4.724s] [ 41%] [34m[1mGenerating C introspection for ROS interfaces[0m
[5.244s] [ 45%] [32m[1mLinking CXX shared library libar_srv__rosidl_typesupport_cpp.so[0m
[5.509s] [ 48%] [32mBuilding CXX object CMakeFiles/ar_srv__rosidl_typesupport_c.dir/rosidl_typesupport_c/ar_srv/srv/device__type_support.cpp.o[0m
[5.511s] [ 51%] [32mBuilding CXX object CMakeFiles/ar_srv__rosidl_typesupport_fastrtps_c.dir/rosidl_typesupport_fastrtps_c/ar_srv/srv/detail/device__type_support_c.cpp.o[0m
[5.576s] [ 54%] [32mBuilding C object CMakeFiles/ar_srv__rosidl_typesupport_introspection_c.dir/rosidl_typesupport_introspection_c/ar_srv/srv/detail/device__type_support.c.o[0m
[5.656s] [ 54%] Built target ar_srv__rosidl_typesupport_cpp
[5.744s] [ 58%] [32m[1mLinking CXX shared library libar_srv__rosidl_typesupport_c.so[0m
[5.805s] [ 61%] [32m[1mLinking CXX shared library libar_srv__rosidl_typesupport_fastrtps_cpp.so[0m
[5.876s] [ 64%] [32m[1mLinking CXX shared library libar_srv__rosidl_typesupport_introspection_cpp.so[0m
[5.892s] [ 67%] [32m[1mLinking C shared library libar_srv__rosidl_typesupport_introspection_c.so[0m
[5.983s] [ 67%] Built target ar_srv__rosidl_typesupport_c
[6.154s] [ 67%] Built target ar_srv__rosidl_typesupport_introspection_c
[6.178s] [ 67%] Built target ar_srv__rosidl_typesupport_fastrtps_cpp
[6.189s] [ 67%] Built target ar_srv__rosidl_typesupport_introspection_cpp
[6.273s] [ 70%] [32m[1mLinking CXX shared library libar_srv__rosidl_typesupport_fastrtps_c.so[0m
[6.414s] [ 70%] Built target ar_srv__rosidl_typesupport_fastrtps_c
[6.449s] [ 70%] Built target ar_srv
[6.489s] [ 74%] [34m[1mGenerating Python code for ROS interfaces[0m
[6.871s] [ 74%] Built target ar_srv__py
[6.923s] [ 77%] [32mBuilding C object CMakeFiles/ar_srv__rosidl_generator_py.dir/rosidl_generator_py/ar_srv/srv/_device_s.c.o[0m
[7.181s] [ 80%] [32m[1mLinking C shared library rosidl_generator_py/ar_srv/libar_srv__rosidl_generator_py.so[0m
[7.238s] [ 80%] Built target ar_srv__rosidl_generator_py
[7.298s] [ 83%] [32mBuilding C object CMakeFiles/ar_srv__rosidl_typesupport_introspection_c__pyext.dir/rosidl_generator_py/ar_srv/_ar_srv_s.ep.rosidl_typesupport_introspection_c.c.o[0m
[7.299s] [ 87%] [32mBuilding C object CMakeFiles/ar_srv__rosidl_typesupport_c__pyext.dir/rosidl_generator_py/ar_srv/_ar_srv_s.ep.rosidl_typesupport_c.c.o[0m
[7.301s] [ 90%] [32mBuilding C object CMakeFiles/ar_srv__rosidl_typesupport_fastrtps_c__pyext.dir/rosidl_generator_py/ar_srv/_ar_srv_s.ep.rosidl_typesupport_fastrtps_c.c.o[0m
[7.469s] [ 96%] [32m[1mLinking C shared library rosidl_generator_py/ar_srv/ar_srv_s__rosidl_typesupport_introspection_c.cpython-310-x86_64-linux-gnu.so[0m
[7.469s] [ 96%] [32m[1mLinking C shared library rosidl_generator_py/ar_srv/ar_srv_s__rosidl_typesupport_c.cpython-310-x86_64-linux-gnu.so[0m
[7.476s] [100%] [32m[1mLinking C shared library rosidl_generator_py/ar_srv/ar_srv_s__rosidl_typesupport_fastrtps_c.cpython-310-x86_64-linux-gnu.so[0m
[7.545s] [100%] Built target ar_srv__rosidl_typesupport_introspection_c__pyext
[7.553s] [100%] Built target ar_srv__rosidl_typesupport_c__pyext
[7.553s] [100%] Built target ar_srv__rosidl_typesupport_fastrtps_c__pyext
[7.575s] Invoked command in '/home/hans/ar/build/ar_srv' returned '0': CMAKE_PREFIX_PATH=/opt/ros/humble /usr/bin/cmake --build /home/hans/ar/build/ar_srv -- -j12 -l12
[7.577s] Invoking command in '/home/hans/ar/build/ar_srv': CMAKE_PREFIX_PATH=/opt/ros/humble /usr/bin/cmake --install /home/hans/ar/build/ar_srv
[7.589s] -- Install configuration: "RelWithDebInfo"
[7.589s] -- Installing: /home/hans/ar/install/ar_srv/share/ament_index/resource_index/rosidl_interfaces/ar_srv
[7.589s] -- Installing: /home/hans/ar/install/ar_srv/include/ar_srv/ar_srv
[7.589s] -- Installing: /home/hans/ar/install/ar_srv/include/ar_srv/ar_srv/srv
[7.589s] -- Installing: /home/hans/ar/install/ar_srv/include/ar_srv/ar_srv/srv/detail
[7.589s] -- Installing: /home/hans/ar/install/ar_srv/include/ar_srv/ar_srv/srv/detail/device__type_support.h
[7.590s] -- Installing: /home/hans/ar/install/ar_srv/include/ar_srv/ar_srv/srv/detail/device__struct.h
[7.590s] -- Installing: /home/hans/ar/install/ar_srv/include/ar_srv/ar_srv/srv/detail/device__functions.c
[7.590s] -- Installing: /home/hans/ar/install/ar_srv/include/ar_srv/ar_srv/srv/detail/device__functions.h
[7.590s] -- Installing: /home/hans/ar/install/ar_srv/include/ar_srv/ar_srv/srv/device.h
[7.590s] -- Installing: /home/hans/ar/install/ar_srv/include/ar_srv/ar_srv/msg
[7.590s] -- Installing: /home/hans/ar/install/ar_srv/include/ar_srv/ar_srv/msg/rosidl_generator_c__visibility_control.h
[7.590s] -- Installing: /home/hans/ar/install/ar_srv/share/ar_srv/environment/library_path.sh
[7.590s] -- Installing: /home/hans/ar/install/ar_srv/share/ar_srv/environment/library_path.dsv
[7.591s] -- Installing: /home/hans/ar/install/ar_srv/lib/libar_srv__rosidl_generator_c.so
[7.591s] -- Set runtime path of "/home/hans/ar/install/ar_srv/lib/libar_srv__rosidl_generator_c.so" to ""
[7.591s] -- Up-to-date: /home/hans/ar/install/ar_srv/include/ar_srv/ar_srv
[7.591s] -- Up-to-date: /home/hans/ar/install/ar_srv/include/ar_srv/ar_srv/srv
[7.591s] -- Up-to-date: /home/hans/ar/install/ar_srv/include/ar_srv/ar_srv/srv/detail
[7.591s] -- Installing: /home/hans/ar/install/ar_srv/include/ar_srv/ar_srv/srv/detail/device__rosidl_typesupport_fastrtps_c.h
[7.591s] -- Up-to-date: /home/hans/ar/install/ar_srv/include/ar_srv/ar_srv/msg
[7.591s] -- Installing: /home/hans/ar/install/ar_srv/include/ar_srv/ar_srv/msg/rosidl_typesupport_fastrtps_c__visibility_control.h
[7.591s] -- Installing: /home/hans/ar/install/ar_srv/lib/libar_srv__rosidl_typesupport_fastrtps_c.so
[7.592s] -- Set runtime path of "/home/hans/ar/install/ar_srv/lib/libar_srv__rosidl_typesupport_fastrtps_c.so" to ""
[7.592s] -- Up-to-date: /home/hans/ar/install/ar_srv/include/ar_srv/ar_srv
[7.592s] -- Up-to-date: /home/hans/ar/install/ar_srv/include/ar_srv/ar_srv/srv
[7.593s] -- Up-to-date: /home/hans/ar/install/ar_srv/include/ar_srv/ar_srv/srv/detail
[7.593s] -- Installing: /home/hans/ar/install/ar_srv/include/ar_srv/ar_srv/srv/detail/device__rosidl_typesupport_introspection_c.h
[7.593s] -- Installing: /home/hans/ar/install/ar_srv/include/ar_srv/ar_srv/srv/detail/device__type_support.c
[7.593s] -- Up-to-date: /home/hans/ar/install/ar_srv/include/ar_srv/ar_srv/msg
[7.593s] -- Installing: /home/hans/ar/install/ar_srv/include/ar_srv/ar_srv/msg/rosidl_typesupport_introspection_c__visibility_control.h
[7.593s] -- Installing: /home/hans/ar/install/ar_srv/lib/libar_srv__rosidl_typesupport_introspection_c.so
[7.593s] -- Set runtime path of "/home/hans/ar/install/ar_srv/lib/libar_srv__rosidl_typesupport_introspection_c.so" to ""
[7.593s] -- Installing: /home/hans/ar/install/ar_srv/lib/libar_srv__rosidl_typesupport_c.so
[7.594s] -- Set runtime path of "/home/hans/ar/install/ar_srv/lib/libar_srv__rosidl_typesupport_c.so" to ""
[7.594s] -- Up-to-date: /home/hans/ar/install/ar_srv/include/ar_srv/ar_srv
[7.594s] -- Up-to-date: /home/hans/ar/install/ar_srv/include/ar_srv/ar_srv/srv
[7.594s] -- Up-to-date: /home/hans/ar/install/ar_srv/include/ar_srv/ar_srv/srv/detail
[7.594s] -- Installing: /home/hans/ar/install/ar_srv/include/ar_srv/ar_srv/srv/detail/device__type_support.hpp
[7.594s] -- Installing: /home/hans/ar/install/ar_srv/include/ar_srv/ar_srv/srv/detail/device__traits.hpp
[7.594s] -- Installing: /home/hans/ar/install/ar_srv/include/ar_srv/ar_srv/srv/detail/device__builder.hpp
[7.594s] -- Installing: /home/hans/ar/install/ar_srv/include/ar_srv/ar_srv/srv/detail/device__struct.hpp
[7.594s] -- Installing: /home/hans/ar/install/ar_srv/include/ar_srv/ar_srv/srv/device.hpp
[7.595s] -- Up-to-date: /home/hans/ar/install/ar_srv/include/ar_srv/ar_srv/msg
[7.595s] -- Installing: /home/hans/ar/install/ar_srv/include/ar_srv/ar_srv/msg/rosidl_generator_cpp__visibility_control.hpp
[7.595s] -- Up-to-date: /home/hans/ar/install/ar_srv/include/ar_srv/ar_srv
[7.595s] -- Up-to-date: /home/hans/ar/install/ar_srv/include/ar_srv/ar_srv/srv
[7.595s] -- Up-to-date: /home/hans/ar/install/ar_srv/include/ar_srv/ar_srv/srv/detail
[7.595s] -- Installing: /home/hans/ar/install/ar_srv/include/ar_srv/ar_srv/srv/detail/dds_fastrtps
[7.595s] -- Installing: /home/hans/ar/install/ar_srv/include/ar_srv/ar_srv/srv/detail/device__rosidl_typesupport_fastrtps_cpp.hpp
[7.595s] -- Up-to-date: /home/hans/ar/install/ar_srv/include/ar_srv/ar_srv/msg
[7.595s] -- Installing: /home/hans/ar/install/ar_srv/include/ar_srv/ar_srv/msg/rosidl_typesupport_fastrtps_cpp__visibility_control.h
[7.595s] -- Installing: /home/hans/ar/install/ar_srv/lib/libar_srv__rosidl_typesupport_fastrtps_cpp.so
[7.596s] -- Set runtime path of "/home/hans/ar/install/ar_srv/lib/libar_srv__rosidl_typesupport_fastrtps_cpp.so" to ""
[7.596s] -- Up-to-date: /home/hans/ar/install/ar_srv/include/ar_srv/ar_srv
[7.596s] -- Up-to-date: /home/hans/ar/install/ar_srv/include/ar_srv/ar_srv/srv
[7.596s] -- Up-to-date: /home/hans/ar/install/ar_srv/include/ar_srv/ar_srv/srv/detail
[7.596s] -- Installing: /home/hans/ar/install/ar_srv/include/ar_srv/ar_srv/srv/detail/device__type_support.cpp
[7.596s] -- Installing: /home/hans/ar/install/ar_srv/include/ar_srv/ar_srv/srv/detail/device__rosidl_typesupport_introspection_cpp.hpp
[7.596s] -- Installing: /home/hans/ar/install/ar_srv/lib/libar_srv__rosidl_typesupport_introspection_cpp.so
[7.597s] -- Set runtime path of "/home/hans/ar/install/ar_srv/lib/libar_srv__rosidl_typesupport_introspection_cpp.so" to ""
[7.598s] -- Installing: /home/hans/ar/install/ar_srv/lib/libar_srv__rosidl_typesupport_cpp.so
[7.598s] -- Set runtime path of "/home/hans/ar/install/ar_srv/lib/libar_srv__rosidl_typesupport_cpp.so" to ""
[7.598s] -- Installing: /home/hans/ar/install/ar_srv/share/ar_srv/environment/pythonpath.sh
[7.598s] -- Installing: /home/hans/ar/install/ar_srv/share/ar_srv/environment/pythonpath.dsv
[7.598s] -- Installing: /home/hans/ar/install/ar_srv/local/lib/python3.10/dist-packages/ar_srv-0.0.0-py3.10.egg-info
[7.598s] -- Installing: /home/hans/ar/install/ar_srv/local/lib/python3.10/dist-packages/ar_srv-0.0.0-py3.10.egg-info/top_level.txt
[7.598s] -- Installing: /home/hans/ar/install/ar_srv/local/lib/python3.10/dist-packages/ar_srv-0.0.0-py3.10.egg-info/PKG-INFO
[7.599s] -- Installing: /home/hans/ar/install/ar_srv/local/lib/python3.10/dist-packages/ar_srv-0.0.0-py3.10.egg-info/SOURCES.txt
[7.599s] -- Installing: /home/hans/ar/install/ar_srv/local/lib/python3.10/dist-packages/ar_srv-0.0.0-py3.10.egg-info/dependency_links.txt
[7.599s] -- Installing: /home/hans/ar/install/ar_srv/local/lib/python3.10/dist-packages/ar_srv
[7.599s] -- Installing: /home/hans/ar/install/ar_srv/local/lib/python3.10/dist-packages/ar_srv/libar_srv__rosidl_generator_py.so
[7.599s] -- Installing: /home/hans/ar/install/ar_srv/local/lib/python3.10/dist-packages/ar_srv/ar_srv_s__rosidl_typesupport_introspection_c.cpython-310-x86_64-linux-gnu.so
[7.599s] -- Installing: /home/hans/ar/install/ar_srv/local/lib/python3.10/dist-packages/ar_srv/ar_srv_s__rosidl_typesupport_c.cpython-310-x86_64-linux-gnu.so
[7.599s] -- Installing: /home/hans/ar/install/ar_srv/local/lib/python3.10/dist-packages/ar_srv/ar_srv_s__rosidl_typesupport_fastrtps_c.cpython-310-x86_64-linux-gnu.so
[7.599s] -- Installing: /home/hans/ar/install/ar_srv/local/lib/python3.10/dist-packages/ar_srv/_ar_srv_s.ep.rosidl_typesupport_introspection_c.c
[7.599s] -- Installing: /home/hans/ar/install/ar_srv/local/lib/python3.10/dist-packages/ar_srv/srv
[7.599s] -- Installing: /home/hans/ar/install/ar_srv/local/lib/python3.10/dist-packages/ar_srv/srv/_device_s.c
[7.600s] -- Installing: /home/hans/ar/install/ar_srv/local/lib/python3.10/dist-packages/ar_srv/srv/__init__.py
[7.600s] -- Installing: /home/hans/ar/install/ar_srv/local/lib/python3.10/dist-packages/ar_srv/srv/_device.py
[7.600s] -- Installing: /home/hans/ar/install/ar_srv/local/lib/python3.10/dist-packages/ar_srv/__init__.py
[7.600s] -- Installing: /home/hans/ar/install/ar_srv/local/lib/python3.10/dist-packages/ar_srv/_ar_srv_s.ep.rosidl_typesupport_fastrtps_c.c
[7.600s] -- Installing: /home/hans/ar/install/ar_srv/local/lib/python3.10/dist-packages/ar_srv/_ar_srv_s.ep.rosidl_typesupport_c.c
[7.630s] Listing '/home/hans/ar/install/ar_srv/local/lib/python3.10/dist-packages/ar_srv'...
[7.630s] Compiling '/home/hans/ar/install/ar_srv/local/lib/python3.10/dist-packages/ar_srv/__init__.py'...
[7.631s] Listing '/home/hans/ar/install/ar_srv/local/lib/python3.10/dist-packages/ar_srv/srv'...
[7.631s] Compiling '/home/hans/ar/install/ar_srv/local/lib/python3.10/dist-packages/ar_srv/srv/__init__.py'...
[7.631s] Compiling '/home/hans/ar/install/ar_srv/local/lib/python3.10/dist-packages/ar_srv/srv/_device.py'...
[7.635s] -- Installing: /home/hans/ar/install/ar_srv/local/lib/python3.10/dist-packages/ar_srv/ar_srv_s__rosidl_typesupport_fastrtps_c.cpython-310-x86_64-linux-gnu.so
[7.635s] -- Set runtime path of "/home/hans/ar/install/ar_srv/local/lib/python3.10/dist-packages/ar_srv/ar_srv_s__rosidl_typesupport_fastrtps_c.cpython-310-x86_64-linux-gnu.so" to ""
[7.635s] -- Installing: /home/hans/ar/install/ar_srv/local/lib/python3.10/dist-packages/ar_srv/ar_srv_s__rosidl_typesupport_introspection_c.cpython-310-x86_64-linux-gnu.so
[7.635s] -- Set runtime path of "/home/hans/ar/install/ar_srv/local/lib/python3.10/dist-packages/ar_srv/ar_srv_s__rosidl_typesupport_introspection_c.cpython-310-x86_64-linux-gnu.so" to ""
[7.636s] -- Installing: /home/hans/ar/install/ar_srv/local/lib/python3.10/dist-packages/ar_srv/ar_srv_s__rosidl_typesupport_c.cpython-310-x86_64-linux-gnu.so
[7.636s] -- Set runtime path of "/home/hans/ar/install/ar_srv/local/lib/python3.10/dist-packages/ar_srv/ar_srv_s__rosidl_typesupport_c.cpython-310-x86_64-linux-gnu.so" to ""
[7.636s] -- Installing: /home/hans/ar/install/ar_srv/lib/libar_srv__rosidl_generator_py.so
[7.636s] -- Set runtime path of "/home/hans/ar/install/ar_srv/lib/libar_srv__rosidl_generator_py.so" to ""
[7.637s] -- Installing: /home/hans/ar/install/ar_srv/share/ar_srv/srv/Device.idl
[7.637s] -- Installing: /home/hans/ar/install/ar_srv/share/ar_srv/srv/Device.srv
[7.637s] -- Installing: /home/hans/ar/install/ar_srv/share/ar_srv/srv/Device_Request.msg
[7.637s] -- Installing: /home/hans/ar/install/ar_srv/share/ar_srv/srv/Device_Response.msg
[7.637s] -- Installing: /home/hans/ar/install/ar_srv/share/ament_index/resource_index/package_run_dependencies/ar_srv
[7.637s] -- Installing: /home/hans/ar/install/ar_srv/share/ament_index/resource_index/parent_prefix_path/ar_srv
[7.637s] -- Installing: /home/hans/ar/install/ar_srv/share/ar_srv/environment/ament_prefix_path.sh
[7.637s] -- Installing: /home/hans/ar/install/ar_srv/share/ar_srv/environment/ament_prefix_path.dsv
[7.637s] -- Installing: /home/hans/ar/install/ar_srv/share/ar_srv/environment/path.sh
[7.637s] -- Installing: /home/hans/ar/install/ar_srv/share/ar_srv/environment/path.dsv
[7.638s] -- Installing: /home/hans/ar/install/ar_srv/share/ar_srv/local_setup.bash
[7.638s] -- Installing: /home/hans/ar/install/ar_srv/share/ar_srv/local_setup.sh
[7.638s] -- Installing: /home/hans/ar/install/ar_srv/share/ar_srv/local_setup.zsh
[7.638s] -- Installing: /home/hans/ar/install/ar_srv/share/ar_srv/local_setup.dsv
[7.638s] -- Installing: /home/hans/ar/install/ar_srv/share/ar_srv/package.dsv
[7.638s] -- Installing: /home/hans/ar/install/ar_srv/share/ament_index/resource_index/packages/ar_srv
[7.638s] -- Installing: /home/hans/ar/install/ar_srv/share/ar_srv/cmake/export_ar_srv__rosidl_generator_cExport.cmake
[7.638s] -- Installing: /home/hans/ar/install/ar_srv/share/ar_srv/cmake/export_ar_srv__rosidl_generator_cExport-relwithdebinfo.cmake
[7.638s] -- Installing: /home/hans/ar/install/ar_srv/share/ar_srv/cmake/export_ar_srv__rosidl_typesupport_fastrtps_cExport.cmake
[7.639s] -- Installing: /home/hans/ar/install/ar_srv/share/ar_srv/cmake/export_ar_srv__rosidl_typesupport_fastrtps_cExport-relwithdebinfo.cmake
[7.639s] -- Installing: /home/hans/ar/install/ar_srv/share/ar_srv/cmake/ar_srv__rosidl_typesupport_introspection_cExport.cmake
[7.639s] -- Installing: /home/hans/ar/install/ar_srv/share/ar_srv/cmake/ar_srv__rosidl_typesupport_introspection_cExport-relwithdebinfo.cmake
[7.639s] -- Installing: /home/hans/ar/install/ar_srv/share/ar_srv/cmake/ar_srv__rosidl_typesupport_cExport.cmake
[7.639s] -- Installing: /home/hans/ar/install/ar_srv/share/ar_srv/cmake/ar_srv__rosidl_typesupport_cExport-relwithdebinfo.cmake
[7.639s] -- Installing: /home/hans/ar/install/ar_srv/share/ar_srv/cmake/export_ar_srv__rosidl_generator_cppExport.cmake
[7.639s] -- Installing: /home/hans/ar/install/ar_srv/share/ar_srv/cmake/export_ar_srv__rosidl_typesupport_fastrtps_cppExport.cmake
[7.639s] -- Installing: /home/hans/ar/install/ar_srv/share/ar_srv/cmake/export_ar_srv__rosidl_typesupport_fastrtps_cppExport-relwithdebinfo.cmake
[7.639s] -- Installing: /home/hans/ar/install/ar_srv/share/ar_srv/cmake/ar_srv__rosidl_typesupport_introspection_cppExport.cmake
[7.639s] -- Installing: /home/hans/ar/install/ar_srv/share/ar_srv/cmake/ar_srv__rosidl_typesupport_introspection_cppExport-relwithdebinfo.cmake
[7.640s] -- Installing: /home/hans/ar/install/ar_srv/share/ar_srv/cmake/ar_srv__rosidl_typesupport_cppExport.cmake
[7.640s] -- Installing: /home/hans/ar/install/ar_srv/share/ar_srv/cmake/ar_srv__rosidl_typesupport_cppExport-relwithdebinfo.cmake
[7.640s] -- Installing: /home/hans/ar/install/ar_srv/share/ar_srv/cmake/export_ar_srv__rosidl_generator_pyExport.cmake
[7.640s] -- Installing: /home/hans/ar/install/ar_srv/share/ar_srv/cmake/export_ar_srv__rosidl_generator_pyExport-relwithdebinfo.cmake
[7.640s] -- Installing: /home/hans/ar/install/ar_srv/share/ar_srv/cmake/rosidl_cmake-extras.cmake
[7.640s] -- Installing: /home/hans/ar/install/ar_srv/share/ar_srv/cmake/ament_cmake_export_dependencies-extras.cmake
[7.640s] -- Installing: /home/hans/ar/install/ar_srv/share/ar_srv/cmake/ament_cmake_export_include_directories-extras.cmake
[7.640s] -- Installing: /home/hans/ar/install/ar_srv/share/ar_srv/cmake/ament_cmake_export_libraries-extras.cmake
[7.641s] -- Installing: /home/hans/ar/install/ar_srv/share/ar_srv/cmake/ament_cmake_export_targets-extras.cmake
[7.641s] -- Installing: /home/hans/ar/install/ar_srv/share/ar_srv/cmake/rosidl_cmake_export_typesupport_targets-extras.cmake
[7.641s] -- Installing: /home/hans/ar/install/ar_srv/share/ar_srv/cmake/rosidl_cmake_export_typesupport_libraries-extras.cmake
[7.641s] -- Installing: /home/hans/ar/install/ar_srv/share/ar_srv/cmake/ar_srvConfig.cmake
[7.641s] -- Installing: /home/hans/ar/install/ar_srv/share/ar_srv/cmake/ar_srvConfig-version.cmake
[7.641s] -- Installing: /home/hans/ar/install/ar_srv/share/ar_srv/package.xml
[7.644s] Invoked command in '/home/hans/ar/build/ar_srv' returned '0': CMAKE_PREFIX_PATH=/opt/ros/humble /usr/bin/cmake --install /home/hans/ar/build/ar_srv
