[0.037s] Invoking command in '/home/hans/ar/build/devices': CMAKE_PREFIX_PATH=${CMAKE_PREFIX_PATH}:/opt/ros/humble /usr/bin/cmake /home/hans/ar/ar_src/communication/devices -DCMAKE_INSTALL_PREFIX=/home/hans/ar/install/devices
[0.262s] -- The C compiler identification is GNU 11.4.0
[0.435s] -- The CXX compiler identification is GNU 11.4.0
[0.465s] -- Detecting C compiler ABI info
[0.892s] -- Detecting C compiler ABI info - done
[0.899s] -- Check for working C compiler: /usr/bin/cc - skipped
[0.900s] -- Detecting C compile features
[0.900s] -- Detecting C compile features - done
[0.903s] -- Detecting CXX compiler ABI info
[1.316s] -- Detecting CXX compiler ABI info - done
[1.342s] -- Check for working CXX compiler: /usr/bin/c++ - skipped
[1.342s] -- Detecting CXX compile features
[1.342s] -- Detecting CXX compile features - done
[1.342s] -- Found ament_cmake: 1.3.11 (/opt/ros/humble/share/ament_cmake/cmake)
[1.599s] -- Found Python3: /usr/bin/python3 (found version "3.10.12") found components: Interpreter 
[1.718s] -- Found rclcpp: 16.0.12 (/opt/ros/humble/share/rclcpp/cmake)
[1.762s] -- Found rosidl_generator_c: 3.1.6 (/opt/ros/humble/share/rosidl_generator_c/cmake)
[1.767s] -- Found rosidl_adapter: 3.1.6 (/opt/ros/humble/share/rosidl_adapter/cmake)
[1.776s] -- Found rosidl_generator_cpp: 3.1.6 (/opt/ros/humble/share/rosidl_generator_cpp/cmake)
[1.788s] -- Using all available rosidl_typesupport_c: rosidl_typesupport_fastrtps_c;rosidl_typesupport_introspection_c
[1.806s] -- Using all available rosidl_typesupport_cpp: rosidl_typesupport_fastrtps_cpp;rosidl_typesupport_introspection_cpp
[1.844s] -- Found rmw_implementation_cmake: 6.1.2 (/opt/ros/humble/share/rmw_implementation_cmake/cmake)
[1.847s] -- Found rmw_fastrtps_cpp: 6.2.7 (/opt/ros/humble/share/rmw_fastrtps_cpp/cmake)
[2.175s] -- Found OpenSSL: /usr/lib/x86_64-linux-gnu/libcrypto.so (found version "3.0.2")  
[2.219s] -- Found FastRTPS: /opt/ros/humble/include  
[2.292s] -- Using RMW implementation 'rmw_fastrtps_cpp' as default
[2.305s] -- Looking for pthread.h
[2.503s] -- Looking for pthread.h - found
[2.504s] -- Performing Test CMAKE_HAVE_LIBC_PTHREAD
[2.708s] -- Performing Test CMAKE_HAVE_LIBC_PTHREAD - Success
[2.708s] -- Found Threads: TRUE  
[2.771s] [31mCMake Error at CMakeLists.txt:14 (find_package):
[2.771s]   By not providing "Findar_msg.cmake" in CMAKE_MODULE_PATH this project has
[2.771s]   asked CMake to find a package configuration file provided by "ar_msg", but
[2.771s]   CMake did not find one.
[2.771s] 
[2.771s]   Could not find a package configuration file provided by "ar_msg" with any
[2.771s]   of the following names:
[2.771s] 
[2.771s]     ar_msgConfig.cmake
[2.771s]     ar_msg-config.cmake
[2.771s] 
[2.771s]   Add the installation prefix of "ar_msg" to CMAKE_PREFIX_PATH or set
[2.771s]   "ar_msg_DIR" to a directory containing one of the above files.  If "ar_msg"
[2.771s]   provides a separate development package or SDK, be sure it has been
[2.771s]   installed.
[2.772s] 
[2.772s] [0m
[2.772s] -- Configuring incomplete, errors occurred!
[2.772s] See also "/home/hans/ar/build/devices/CMakeFiles/CMakeOutput.log".
[2.783s] Invoked command in '/home/hans/ar/build/devices' returned '1': CMAKE_PREFIX_PATH=${CMAKE_PREFIX_PATH}:/opt/ros/humble /usr/bin/cmake /home/hans/ar/ar_src/communication/devices -DCMAKE_INSTALL_PREFIX=/home/hans/ar/install/devices
