[ 66%] Built target ar_utils
[100%] Built target test_log
-- Install configuration: ""
-- Up-to-date: /home/hans/ar/install/ar_utils/share/ar_utils/environment/library_path.sh
-- Up-to-date: /home/hans/ar/install/ar_utils/share/ar_utils/environment/library_path.dsv
-- Up-to-date: /home/hans/ar/install/ar_utils/include
-- Up-to-date: /home/hans/ar/install/ar_utils/include/ar_utils.h
-- Up-to-date: /home/hans/ar/install/ar_utils/include/ar_logging.h
-- Up-to-date: /home/hans/ar/install/ar_utils/include/ar_serializer.h
-- Up-to-date: /home/hans/ar/install/ar_utils/lib/libar_utils.so
-- Up-to-date: /home/hans/ar/install/ar_utils/lib/ar_utils/test_log
-- Up-to-date: /home/hans/ar/install/ar_utils/share/ament_index/resource_index/package_run_dependencies/ar_utils
-- Up-to-date: /home/hans/ar/install/ar_utils/share/ament_index/resource_index/parent_prefix_path/ar_utils
-- Up-to-date: /home/hans/ar/install/ar_utils/share/ar_utils/environment/ament_prefix_path.sh
-- Up-to-date: /home/hans/ar/install/ar_utils/share/ar_utils/environment/ament_prefix_path.dsv
-- Up-to-date: /home/hans/ar/install/ar_utils/share/ar_utils/environment/path.sh
-- Up-to-date: /home/hans/ar/install/ar_utils/share/ar_utils/environment/path.dsv
-- Up-to-date: /home/hans/ar/install/ar_utils/share/ar_utils/local_setup.bash
-- Up-to-date: /home/hans/ar/install/ar_utils/share/ar_utils/local_setup.sh
-- Up-to-date: /home/hans/ar/install/ar_utils/share/ar_utils/local_setup.zsh
-- Up-to-date: /home/hans/ar/install/ar_utils/share/ar_utils/local_setup.dsv
-- Installing: /home/hans/ar/install/ar_utils/share/ar_utils/package.dsv
-- Up-to-date: /home/hans/ar/install/ar_utils/share/ament_index/resource_index/packages/ar_utils
-- Up-to-date: /home/hans/ar/install/ar_utils/share/ar_utils/cmake/ar_utilsExport.cmake
-- Up-to-date: /home/hans/ar/install/ar_utils/share/ar_utils/cmake/ar_utilsExport-noconfig.cmake
-- Up-to-date: /home/hans/ar/install/ar_utils/share/ar_utils/cmake/ament_cmake_export_include_directories-extras.cmake
-- Up-to-date: /home/hans/ar/install/ar_utils/share/ar_utils/cmake/ament_cmake_export_targets-extras.cmake
-- Up-to-date: /home/hans/ar/install/ar_utils/share/ar_utils/cmake/ament_cmake_export_dependencies-extras.cmake
-- Up-to-date: /home/hans/ar/install/ar_utils/share/ar_utils/cmake/ar_utilsConfig.cmake
-- Up-to-date: /home/hans/ar/install/ar_utils/share/ar_utils/cmake/ar_utilsConfig-version.cmake
-- Up-to-date: /home/hans/ar/install/ar_utils/share/ar_utils/package.xml
