[0.032s] Invoking command in '/home/hans/ar/build/ar_motion_planner': /usr/bin/cmake /home/hans/ar/ar_src/command/ar_motion_planner -DCMAKE_INSTALL_PREFIX=/home/hans/ar/install/ar_motion_planner
[0.050s] [33mCMake Warning (dev) in CMakeLists.txt:
[0.050s]   No project() command is present.  The top-level CMakeLists.txt file must
[0.050s]   contain a literal, direct call to the project() command.  Add a line of
[0.050s]   code such as
[0.050s] 
[0.050s]     project(ProjectName)
[0.050s] 
[0.051s]   near the top of the file, but after cmake_minimum_required().
[0.051s] 
[0.051s]   CMake is pretending there is a "project(Project)" command on the first
[0.051s]   line.
[0.051s] This warning is for project developers.  Use -Wno-dev to suppress it.
[0.051s] [0m
[0.267s] -- The C compiler identification is GNU 11.4.0
[0.472s] -- The CXX compiler identification is GNU 11.4.0
[0.504s] -- Detecting C compiler ABI info
[0.933s] -- Detecting C compiler ABI info - done
[0.942s] -- Check for working C compiler: /usr/bin/cc - skipped
[0.943s] -- Detecting C compile features
[0.943s] -- Detecting C compile features - done
[0.946s] -- Detecting CXX compiler ABI info
[1.356s] -- Detecting CXX compiler ABI info - done
[1.374s] -- Check for working CXX compiler: /usr/bin/c++ - skipped
[1.375s] -- Detecting CXX compile features
[1.377s] -- Detecting CXX compile features - done
[1.377s] -- Configuring done
[1.378s] -- Generating done
[1.379s] -- Build files have been written to: /home/hans/ar/build/ar_motion_planner
[1.388s] Invoked command in '/home/hans/ar/build/ar_motion_planner' returned '0': /usr/bin/cmake /home/hans/ar/ar_src/command/ar_motion_planner -DCMAKE_INSTALL_PREFIX=/home/hans/ar/install/ar_motion_planner
[1.388s] Invoking command in '/home/hans/ar/build/ar_motion_planner': /usr/bin/cmake --build /home/hans/ar/build/ar_motion_planner -- -j12 -l12
[2.776s] Invoked command in '/home/hans/ar/build/ar_motion_planner' returned '0': /usr/bin/cmake --build /home/hans/ar/build/ar_motion_planner -- -j12 -l12
