[  3%] [34m[1mGenerating C code for ROS interfaces[0m
[  6%] [34m[1mGenerating C++ code for ROS interfaces[0m
[  6%] Built target ament_cmake_python_copy_ar_msgs
[  9%] [32mBuilding C object CMakeFiles/ar_msgs__rosidl_generator_c.dir/rosidl_generator_c/ar_msgs/msg/detail/joy__functions.c.o[0m
running egg_info
creating ar_msgs.egg-info
writing ar_msgs.egg-info/PKG-INFO
writing dependency_links to ar_msgs.egg-info/dependency_links.txt
writing top-level names to ar_msgs.egg-info/top_level.txt
writing manifest file 'ar_msgs.egg-info/SOURCES.txt'
reading manifest file 'ar_msgs.egg-info/SOURCES.txt'
writing manifest file 'ar_msgs.egg-info/SOURCES.txt'
[  9%] Built target ar_msgs__cpp
[  9%] Built target ament_cmake_python_build_ar_msgs_egg
[ 12%] [34m[1mGenerating C++ introspection for ROS interfaces[0m
[ 16%] [34m[1mGenerating C++ type support for eProsima Fast-RTPS[0m
[ 19%] [34m[1mGenerating C++ type support dispatch for ROS interfaces[0m
[ 22%] [32m[1mLinking C shared library libar_msgs__rosidl_generator_c.so[0m
[ 22%] Built target ar_msgs__rosidl_generator_c
[ 25%] [34m[1mGenerating C introspection for ROS interfaces[0m
[ 29%] [34m[1mGenerating C type support for eProsima Fast-RTPS[0m
[ 32%] [34m[1mGenerating C type support dispatch for ROS interfaces[0m
[ 35%] [32mBuilding CXX object CMakeFiles/ar_msgs__rosidl_typesupport_fastrtps_cpp.dir/rosidl_typesupport_fastrtps_cpp/ar_msgs/msg/detail/dds_fastrtps/joy__type_support.cpp.o[0m
[ 38%] [32mBuilding CXX object CMakeFiles/ar_msgs__rosidl_typesupport_cpp.dir/rosidl_typesupport_cpp/ar_msgs/msg/joy__type_support.cpp.o[0m
[ 41%] [32mBuilding CXX object CMakeFiles/ar_msgs__rosidl_typesupport_introspection_cpp.dir/rosidl_typesupport_introspection_cpp/ar_msgs/msg/detail/joy__type_support.cpp.o[0m
[ 45%] [32mBuilding CXX object CMakeFiles/ar_msgs__rosidl_typesupport_c.dir/rosidl_typesupport_c/ar_msgs/msg/joy__type_support.cpp.o[0m
[ 48%] [32mBuilding C object CMakeFiles/ar_msgs__rosidl_typesupport_introspection_c.dir/rosidl_typesupport_introspection_c/ar_msgs/msg/detail/joy__type_support.c.o[0m
[ 51%] [32mBuilding CXX object CMakeFiles/ar_msgs__rosidl_typesupport_fastrtps_c.dir/rosidl_typesupport_fastrtps_c/ar_msgs/msg/detail/joy__type_support_c.cpp.o[0m
[ 54%] [32m[1mLinking CXX shared library libar_msgs__rosidl_typesupport_c.so[0m
[ 58%] [32m[1mLinking C shared library libar_msgs__rosidl_typesupport_introspection_c.so[0m
[ 61%] [32m[1mLinking CXX shared library libar_msgs__rosidl_typesupport_cpp.so[0m
[ 64%] [32m[1mLinking CXX shared library libar_msgs__rosidl_typesupport_fastrtps_cpp.so[0m
[ 67%] [32m[1mLinking CXX shared library libar_msgs__rosidl_typesupport_introspection_cpp.so[0m
[ 67%] Built target ar_msgs__rosidl_typesupport_c
[ 67%] Built target ar_msgs__rosidl_typesupport_introspection_c
[ 67%] Built target ar_msgs__rosidl_typesupport_cpp
[ 70%] [32m[1mLinking CXX shared library libar_msgs__rosidl_typesupport_fastrtps_c.so[0m
[ 70%] Built target ar_msgs__rosidl_typesupport_introspection_cpp
[ 70%] Built target ar_msgs__rosidl_typesupport_fastrtps_cpp
[ 70%] Built target ar_msgs__rosidl_typesupport_fastrtps_c
[ 70%] Built target ar_msgs
[ 74%] [34m[1mGenerating Python code for ROS interfaces[0m
[ 74%] Built target ar_msgs__py
[ 77%] [32mBuilding C object CMakeFiles/ar_msgs__rosidl_generator_py.dir/rosidl_generator_py/ar_msgs/msg/_joy_s.c.o[0m
[ 80%] [32m[1mLinking C shared library rosidl_generator_py/ar_msgs/libar_msgs__rosidl_generator_py.so[0m
[ 80%] Built target ar_msgs__rosidl_generator_py
[ 83%] [32mBuilding C object CMakeFiles/ar_msgs__rosidl_typesupport_introspection_c__pyext.dir/rosidl_generator_py/ar_msgs/_ar_msgs_s.ep.rosidl_typesupport_introspection_c.c.o[0m
[ 87%] [32mBuilding C object CMakeFiles/ar_msgs__rosidl_typesupport_fastrtps_c__pyext.dir/rosidl_generator_py/ar_msgs/_ar_msgs_s.ep.rosidl_typesupport_fastrtps_c.c.o[0m
[ 90%] [32mBuilding C object CMakeFiles/ar_msgs__rosidl_typesupport_c__pyext.dir/rosidl_generator_py/ar_msgs/_ar_msgs_s.ep.rosidl_typesupport_c.c.o[0m
[ 93%] [32m[1mLinking C shared library rosidl_generator_py/ar_msgs/ar_msgs_s__rosidl_typesupport_introspection_c.cpython-310-x86_64-linux-gnu.so[0m
[ 96%] [32m[1mLinking C shared library rosidl_generator_py/ar_msgs/ar_msgs_s__rosidl_typesupport_c.cpython-310-x86_64-linux-gnu.so[0m
[100%] [32m[1mLinking C shared library rosidl_generator_py/ar_msgs/ar_msgs_s__rosidl_typesupport_fastrtps_c.cpython-310-x86_64-linux-gnu.so[0m
[100%] Built target ar_msgs__rosidl_typesupport_introspection_c__pyext
[100%] Built target ar_msgs__rosidl_typesupport_c__pyext
[100%] Built target ar_msgs__rosidl_typesupport_fastrtps_c__pyext
