[0.027s] Invoking command in '/home/hans/ar/build/ar_msgs': CMAKE_PREFIX_PATH=${CMAKE_PREFIX_PATH}:/opt/ros/humble /usr/bin/cmake --build /home/hans/ar/build/ar_msgs -- -j12 -l12
[0.167s] [  3%] [34m[1mGenerating C code for ROS interfaces[0m
[0.227s] [  6%] [34m[1mGenerating C++ code for ROS interfaces[0m
[0.233s] [  6%] Built target ament_cmake_python_copy_ar_msgs
[0.556s] [  9%] [32mBuilding C object CMakeFiles/ar_msgs__rosidl_generator_c.dir/rosidl_generator_c/ar_msgs/msg/detail/joy__functions.c.o[0m
[0.557s] running egg_info
[0.558s] creating ar_msgs.egg-info
[0.558s] writing ar_msgs.egg-info/PKG-INFO
[0.558s] writing dependency_links to ar_msgs.egg-info/dependency_links.txt
[0.559s] writing top-level names to ar_msgs.egg-info/top_level.txt
[0.561s] writing manifest file 'ar_msgs.egg-info/SOURCES.txt'
[0.563s] reading manifest file 'ar_msgs.egg-info/SOURCES.txt'
[0.564s] writing manifest file 'ar_msgs.egg-info/SOURCES.txt'
[0.601s] [  9%] Built target ar_msgs__cpp
[0.630s] [  9%] Built target ament_cmake_python_build_ar_msgs_egg
[0.659s] [ 12%] [34m[1mGenerating C++ introspection for ROS interfaces[0m
[0.663s] [ 16%] [34m[1mGenerating C++ type support for eProsima Fast-RTPS[0m
[0.664s] [ 19%] [34m[1mGenerating C++ type support dispatch for ROS interfaces[0m
[0.684s] [ 22%] [32m[1mLinking C shared library libar_msgs__rosidl_generator_c.so[0m
[0.787s] [ 22%] Built target ar_msgs__rosidl_generator_c
[0.862s] [ 25%] [34m[1mGenerating C introspection for ROS interfaces[0m
[0.873s] [ 29%] [34m[1mGenerating C type support for eProsima Fast-RTPS[0m
[0.878s] [ 32%] [34m[1mGenerating C type support dispatch for ROS interfaces[0m
[1.145s] [ 35%] [32mBuilding CXX object CMakeFiles/ar_msgs__rosidl_typesupport_fastrtps_cpp.dir/rosidl_typesupport_fastrtps_cpp/ar_msgs/msg/detail/dds_fastrtps/joy__type_support.cpp.o[0m
[1.147s] [ 38%] [32mBuilding CXX object CMakeFiles/ar_msgs__rosidl_typesupport_cpp.dir/rosidl_typesupport_cpp/ar_msgs/msg/joy__type_support.cpp.o[0m
[1.168s] [ 41%] [32mBuilding CXX object CMakeFiles/ar_msgs__rosidl_typesupport_introspection_cpp.dir/rosidl_typesupport_introspection_cpp/ar_msgs/msg/detail/joy__type_support.cpp.o[0m
[1.337s] [ 45%] [32mBuilding CXX object CMakeFiles/ar_msgs__rosidl_typesupport_c.dir/rosidl_typesupport_c/ar_msgs/msg/joy__type_support.cpp.o[0m
[1.404s] [ 48%] [32mBuilding C object CMakeFiles/ar_msgs__rosidl_typesupport_introspection_c.dir/rosidl_typesupport_introspection_c/ar_msgs/msg/detail/joy__type_support.c.o[0m
[1.452s] [ 51%] [32mBuilding CXX object CMakeFiles/ar_msgs__rosidl_typesupport_fastrtps_c.dir/rosidl_typesupport_fastrtps_c/ar_msgs/msg/detail/joy__type_support_c.cpp.o[0m
[1.488s] [ 54%] [32m[1mLinking CXX shared library libar_msgs__rosidl_typesupport_c.so[0m
[1.559s] [ 58%] [32m[1mLinking C shared library libar_msgs__rosidl_typesupport_introspection_c.so[0m
[1.611s] [ 61%] [32m[1mLinking CXX shared library libar_msgs__rosidl_typesupport_cpp.so[0m
[1.670s] [ 64%] [32m[1mLinking CXX shared library libar_msgs__rosidl_typesupport_fastrtps_cpp.so[0m
[1.749s] [ 67%] [32m[1mLinking CXX shared library libar_msgs__rosidl_typesupport_introspection_cpp.so[0m
[1.783s] [ 67%] Built target ar_msgs__rosidl_typesupport_c
[1.797s] [ 67%] Built target ar_msgs__rosidl_typesupport_introspection_c
[1.837s] [ 67%] Built target ar_msgs__rosidl_typesupport_cpp
[1.903s] [ 70%] [32m[1mLinking CXX shared library libar_msgs__rosidl_typesupport_fastrtps_c.so[0m
[1.946s] [ 70%] Built target ar_msgs__rosidl_typesupport_introspection_cpp
[1.996s] [ 70%] Built target ar_msgs__rosidl_typesupport_fastrtps_cpp
[2.133s] [ 70%] Built target ar_msgs__rosidl_typesupport_fastrtps_c
[2.213s] [ 70%] Built target ar_msgs
[2.298s] [ 74%] [34m[1mGenerating Python code for ROS interfaces[0m
[2.655s] [ 74%] Built target ar_msgs__py
[2.698s] [ 77%] [32mBuilding C object CMakeFiles/ar_msgs__rosidl_generator_py.dir/rosidl_generator_py/ar_msgs/msg/_joy_s.c.o[0m
[2.817s] [ 80%] [32m[1mLinking C shared library rosidl_generator_py/ar_msgs/libar_msgs__rosidl_generator_py.so[0m
[2.876s] [ 80%] Built target ar_msgs__rosidl_generator_py
[2.930s] [ 83%] [32mBuilding C object CMakeFiles/ar_msgs__rosidl_typesupport_introspection_c__pyext.dir/rosidl_generator_py/ar_msgs/_ar_msgs_s.ep.rosidl_typesupport_introspection_c.c.o[0m
[2.931s] [ 87%] [32mBuilding C object CMakeFiles/ar_msgs__rosidl_typesupport_fastrtps_c__pyext.dir/rosidl_generator_py/ar_msgs/_ar_msgs_s.ep.rosidl_typesupport_fastrtps_c.c.o[0m
[2.932s] [ 90%] [32mBuilding C object CMakeFiles/ar_msgs__rosidl_typesupport_c__pyext.dir/rosidl_generator_py/ar_msgs/_ar_msgs_s.ep.rosidl_typesupport_c.c.o[0m
[3.045s] [ 93%] [32m[1mLinking C shared library rosidl_generator_py/ar_msgs/ar_msgs_s__rosidl_typesupport_introspection_c.cpython-310-x86_64-linux-gnu.so[0m
[3.048s] [ 96%] [32m[1mLinking C shared library rosidl_generator_py/ar_msgs/ar_msgs_s__rosidl_typesupport_c.cpython-310-x86_64-linux-gnu.so[0m
[3.056s] [100%] [32m[1mLinking C shared library rosidl_generator_py/ar_msgs/ar_msgs_s__rosidl_typesupport_fastrtps_c.cpython-310-x86_64-linux-gnu.so[0m
[3.120s] [100%] Built target ar_msgs__rosidl_typesupport_introspection_c__pyext
[3.121s] [100%] Built target ar_msgs__rosidl_typesupport_c__pyext
[3.134s] [100%] Built target ar_msgs__rosidl_typesupport_fastrtps_c__pyext
