[0.095s] DEBUG:colcon:Command line arguments: ['/usr/bin/colcon', 'build', '--base-paths', 'ar_src']
[0.095s] DEBUG:colcon:Parsed command line arguments: Namespace(log_base=None, log_level=None, verb_name='build', build_base='build', install_base='install', merge_install=False, symlink_install=False, test_result_base=None, continue_on_error=False, executor='parallel', parallel_workers=12, event_handlers=None, ignore_user_meta=False, metas=['./colcon.meta'], base_paths=['ar_src'], packages_ignore=None, packages_ignore_regex=None, paths=None, packages_up_to=None, packages_up_to_regex=None, packages_above=None, packages_above_and_dependencies=None, packages_above_depth=None, packages_select_by_dep=None, packages_skip_by_dep=None, packages_skip_up_to=None, packages_select_build_failed=False, packages_skip_build_finished=False, packages_select_test_failures=False, packages_skip_test_passed=False, packages_select=None, packages_skip=None, packages_select_regex=None, packages_skip_regex=None, packages_start=None, packages_end=None, allow_overriding=[], cmake_args=None, cmake_target=None, cmake_target_skip_unavailable=False, cmake_clean_cache=False, cmake_clean_first=False, cmake_force_configure=False, ament_cmake_args=None, catkin_cmake_args=None, catkin_skip_building_tests=False, mixin_files=None, mixin=None, verb_parser=<colcon_mixin.mixin.mixin_argument.MixinArgumentDecorator object at 0x7059d335f880>, verb_extension=<colcon_core.verb.build.BuildVerb object at 0x7059d335f310>, main=<bound method BuildVerb.main of <colcon_core.verb.build.BuildVerb object at 0x7059d335f310>>, mixin_verb=('build',))
[0.193s] Level 1:colcon.colcon_core.package_discovery:discover_packages(colcon_meta) check parameters
[0.193s] Level 1:colcon.colcon_core.package_discovery:discover_packages(recursive) check parameters
[0.193s] Level 1:colcon.colcon_core.package_discovery:discover_packages(ignore) check parameters
[0.193s] Level 1:colcon.colcon_core.package_discovery:discover_packages(path) check parameters
[0.193s] Level 1:colcon.colcon_core.package_discovery:discover_packages(recursive) discover
[0.193s] INFO:colcon.colcon_core.package_discovery:Crawling recursively for packages in '/home/hans/ar/ar_src'
[0.194s] Level 1:colcon.colcon_core.package_identification:_identify(ar_src) by extensions ['ignore', 'ignore_ament_install']
[0.194s] Level 1:colcon.colcon_core.package_identification:_identify(ar_src) by extension 'ignore'
[0.194s] Level 1:colcon.colcon_core.package_identification:_identify(ar_src) by extension 'ignore_ament_install'
[0.194s] Level 1:colcon.colcon_core.package_identification:_identify(ar_src) by extensions ['colcon_pkg']
[0.194s] Level 1:colcon.colcon_core.package_identification:_identify(ar_src) by extension 'colcon_pkg'
[0.194s] Level 1:colcon.colcon_core.package_identification:_identify(ar_src) by extensions ['colcon_meta']
[0.194s] Level 1:colcon.colcon_core.package_identification:_identify(ar_src) by extension 'colcon_meta'
[0.194s] Level 1:colcon.colcon_core.package_identification:_identify(ar_src) by extensions ['ros']
[0.194s] Level 1:colcon.colcon_core.package_identification:_identify(ar_src) by extension 'ros'
[0.201s] Level 1:colcon.colcon_core.package_identification:_identify(ar_src) by extensions ['cmake', 'python']
[0.201s] Level 1:colcon.colcon_core.package_identification:_identify(ar_src) by extension 'cmake'
[0.201s] Level 1:colcon.colcon_core.package_identification:_identify(ar_src) by extension 'python'
[0.201s] Level 1:colcon.colcon_core.package_identification:_identify(ar_src) by extensions ['python_setup_py']
[0.201s] Level 1:colcon.colcon_core.package_identification:_identify(ar_src) by extension 'python_setup_py'
[0.201s] Level 1:colcon.colcon_core.package_identification:_identify(ar_src/command) by extensions ['ignore', 'ignore_ament_install']
[0.201s] Level 1:colcon.colcon_core.package_identification:_identify(ar_src/command) by extension 'ignore'
[0.201s] Level 1:colcon.colcon_core.package_identification:_identify(ar_src/command) ignored
[0.202s] Level 1:colcon.colcon_core.package_identification:_identify(ar_src/communication) by extensions ['ignore', 'ignore_ament_install']
[0.202s] Level 1:colcon.colcon_core.package_identification:_identify(ar_src/communication) by extension 'ignore'
[0.202s] Level 1:colcon.colcon_core.package_identification:_identify(ar_src/communication) by extension 'ignore_ament_install'
[0.202s] Level 1:colcon.colcon_core.package_identification:_identify(ar_src/communication) by extensions ['colcon_pkg']
[0.202s] Level 1:colcon.colcon_core.package_identification:_identify(ar_src/communication) by extension 'colcon_pkg'
[0.202s] Level 1:colcon.colcon_core.package_identification:_identify(ar_src/communication) by extensions ['colcon_meta']
[0.202s] Level 1:colcon.colcon_core.package_identification:_identify(ar_src/communication) by extension 'colcon_meta'
[0.202s] Level 1:colcon.colcon_core.package_identification:_identify(ar_src/communication) by extensions ['ros']
[0.202s] Level 1:colcon.colcon_core.package_identification:_identify(ar_src/communication) by extension 'ros'
[0.202s] Level 1:colcon.colcon_core.package_identification:_identify(ar_src/communication) by extensions ['cmake', 'python']
[0.202s] Level 1:colcon.colcon_core.package_identification:_identify(ar_src/communication) by extension 'cmake'
[0.202s] Level 1:colcon.colcon_core.package_identification:_identify(ar_src/communication) by extension 'python'
[0.202s] Level 1:colcon.colcon_core.package_identification:_identify(ar_src/communication) by extensions ['python_setup_py']
[0.202s] Level 1:colcon.colcon_core.package_identification:_identify(ar_src/communication) by extension 'python_setup_py'
[0.202s] Level 1:colcon.colcon_core.package_identification:_identify(ar_src/communication/commlibs) by extensions ['ignore', 'ignore_ament_install']
[0.202s] Level 1:colcon.colcon_core.package_identification:_identify(ar_src/communication/commlibs) by extension 'ignore'
[0.202s] Level 1:colcon.colcon_core.package_identification:_identify(ar_src/communication/commlibs) by extension 'ignore_ament_install'
[0.202s] Level 1:colcon.colcon_core.package_identification:_identify(ar_src/communication/commlibs) by extensions ['colcon_pkg']
[0.202s] Level 1:colcon.colcon_core.package_identification:_identify(ar_src/communication/commlibs) by extension 'colcon_pkg'
[0.202s] Level 1:colcon.colcon_core.package_identification:_identify(ar_src/communication/commlibs) by extensions ['colcon_meta']
[0.202s] Level 1:colcon.colcon_core.package_identification:_identify(ar_src/communication/commlibs) by extension 'colcon_meta'
[0.202s] Level 1:colcon.colcon_core.package_identification:_identify(ar_src/communication/commlibs) by extensions ['ros']
[0.202s] Level 1:colcon.colcon_core.package_identification:_identify(ar_src/communication/commlibs) by extension 'ros'
[0.202s] Level 1:colcon.colcon_core.package_identification:_identify(ar_src/communication/commlibs) by extensions ['cmake', 'python']
[0.202s] Level 1:colcon.colcon_core.package_identification:_identify(ar_src/communication/commlibs) by extension 'cmake'
[0.202s] Level 1:colcon.colcon_core.package_identification:_identify(ar_src/communication/commlibs) by extension 'python'
[0.202s] Level 1:colcon.colcon_core.package_identification:_identify(ar_src/communication/commlibs) by extensions ['python_setup_py']
[0.202s] Level 1:colcon.colcon_core.package_identification:_identify(ar_src/communication/commlibs) by extension 'python_setup_py'
[0.202s] Level 1:colcon.colcon_core.package_identification:_identify(ar_src/communication/commlibs/ar_comm) by extensions ['ignore', 'ignore_ament_install']
[0.203s] Level 1:colcon.colcon_core.package_identification:_identify(ar_src/communication/commlibs/ar_comm) by extension 'ignore'
[0.203s] Level 1:colcon.colcon_core.package_identification:_identify(ar_src/communication/commlibs/ar_comm) by extension 'ignore_ament_install'
[0.203s] Level 1:colcon.colcon_core.package_identification:_identify(ar_src/communication/commlibs/ar_comm) by extensions ['colcon_pkg']
[0.203s] Level 1:colcon.colcon_core.package_identification:_identify(ar_src/communication/commlibs/ar_comm) by extension 'colcon_pkg'
[0.203s] Level 1:colcon.colcon_core.package_identification:_identify(ar_src/communication/commlibs/ar_comm) by extensions ['colcon_meta']
[0.203s] Level 1:colcon.colcon_core.package_identification:_identify(ar_src/communication/commlibs/ar_comm) by extension 'colcon_meta'
[0.203s] Level 1:colcon.colcon_core.package_identification:_identify(ar_src/communication/commlibs/ar_comm) by extensions ['ros']
[0.203s] Level 1:colcon.colcon_core.package_identification:_identify(ar_src/communication/commlibs/ar_comm) by extension 'ros'
[0.216s] DEBUG:colcon.colcon_core.package_identification:Package 'ar_src/communication/commlibs/ar_comm' with type 'ros.ament_cmake' and name 'ar_comm'
[0.216s] Level 1:colcon.colcon_core.package_identification:_identify(ar_src/communication/commlibs/ar_serial) by extensions ['ignore', 'ignore_ament_install']
[0.217s] Level 1:colcon.colcon_core.package_identification:_identify(ar_src/communication/commlibs/ar_serial) by extension 'ignore'
[0.217s] Level 1:colcon.colcon_core.package_identification:_identify(ar_src/communication/commlibs/ar_serial) by extension 'ignore_ament_install'
[0.217s] Level 1:colcon.colcon_core.package_identification:_identify(ar_src/communication/commlibs/ar_serial) by extensions ['colcon_pkg']
[0.217s] Level 1:colcon.colcon_core.package_identification:_identify(ar_src/communication/commlibs/ar_serial) by extension 'colcon_pkg'
[0.217s] Level 1:colcon.colcon_core.package_identification:_identify(ar_src/communication/commlibs/ar_serial) by extensions ['colcon_meta']
[0.217s] Level 1:colcon.colcon_core.package_identification:_identify(ar_src/communication/commlibs/ar_serial) by extension 'colcon_meta'
[0.217s] Level 1:colcon.colcon_core.package_identification:_identify(ar_src/communication/commlibs/ar_serial) by extensions ['ros']
[0.217s] Level 1:colcon.colcon_core.package_identification:_identify(ar_src/communication/commlibs/ar_serial) by extension 'ros'
[0.217s] Level 1:colcon.colcon_core.package_identification:_identify(ar_src/communication/commlibs/ar_serial) by extensions ['cmake', 'python']
[0.217s] Level 1:colcon.colcon_core.package_identification:_identify(ar_src/communication/commlibs/ar_serial) by extension 'cmake'
[0.217s] Level 1:colcon.colcon_core.package_identification:_identify(ar_src/communication/commlibs/ar_serial) by extension 'python'
[0.217s] Level 1:colcon.colcon_core.package_identification:_identify(ar_src/communication/commlibs/ar_serial) by extensions ['python_setup_py']
[0.217s] Level 1:colcon.colcon_core.package_identification:_identify(ar_src/communication/commlibs/ar_serial) by extension 'python_setup_py'
[0.217s] Level 1:colcon.colcon_core.package_identification:_identify(ar_src/communication/commlibs/ar_serial/include) by extensions ['ignore', 'ignore_ament_install']
[0.217s] Level 1:colcon.colcon_core.package_identification:_identify(ar_src/communication/commlibs/ar_serial/include) by extension 'ignore'
[0.217s] Level 1:colcon.colcon_core.package_identification:_identify(ar_src/communication/commlibs/ar_serial/include) by extension 'ignore_ament_install'
[0.217s] Level 1:colcon.colcon_core.package_identification:_identify(ar_src/communication/commlibs/ar_serial/include) by extensions ['colcon_pkg']
[0.217s] Level 1:colcon.colcon_core.package_identification:_identify(ar_src/communication/commlibs/ar_serial/include) by extension 'colcon_pkg'
[0.217s] Level 1:colcon.colcon_core.package_identification:_identify(ar_src/communication/commlibs/ar_serial/include) by extensions ['colcon_meta']
[0.217s] Level 1:colcon.colcon_core.package_identification:_identify(ar_src/communication/commlibs/ar_serial/include) by extension 'colcon_meta'
[0.217s] Level 1:colcon.colcon_core.package_identification:_identify(ar_src/communication/commlibs/ar_serial/include) by extensions ['ros']
[0.217s] Level 1:colcon.colcon_core.package_identification:_identify(ar_src/communication/commlibs/ar_serial/include) by extension 'ros'
[0.217s] Level 1:colcon.colcon_core.package_identification:_identify(ar_src/communication/commlibs/ar_serial/include) by extensions ['cmake', 'python']
[0.217s] Level 1:colcon.colcon_core.package_identification:_identify(ar_src/communication/commlibs/ar_serial/include) by extension 'cmake'
[0.217s] Level 1:colcon.colcon_core.package_identification:_identify(ar_src/communication/commlibs/ar_serial/include) by extension 'python'
[0.217s] Level 1:colcon.colcon_core.package_identification:_identify(ar_src/communication/commlibs/ar_serial/include) by extensions ['python_setup_py']
[0.217s] Level 1:colcon.colcon_core.package_identification:_identify(ar_src/communication/commlibs/ar_serial/include) by extension 'python_setup_py'
[0.217s] Level 1:colcon.colcon_core.package_identification:_identify(ar_src/communication/commlibs/ar_serial/src) by extensions ['ignore', 'ignore_ament_install']
[0.217s] Level 1:colcon.colcon_core.package_identification:_identify(ar_src/communication/commlibs/ar_serial/src) by extension 'ignore'
[0.217s] Level 1:colcon.colcon_core.package_identification:_identify(ar_src/communication/commlibs/ar_serial/src) by extension 'ignore_ament_install'
[0.217s] Level 1:colcon.colcon_core.package_identification:_identify(ar_src/communication/commlibs/ar_serial/src) by extensions ['colcon_pkg']
[0.217s] Level 1:colcon.colcon_core.package_identification:_identify(ar_src/communication/commlibs/ar_serial/src) by extension 'colcon_pkg'
[0.217s] Level 1:colcon.colcon_core.package_identification:_identify(ar_src/communication/commlibs/ar_serial/src) by extensions ['colcon_meta']
[0.217s] Level 1:colcon.colcon_core.package_identification:_identify(ar_src/communication/commlibs/ar_serial/src) by extension 'colcon_meta'
[0.217s] Level 1:colcon.colcon_core.package_identification:_identify(ar_src/communication/commlibs/ar_serial/src) by extensions ['ros']
[0.217s] Level 1:colcon.colcon_core.package_identification:_identify(ar_src/communication/commlibs/ar_serial/src) by extension 'ros'
[0.217s] Level 1:colcon.colcon_core.package_identification:_identify(ar_src/communication/commlibs/ar_serial/src) by extensions ['cmake', 'python']
[0.217s] Level 1:colcon.colcon_core.package_identification:_identify(ar_src/communication/commlibs/ar_serial/src) by extension 'cmake'
[0.217s] Level 1:colcon.colcon_core.package_identification:_identify(ar_src/communication/commlibs/ar_serial/src) by extension 'python'
[0.217s] Level 1:colcon.colcon_core.package_identification:_identify(ar_src/communication/commlibs/ar_serial/src) by extensions ['python_setup_py']
[0.217s] Level 1:colcon.colcon_core.package_identification:_identify(ar_src/communication/commlibs/ar_serial/src) by extension 'python_setup_py'
[0.218s] Level 1:colcon.colcon_core.package_identification:_identify(ar_src/communication/devices) by extensions ['ignore', 'ignore_ament_install']
[0.218s] Level 1:colcon.colcon_core.package_identification:_identify(ar_src/communication/devices) by extension 'ignore'
[0.218s] Level 1:colcon.colcon_core.package_identification:_identify(ar_src/communication/devices) ignored
[0.218s] Level 1:colcon.colcon_core.package_identification:_identify(ar_src/communication/master) by extensions ['ignore', 'ignore_ament_install']
[0.218s] Level 1:colcon.colcon_core.package_identification:_identify(ar_src/communication/master) by extension 'ignore'
[0.218s] Level 1:colcon.colcon_core.package_identification:_identify(ar_src/communication/master) by extension 'ignore_ament_install'
[0.218s] Level 1:colcon.colcon_core.package_identification:_identify(ar_src/communication/master) by extensions ['colcon_pkg']
[0.218s] Level 1:colcon.colcon_core.package_identification:_identify(ar_src/communication/master) by extension 'colcon_pkg'
[0.218s] Level 1:colcon.colcon_core.package_identification:_identify(ar_src/communication/master) by extensions ['colcon_meta']
[0.218s] Level 1:colcon.colcon_core.package_identification:_identify(ar_src/communication/master) by extension 'colcon_meta'
[0.218s] Level 1:colcon.colcon_core.package_identification:_identify(ar_src/communication/master) by extensions ['ros']
[0.218s] Level 1:colcon.colcon_core.package_identification:_identify(ar_src/communication/master) by extension 'ros'
[0.218s] DEBUG:colcon.colcon_core.package_identification:Package 'ar_src/communication/master' with type 'ros.ament_cmake' and name 'master'
[0.219s] Level 1:colcon.colcon_core.package_identification:_identify(ar_src/communication/messages) by extensions ['ignore', 'ignore_ament_install']
[0.219s] Level 1:colcon.colcon_core.package_identification:_identify(ar_src/communication/messages) by extension 'ignore'
[0.219s] Level 1:colcon.colcon_core.package_identification:_identify(ar_src/communication/messages) by extension 'ignore_ament_install'
[0.219s] Level 1:colcon.colcon_core.package_identification:_identify(ar_src/communication/messages) by extensions ['colcon_pkg']
[0.219s] Level 1:colcon.colcon_core.package_identification:_identify(ar_src/communication/messages) by extension 'colcon_pkg'
[0.219s] Level 1:colcon.colcon_core.package_identification:_identify(ar_src/communication/messages) by extensions ['colcon_meta']
[0.219s] Level 1:colcon.colcon_core.package_identification:_identify(ar_src/communication/messages) by extension 'colcon_meta'
[0.219s] Level 1:colcon.colcon_core.package_identification:_identify(ar_src/communication/messages) by extensions ['ros']
[0.219s] Level 1:colcon.colcon_core.package_identification:_identify(ar_src/communication/messages) by extension 'ros'
[0.219s] Level 1:colcon.colcon_core.package_identification:_identify(ar_src/communication/messages) by extensions ['cmake', 'python']
[0.219s] Level 1:colcon.colcon_core.package_identification:_identify(ar_src/communication/messages) by extension 'cmake'
[0.219s] Level 1:colcon.colcon_core.package_identification:_identify(ar_src/communication/messages) by extension 'python'
[0.219s] Level 1:colcon.colcon_core.package_identification:_identify(ar_src/communication/messages) by extensions ['python_setup_py']
[0.219s] Level 1:colcon.colcon_core.package_identification:_identify(ar_src/communication/messages) by extension 'python_setup_py'
[0.219s] Level 1:colcon.colcon_core.package_identification:_identify(ar_src/communication/messages/ar_action) by extensions ['ignore', 'ignore_ament_install']
[0.219s] Level 1:colcon.colcon_core.package_identification:_identify(ar_src/communication/messages/ar_action) by extension 'ignore'
[0.219s] Level 1:colcon.colcon_core.package_identification:_identify(ar_src/communication/messages/ar_action) by extension 'ignore_ament_install'
[0.219s] Level 1:colcon.colcon_core.package_identification:_identify(ar_src/communication/messages/ar_action) by extensions ['colcon_pkg']
[0.219s] Level 1:colcon.colcon_core.package_identification:_identify(ar_src/communication/messages/ar_action) by extension 'colcon_pkg'
[0.219s] Level 1:colcon.colcon_core.package_identification:_identify(ar_src/communication/messages/ar_action) by extensions ['colcon_meta']
[0.219s] Level 1:colcon.colcon_core.package_identification:_identify(ar_src/communication/messages/ar_action) by extension 'colcon_meta'
[0.219s] Level 1:colcon.colcon_core.package_identification:_identify(ar_src/communication/messages/ar_action) by extensions ['ros']
[0.219s] Level 1:colcon.colcon_core.package_identification:_identify(ar_src/communication/messages/ar_action) by extension 'ros'
[0.220s] DEBUG:colcon.colcon_core.package_identification:Package 'ar_src/communication/messages/ar_action' with type 'ros.ament_cmake' and name 'ar_action'
[0.220s] Level 1:colcon.colcon_core.package_identification:_identify(ar_src/communication/messages/ar_msgs) by extensions ['ignore', 'ignore_ament_install']
[0.220s] Level 1:colcon.colcon_core.package_identification:_identify(ar_src/communication/messages/ar_msgs) by extension 'ignore'
[0.220s] Level 1:colcon.colcon_core.package_identification:_identify(ar_src/communication/messages/ar_msgs) by extension 'ignore_ament_install'
[0.220s] Level 1:colcon.colcon_core.package_identification:_identify(ar_src/communication/messages/ar_msgs) by extensions ['colcon_pkg']
[0.220s] Level 1:colcon.colcon_core.package_identification:_identify(ar_src/communication/messages/ar_msgs) by extension 'colcon_pkg'
[0.220s] Level 1:colcon.colcon_core.package_identification:_identify(ar_src/communication/messages/ar_msgs) by extensions ['colcon_meta']
[0.220s] Level 1:colcon.colcon_core.package_identification:_identify(ar_src/communication/messages/ar_msgs) by extension 'colcon_meta'
[0.220s] Level 1:colcon.colcon_core.package_identification:_identify(ar_src/communication/messages/ar_msgs) by extensions ['ros']
[0.220s] Level 1:colcon.colcon_core.package_identification:_identify(ar_src/communication/messages/ar_msgs) by extension 'ros'
[0.221s] DEBUG:colcon.colcon_core.package_identification:Package 'ar_src/communication/messages/ar_msgs' with type 'ros.ament_cmake' and name 'ar_msgs'
[0.221s] Level 1:colcon.colcon_core.package_identification:_identify(ar_src/communication/messages/ar_srv) by extensions ['ignore', 'ignore_ament_install']
[0.221s] Level 1:colcon.colcon_core.package_identification:_identify(ar_src/communication/messages/ar_srv) by extension 'ignore'
[0.221s] Level 1:colcon.colcon_core.package_identification:_identify(ar_src/communication/messages/ar_srv) by extension 'ignore_ament_install'
[0.221s] Level 1:colcon.colcon_core.package_identification:_identify(ar_src/communication/messages/ar_srv) by extensions ['colcon_pkg']
[0.221s] Level 1:colcon.colcon_core.package_identification:_identify(ar_src/communication/messages/ar_srv) by extension 'colcon_pkg'
[0.221s] Level 1:colcon.colcon_core.package_identification:_identify(ar_src/communication/messages/ar_srv) by extensions ['colcon_meta']
[0.221s] Level 1:colcon.colcon_core.package_identification:_identify(ar_src/communication/messages/ar_srv) by extension 'colcon_meta'
[0.221s] Level 1:colcon.colcon_core.package_identification:_identify(ar_src/communication/messages/ar_srv) by extensions ['ros']
[0.221s] Level 1:colcon.colcon_core.package_identification:_identify(ar_src/communication/messages/ar_srv) by extension 'ros'
[0.221s] DEBUG:colcon.colcon_core.package_identification:Failed to parse potential ROS package manifest in'ar_src/communication/messages/ar_srv': Error(s) in package 'ar_src/communication/messages/ar_srv/package.xml':
The manifest contains invalid XML:
no element found: line 1, column 0
[0.221s] Level 1:colcon.colcon_core.package_identification:_identify(ar_src/communication/messages/ar_srv) by extensions ['cmake', 'python']
[0.221s] Level 1:colcon.colcon_core.package_identification:_identify(ar_src/communication/messages/ar_srv) by extension 'cmake'
[0.222s] Level 1:colcon.colcon_core.package_identification:_identify(ar_src/communication/messages/ar_srv) by extension 'python'
[0.222s] DEBUG:colcon.colcon_core.package_identification:Package 'ar_src/communication/messages/ar_srv' with type 'cmake' and name 'ar_srv'
[0.222s] Level 1:colcon.colcon_core.package_identification:_identify(ar_src/configuration) by extensions ['ignore', 'ignore_ament_install']
[0.222s] Level 1:colcon.colcon_core.package_identification:_identify(ar_src/configuration) by extension 'ignore'
[0.222s] Level 1:colcon.colcon_core.package_identification:_identify(ar_src/configuration) by extension 'ignore_ament_install'
[0.222s] Level 1:colcon.colcon_core.package_identification:_identify(ar_src/configuration) by extensions ['colcon_pkg']
[0.222s] Level 1:colcon.colcon_core.package_identification:_identify(ar_src/configuration) by extension 'colcon_pkg'
[0.222s] Level 1:colcon.colcon_core.package_identification:_identify(ar_src/configuration) by extensions ['colcon_meta']
[0.222s] Level 1:colcon.colcon_core.package_identification:_identify(ar_src/configuration) by extension 'colcon_meta'
[0.222s] Level 1:colcon.colcon_core.package_identification:_identify(ar_src/configuration) by extensions ['ros']
[0.222s] Level 1:colcon.colcon_core.package_identification:_identify(ar_src/configuration) by extension 'ros'
[0.222s] Level 1:colcon.colcon_core.package_identification:_identify(ar_src/configuration) by extensions ['cmake', 'python']
[0.222s] Level 1:colcon.colcon_core.package_identification:_identify(ar_src/configuration) by extension 'cmake'
[0.222s] Level 1:colcon.colcon_core.package_identification:_identify(ar_src/configuration) by extension 'python'
[0.222s] Level 1:colcon.colcon_core.package_identification:_identify(ar_src/configuration) by extensions ['python_setup_py']
[0.222s] Level 1:colcon.colcon_core.package_identification:_identify(ar_src/configuration) by extension 'python_setup_py'
[0.222s] Level 1:colcon.colcon_core.package_identification:_identify(ar_src/configuration/ar) by extensions ['ignore', 'ignore_ament_install']
[0.222s] Level 1:colcon.colcon_core.package_identification:_identify(ar_src/configuration/ar) by extension 'ignore'
[0.222s] Level 1:colcon.colcon_core.package_identification:_identify(ar_src/configuration/ar) by extension 'ignore_ament_install'
[0.222s] Level 1:colcon.colcon_core.package_identification:_identify(ar_src/configuration/ar) by extensions ['colcon_pkg']
[0.222s] Level 1:colcon.colcon_core.package_identification:_identify(ar_src/configuration/ar) by extension 'colcon_pkg'
[0.222s] Level 1:colcon.colcon_core.package_identification:_identify(ar_src/configuration/ar) by extensions ['colcon_meta']
[0.222s] Level 1:colcon.colcon_core.package_identification:_identify(ar_src/configuration/ar) by extension 'colcon_meta'
[0.223s] Level 1:colcon.colcon_core.package_identification:_identify(ar_src/configuration/ar) by extensions ['ros']
[0.223s] Level 1:colcon.colcon_core.package_identification:_identify(ar_src/configuration/ar) by extension 'ros'
[0.223s] DEBUG:colcon.colcon_core.package_identification:Package 'ar_src/configuration/ar' with type 'ros.ament_cmake' and name 'ar_moveit_config'
[0.223s] Level 1:colcon.colcon_core.package_identification:_identify(ar_src/configuration/backup) by extensions ['ignore', 'ignore_ament_install']
[0.223s] Level 1:colcon.colcon_core.package_identification:_identify(ar_src/configuration/backup) by extension 'ignore'
[0.223s] Level 1:colcon.colcon_core.package_identification:_identify(ar_src/configuration/backup) by extension 'ignore_ament_install'
[0.223s] Level 1:colcon.colcon_core.package_identification:_identify(ar_src/configuration/backup) by extensions ['colcon_pkg']
[0.223s] Level 1:colcon.colcon_core.package_identification:_identify(ar_src/configuration/backup) by extension 'colcon_pkg'
[0.223s] Level 1:colcon.colcon_core.package_identification:_identify(ar_src/configuration/backup) by extensions ['colcon_meta']
[0.223s] Level 1:colcon.colcon_core.package_identification:_identify(ar_src/configuration/backup) by extension 'colcon_meta'
[0.223s] Level 1:colcon.colcon_core.package_identification:_identify(ar_src/configuration/backup) by extensions ['ros']
[0.223s] Level 1:colcon.colcon_core.package_identification:_identify(ar_src/configuration/backup) by extension 'ros'
[0.223s] Level 1:colcon.colcon_core.package_identification:_identify(ar_src/configuration/backup) by extensions ['cmake', 'python']
[0.223s] Level 1:colcon.colcon_core.package_identification:_identify(ar_src/configuration/backup) by extension 'cmake'
[0.223s] Level 1:colcon.colcon_core.package_identification:_identify(ar_src/configuration/backup) by extension 'python'
[0.223s] Level 1:colcon.colcon_core.package_identification:_identify(ar_src/configuration/backup) by extensions ['python_setup_py']
[0.223s] Level 1:colcon.colcon_core.package_identification:_identify(ar_src/configuration/backup) by extension 'python_setup_py'
[0.223s] Level 1:colcon.colcon_core.package_identification:_identify(ar_src/utilities) by extensions ['ignore', 'ignore_ament_install']
[0.223s] Level 1:colcon.colcon_core.package_identification:_identify(ar_src/utilities) by extension 'ignore'
[0.223s] Level 1:colcon.colcon_core.package_identification:_identify(ar_src/utilities) by extension 'ignore_ament_install'
[0.223s] Level 1:colcon.colcon_core.package_identification:_identify(ar_src/utilities) by extensions ['colcon_pkg']
[0.223s] Level 1:colcon.colcon_core.package_identification:_identify(ar_src/utilities) by extension 'colcon_pkg'
[0.223s] Level 1:colcon.colcon_core.package_identification:_identify(ar_src/utilities) by extensions ['colcon_meta']
[0.223s] Level 1:colcon.colcon_core.package_identification:_identify(ar_src/utilities) by extension 'colcon_meta'
[0.223s] Level 1:colcon.colcon_core.package_identification:_identify(ar_src/utilities) by extensions ['ros']
[0.223s] Level 1:colcon.colcon_core.package_identification:_identify(ar_src/utilities) by extension 'ros'
[0.223s] Level 1:colcon.colcon_core.package_identification:_identify(ar_src/utilities) by extensions ['cmake', 'python']
[0.223s] Level 1:colcon.colcon_core.package_identification:_identify(ar_src/utilities) by extension 'cmake'
[0.223s] Level 1:colcon.colcon_core.package_identification:_identify(ar_src/utilities) by extension 'python'
[0.223s] Level 1:colcon.colcon_core.package_identification:_identify(ar_src/utilities) by extensions ['python_setup_py']
[0.223s] Level 1:colcon.colcon_core.package_identification:_identify(ar_src/utilities) by extension 'python_setup_py'
[0.224s] Level 1:colcon.colcon_core.package_identification:_identify(ar_src/utilities/ar_computation) by extensions ['ignore', 'ignore_ament_install']
[0.224s] Level 1:colcon.colcon_core.package_identification:_identify(ar_src/utilities/ar_computation) by extension 'ignore'
[0.224s] Level 1:colcon.colcon_core.package_identification:_identify(ar_src/utilities/ar_computation) by extension 'ignore_ament_install'
[0.224s] Level 1:colcon.colcon_core.package_identification:_identify(ar_src/utilities/ar_computation) by extensions ['colcon_pkg']
[0.224s] Level 1:colcon.colcon_core.package_identification:_identify(ar_src/utilities/ar_computation) by extension 'colcon_pkg'
[0.224s] Level 1:colcon.colcon_core.package_identification:_identify(ar_src/utilities/ar_computation) by extensions ['colcon_meta']
[0.224s] Level 1:colcon.colcon_core.package_identification:_identify(ar_src/utilities/ar_computation) by extension 'colcon_meta'
[0.224s] Level 1:colcon.colcon_core.package_identification:_identify(ar_src/utilities/ar_computation) by extensions ['ros']
[0.224s] Level 1:colcon.colcon_core.package_identification:_identify(ar_src/utilities/ar_computation) by extension 'ros'
[0.224s] DEBUG:colcon.colcon_core.package_identification:Package 'ar_src/utilities/ar_computation' with type 'ros.ament_cmake' and name 'ar_computation'
[0.224s] Level 1:colcon.colcon_core.package_identification:_identify(ar_src/utilities/ar_utils) by extensions ['ignore', 'ignore_ament_install']
[0.224s] Level 1:colcon.colcon_core.package_identification:_identify(ar_src/utilities/ar_utils) by extension 'ignore'
[0.224s] Level 1:colcon.colcon_core.package_identification:_identify(ar_src/utilities/ar_utils) by extension 'ignore_ament_install'
[0.224s] Level 1:colcon.colcon_core.package_identification:_identify(ar_src/utilities/ar_utils) by extensions ['colcon_pkg']
[0.224s] Level 1:colcon.colcon_core.package_identification:_identify(ar_src/utilities/ar_utils) by extension 'colcon_pkg'
[0.224s] Level 1:colcon.colcon_core.package_identification:_identify(ar_src/utilities/ar_utils) by extensions ['colcon_meta']
[0.224s] Level 1:colcon.colcon_core.package_identification:_identify(ar_src/utilities/ar_utils) by extension 'colcon_meta'
[0.224s] Level 1:colcon.colcon_core.package_identification:_identify(ar_src/utilities/ar_utils) by extensions ['ros']
[0.224s] Level 1:colcon.colcon_core.package_identification:_identify(ar_src/utilities/ar_utils) by extension 'ros'
[0.225s] DEBUG:colcon.colcon_core.package_identification:Package 'ar_src/utilities/ar_utils' with type 'ros.ament_cmake' and name 'ar_utils'
[0.225s] Level 1:colcon.colcon_core.package_discovery:discover_packages(recursive) using defaults
[0.236s] Level 1:colcon.colcon_core.package_discovery:discover_packages(prefix_path) check parameters
[0.237s] Level 1:colcon.colcon_core.package_discovery:discover_packages(prefix_path) discover
[0.237s] WARNING:colcon.colcon_ros.prefix_path.ament:The path '/home/hans/ar/install/ar_computation' in the environment variable AMENT_PREFIX_PATH doesn't exist
[0.237s] WARNING:colcon.colcon_ros.prefix_path.catkin:The path '/home/hans/ar/install/ar_computation' in the environment variable CMAKE_PREFIX_PATH doesn't exist
[0.238s] DEBUG:colcon.colcon_installed_package_information.package_discovery:Found 9 installed packages in /home/hans/ar/install
[0.239s] DEBUG:colcon.colcon_installed_package_information.package_discovery:Found 380 installed packages in /opt/ros/humble
[0.240s] Level 1:colcon.colcon_core.package_discovery:discover_packages(prefix_path) using defaults
[0.267s] WARNING:colcon.colcon_core.package_selection:Some selected packages are already built in one or more underlay workspaces:
	'ar_msgs' is in: /home/hans/ar/install/ar_msgs
If a package in a merged underlay workspace is overridden and it installs headers, then all packages in the overlay must sort their include directories by workspace order. Failure to do so may result in build failures or undefined behavior at run time.
If the overridden package is used by another package in any underlay, then the overriding package in the overlay must be API and ABI compatible or undefined behavior at run time may occur.

If you understand the risks and want to override a package anyways, add the following to the command line:
	--allow-overriding ar_msgs

This may be promoted to an error in a future release of colcon-override-check.
[0.268s] Level 5:colcon.colcon_core.verb:set package 'ar_action' build argument 'cmake_args' from command line to 'None'
[0.268s] Level 5:colcon.colcon_core.verb:set package 'ar_action' build argument 'cmake_target' from command line to 'None'
[0.268s] Level 5:colcon.colcon_core.verb:set package 'ar_action' build argument 'cmake_target_skip_unavailable' from command line to 'False'
[0.268s] Level 5:colcon.colcon_core.verb:set package 'ar_action' build argument 'cmake_clean_cache' from command line to 'False'
[0.268s] Level 5:colcon.colcon_core.verb:set package 'ar_action' build argument 'cmake_clean_first' from command line to 'False'
[0.268s] Level 5:colcon.colcon_core.verb:set package 'ar_action' build argument 'cmake_force_configure' from command line to 'False'
[0.268s] Level 5:colcon.colcon_core.verb:set package 'ar_action' build argument 'ament_cmake_args' from command line to 'None'
[0.268s] Level 5:colcon.colcon_core.verb:set package 'ar_action' build argument 'catkin_cmake_args' from command line to 'None'
[0.268s] Level 5:colcon.colcon_core.verb:set package 'ar_action' build argument 'catkin_skip_building_tests' from command line to 'False'
[0.268s] DEBUG:colcon.colcon_core.verb:Building package 'ar_action' with the following arguments: {'ament_cmake_args': None, 'build_base': '/home/hans/ar/build/ar_action', 'catkin_cmake_args': None, 'catkin_skip_building_tests': False, 'cmake_args': None, 'cmake_clean_cache': False, 'cmake_clean_first': False, 'cmake_force_configure': False, 'cmake_target': None, 'cmake_target_skip_unavailable': False, 'install_base': '/home/hans/ar/install/ar_action', 'merge_install': False, 'path': '/home/hans/ar/ar_src/communication/messages/ar_action', 'symlink_install': False, 'test_result_base': None}
[0.268s] Level 5:colcon.colcon_core.verb:set package 'ar_comm' build argument 'cmake_args' from command line to 'None'
[0.268s] Level 5:colcon.colcon_core.verb:set package 'ar_comm' build argument 'cmake_target' from command line to 'None'
[0.268s] Level 5:colcon.colcon_core.verb:set package 'ar_comm' build argument 'cmake_target_skip_unavailable' from command line to 'False'
[0.268s] Level 5:colcon.colcon_core.verb:set package 'ar_comm' build argument 'cmake_clean_cache' from command line to 'False'
[0.268s] Level 5:colcon.colcon_core.verb:set package 'ar_comm' build argument 'cmake_clean_first' from command line to 'False'
[0.268s] Level 5:colcon.colcon_core.verb:set package 'ar_comm' build argument 'cmake_force_configure' from command line to 'False'
[0.268s] Level 5:colcon.colcon_core.verb:set package 'ar_comm' build argument 'ament_cmake_args' from command line to 'None'
[0.268s] Level 5:colcon.colcon_core.verb:set package 'ar_comm' build argument 'catkin_cmake_args' from command line to 'None'
[0.268s] Level 5:colcon.colcon_core.verb:set package 'ar_comm' build argument 'catkin_skip_building_tests' from command line to 'False'
[0.268s] DEBUG:colcon.colcon_core.verb:Building package 'ar_comm' with the following arguments: {'ament_cmake_args': None, 'build_base': '/home/hans/ar/build/ar_comm', 'catkin_cmake_args': None, 'catkin_skip_building_tests': False, 'cmake_args': None, 'cmake_clean_cache': False, 'cmake_clean_first': False, 'cmake_force_configure': False, 'cmake_target': None, 'cmake_target_skip_unavailable': False, 'install_base': '/home/hans/ar/install/ar_comm', 'merge_install': False, 'path': '/home/hans/ar/ar_src/communication/commlibs/ar_comm', 'symlink_install': False, 'test_result_base': None}
[0.269s] Level 5:colcon.colcon_core.verb:set package 'ar_moveit_config' build argument 'cmake_args' from command line to 'None'
[0.269s] Level 5:colcon.colcon_core.verb:set package 'ar_moveit_config' build argument 'cmake_target' from command line to 'None'
[0.269s] Level 5:colcon.colcon_core.verb:set package 'ar_moveit_config' build argument 'cmake_target_skip_unavailable' from command line to 'False'
[0.269s] Level 5:colcon.colcon_core.verb:set package 'ar_moveit_config' build argument 'cmake_clean_cache' from command line to 'False'
[0.269s] Level 5:colcon.colcon_core.verb:set package 'ar_moveit_config' build argument 'cmake_clean_first' from command line to 'False'
[0.269s] Level 5:colcon.colcon_core.verb:set package 'ar_moveit_config' build argument 'cmake_force_configure' from command line to 'False'
[0.269s] Level 5:colcon.colcon_core.verb:set package 'ar_moveit_config' build argument 'ament_cmake_args' from command line to 'None'
[0.269s] Level 5:colcon.colcon_core.verb:set package 'ar_moveit_config' build argument 'catkin_cmake_args' from command line to 'None'
[0.269s] Level 5:colcon.colcon_core.verb:set package 'ar_moveit_config' build argument 'catkin_skip_building_tests' from command line to 'False'
[0.269s] DEBUG:colcon.colcon_core.verb:Building package 'ar_moveit_config' with the following arguments: {'ament_cmake_args': None, 'build_base': '/home/hans/ar/build/ar_moveit_config', 'catkin_cmake_args': None, 'catkin_skip_building_tests': False, 'cmake_args': None, 'cmake_clean_cache': False, 'cmake_clean_first': False, 'cmake_force_configure': False, 'cmake_target': None, 'cmake_target_skip_unavailable': False, 'install_base': '/home/hans/ar/install/ar_moveit_config', 'merge_install': False, 'path': '/home/hans/ar/ar_src/configuration/ar', 'symlink_install': False, 'test_result_base': None}
[0.269s] Level 5:colcon.colcon_core.verb:set package 'ar_msgs' build argument 'cmake_args' from command line to 'None'
[0.269s] Level 5:colcon.colcon_core.verb:set package 'ar_msgs' build argument 'cmake_target' from command line to 'None'
[0.269s] Level 5:colcon.colcon_core.verb:set package 'ar_msgs' build argument 'cmake_target_skip_unavailable' from command line to 'False'
[0.269s] Level 5:colcon.colcon_core.verb:set package 'ar_msgs' build argument 'cmake_clean_cache' from command line to 'False'
[0.269s] Level 5:colcon.colcon_core.verb:set package 'ar_msgs' build argument 'cmake_clean_first' from command line to 'False'
[0.269s] Level 5:colcon.colcon_core.verb:set package 'ar_msgs' build argument 'cmake_force_configure' from command line to 'False'
[0.269s] Level 5:colcon.colcon_core.verb:set package 'ar_msgs' build argument 'ament_cmake_args' from command line to 'None'
[0.269s] Level 5:colcon.colcon_core.verb:set package 'ar_msgs' build argument 'catkin_cmake_args' from command line to 'None'
[0.269s] Level 5:colcon.colcon_core.verb:set package 'ar_msgs' build argument 'catkin_skip_building_tests' from command line to 'False'
[0.269s] DEBUG:colcon.colcon_core.verb:Building package 'ar_msgs' with the following arguments: {'ament_cmake_args': None, 'build_base': '/home/hans/ar/build/ar_msgs', 'catkin_cmake_args': None, 'catkin_skip_building_tests': False, 'cmake_args': None, 'cmake_clean_cache': False, 'cmake_clean_first': False, 'cmake_force_configure': False, 'cmake_target': None, 'cmake_target_skip_unavailable': False, 'install_base': '/home/hans/ar/install/ar_msgs', 'merge_install': False, 'path': '/home/hans/ar/ar_src/communication/messages/ar_msgs', 'symlink_install': False, 'test_result_base': None}
[0.269s] Level 5:colcon.colcon_core.verb:set package 'ar_srv' build argument 'cmake_args' from command line to 'None'
[0.269s] Level 5:colcon.colcon_core.verb:set package 'ar_srv' build argument 'cmake_target' from command line to 'None'
[0.269s] Level 5:colcon.colcon_core.verb:set package 'ar_srv' build argument 'cmake_target_skip_unavailable' from command line to 'False'
[0.269s] Level 5:colcon.colcon_core.verb:set package 'ar_srv' build argument 'cmake_clean_cache' from command line to 'False'
[0.269s] Level 5:colcon.colcon_core.verb:set package 'ar_srv' build argument 'cmake_clean_first' from command line to 'False'
[0.269s] Level 5:colcon.colcon_core.verb:set package 'ar_srv' build argument 'cmake_force_configure' from command line to 'False'
[0.269s] Level 5:colcon.colcon_core.verb:set package 'ar_srv' build argument 'ament_cmake_args' from command line to 'None'
[0.269s] Level 5:colcon.colcon_core.verb:set package 'ar_srv' build argument 'catkin_cmake_args' from command line to 'None'
[0.269s] Level 5:colcon.colcon_core.verb:set package 'ar_srv' build argument 'catkin_skip_building_tests' from command line to 'False'
[0.269s] DEBUG:colcon.colcon_core.verb:Building package 'ar_srv' with the following arguments: {'ament_cmake_args': None, 'build_base': '/home/hans/ar/build/ar_srv', 'catkin_cmake_args': None, 'catkin_skip_building_tests': False, 'cmake_args': None, 'cmake_clean_cache': False, 'cmake_clean_first': False, 'cmake_force_configure': False, 'cmake_target': None, 'cmake_target_skip_unavailable': False, 'install_base': '/home/hans/ar/install/ar_srv', 'merge_install': False, 'path': '/home/hans/ar/ar_src/communication/messages/ar_srv', 'symlink_install': False, 'test_result_base': None}
[0.269s] Level 5:colcon.colcon_core.verb:set package 'ar_utils' build argument 'cmake_args' from command line to 'None'
[0.269s] Level 5:colcon.colcon_core.verb:set package 'ar_utils' build argument 'cmake_target' from command line to 'None'
[0.269s] Level 5:colcon.colcon_core.verb:set package 'ar_utils' build argument 'cmake_target_skip_unavailable' from command line to 'False'
[0.269s] Level 5:colcon.colcon_core.verb:set package 'ar_utils' build argument 'cmake_clean_cache' from command line to 'False'
[0.269s] Level 5:colcon.colcon_core.verb:set package 'ar_utils' build argument 'cmake_clean_first' from command line to 'False'
[0.269s] Level 5:colcon.colcon_core.verb:set package 'ar_utils' build argument 'cmake_force_configure' from command line to 'False'
[0.269s] Level 5:colcon.colcon_core.verb:set package 'ar_utils' build argument 'ament_cmake_args' from command line to 'None'
[0.269s] Level 5:colcon.colcon_core.verb:set package 'ar_utils' build argument 'catkin_cmake_args' from command line to 'None'
[0.269s] Level 5:colcon.colcon_core.verb:set package 'ar_utils' build argument 'catkin_skip_building_tests' from command line to 'False'
[0.270s] DEBUG:colcon.colcon_core.verb:Building package 'ar_utils' with the following arguments: {'ament_cmake_args': None, 'build_base': '/home/hans/ar/build/ar_utils', 'catkin_cmake_args': None, 'catkin_skip_building_tests': False, 'cmake_args': None, 'cmake_clean_cache': False, 'cmake_clean_first': False, 'cmake_force_configure': False, 'cmake_target': None, 'cmake_target_skip_unavailable': False, 'install_base': '/home/hans/ar/install/ar_utils', 'merge_install': False, 'path': '/home/hans/ar/ar_src/utilities/ar_utils', 'symlink_install': False, 'test_result_base': None}
[0.270s] Level 5:colcon.colcon_core.verb:set package 'master' build argument 'cmake_args' from command line to 'None'
[0.270s] Level 5:colcon.colcon_core.verb:set package 'master' build argument 'cmake_target' from command line to 'None'
[0.270s] Level 5:colcon.colcon_core.verb:set package 'master' build argument 'cmake_target_skip_unavailable' from command line to 'False'
[0.270s] Level 5:colcon.colcon_core.verb:set package 'master' build argument 'cmake_clean_cache' from command line to 'False'
[0.270s] Level 5:colcon.colcon_core.verb:set package 'master' build argument 'cmake_clean_first' from command line to 'False'
[0.270s] Level 5:colcon.colcon_core.verb:set package 'master' build argument 'cmake_force_configure' from command line to 'False'
[0.270s] Level 5:colcon.colcon_core.verb:set package 'master' build argument 'ament_cmake_args' from command line to 'None'
[0.270s] Level 5:colcon.colcon_core.verb:set package 'master' build argument 'catkin_cmake_args' from command line to 'None'
[0.270s] Level 5:colcon.colcon_core.verb:set package 'master' build argument 'catkin_skip_building_tests' from command line to 'False'
[0.270s] DEBUG:colcon.colcon_core.verb:Building package 'master' with the following arguments: {'ament_cmake_args': None, 'build_base': '/home/hans/ar/build/master', 'catkin_cmake_args': None, 'catkin_skip_building_tests': False, 'cmake_args': None, 'cmake_clean_cache': False, 'cmake_clean_first': False, 'cmake_force_configure': False, 'cmake_target': None, 'cmake_target_skip_unavailable': False, 'install_base': '/home/hans/ar/install/master', 'merge_install': False, 'path': '/home/hans/ar/ar_src/communication/master', 'symlink_install': False, 'test_result_base': None}
[0.270s] Level 5:colcon.colcon_core.verb:set package 'ar_computation' build argument 'cmake_args' from command line to 'None'
[0.270s] Level 5:colcon.colcon_core.verb:set package 'ar_computation' build argument 'cmake_target' from command line to 'None'
[0.270s] Level 5:colcon.colcon_core.verb:set package 'ar_computation' build argument 'cmake_target_skip_unavailable' from command line to 'False'
[0.270s] Level 5:colcon.colcon_core.verb:set package 'ar_computation' build argument 'cmake_clean_cache' from command line to 'False'
[0.270s] Level 5:colcon.colcon_core.verb:set package 'ar_computation' build argument 'cmake_clean_first' from command line to 'False'
[0.270s] Level 5:colcon.colcon_core.verb:set package 'ar_computation' build argument 'cmake_force_configure' from command line to 'False'
[0.270s] Level 5:colcon.colcon_core.verb:set package 'ar_computation' build argument 'ament_cmake_args' from command line to 'None'
[0.270s] Level 5:colcon.colcon_core.verb:set package 'ar_computation' build argument 'catkin_cmake_args' from command line to 'None'
[0.270s] Level 5:colcon.colcon_core.verb:set package 'ar_computation' build argument 'catkin_skip_building_tests' from command line to 'False'
[0.270s] DEBUG:colcon.colcon_core.verb:Building package 'ar_computation' with the following arguments: {'ament_cmake_args': None, 'build_base': '/home/hans/ar/build/ar_computation', 'catkin_cmake_args': None, 'catkin_skip_building_tests': False, 'cmake_args': None, 'cmake_clean_cache': False, 'cmake_clean_first': False, 'cmake_force_configure': False, 'cmake_target': None, 'cmake_target_skip_unavailable': False, 'install_base': '/home/hans/ar/install/ar_computation', 'merge_install': False, 'path': '/home/hans/ar/ar_src/utilities/ar_computation', 'symlink_install': False, 'test_result_base': None}
[0.270s] INFO:colcon.colcon_core.executor:Executing jobs using 'parallel' executor
[0.271s] DEBUG:colcon.colcon_parallel_executor.executor.parallel:run_until_complete
[0.271s] INFO:colcon.colcon_ros.task.ament_cmake.build:Building ROS package in '/home/hans/ar/ar_src/utilities/ar_utils' with build type 'ament_cmake'
[0.271s] INFO:colcon.colcon_cmake.task.cmake.build:Building CMake package in '/home/hans/ar/ar_src/utilities/ar_utils'
[0.273s] INFO:colcon.colcon_core.plugin_system:Skipping extension 'colcon_core.shell.bat': Not used on non-Windows systems
[0.273s] INFO:colcon.colcon_core.shell:Skip shell extension 'powershell' for command environment: Not usable outside of PowerShell
[0.273s] DEBUG:colcon.colcon_core.shell:Skip shell extension 'dsv' for command environment
[0.276s] INFO:colcon.colcon_ros.task.ament_cmake.build:Building ROS package in '/home/hans/ar/ar_src/communication/messages/ar_action' with build type 'ament_cmake'
[0.276s] INFO:colcon.colcon_cmake.task.cmake.build:Building CMake package in '/home/hans/ar/ar_src/communication/messages/ar_action'
[0.276s] INFO:colcon.colcon_core.shell:Skip shell extension 'powershell' for command environment: Not usable outside of PowerShell
[0.276s] DEBUG:colcon.colcon_core.shell:Skip shell extension 'dsv' for command environment
[0.278s] INFO:colcon.colcon_ros.task.ament_cmake.build:Building ROS package in '/home/hans/ar/ar_src/communication/commlibs/ar_comm' with build type 'ament_cmake'
[0.278s] INFO:colcon.colcon_cmake.task.cmake.build:Building CMake package in '/home/hans/ar/ar_src/communication/commlibs/ar_comm'
[0.279s] INFO:colcon.colcon_core.shell:Skip shell extension 'powershell' for command environment: Not usable outside of PowerShell
[0.279s] DEBUG:colcon.colcon_core.shell:Skip shell extension 'dsv' for command environment
[0.281s] INFO:colcon.colcon_ros.task.ament_cmake.build:Building ROS package in '/home/hans/ar/ar_src/configuration/ar' with build type 'ament_cmake'
[0.281s] INFO:colcon.colcon_cmake.task.cmake.build:Building CMake package in '/home/hans/ar/ar_src/configuration/ar'
[0.281s] INFO:colcon.colcon_core.shell:Skip shell extension 'powershell' for command environment: Not usable outside of PowerShell
[0.281s] DEBUG:colcon.colcon_core.shell:Skip shell extension 'dsv' for command environment
[0.284s] INFO:colcon.colcon_ros.task.ament_cmake.build:Building ROS package in '/home/hans/ar/ar_src/communication/messages/ar_msgs' with build type 'ament_cmake'
[0.284s] INFO:colcon.colcon_cmake.task.cmake.build:Building CMake package in '/home/hans/ar/ar_src/communication/messages/ar_msgs'
[0.285s] INFO:colcon.colcon_core.shell:Skip shell extension 'powershell' for command environment: Not usable outside of PowerShell
[0.285s] DEBUG:colcon.colcon_core.shell:Skip shell extension 'dsv' for command environment
[0.288s] INFO:colcon.colcon_cmake.task.cmake.build:Building CMake package in '/home/hans/ar/ar_src/communication/messages/ar_srv'
[0.288s] INFO:colcon.colcon_core.shell:Skip shell extension 'powershell' for command environment: Not usable outside of PowerShell
[0.288s] DEBUG:colcon.colcon_core.shell:Skip shell extension 'dsv' for command environment
[0.291s] INFO:colcon.colcon_ros.task.ament_cmake.build:Building ROS package in '/home/hans/ar/ar_src/communication/master' with build type 'ament_cmake'
[0.291s] INFO:colcon.colcon_cmake.task.cmake.build:Building CMake package in '/home/hans/ar/ar_src/communication/master'
[0.291s] INFO:colcon.colcon_core.shell:Skip shell extension 'powershell' for command environment: Not usable outside of PowerShell
[0.291s] DEBUG:colcon.colcon_core.shell:Skip shell extension 'dsv' for command environment
[0.300s] DEBUG:colcon.colcon_core.event_handler.log_command:Invoking command in '/home/hans/ar/build/ar_utils': CMAKE_PREFIX_PATH=${CMAKE_PREFIX_PATH}:/opt/ros/humble /usr/bin/cmake --build /home/hans/ar/build/ar_utils -- -j12 -l12
[0.301s] DEBUG:colcon.colcon_core.event_handler.log_command:Invoking command in '/home/hans/ar/build/ar_action': CMAKE_PREFIX_PATH=${CMAKE_PREFIX_PATH}:/opt/ros/humble /usr/bin/cmake --build /home/hans/ar/build/ar_action -- -j12 -l12
[0.304s] DEBUG:colcon.colcon_core.event_handler.log_command:Invoking command in '/home/hans/ar/build/ar_comm': CMAKE_PREFIX_PATH=${CMAKE_PREFIX_PATH}:/opt/ros/humble /usr/bin/cmake --build /home/hans/ar/build/ar_comm -- -j12 -l12
[0.307s] DEBUG:colcon.colcon_core.event_handler.log_command:Invoking command in '/home/hans/ar/build/ar_moveit_config': CMAKE_PREFIX_PATH=${CMAKE_PREFIX_PATH}:/opt/ros/humble /usr/bin/cmake --build /home/hans/ar/build/ar_moveit_config -- -j12 -l12
[0.310s] DEBUG:colcon.colcon_core.event_handler.log_command:Invoking command in '/home/hans/ar/build/ar_msgs': CMAKE_PREFIX_PATH=${CMAKE_PREFIX_PATH}:/opt/ros/humble /usr/bin/cmake --build /home/hans/ar/build/ar_msgs -- -j12 -l12
[0.312s] DEBUG:colcon.colcon_core.event_handler.log_command:Invoking command in '/home/hans/ar/build/ar_srv': /usr/bin/cmake --build /home/hans/ar/build/ar_srv -- -j12 -l12
[0.315s] DEBUG:colcon.colcon_core.event_handler.log_command:Invoking command in '/home/hans/ar/build/master': CMAKE_PREFIX_PATH=${CMAKE_PREFIX_PATH}:/opt/ros/humble /usr/bin/cmake --build /home/hans/ar/build/master -- -j12 -l12
[0.380s] DEBUG:colcon.colcon_core.event_handler.log_command:Invoked command in '/home/hans/ar/build/ar_comm' returned '0': CMAKE_PREFIX_PATH=${CMAKE_PREFIX_PATH}:/opt/ros/humble /usr/bin/cmake --build /home/hans/ar/build/ar_comm -- -j12 -l12
[0.402s] DEBUG:colcon.colcon_core.event_handler.log_command:Invoking command in '/home/hans/ar/build/ar_comm': CMAKE_PREFIX_PATH=${CMAKE_PREFIX_PATH}:/opt/ros/humble /usr/bin/cmake --install /home/hans/ar/build/ar_comm
[0.404s] DEBUG:colcon.colcon_core.event_handler.log_command:Invoked command in '/home/hans/ar/build/ar_srv' returned '0': /usr/bin/cmake --build /home/hans/ar/build/ar_srv -- -j12 -l12
[0.404s] WARNING:colcon.colcon_cmake.task.cmake.build:Could not run installation step for package 'ar_srv' because it has no 'install' target
[0.404s] Level 1:colcon.colcon_core.environment:create_environment_scripts_only(ar_srv)
[0.406s] Level 1:colcon.colcon_core.environment:checking '/home/hans/ar/install/ar_srv' for CMake module files
[0.406s] Level 1:colcon.colcon_core.environment:checking '/home/hans/ar/install/ar_srv' for CMake config files
[0.407s] Level 1:colcon.colcon_core.environment:checking '/home/hans/ar/install/ar_srv/bin'
[0.407s] Level 1:colcon.colcon_core.environment:checking '/home/hans/ar/install/ar_srv/lib/pkgconfig/ar_srv.pc'
[0.407s] Level 1:colcon.colcon_core.environment:checking '/home/hans/ar/install/ar_srv/lib/python3.10/site-packages'
[0.407s] Level 1:colcon.colcon_core.environment:checking '/home/hans/ar/install/ar_srv/bin'
[0.408s] INFO:colcon.colcon_core.shell:Creating package script '/home/hans/ar/install/ar_srv/share/ar_srv/package.ps1'
[0.408s] INFO:colcon.colcon_core.shell:Creating package descriptor '/home/hans/ar/install/ar_srv/share/ar_srv/package.dsv'
[0.409s] INFO:colcon.colcon_core.shell:Creating package script '/home/hans/ar/install/ar_srv/share/ar_srv/package.sh'
[0.409s] INFO:colcon.colcon_core.shell:Creating package script '/home/hans/ar/install/ar_srv/share/ar_srv/package.bash'
[0.410s] INFO:colcon.colcon_core.shell:Creating package script '/home/hans/ar/install/ar_srv/share/ar_srv/package.zsh'
[0.410s] Level 1:colcon.colcon_core.environment:create_file_with_runtime_dependencies(/home/hans/ar/install/ar_srv/share/colcon-core/packages/ar_srv)
[0.413s] DEBUG:colcon.colcon_core.event_handler.log_command:Invoked command in '/home/hans/ar/build/ar_moveit_config' returned '0': CMAKE_PREFIX_PATH=${CMAKE_PREFIX_PATH}:/opt/ros/humble /usr/bin/cmake --build /home/hans/ar/build/ar_moveit_config -- -j12 -l12
[0.413s] DEBUG:colcon.colcon_core.event_handler.log_command:Invoking command in '/home/hans/ar/build/ar_moveit_config': CMAKE_PREFIX_PATH=${CMAKE_PREFIX_PATH}:/opt/ros/humble /usr/bin/cmake --install /home/hans/ar/build/ar_moveit_config
[0.414s] DEBUG:colcon.colcon_core.event_handler.log_command:Invoked command in '/home/hans/ar/build/master' returned '0': CMAKE_PREFIX_PATH=${CMAKE_PREFIX_PATH}:/opt/ros/humble /usr/bin/cmake --build /home/hans/ar/build/master -- -j12 -l12
[0.415s] DEBUG:colcon.colcon_core.event_handler.log_command:Invoking command in '/home/hans/ar/build/master': CMAKE_PREFIX_PATH=${CMAKE_PREFIX_PATH}:/opt/ros/humble /usr/bin/cmake --install /home/hans/ar/build/master
[0.426s] Level 1:colcon.colcon_core.environment:create_environment_scripts_only(ar_comm)
[0.427s] Level 1:colcon.colcon_core.environment:checking '/home/hans/ar/install/ar_comm' for CMake module files
[0.427s] DEBUG:colcon.colcon_core.event_handler.log_command:Invoked command in '/home/hans/ar/build/ar_comm' returned '0': CMAKE_PREFIX_PATH=${CMAKE_PREFIX_PATH}:/opt/ros/humble /usr/bin/cmake --install /home/hans/ar/build/ar_comm
[0.428s] Level 1:colcon.colcon_core.environment:checking '/home/hans/ar/install/ar_comm' for CMake config files
[0.428s] Level 1:colcon.colcon_core.shell:create_environment_hook('ar_comm', 'cmake_prefix_path')
[0.428s] INFO:colcon.colcon_core.shell:Creating environment hook '/home/hans/ar/install/ar_comm/share/ar_comm/hook/cmake_prefix_path.ps1'
[0.429s] INFO:colcon.colcon_core.shell:Creating environment descriptor '/home/hans/ar/install/ar_comm/share/ar_comm/hook/cmake_prefix_path.dsv'
[0.429s] INFO:colcon.colcon_core.shell:Creating environment hook '/home/hans/ar/install/ar_comm/share/ar_comm/hook/cmake_prefix_path.sh'
[0.430s] Level 1:colcon.colcon_core.environment:checking '/home/hans/ar/install/ar_comm/bin'
[0.430s] Level 1:colcon.colcon_core.environment:checking '/home/hans/ar/install/ar_comm/lib/pkgconfig/ar_comm.pc'
[0.430s] Level 1:colcon.colcon_core.environment:checking '/home/hans/ar/install/ar_comm/lib/python3.10/site-packages'
[0.430s] Level 1:colcon.colcon_core.environment:checking '/home/hans/ar/install/ar_comm/bin'
[0.431s] INFO:colcon.colcon_core.shell:Creating package script '/home/hans/ar/install/ar_comm/share/ar_comm/package.ps1'
[0.431s] INFO:colcon.colcon_core.shell:Creating package descriptor '/home/hans/ar/install/ar_comm/share/ar_comm/package.dsv'
[0.431s] INFO:colcon.colcon_core.shell:Creating package script '/home/hans/ar/install/ar_comm/share/ar_comm/package.sh'
[0.432s] INFO:colcon.colcon_core.shell:Creating package script '/home/hans/ar/install/ar_comm/share/ar_comm/package.bash'
[0.432s] INFO:colcon.colcon_core.shell:Creating package script '/home/hans/ar/install/ar_comm/share/ar_comm/package.zsh'
[0.432s] Level 1:colcon.colcon_core.environment:create_file_with_runtime_dependencies(/home/hans/ar/install/ar_comm/share/colcon-core/packages/ar_comm)
[0.433s] Level 1:colcon.colcon_core.environment:create_environment_scripts_only(ar_comm)
[0.433s] Level 1:colcon.colcon_core.environment:checking '/home/hans/ar/install/ar_comm' for CMake module files
[0.433s] Level 1:colcon.colcon_core.environment:checking '/home/hans/ar/install/ar_comm' for CMake config files
[0.434s] Level 1:colcon.colcon_core.shell:create_environment_hook('ar_comm', 'cmake_prefix_path')
[0.434s] INFO:colcon.colcon_core.shell:Creating environment hook '/home/hans/ar/install/ar_comm/share/ar_comm/hook/cmake_prefix_path.ps1'
[0.435s] INFO:colcon.colcon_core.shell:Creating environment descriptor '/home/hans/ar/install/ar_comm/share/ar_comm/hook/cmake_prefix_path.dsv'
[0.435s] INFO:colcon.colcon_core.shell:Creating environment hook '/home/hans/ar/install/ar_comm/share/ar_comm/hook/cmake_prefix_path.sh'
[0.437s] Level 1:colcon.colcon_core.environment:checking '/home/hans/ar/install/ar_comm/bin'
[0.437s] Level 1:colcon.colcon_core.environment:checking '/home/hans/ar/install/ar_comm/lib/pkgconfig/ar_comm.pc'
[0.438s] Level 1:colcon.colcon_core.environment:checking '/home/hans/ar/install/ar_comm/lib/python3.10/site-packages'
[0.438s] Level 1:colcon.colcon_core.environment:checking '/home/hans/ar/install/ar_comm/bin'
[0.438s] INFO:colcon.colcon_core.shell:Creating package script '/home/hans/ar/install/ar_comm/share/ar_comm/package.ps1'
[0.439s] INFO:colcon.colcon_core.shell:Creating package descriptor '/home/hans/ar/install/ar_comm/share/ar_comm/package.dsv'
[0.440s] INFO:colcon.colcon_core.shell:Creating package script '/home/hans/ar/install/ar_comm/share/ar_comm/package.sh'
[0.441s] INFO:colcon.colcon_core.shell:Creating package script '/home/hans/ar/install/ar_comm/share/ar_comm/package.bash'
[0.441s] INFO:colcon.colcon_core.shell:Creating package script '/home/hans/ar/install/ar_comm/share/ar_comm/package.zsh'
[0.443s] Level 1:colcon.colcon_core.environment:create_file_with_runtime_dependencies(/home/hans/ar/install/ar_comm/share/colcon-core/packages/ar_comm)
[0.444s] Level 1:colcon.colcon_core.environment:create_environment_scripts_only(ar_moveit_config)
[0.445s] Level 1:colcon.colcon_core.environment:checking '/home/hans/ar/install/ar_moveit_config' for CMake module files
[0.446s] DEBUG:colcon.colcon_core.event_handler.log_command:Invoked command in '/home/hans/ar/build/ar_moveit_config' returned '0': CMAKE_PREFIX_PATH=${CMAKE_PREFIX_PATH}:/opt/ros/humble /usr/bin/cmake --install /home/hans/ar/build/ar_moveit_config
[0.446s] Level 1:colcon.colcon_core.environment:checking '/home/hans/ar/install/ar_moveit_config' for CMake config files
[0.447s] Level 1:colcon.colcon_core.shell:create_environment_hook('ar_moveit_config', 'cmake_prefix_path')
[0.447s] INFO:colcon.colcon_core.shell:Creating environment hook '/home/hans/ar/install/ar_moveit_config/share/ar_moveit_config/hook/cmake_prefix_path.ps1'
[0.447s] INFO:colcon.colcon_core.shell:Creating environment descriptor '/home/hans/ar/install/ar_moveit_config/share/ar_moveit_config/hook/cmake_prefix_path.dsv'
[0.447s] INFO:colcon.colcon_core.shell:Creating environment hook '/home/hans/ar/install/ar_moveit_config/share/ar_moveit_config/hook/cmake_prefix_path.sh'
[0.448s] Level 1:colcon.colcon_core.environment:checking '/home/hans/ar/install/ar_moveit_config/bin'
[0.448s] Level 1:colcon.colcon_core.environment:checking '/home/hans/ar/install/ar_moveit_config/lib/pkgconfig/ar_moveit_config.pc'
[0.448s] Level 1:colcon.colcon_core.environment:checking '/home/hans/ar/install/ar_moveit_config/lib/python3.10/site-packages'
[0.449s] Level 1:colcon.colcon_core.environment:checking '/home/hans/ar/install/ar_moveit_config/bin'
[0.449s] INFO:colcon.colcon_core.shell:Creating package script '/home/hans/ar/install/ar_moveit_config/share/ar_moveit_config/package.ps1'
[0.449s] INFO:colcon.colcon_core.shell:Creating package descriptor '/home/hans/ar/install/ar_moveit_config/share/ar_moveit_config/package.dsv'
[0.450s] INFO:colcon.colcon_core.shell:Creating package script '/home/hans/ar/install/ar_moveit_config/share/ar_moveit_config/package.sh'
[0.450s] INFO:colcon.colcon_core.shell:Creating package script '/home/hans/ar/install/ar_moveit_config/share/ar_moveit_config/package.bash'
[0.450s] INFO:colcon.colcon_core.shell:Creating package script '/home/hans/ar/install/ar_moveit_config/share/ar_moveit_config/package.zsh'
[0.451s] Level 1:colcon.colcon_core.environment:create_file_with_runtime_dependencies(/home/hans/ar/install/ar_moveit_config/share/colcon-core/packages/ar_moveit_config)
[0.451s] Level 1:colcon.colcon_core.environment:create_environment_scripts_only(ar_moveit_config)
[0.451s] Level 1:colcon.colcon_core.environment:checking '/home/hans/ar/install/ar_moveit_config' for CMake module files
[0.452s] Level 1:colcon.colcon_core.environment:checking '/home/hans/ar/install/ar_moveit_config' for CMake config files
[0.452s] Level 1:colcon.colcon_core.shell:create_environment_hook('ar_moveit_config', 'cmake_prefix_path')
[0.452s] INFO:colcon.colcon_core.shell:Creating environment hook '/home/hans/ar/install/ar_moveit_config/share/ar_moveit_config/hook/cmake_prefix_path.ps1'
[0.452s] INFO:colcon.colcon_core.shell:Creating environment descriptor '/home/hans/ar/install/ar_moveit_config/share/ar_moveit_config/hook/cmake_prefix_path.dsv'
[0.453s] INFO:colcon.colcon_core.shell:Creating environment hook '/home/hans/ar/install/ar_moveit_config/share/ar_moveit_config/hook/cmake_prefix_path.sh'
[0.453s] Level 1:colcon.colcon_core.environment:checking '/home/hans/ar/install/ar_moveit_config/bin'
[0.453s] Level 1:colcon.colcon_core.environment:checking '/home/hans/ar/install/ar_moveit_config/lib/pkgconfig/ar_moveit_config.pc'
[0.453s] Level 1:colcon.colcon_core.environment:checking '/home/hans/ar/install/ar_moveit_config/lib/python3.10/site-packages'
[0.453s] Level 1:colcon.colcon_core.environment:checking '/home/hans/ar/install/ar_moveit_config/bin'
[0.454s] INFO:colcon.colcon_core.shell:Creating package script '/home/hans/ar/install/ar_moveit_config/share/ar_moveit_config/package.ps1'
[0.454s] INFO:colcon.colcon_core.shell:Creating package descriptor '/home/hans/ar/install/ar_moveit_config/share/ar_moveit_config/package.dsv'
[0.454s] INFO:colcon.colcon_core.shell:Creating package script '/home/hans/ar/install/ar_moveit_config/share/ar_moveit_config/package.sh'
[0.455s] INFO:colcon.colcon_core.shell:Creating package script '/home/hans/ar/install/ar_moveit_config/share/ar_moveit_config/package.bash'
[0.455s] INFO:colcon.colcon_core.shell:Creating package script '/home/hans/ar/install/ar_moveit_config/share/ar_moveit_config/package.zsh'
[0.456s] Level 1:colcon.colcon_core.environment:create_file_with_runtime_dependencies(/home/hans/ar/install/ar_moveit_config/share/colcon-core/packages/ar_moveit_config)
[0.456s] Level 1:colcon.colcon_core.environment:create_environment_scripts_only(master)
[0.457s] Level 1:colcon.colcon_core.environment:checking '/home/hans/ar/install/master' for CMake module files
[0.457s] Level 1:colcon.colcon_core.environment:checking '/home/hans/ar/install/master' for CMake config files
[0.457s] DEBUG:colcon.colcon_core.event_handler.log_command:Invoked command in '/home/hans/ar/build/master' returned '0': CMAKE_PREFIX_PATH=${CMAKE_PREFIX_PATH}:/opt/ros/humble /usr/bin/cmake --install /home/hans/ar/build/master
[0.458s] Level 1:colcon.colcon_core.shell:create_environment_hook('master', 'cmake_prefix_path')
[0.458s] INFO:colcon.colcon_core.shell:Creating environment hook '/home/hans/ar/install/master/share/master/hook/cmake_prefix_path.ps1'
[0.458s] INFO:colcon.colcon_core.shell:Creating environment descriptor '/home/hans/ar/install/master/share/master/hook/cmake_prefix_path.dsv'
[0.459s] INFO:colcon.colcon_core.shell:Creating environment hook '/home/hans/ar/install/master/share/master/hook/cmake_prefix_path.sh'
[0.459s] Level 1:colcon.colcon_core.environment:checking '/home/hans/ar/install/master/bin'
[0.459s] Level 1:colcon.colcon_core.environment:checking '/home/hans/ar/install/master/lib/pkgconfig/master.pc'
[0.459s] Level 1:colcon.colcon_core.environment:checking '/home/hans/ar/install/master/lib/python3.10/site-packages'
[0.460s] Level 1:colcon.colcon_core.environment:checking '/home/hans/ar/install/master/bin'
[0.460s] INFO:colcon.colcon_core.shell:Creating package script '/home/hans/ar/install/master/share/master/package.ps1'
[0.461s] INFO:colcon.colcon_core.shell:Creating package descriptor '/home/hans/ar/install/master/share/master/package.dsv'
[0.461s] INFO:colcon.colcon_core.shell:Creating package script '/home/hans/ar/install/master/share/master/package.sh'
[0.462s] INFO:colcon.colcon_core.shell:Creating package script '/home/hans/ar/install/master/share/master/package.bash'
[0.462s] INFO:colcon.colcon_core.shell:Creating package script '/home/hans/ar/install/master/share/master/package.zsh'
[0.462s] Level 1:colcon.colcon_core.environment:create_file_with_runtime_dependencies(/home/hans/ar/install/master/share/colcon-core/packages/master)
[0.463s] Level 1:colcon.colcon_core.environment:create_environment_scripts_only(master)
[0.463s] Level 1:colcon.colcon_core.environment:checking '/home/hans/ar/install/master' for CMake module files
[0.464s] Level 1:colcon.colcon_core.environment:checking '/home/hans/ar/install/master' for CMake config files
[0.464s] Level 1:colcon.colcon_core.shell:create_environment_hook('master', 'cmake_prefix_path')
[0.464s] INFO:colcon.colcon_core.shell:Creating environment hook '/home/hans/ar/install/master/share/master/hook/cmake_prefix_path.ps1'
[0.464s] INFO:colcon.colcon_core.shell:Creating environment descriptor '/home/hans/ar/install/master/share/master/hook/cmake_prefix_path.dsv'
[0.465s] INFO:colcon.colcon_core.shell:Creating environment hook '/home/hans/ar/install/master/share/master/hook/cmake_prefix_path.sh'
[0.465s] Level 1:colcon.colcon_core.environment:checking '/home/hans/ar/install/master/bin'
[0.465s] Level 1:colcon.colcon_core.environment:checking '/home/hans/ar/install/master/lib/pkgconfig/master.pc'
[0.465s] Level 1:colcon.colcon_core.environment:checking '/home/hans/ar/install/master/lib/python3.10/site-packages'
[0.466s] Level 1:colcon.colcon_core.environment:checking '/home/hans/ar/install/master/bin'
[0.466s] INFO:colcon.colcon_core.shell:Creating package script '/home/hans/ar/install/master/share/master/package.ps1'
[0.467s] INFO:colcon.colcon_core.shell:Creating package descriptor '/home/hans/ar/install/master/share/master/package.dsv'
[0.467s] INFO:colcon.colcon_core.shell:Creating package script '/home/hans/ar/install/master/share/master/package.sh'
[0.468s] INFO:colcon.colcon_core.shell:Creating package script '/home/hans/ar/install/master/share/master/package.bash'
[0.468s] INFO:colcon.colcon_core.shell:Creating package script '/home/hans/ar/install/master/share/master/package.zsh'
[0.468s] Level 1:colcon.colcon_core.environment:create_file_with_runtime_dependencies(/home/hans/ar/install/master/share/colcon-core/packages/master)
[0.716s] DEBUG:colcon.colcon_core.event_handler.log_command:Invoked command in '/home/hans/ar/build/ar_utils' returned '0': CMAKE_PREFIX_PATH=${CMAKE_PREFIX_PATH}:/opt/ros/humble /usr/bin/cmake --build /home/hans/ar/build/ar_utils -- -j12 -l12
[0.718s] DEBUG:colcon.colcon_core.event_handler.log_command:Invoking command in '/home/hans/ar/build/ar_utils': CMAKE_PREFIX_PATH=${CMAKE_PREFIX_PATH}:/opt/ros/humble /usr/bin/cmake --install /home/hans/ar/build/ar_utils
[0.739s] Level 1:colcon.colcon_core.environment:create_environment_scripts_only(ar_utils)
[0.740s] Level 1:colcon.colcon_core.environment:checking '/home/hans/ar/install/ar_utils' for CMake module files
[0.740s] DEBUG:colcon.colcon_core.event_handler.log_command:Invoked command in '/home/hans/ar/build/ar_utils' returned '0': CMAKE_PREFIX_PATH=${CMAKE_PREFIX_PATH}:/opt/ros/humble /usr/bin/cmake --install /home/hans/ar/build/ar_utils
[0.741s] Level 1:colcon.colcon_core.environment:checking '/home/hans/ar/install/ar_utils' for CMake config files
[0.741s] Level 1:colcon.colcon_core.shell:create_environment_hook('ar_utils', 'cmake_prefix_path')
[0.741s] INFO:colcon.colcon_core.shell:Creating environment hook '/home/hans/ar/install/ar_utils/share/ar_utils/hook/cmake_prefix_path.ps1'
[0.742s] INFO:colcon.colcon_core.shell:Creating environment descriptor '/home/hans/ar/install/ar_utils/share/ar_utils/hook/cmake_prefix_path.dsv'
[0.742s] INFO:colcon.colcon_core.shell:Creating environment hook '/home/hans/ar/install/ar_utils/share/ar_utils/hook/cmake_prefix_path.sh'
[0.743s] Level 1:colcon.colcon_core.environment:checking '/home/hans/ar/install/ar_utils/lib'
[0.743s] Level 1:colcon.colcon_core.shell:create_environment_hook('ar_utils', 'ld_library_path_lib')
[0.743s] INFO:colcon.colcon_core.shell:Creating environment hook '/home/hans/ar/install/ar_utils/share/ar_utils/hook/ld_library_path_lib.ps1'
[0.744s] INFO:colcon.colcon_core.shell:Creating environment descriptor '/home/hans/ar/install/ar_utils/share/ar_utils/hook/ld_library_path_lib.dsv'
[0.744s] INFO:colcon.colcon_core.shell:Creating environment hook '/home/hans/ar/install/ar_utils/share/ar_utils/hook/ld_library_path_lib.sh'
[0.745s] Level 1:colcon.colcon_core.environment:checking '/home/hans/ar/install/ar_utils/bin'
[0.745s] Level 1:colcon.colcon_core.environment:checking '/home/hans/ar/install/ar_utils/lib/pkgconfig/ar_utils.pc'
[0.745s] Level 1:colcon.colcon_core.environment:checking '/home/hans/ar/install/ar_utils/lib/python3.10/site-packages'
[0.745s] Level 1:colcon.colcon_core.environment:checking '/home/hans/ar/install/ar_utils/bin'
[0.746s] INFO:colcon.colcon_core.shell:Creating package script '/home/hans/ar/install/ar_utils/share/ar_utils/package.ps1'
[0.746s] INFO:colcon.colcon_core.shell:Creating package descriptor '/home/hans/ar/install/ar_utils/share/ar_utils/package.dsv'
[0.747s] INFO:colcon.colcon_core.shell:Creating package script '/home/hans/ar/install/ar_utils/share/ar_utils/package.sh'
[0.747s] INFO:colcon.colcon_core.shell:Creating package script '/home/hans/ar/install/ar_utils/share/ar_utils/package.bash'
[0.748s] INFO:colcon.colcon_core.shell:Creating package script '/home/hans/ar/install/ar_utils/share/ar_utils/package.zsh'
[0.748s] Level 1:colcon.colcon_core.environment:create_file_with_runtime_dependencies(/home/hans/ar/install/ar_utils/share/colcon-core/packages/ar_utils)
[0.749s] Level 1:colcon.colcon_core.environment:create_environment_scripts_only(ar_utils)
[0.749s] Level 1:colcon.colcon_core.environment:checking '/home/hans/ar/install/ar_utils' for CMake module files
[0.749s] Level 1:colcon.colcon_core.environment:checking '/home/hans/ar/install/ar_utils' for CMake config files
[0.749s] Level 1:colcon.colcon_core.shell:create_environment_hook('ar_utils', 'cmake_prefix_path')
[0.750s] INFO:colcon.colcon_core.shell:Creating environment hook '/home/hans/ar/install/ar_utils/share/ar_utils/hook/cmake_prefix_path.ps1'
[0.750s] INFO:colcon.colcon_core.shell:Creating environment descriptor '/home/hans/ar/install/ar_utils/share/ar_utils/hook/cmake_prefix_path.dsv'
[0.750s] INFO:colcon.colcon_core.shell:Creating environment hook '/home/hans/ar/install/ar_utils/share/ar_utils/hook/cmake_prefix_path.sh'
[0.751s] Level 1:colcon.colcon_core.environment:checking '/home/hans/ar/install/ar_utils/lib'
[0.751s] Level 1:colcon.colcon_core.shell:create_environment_hook('ar_utils', 'ld_library_path_lib')
[0.751s] INFO:colcon.colcon_core.shell:Creating environment hook '/home/hans/ar/install/ar_utils/share/ar_utils/hook/ld_library_path_lib.ps1'
[0.751s] INFO:colcon.colcon_core.shell:Creating environment descriptor '/home/hans/ar/install/ar_utils/share/ar_utils/hook/ld_library_path_lib.dsv'
[0.752s] INFO:colcon.colcon_core.shell:Creating environment hook '/home/hans/ar/install/ar_utils/share/ar_utils/hook/ld_library_path_lib.sh'
[0.752s] Level 1:colcon.colcon_core.environment:checking '/home/hans/ar/install/ar_utils/bin'
[0.752s] Level 1:colcon.colcon_core.environment:checking '/home/hans/ar/install/ar_utils/lib/pkgconfig/ar_utils.pc'
[0.753s] Level 1:colcon.colcon_core.environment:checking '/home/hans/ar/install/ar_utils/lib/python3.10/site-packages'
[0.753s] Level 1:colcon.colcon_core.environment:checking '/home/hans/ar/install/ar_utils/bin'
[0.753s] INFO:colcon.colcon_core.shell:Creating package script '/home/hans/ar/install/ar_utils/share/ar_utils/package.ps1'
[0.754s] INFO:colcon.colcon_core.shell:Creating package descriptor '/home/hans/ar/install/ar_utils/share/ar_utils/package.dsv'
[0.754s] INFO:colcon.colcon_core.shell:Creating package script '/home/hans/ar/install/ar_utils/share/ar_utils/package.sh'
[0.754s] INFO:colcon.colcon_core.shell:Creating package script '/home/hans/ar/install/ar_utils/share/ar_utils/package.bash'
[0.755s] INFO:colcon.colcon_core.shell:Creating package script '/home/hans/ar/install/ar_utils/share/ar_utils/package.zsh'
[0.755s] Level 1:colcon.colcon_core.environment:create_file_with_runtime_dependencies(/home/hans/ar/install/ar_utils/share/colcon-core/packages/ar_utils)
[0.755s] INFO:colcon.colcon_ros.task.ament_cmake.build:Building ROS package in '/home/hans/ar/ar_src/utilities/ar_computation' with build type 'ament_cmake'
[0.756s] INFO:colcon.colcon_cmake.task.cmake.build:Building CMake package in '/home/hans/ar/ar_src/utilities/ar_computation'
[0.756s] INFO:colcon.colcon_core.shell:Skip shell extension 'powershell' for command environment: Not usable outside of PowerShell
[0.756s] DEBUG:colcon.colcon_core.shell:Skip shell extension 'dsv' for command environment
[0.783s] DEBUG:colcon.colcon_core.event_handler.log_command:Invoking command in '/home/hans/ar/build/ar_computation': CMAKE_PREFIX_PATH=/home/hans/ar/install/ar_utils:/home/hans/ar/install/ar_computation:/home/hans/ar/install/ar_msgs:/opt/ros/humble /usr/bin/cmake --build /home/hans/ar/build/ar_computation -- -j12 -l12
[1.034s] DEBUG:colcon.colcon_core.event_handler.log_command:Invoked command in '/home/hans/ar/build/ar_action' returned '0': CMAKE_PREFIX_PATH=${CMAKE_PREFIX_PATH}:/opt/ros/humble /usr/bin/cmake --build /home/hans/ar/build/ar_action -- -j12 -l12
[1.035s] DEBUG:colcon.colcon_core.event_handler.log_command:Invoking command in '/home/hans/ar/build/ar_action': CMAKE_PREFIX_PATH=${CMAKE_PREFIX_PATH}:/opt/ros/humble /usr/bin/cmake --install /home/hans/ar/build/ar_action
[1.041s] DEBUG:colcon.colcon_core.event_handler.log_command:Invoked command in '/home/hans/ar/build/ar_msgs' returned '0': CMAKE_PREFIX_PATH=${CMAKE_PREFIX_PATH}:/opt/ros/humble /usr/bin/cmake --build /home/hans/ar/build/ar_msgs -- -j12 -l12
[1.043s] DEBUG:colcon.colcon_core.event_handler.log_command:Invoking command in '/home/hans/ar/build/ar_msgs': CMAKE_PREFIX_PATH=${CMAKE_PREFIX_PATH}:/opt/ros/humble /usr/bin/cmake --install /home/hans/ar/build/ar_msgs
[1.105s] Level 1:colcon.colcon_core.environment:create_environment_scripts_only(ar_action)
[1.106s] Level 1:colcon.colcon_core.environment:checking '/home/hans/ar/install/ar_action' for CMake module files
[1.106s] DEBUG:colcon.colcon_core.event_handler.log_command:Invoked command in '/home/hans/ar/build/ar_action' returned '0': CMAKE_PREFIX_PATH=${CMAKE_PREFIX_PATH}:/opt/ros/humble /usr/bin/cmake --install /home/hans/ar/build/ar_action
[1.107s] Level 1:colcon.colcon_core.environment:checking '/home/hans/ar/install/ar_action' for CMake config files
[1.107s] Level 1:colcon.colcon_core.shell:create_environment_hook('ar_action', 'cmake_prefix_path')
[1.107s] INFO:colcon.colcon_core.shell:Creating environment hook '/home/hans/ar/install/ar_action/share/ar_action/hook/cmake_prefix_path.ps1'
[1.108s] INFO:colcon.colcon_core.shell:Creating environment descriptor '/home/hans/ar/install/ar_action/share/ar_action/hook/cmake_prefix_path.dsv'
[1.108s] INFO:colcon.colcon_core.shell:Creating environment hook '/home/hans/ar/install/ar_action/share/ar_action/hook/cmake_prefix_path.sh'
[1.109s] Level 1:colcon.colcon_core.environment:checking '/home/hans/ar/install/ar_action/lib'
[1.110s] Level 1:colcon.colcon_core.shell:create_environment_hook('ar_action', 'ld_library_path_lib')
[1.110s] INFO:colcon.colcon_core.shell:Creating environment hook '/home/hans/ar/install/ar_action/share/ar_action/hook/ld_library_path_lib.ps1'
[1.111s] INFO:colcon.colcon_core.shell:Creating environment descriptor '/home/hans/ar/install/ar_action/share/ar_action/hook/ld_library_path_lib.dsv'
[1.112s] INFO:colcon.colcon_core.shell:Creating environment hook '/home/hans/ar/install/ar_action/share/ar_action/hook/ld_library_path_lib.sh'
[1.113s] Level 1:colcon.colcon_core.environment:checking '/home/hans/ar/install/ar_action/bin'
[1.113s] Level 1:colcon.colcon_core.environment:checking '/home/hans/ar/install/ar_action/lib/pkgconfig/ar_action.pc'
[1.113s] Level 1:colcon.colcon_core.environment:checking '/home/hans/ar/install/ar_action/lib/python3.10/site-packages'
[1.113s] Level 1:colcon.colcon_core.environment:checking '/home/hans/ar/install/ar_action/bin'
[1.114s] INFO:colcon.colcon_core.shell:Creating package script '/home/hans/ar/install/ar_action/share/ar_action/package.ps1'
[1.114s] INFO:colcon.colcon_core.shell:Creating package descriptor '/home/hans/ar/install/ar_action/share/ar_action/package.dsv'
[1.115s] INFO:colcon.colcon_core.shell:Creating package script '/home/hans/ar/install/ar_action/share/ar_action/package.sh'
[1.116s] INFO:colcon.colcon_core.shell:Creating package script '/home/hans/ar/install/ar_action/share/ar_action/package.bash'
[1.116s] INFO:colcon.colcon_core.shell:Creating package script '/home/hans/ar/install/ar_action/share/ar_action/package.zsh'
[1.117s] Level 1:colcon.colcon_core.environment:create_file_with_runtime_dependencies(/home/hans/ar/install/ar_action/share/colcon-core/packages/ar_action)
[1.118s] Level 1:colcon.colcon_core.environment:create_environment_scripts_only(ar_action)
[1.118s] Level 1:colcon.colcon_core.environment:checking '/home/hans/ar/install/ar_action' for CMake module files
[1.119s] Level 1:colcon.colcon_core.environment:checking '/home/hans/ar/install/ar_action' for CMake config files
[1.120s] Level 1:colcon.colcon_core.shell:create_environment_hook('ar_action', 'cmake_prefix_path')
[1.120s] INFO:colcon.colcon_core.shell:Creating environment hook '/home/hans/ar/install/ar_action/share/ar_action/hook/cmake_prefix_path.ps1'
[1.120s] INFO:colcon.colcon_core.shell:Creating environment descriptor '/home/hans/ar/install/ar_action/share/ar_action/hook/cmake_prefix_path.dsv'
[1.120s] INFO:colcon.colcon_core.shell:Creating environment hook '/home/hans/ar/install/ar_action/share/ar_action/hook/cmake_prefix_path.sh'
[1.121s] Level 1:colcon.colcon_core.environment:checking '/home/hans/ar/install/ar_action/lib'
[1.121s] Level 1:colcon.colcon_core.shell:create_environment_hook('ar_action', 'ld_library_path_lib')
[1.122s] INFO:colcon.colcon_core.shell:Creating environment hook '/home/hans/ar/install/ar_action/share/ar_action/hook/ld_library_path_lib.ps1'
[1.122s] INFO:colcon.colcon_core.shell:Creating environment descriptor '/home/hans/ar/install/ar_action/share/ar_action/hook/ld_library_path_lib.dsv'
[1.122s] INFO:colcon.colcon_core.shell:Creating environment hook '/home/hans/ar/install/ar_action/share/ar_action/hook/ld_library_path_lib.sh'
[1.123s] Level 1:colcon.colcon_core.environment:checking '/home/hans/ar/install/ar_action/bin'
[1.123s] Level 1:colcon.colcon_core.environment:checking '/home/hans/ar/install/ar_action/lib/pkgconfig/ar_action.pc'
[1.123s] Level 1:colcon.colcon_core.environment:checking '/home/hans/ar/install/ar_action/lib/python3.10/site-packages'
[1.123s] Level 1:colcon.colcon_core.environment:checking '/home/hans/ar/install/ar_action/bin'
[1.123s] INFO:colcon.colcon_core.shell:Creating package script '/home/hans/ar/install/ar_action/share/ar_action/package.ps1'
[1.124s] INFO:colcon.colcon_core.shell:Creating package descriptor '/home/hans/ar/install/ar_action/share/ar_action/package.dsv'
[1.124s] INFO:colcon.colcon_core.shell:Creating package script '/home/hans/ar/install/ar_action/share/ar_action/package.sh'
[1.125s] INFO:colcon.colcon_core.shell:Creating package script '/home/hans/ar/install/ar_action/share/ar_action/package.bash'
[1.125s] INFO:colcon.colcon_core.shell:Creating package script '/home/hans/ar/install/ar_action/share/ar_action/package.zsh'
[1.125s] Level 1:colcon.colcon_core.environment:create_file_with_runtime_dependencies(/home/hans/ar/install/ar_action/share/colcon-core/packages/ar_action)
[1.126s] Level 1:colcon.colcon_core.environment:create_environment_scripts_only(ar_msgs)
[1.127s] Level 1:colcon.colcon_core.environment:checking '/home/hans/ar/install/ar_msgs' for CMake module files
[1.128s] DEBUG:colcon.colcon_core.event_handler.log_command:Invoked command in '/home/hans/ar/build/ar_msgs' returned '0': CMAKE_PREFIX_PATH=${CMAKE_PREFIX_PATH}:/opt/ros/humble /usr/bin/cmake --install /home/hans/ar/build/ar_msgs
[1.128s] Level 1:colcon.colcon_core.environment:checking '/home/hans/ar/install/ar_msgs' for CMake config files
[1.128s] Level 1:colcon.colcon_core.shell:create_environment_hook('ar_msgs', 'cmake_prefix_path')
[1.128s] INFO:colcon.colcon_core.shell:Creating environment hook '/home/hans/ar/install/ar_msgs/share/ar_msgs/hook/cmake_prefix_path.ps1'
[1.129s] INFO:colcon.colcon_core.shell:Creating environment descriptor '/home/hans/ar/install/ar_msgs/share/ar_msgs/hook/cmake_prefix_path.dsv'
[1.129s] INFO:colcon.colcon_core.shell:Creating environment hook '/home/hans/ar/install/ar_msgs/share/ar_msgs/hook/cmake_prefix_path.sh'
[1.130s] Level 1:colcon.colcon_core.environment:checking '/home/hans/ar/install/ar_msgs/lib'
[1.130s] Level 1:colcon.colcon_core.shell:create_environment_hook('ar_msgs', 'ld_library_path_lib')
[1.130s] INFO:colcon.colcon_core.shell:Creating environment hook '/home/hans/ar/install/ar_msgs/share/ar_msgs/hook/ld_library_path_lib.ps1'
[1.130s] INFO:colcon.colcon_core.shell:Creating environment descriptor '/home/hans/ar/install/ar_msgs/share/ar_msgs/hook/ld_library_path_lib.dsv'
[1.131s] INFO:colcon.colcon_core.shell:Creating environment hook '/home/hans/ar/install/ar_msgs/share/ar_msgs/hook/ld_library_path_lib.sh'
[1.131s] Level 1:colcon.colcon_core.environment:checking '/home/hans/ar/install/ar_msgs/bin'
[1.131s] Level 1:colcon.colcon_core.environment:checking '/home/hans/ar/install/ar_msgs/lib/pkgconfig/ar_msgs.pc'
[1.131s] Level 1:colcon.colcon_core.environment:checking '/home/hans/ar/install/ar_msgs/lib/python3.10/site-packages'
[1.131s] Level 1:colcon.colcon_core.environment:checking '/home/hans/ar/install/ar_msgs/bin'
[1.132s] INFO:colcon.colcon_core.shell:Creating package script '/home/hans/ar/install/ar_msgs/share/ar_msgs/package.ps1'
[1.132s] INFO:colcon.colcon_core.shell:Creating package descriptor '/home/hans/ar/install/ar_msgs/share/ar_msgs/package.dsv'
[1.132s] INFO:colcon.colcon_core.shell:Creating package script '/home/hans/ar/install/ar_msgs/share/ar_msgs/package.sh'
[1.133s] INFO:colcon.colcon_core.shell:Creating package script '/home/hans/ar/install/ar_msgs/share/ar_msgs/package.bash'
[1.133s] INFO:colcon.colcon_core.shell:Creating package script '/home/hans/ar/install/ar_msgs/share/ar_msgs/package.zsh'
[1.134s] Level 1:colcon.colcon_core.environment:create_file_with_runtime_dependencies(/home/hans/ar/install/ar_msgs/share/colcon-core/packages/ar_msgs)
[1.134s] Level 1:colcon.colcon_core.environment:create_environment_scripts_only(ar_msgs)
[1.134s] Level 1:colcon.colcon_core.environment:checking '/home/hans/ar/install/ar_msgs' for CMake module files
[1.135s] Level 1:colcon.colcon_core.environment:checking '/home/hans/ar/install/ar_msgs' for CMake config files
[1.135s] Level 1:colcon.colcon_core.shell:create_environment_hook('ar_msgs', 'cmake_prefix_path')
[1.135s] INFO:colcon.colcon_core.shell:Creating environment hook '/home/hans/ar/install/ar_msgs/share/ar_msgs/hook/cmake_prefix_path.ps1'
[1.136s] INFO:colcon.colcon_core.shell:Creating environment descriptor '/home/hans/ar/install/ar_msgs/share/ar_msgs/hook/cmake_prefix_path.dsv'
[1.136s] INFO:colcon.colcon_core.shell:Creating environment hook '/home/hans/ar/install/ar_msgs/share/ar_msgs/hook/cmake_prefix_path.sh'
[1.137s] Level 1:colcon.colcon_core.environment:checking '/home/hans/ar/install/ar_msgs/lib'
[1.137s] Level 1:colcon.colcon_core.shell:create_environment_hook('ar_msgs', 'ld_library_path_lib')
[1.137s] INFO:colcon.colcon_core.shell:Creating environment hook '/home/hans/ar/install/ar_msgs/share/ar_msgs/hook/ld_library_path_lib.ps1'
[1.137s] INFO:colcon.colcon_core.shell:Creating environment descriptor '/home/hans/ar/install/ar_msgs/share/ar_msgs/hook/ld_library_path_lib.dsv'
[1.138s] INFO:colcon.colcon_core.shell:Creating environment hook '/home/hans/ar/install/ar_msgs/share/ar_msgs/hook/ld_library_path_lib.sh'
[1.138s] Level 1:colcon.colcon_core.environment:checking '/home/hans/ar/install/ar_msgs/bin'
[1.138s] Level 1:colcon.colcon_core.environment:checking '/home/hans/ar/install/ar_msgs/lib/pkgconfig/ar_msgs.pc'
[1.138s] Level 1:colcon.colcon_core.environment:checking '/home/hans/ar/install/ar_msgs/lib/python3.10/site-packages'
[1.138s] Level 1:colcon.colcon_core.environment:checking '/home/hans/ar/install/ar_msgs/bin'
[1.139s] INFO:colcon.colcon_core.shell:Creating package script '/home/hans/ar/install/ar_msgs/share/ar_msgs/package.ps1'
[1.139s] INFO:colcon.colcon_core.shell:Creating package descriptor '/home/hans/ar/install/ar_msgs/share/ar_msgs/package.dsv'
[1.140s] INFO:colcon.colcon_core.shell:Creating package script '/home/hans/ar/install/ar_msgs/share/ar_msgs/package.sh'
[1.140s] INFO:colcon.colcon_core.shell:Creating package script '/home/hans/ar/install/ar_msgs/share/ar_msgs/package.bash'
[1.141s] INFO:colcon.colcon_core.shell:Creating package script '/home/hans/ar/install/ar_msgs/share/ar_msgs/package.zsh'
[1.141s] Level 1:colcon.colcon_core.environment:create_file_with_runtime_dependencies(/home/hans/ar/install/ar_msgs/share/colcon-core/packages/ar_msgs)
[4.747s] DEBUG:colcon.colcon_core.event_handler.log_command:Invoked command in '/home/hans/ar/build/ar_computation' returned '0': CMAKE_PREFIX_PATH=/home/hans/ar/install/ar_utils:/home/hans/ar/install/ar_computation:/home/hans/ar/install/ar_msgs:/opt/ros/humble /usr/bin/cmake --build /home/hans/ar/build/ar_computation -- -j12 -l12
[4.748s] DEBUG:colcon.colcon_core.event_handler.log_command:Invoking command in '/home/hans/ar/build/ar_computation': CMAKE_PREFIX_PATH=/home/hans/ar/install/ar_utils:/home/hans/ar/install/ar_computation:/home/hans/ar/install/ar_msgs:/opt/ros/humble /usr/bin/cmake --install /home/hans/ar/build/ar_computation
[4.762s] Level 1:colcon.colcon_core.environment:create_environment_scripts_only(ar_computation)
[4.762s] Level 1:colcon.colcon_core.environment:checking '/home/hans/ar/install/ar_computation' for CMake module files
[4.762s] DEBUG:colcon.colcon_core.event_handler.log_command:Invoked command in '/home/hans/ar/build/ar_computation' returned '0': CMAKE_PREFIX_PATH=/home/hans/ar/install/ar_utils:/home/hans/ar/install/ar_computation:/home/hans/ar/install/ar_msgs:/opt/ros/humble /usr/bin/cmake --install /home/hans/ar/build/ar_computation
[4.763s] Level 1:colcon.colcon_core.environment:checking '/home/hans/ar/install/ar_computation' for CMake config files
[4.763s] Level 1:colcon.colcon_core.shell:create_environment_hook('ar_computation', 'cmake_prefix_path')
[4.763s] INFO:colcon.colcon_core.shell:Creating environment hook '/home/hans/ar/install/ar_computation/share/ar_computation/hook/cmake_prefix_path.ps1'
[4.764s] INFO:colcon.colcon_core.shell:Creating environment descriptor '/home/hans/ar/install/ar_computation/share/ar_computation/hook/cmake_prefix_path.dsv'
[4.764s] INFO:colcon.colcon_core.shell:Creating environment hook '/home/hans/ar/install/ar_computation/share/ar_computation/hook/cmake_prefix_path.sh'
[4.764s] Level 1:colcon.colcon_core.environment:checking '/home/hans/ar/install/ar_computation/bin'
[4.764s] Level 1:colcon.colcon_core.environment:checking '/home/hans/ar/install/ar_computation/lib/pkgconfig/ar_computation.pc'
[4.764s] Level 1:colcon.colcon_core.environment:checking '/home/hans/ar/install/ar_computation/lib/python3.10/site-packages'
[4.765s] Level 1:colcon.colcon_core.environment:checking '/home/hans/ar/install/ar_computation/bin'
[4.765s] INFO:colcon.colcon_core.shell:Creating package script '/home/hans/ar/install/ar_computation/share/ar_computation/package.ps1'
[4.765s] INFO:colcon.colcon_core.shell:Creating package descriptor '/home/hans/ar/install/ar_computation/share/ar_computation/package.dsv'
[4.766s] INFO:colcon.colcon_core.shell:Creating package script '/home/hans/ar/install/ar_computation/share/ar_computation/package.sh'
[4.766s] INFO:colcon.colcon_core.shell:Creating package script '/home/hans/ar/install/ar_computation/share/ar_computation/package.bash'
[4.766s] INFO:colcon.colcon_core.shell:Creating package script '/home/hans/ar/install/ar_computation/share/ar_computation/package.zsh'
[4.766s] Level 1:colcon.colcon_core.environment:create_file_with_runtime_dependencies(/home/hans/ar/install/ar_computation/share/colcon-core/packages/ar_computation)
[4.767s] Level 1:colcon.colcon_core.environment:create_environment_scripts_only(ar_computation)
[4.767s] Level 1:colcon.colcon_core.environment:checking '/home/hans/ar/install/ar_computation' for CMake module files
[4.767s] Level 1:colcon.colcon_core.environment:checking '/home/hans/ar/install/ar_computation' for CMake config files
[4.767s] Level 1:colcon.colcon_core.shell:create_environment_hook('ar_computation', 'cmake_prefix_path')
[4.767s] INFO:colcon.colcon_core.shell:Creating environment hook '/home/hans/ar/install/ar_computation/share/ar_computation/hook/cmake_prefix_path.ps1'
[4.768s] INFO:colcon.colcon_core.shell:Creating environment descriptor '/home/hans/ar/install/ar_computation/share/ar_computation/hook/cmake_prefix_path.dsv'
[4.768s] INFO:colcon.colcon_core.shell:Creating environment hook '/home/hans/ar/install/ar_computation/share/ar_computation/hook/cmake_prefix_path.sh'
[4.769s] Level 1:colcon.colcon_core.environment:checking '/home/hans/ar/install/ar_computation/bin'
[4.769s] Level 1:colcon.colcon_core.environment:checking '/home/hans/ar/install/ar_computation/lib/pkgconfig/ar_computation.pc'
[4.769s] Level 1:colcon.colcon_core.environment:checking '/home/hans/ar/install/ar_computation/lib/python3.10/site-packages'
[4.769s] Level 1:colcon.colcon_core.environment:checking '/home/hans/ar/install/ar_computation/bin'
[4.769s] INFO:colcon.colcon_core.shell:Creating package script '/home/hans/ar/install/ar_computation/share/ar_computation/package.ps1'
[4.769s] INFO:colcon.colcon_core.shell:Creating package descriptor '/home/hans/ar/install/ar_computation/share/ar_computation/package.dsv'
[4.770s] INFO:colcon.colcon_core.shell:Creating package script '/home/hans/ar/install/ar_computation/share/ar_computation/package.sh'
[4.770s] INFO:colcon.colcon_core.shell:Creating package script '/home/hans/ar/install/ar_computation/share/ar_computation/package.bash'
[4.770s] INFO:colcon.colcon_core.shell:Creating package script '/home/hans/ar/install/ar_computation/share/ar_computation/package.zsh'
[4.770s] Level 1:colcon.colcon_core.environment:create_file_with_runtime_dependencies(/home/hans/ar/install/ar_computation/share/colcon-core/packages/ar_computation)
[4.771s] DEBUG:colcon.colcon_parallel_executor.executor.parallel:closing loop
[4.771s] DEBUG:colcon.colcon_parallel_executor.executor.parallel:loop closed
[4.771s] DEBUG:colcon.colcon_parallel_executor.executor.parallel:run_until_complete finished with '0'
[4.771s] DEBUG:colcon.colcon_core.event_reactor:joining thread
[4.775s] INFO:colcon.colcon_core.plugin_system:Skipping extension 'colcon_notification.desktop_notification.terminal_notifier': Not used on non-Darwin systems
[4.775s] INFO:colcon.colcon_core.plugin_system:Skipping extension 'colcon_notification.desktop_notification.win32': Not used on non-Windows systems
[4.775s] INFO:colcon.colcon_notification.desktop_notification:Sending desktop notification using 'notify2'
[4.782s] DEBUG:colcon.colcon_core.event_reactor:joined thread
[4.783s] INFO:colcon.colcon_core.shell:Creating prefix script '/home/hans/ar/install/local_setup.ps1'
[4.784s] INFO:colcon.colcon_core.shell:Creating prefix util module '/home/hans/ar/install/_local_setup_util_ps1.py'
[4.785s] INFO:colcon.colcon_core.shell:Creating prefix chain script '/home/hans/ar/install/setup.ps1'
[4.786s] INFO:colcon.colcon_core.shell:Creating prefix script '/home/hans/ar/install/local_setup.sh'
[4.787s] INFO:colcon.colcon_core.shell:Creating prefix util module '/home/hans/ar/install/_local_setup_util_sh.py'
[4.787s] INFO:colcon.colcon_core.shell:Creating prefix chain script '/home/hans/ar/install/setup.sh'
[4.788s] INFO:colcon.colcon_core.shell:Creating prefix script '/home/hans/ar/install/local_setup.bash'
[4.788s] INFO:colcon.colcon_core.shell:Creating prefix chain script '/home/hans/ar/install/setup.bash'
[4.789s] INFO:colcon.colcon_core.shell:Creating prefix script '/home/hans/ar/install/local_setup.zsh'
[4.790s] INFO:colcon.colcon_core.shell:Creating prefix chain script '/home/hans/ar/install/setup.zsh'
