[0.030s] Invoking command in '/home/hans/ar/build/ar_control': AMENT_PREFIX_PATH=/home/hans/ar/install/master:/home/hans/ar/install/ar_utils:/home/hans/ar/install/ar_comm:${AMENT_PREFIX_PATH} CMAKE_PREFIX_PATH=/home/hans/ar/install/master:/home/hans/ar/install/ar_utils:/home/hans/ar/install/ar_comm:/opt/ros/humble LD_LIBRARY_PATH=/home/hans/ar/install/ar_utils/lib:${LD_LIBRARY_PATH} /usr/bin/cmake --build /home/hans/ar/build/ar_control -- -j12 -l12
[0.069s] -- Found ament_cmake: 1.3.11 (/opt/ros/humble/share/ament_cmake/cmake)
[0.199s] -- Found moveit_common: 2.5.9 (/opt/ros/humble/share/moveit_common/cmake)
[0.252s] [0mar_control: You did not request a specific build type: Choosing 'Release' for maximum performance[0m
[0.252s] -- Found hardware_interface: 2.50.0 (/opt/ros/humble/share/hardware_interface/cmake)
[0.271s] -- Found rosidl_generator_c: 3.1.6 (/opt/ros/humble/share/rosidl_generator_c/cmake)
[0.273s] -- Found rosidl_adapter: 3.1.6 (/opt/ros/humble/share/rosidl_adapter/cmake)
[0.276s] -- Found rosidl_generator_cpp: 3.1.6 (/opt/ros/humble/share/rosidl_generator_cpp/cmake)
[0.282s] -- Using all available rosidl_typesupport_c: rosidl_typesupport_fastrtps_c;rosidl_typesupport_introspection_c
[0.290s] -- Using all available rosidl_typesupport_cpp: rosidl_typesupport_fastrtps_cpp;rosidl_typesupport_introspection_cpp
[0.409s] -- Found rmw_implementation_cmake: 6.1.2 (/opt/ros/humble/share/rmw_implementation_cmake/cmake)
[0.410s] -- Found rmw_fastrtps_cpp: 6.2.7 (/opt/ros/humble/share/rmw_fastrtps_cpp/cmake)
[0.422s] -- Found TinyXML2 via Config file: TinyXML2_DIR-NOTFOUND
[0.431s] -- Found TinyXML2 via Config file: TinyXML2_DIR-NOTFOUND
[0.447s] -- Found TinyXML2 via Config file: TinyXML2_DIR-NOTFOUND
[0.455s] -- Found TinyXML2 via Config file: TinyXML2_DIR-NOTFOUND
[0.467s] -- Using RMW implementation 'rmw_fastrtps_cpp' as default
[0.492s] -- Found rclcpp_action: 16.0.12 (/opt/ros/humble/share/rclcpp_action/cmake)
[0.497s] -- Found rclcpp_components: 16.0.12 (/opt/ros/humble/share/rclcpp_components/cmake)
[0.507s] -- Found yaml_cpp_vendor: 8.0.2 (/opt/ros/humble/share/yaml_cpp_vendor/cmake)
[0.507s] -- Found urdf: 2.6.1 (/opt/ros/humble/share/urdf/cmake)
[0.510s] -- Found ar_action: 0.0.0 (/home/hans/ar/install/ar_action/share/ar_action/cmake)
[0.534s] -- Found ar_comm: 0.0.0 (/home/hans/ar/install/ar_comm/share/ar_comm/cmake)
[0.535s] -- Found ar_utils: 0.0.0 (/home/hans/ar/install/ar_utils/share/ar_utils/cmake)
[0.548s] -- Found Boost: /usr/lib/x86_64-linux-gnu/cmake/Boost-1.74.0/BoostConfig.cmake (found version "1.74.0") found components: chrono date_time filesystem iostreams program_options regex serialization system thread 
[0.563s] -- Found parameter_traits: 0.4.0 (/opt/ros/humble/share/parameter_traits/cmake)
[0.571s] -- Found Boost: /usr/lib/x86_64-linux-gnu/cmake/Boost-1.74.0/BoostConfig.cmake (found version "1.74.0") found components: filesystem 
[0.605s] -- library: /usr/lib/x86_64-linux-gnu/libcurl.so
[0.630s] -- Ensuring Eigen3 include directory is part of orocos-kdl CMake target
[0.711s] -- Found pilz_industrial_motion_planner: 2.5.9 (/opt/ros/humble/share/pilz_industrial_motion_planner/cmake)
[0.719s] -- Found Boost: /usr/lib/x86_64-linux-gnu/cmake/Boost-1.74.0/BoostConfig.cmake (found version "1.74.0") found components: system filesystem date_time program_options thread 
[0.737s] -- Found Boost: /usr/lib/x86_64-linux-gnu/cmake/Boost-1.74.0/BoostConfig.cmake (found version "1.74.0") found components: system filesystem date_time program_options thread chrono 
[0.752s] -- Found Boost: /usr/lib/x86_64-linux-gnu/cmake/Boost-1.74.0/BoostConfig.cmake (found version "1.74.0") found components: date_time filesystem program_options system thread 
[0.760s] -- Found Boost: /usr/lib/x86_64-linux-gnu/cmake/Boost-1.74.0/BoostConfig.cmake (found version "1.74.0") found components: thread system filesystem regex date_time program_options 
[0.779s] -- Found moveit_planners: 2.5.9 (/opt/ros/humble/share/moveit_planners/cmake)
[0.781s] -- Found pcl_conversions: 2.4.5 (/opt/ros/humble/share/pcl_conversions/cmake)
[0.807s] -- Eigen found (include: /usr/include/eigen3, version: 3.4.0)
[0.832s] -- FLANN found (include: /usr/include, lib: /usr/lib/x86_64-linux-gnu/libflann_cpp.so)
[0.999s] -- OpenNI found (version: 1.5.4.0, include: /usr/include/ni, lib: /usr/lib/libOpenNI.so;libusb::libusb)
[1.006s] -- OpenNI2 found (version: 2.2.0.33, include: /usr/include/openni2, lib: /usr/lib/x86_64-linux-gnu/libOpenNI2.so;libusb::libusb)
[1.131s] -- Eigen found (include: /usr/include/eigen3, version: 3.4.0)
[1.139s] -- OpenNI found (version: 1.5.4.0, include: /usr/include/ni, lib: /usr/lib/libOpenNI.so;libusb::libusb)
[1.146s] -- OpenNI2 found (version: 2.2.0.33, include: /usr/include/openni2, lib: /usr/lib/x86_64-linux-gnu/libOpenNI2.so;libusb::libusb)
[1.255s] -- Found Qhull version 8.0.2
[1.376s] -- OpenNI found (version: 1.5.4.0, include: /usr/include/ni, lib: /usr/lib/libOpenNI.so;libusb::libusb)
[1.493s] -- Found octomap_ros: 0.4.4 (/opt/ros/humble/share/octomap_ros/cmake)
[1.534s] [31mCMake Error at /opt/ros/humble/share/pluginlib/cmake/pluginlib_export_plugin_description_file.cmake:84 (message):
[1.534s]   Given plugin description file
[1.534s]   '/home/hans/ar/ar_src/command/ar_control/tomo_control.xml' does not exist
[1.534s] Call Stack (most recent call first):
[1.534s]   CMakeLists.txt:167 (pluginlib_export_plugin_description_file)
[1.534s] 
[1.534s] [0m
[1.534s] -- Configuring incomplete, errors occurred!
[1.534s] See also "/home/hans/ar/build/ar_control/CMakeFiles/CMakeOutput.log".
[1.550s] gmake: *** [Makefile:441: cmake_check_build_system] Error 1
[1.552s] Invoked command in '/home/hans/ar/build/ar_control' returned '2': AMENT_PREFIX_PATH=/home/hans/ar/install/master:/home/hans/ar/install/ar_utils:/home/hans/ar/install/ar_comm:${AMENT_PREFIX_PATH} CMAKE_PREFIX_PATH=/home/hans/ar/install/master:/home/hans/ar/install/ar_utils:/home/hans/ar/install/ar_comm:/opt/ros/humble LD_LIBRARY_PATH=/home/hans/ar/install/ar_utils/lib:${LD_LIBRARY_PATH} /usr/bin/cmake --build /home/hans/ar/build/ar_control -- -j12 -l12
