[0.007s] Invoking command in '/home/hans/ar/build/ar_msgs': CMAKE_PREFIX_PATH=/opt/ros/humble /usr/bin/cmake /home/hans/ar/communication/messages/ar_msgs -DCMAKE_INSTALL_PREFIX=/home/hans/ar/install/ar_msgs
[0.017s] -- Found ament_cmake: 1.3.11 (/opt/ros/humble/share/ament_cmake/cmake)
[0.089s] -- Found rosidl_default_generators: 1.2.0 (/opt/ros/humble/share/rosidl_default_generators/cmake)
[0.090s] -- Using all available rosidl_typesupport_c: rosidl_typesupport_fastrtps_c;rosidl_typesupport_introspection_c
[0.091s] -- Found rosidl_adapter: 3.1.6 (/opt/ros/humble/share/rosidl_adapter/cmake)
[0.108s] -- Using all available rosidl_typesupport_cpp: rosidl_typesupport_fastrtps_cpp;rosidl_typesupport_introspection_cpp
[0.123s] -- Found std_msgs: 4.8.0 (/opt/ros/humble/share/std_msgs/cmake)
[0.135s] -- Found geometry_msgs: 4.8.0 (/opt/ros/humble/share/geometry_msgs/cmake)
[0.142s] -- Found sensor_msgs: 4.8.0 (/opt/ros/humble/share/sensor_msgs/cmake)
[0.151s] -- Found trajectory_msgs: 4.8.0 (/opt/ros/humble/share/trajectory_msgs/cmake)
[0.161s] -- Found actionlib_msgs: 4.8.0 (/opt/ros/humble/share/actionlib_msgs/cmake)
[0.169s] [31mCMake Error at /opt/ros/humble/share/rosidl_cmake/cmake/rosidl_generate_interfaces.cmake:59 (message):
[0.169s]   rosidl_generate_interfaces() called without any interface files
[0.169s] Call Stack (most recent call first):
[0.169s]   CMakeLists.txt:21 (rosidl_generate_interfaces)
[0.169s] 
[0.169s] [0m
[0.169s] -- Configuring incomplete, errors occurred!
[0.169s] See also "/home/hans/ar/build/ar_msgs/CMakeFiles/CMakeOutput.log".
[0.172s] Invoked command in '/home/hans/ar/build/ar_msgs' returned '1': CMAKE_PREFIX_PATH=/opt/ros/humble /usr/bin/cmake /home/hans/ar/communication/messages/ar_msgs -DCMAKE_INSTALL_PREFIX=/home/hans/ar/install/ar_msgs
