[0.033s] Invoking command in '/home/hans/ar/build/ar_action': CMAKE_PREFIX_PATH=/opt/ros/humble /usr/bin/cmake /home/hans/ar/ar_src/communication/messages/ar_action -DCMAKE_INSTALL_PREFIX=/home/hans/ar/install/ar_action
[0.335s] -- The C compiler identification is GNU 11.4.0
[0.503s] -- The CXX compiler identification is GNU 11.4.0
[0.520s] -- Detecting C compiler ABI info
[0.851s] -- Detecting C compiler ABI info - done
[0.857s] -- Check for working C compiler: /usr/bin/cc - skipped
[0.857s] -- Detecting C compile features
[0.858s] -- Detecting C compile features - done
[0.861s] -- Detecting CXX compiler ABI info
[1.290s] -- Detecting CXX compiler ABI info - done
[1.297s] -- Check for working CXX compiler: /usr/bin/c++ - skipped
[1.298s] -- Detecting CXX compile features
[1.298s] -- Detecting CXX compile features - done
[1.312s] -- Found ament_cmake: 1.3.11 (/opt/ros/humble/share/ament_cmake/cmake)
[1.553s] -- Found Python3: /usr/bin/python3 (found version "3.10.12") found components: Interpreter 
[1.678s] -- Found rosidl_default_generators: 1.2.0 (/opt/ros/humble/share/rosidl_default_generators/cmake)
[1.680s] -- Using all available rosidl_typesupport_c: rosidl_typesupport_fastrtps_c;rosidl_typesupport_introspection_c
[1.690s] -- Found rosidl_adapter: 3.1.6 (/opt/ros/humble/share/rosidl_adapter/cmake)
[1.738s] -- Using all available rosidl_typesupport_cpp: rosidl_typesupport_fastrtps_cpp;rosidl_typesupport_introspection_cpp
[1.770s] -- Found std_msgs: 4.8.0 (/opt/ros/humble/share/std_msgs/cmake)
[1.794s] -- Found actionlib_msgs: 4.8.0 (/opt/ros/humble/share/actionlib_msgs/cmake)
[1.808s] -- Found geometry_msgs: 4.8.0 (/opt/ros/humble/share/geometry_msgs/cmake)
[1.821s] -- Found sensor_msgs: 4.8.0 (/opt/ros/humble/share/sensor_msgs/cmake)
[1.839s] -- Found trajectory_msgs: 4.8.0 (/opt/ros/humble/share/trajectory_msgs/cmake)
[2.226s] -- Found ament_cmake_ros: 0.10.0 (/opt/ros/humble/share/ament_cmake_ros/cmake)
[2.584s] -- Using all available rosidl_typesupport_c: rosidl_typesupport_fastrtps_c;rosidl_typesupport_introspection_c
[3.217s] -- Using all available rosidl_typesupport_cpp: rosidl_typesupport_fastrtps_cpp;rosidl_typesupport_introspection_cpp
[3.246s] -- Found PythonInterp: /usr/bin/python3 (found suitable version "3.10.12", minimum required is "3.6") 
[3.249s] -- Found python_cmake_module: 0.10.0 (/opt/ros/humble/share/python_cmake_module/cmake)
[3.277s] -- Found PythonLibs: /usr/lib/x86_64-linux-gnu/libpython3.10.so (found suitable version "3.10.12", minimum required is "3.5") 
[3.277s] -- Using PYTHON_EXECUTABLE: /usr/bin/python3
[3.277s] -- Using PYTHON_INCLUDE_DIRS: /usr/include/python3.10
[3.277s] -- Using PYTHON_LIBRARIES: /usr/lib/x86_64-linux-gnu/libpython3.10.so
[3.301s] -- Found PythonExtra: .so  
[3.363s] -- Found ament_lint_auto: 0.12.12 (/opt/ros/humble/share/ament_lint_auto/cmake)
[3.380s] -- Added test 'copyright' to check source files copyright and LICENSE
[3.381s] -- Added test 'lint_cmake' to check CMake code style
[3.382s] -- Added test 'xmllint' to check XML markup files
[3.384s] -- Configuring done
[3.421s] -- Generating done
[3.433s] -- Build files have been written to: /home/hans/ar/build/ar_action
[3.449s] Invoked command in '/home/hans/ar/build/ar_action' returned '0': CMAKE_PREFIX_PATH=/opt/ros/humble /usr/bin/cmake /home/hans/ar/ar_src/communication/messages/ar_action -DCMAKE_INSTALL_PREFIX=/home/hans/ar/install/ar_action
[3.451s] Invoking command in '/home/hans/ar/build/ar_action': CMAKE_PREFIX_PATH=/opt/ros/humble /usr/bin/cmake --build /home/hans/ar/build/ar_action -- -j12 -l12
[3.565s] [  3%] [34m[1mGenerating C code for ROS interfaces[0m
[3.599s] [  6%] [34m[1mGenerating C++ code for ROS interfaces[0m
[3.626s] [  6%] Built target ament_cmake_python_copy_ar_action
[4.007s] running egg_info
[4.008s] creating ar_action.egg-info
[4.008s] writing ar_action.egg-info/PKG-INFO
[4.008s] writing dependency_links to ar_action.egg-info/dependency_links.txt
[4.008s] writing top-level names to ar_action.egg-info/top_level.txt
[4.008s] writing manifest file 'ar_action.egg-info/SOURCES.txt'
[4.014s] reading manifest file 'ar_action.egg-info/SOURCES.txt'
[4.014s] writing manifest file 'ar_action.egg-info/SOURCES.txt'
[4.114s] [  6%] Built target ament_cmake_python_build_ar_action_egg
[4.154s] [  6%] Built target ar_action__cpp
[4.218s] [  9%] [32mBuilding C object CMakeFiles/ar_action__rosidl_generator_c.dir/rosidl_generator_c/ar_action/action/detail/ar_control__functions.c.o[0m
[4.312s] [ 12%] [34m[1mGenerating C++ introspection for ROS interfaces[0m
[4.333s] [ 16%] [34m[1mGenerating C++ type support for eProsima Fast-RTPS[0m
[4.340s] [ 19%] [34m[1mGenerating C++ type support dispatch for ROS interfaces[0m
[4.953s] [ 22%] [32mBuilding CXX object CMakeFiles/ar_action__rosidl_typesupport_introspection_cpp.dir/rosidl_typesupport_introspection_cpp/ar_action/action/detail/ar_control__type_support.cpp.o[0m
[5.081s] [ 25%] [32mBuilding CXX object CMakeFiles/ar_action__rosidl_typesupport_cpp.dir/rosidl_typesupport_cpp/ar_action/action/ar_control__type_support.cpp.o[0m
[5.114s] [ 29%] [32m[1mLinking C shared library libar_action__rosidl_generator_c.so[0m
[5.223s] [ 32%] [32mBuilding CXX object CMakeFiles/ar_action__rosidl_typesupport_fastrtps_cpp.dir/rosidl_typesupport_fastrtps_cpp/ar_action/action/detail/dds_fastrtps/ar_control__type_support.cpp.o[0m
[5.370s] [ 32%] Built target ar_action__rosidl_generator_c
[5.506s] [ 35%] [34m[1mGenerating C type support for eProsima Fast-RTPS[0m
[5.543s] [ 38%] [34m[1mGenerating C type support dispatch for ROS interfaces[0m
[5.552s] [ 41%] [34m[1mGenerating C introspection for ROS interfaces[0m
[5.840s] [ 45%] [32m[1mLinking CXX shared library libar_action__rosidl_typesupport_cpp.so[0m
[6.087s] [ 45%] Built target ar_action__rosidl_typesupport_cpp
[6.154s] [ 48%] [32mBuilding CXX object CMakeFiles/ar_action__rosidl_typesupport_c.dir/rosidl_typesupport_c/ar_action/action/ar_control__type_support.cpp.o[0m
[6.222s] [ 51%] [32mBuilding CXX object CMakeFiles/ar_action__rosidl_typesupport_fastrtps_c.dir/rosidl_typesupport_fastrtps_c/ar_action/action/detail/ar_control__type_support_c.cpp.o[0m
[6.232s] [ 58%] [32mBuilding C object CMakeFiles/ar_action__rosidl_typesupport_introspection_c.dir/rosidl_typesupport_introspection_c/ar_action/action/detail/ar_control__type_support.c.o[0m
[6.232s] [ 58%] [32m[1mLinking CXX shared library libar_action__rosidl_typesupport_introspection_cpp.so[0m
[6.291s] [ 61%] [32m[1mLinking CXX shared library libar_action__rosidl_typesupport_fastrtps_cpp.so[0m
[6.295s] [ 64%] [32m[1mLinking CXX shared library libar_action__rosidl_typesupport_c.so[0m
[6.359s] [ 67%] [32m[1mLinking C shared library libar_action__rosidl_typesupport_introspection_c.so[0m
[6.385s] [ 67%] Built target ar_action__rosidl_typesupport_introspection_cpp
[6.397s] [ 67%] Built target ar_action__rosidl_typesupport_c
[6.425s] [ 67%] Built target ar_action__rosidl_typesupport_introspection_c
[6.431s] [ 67%] Built target ar_action__rosidl_typesupport_fastrtps_cpp
[6.764s] [ 70%] [32m[1mLinking CXX shared library libar_action__rosidl_typesupport_fastrtps_c.so[0m
[6.902s] [ 70%] Built target ar_action__rosidl_typesupport_fastrtps_c
[6.957s] [ 70%] Built target ar_action
[7.000s] [ 74%] [34m[1mGenerating Python code for ROS interfaces[0m
[7.608s] [ 74%] Built target ar_action__py
[7.646s] [ 77%] [32mBuilding C object CMakeFiles/ar_action__rosidl_generator_py.dir/rosidl_generator_py/ar_action/action/_ar_control_s.c.o[0m
[7.886s] [ 80%] [32m[1mLinking C shared library rosidl_generator_py/ar_action/libar_action__rosidl_generator_py.so[0m
[7.941s] [ 80%] Built target ar_action__rosidl_generator_py
[8.018s] [ 83%] [32mBuilding C object CMakeFiles/ar_action__rosidl_typesupport_introspection_c__pyext.dir/rosidl_generator_py/ar_action/_ar_action_s.ep.rosidl_typesupport_introspection_c.c.o[0m
[8.019s] [ 87%] [32mBuilding C object CMakeFiles/ar_action__rosidl_typesupport_fastrtps_c__pyext.dir/rosidl_generator_py/ar_action/_ar_action_s.ep.rosidl_typesupport_fastrtps_c.c.o[0m
[8.023s] [ 90%] [32mBuilding C object CMakeFiles/ar_action__rosidl_typesupport_c__pyext.dir/rosidl_generator_py/ar_action/_ar_action_s.ep.rosidl_typesupport_c.c.o[0m
[8.211s] [ 93%] [32m[1mLinking C shared library rosidl_generator_py/ar_action/ar_action_s__rosidl_typesupport_introspection_c.cpython-310-x86_64-linux-gnu.so[0m
[8.218s] [ 96%] [32m[1mLinking C shared library rosidl_generator_py/ar_action/ar_action_s__rosidl_typesupport_fastrtps_c.cpython-310-x86_64-linux-gnu.so[0m
[8.229s] [100%] [32m[1mLinking C shared library rosidl_generator_py/ar_action/ar_action_s__rosidl_typesupport_c.cpython-310-x86_64-linux-gnu.so[0m
[8.272s] [100%] Built target ar_action__rosidl_typesupport_introspection_c__pyext
[8.283s] [100%] Built target ar_action__rosidl_typesupport_fastrtps_c__pyext
[8.294s] [100%] Built target ar_action__rosidl_typesupport_c__pyext
[8.309s] Invoked command in '/home/hans/ar/build/ar_action' returned '0': CMAKE_PREFIX_PATH=/opt/ros/humble /usr/bin/cmake --build /home/hans/ar/build/ar_action -- -j12 -l12
[8.311s] Invoking command in '/home/hans/ar/build/ar_action': CMAKE_PREFIX_PATH=/opt/ros/humble /usr/bin/cmake --install /home/hans/ar/build/ar_action
[8.322s] -- Install configuration: "RelWithDebInfo"
[8.322s] -- Installing: /home/hans/ar/install/ar_action/share/ament_index/resource_index/rosidl_interfaces/ar_action
[8.322s] -- Installing: /home/hans/ar/install/ar_action/include/ar_action/ar_action
[8.322s] -- Installing: /home/hans/ar/install/ar_action/include/ar_action/ar_action/action
[8.322s] -- Installing: /home/hans/ar/install/ar_action/include/ar_action/ar_action/action/ar_control.h
[8.322s] -- Installing: /home/hans/ar/install/ar_action/include/ar_action/ar_action/action/detail
[8.323s] -- Installing: /home/hans/ar/install/ar_action/include/ar_action/ar_action/action/detail/ar_control__functions.c
[8.323s] -- Installing: /home/hans/ar/install/ar_action/include/ar_action/ar_action/action/detail/ar_control__functions.h
[8.323s] -- Installing: /home/hans/ar/install/ar_action/include/ar_action/ar_action/action/detail/ar_control__struct.h
[8.323s] -- Installing: /home/hans/ar/install/ar_action/include/ar_action/ar_action/action/detail/ar_control__type_support.h
[8.323s] -- Installing: /home/hans/ar/install/ar_action/include/ar_action/ar_action/msg
[8.323s] -- Installing: /home/hans/ar/install/ar_action/include/ar_action/ar_action/msg/rosidl_generator_c__visibility_control.h
[8.323s] -- Installing: /home/hans/ar/install/ar_action/share/ar_action/environment/library_path.sh
[8.323s] -- Installing: /home/hans/ar/install/ar_action/share/ar_action/environment/library_path.dsv
[8.324s] -- Installing: /home/hans/ar/install/ar_action/lib/libar_action__rosidl_generator_c.so
[8.324s] -- Set runtime path of "/home/hans/ar/install/ar_action/lib/libar_action__rosidl_generator_c.so" to ""
[8.324s] -- Up-to-date: /home/hans/ar/install/ar_action/include/ar_action/ar_action
[8.324s] -- Up-to-date: /home/hans/ar/install/ar_action/include/ar_action/ar_action/action
[8.324s] -- Up-to-date: /home/hans/ar/install/ar_action/include/ar_action/ar_action/action/detail
[8.324s] -- Installing: /home/hans/ar/install/ar_action/include/ar_action/ar_action/action/detail/ar_control__rosidl_typesupport_fastrtps_c.h
[8.324s] -- Up-to-date: /home/hans/ar/install/ar_action/include/ar_action/ar_action/msg
[8.324s] -- Installing: /home/hans/ar/install/ar_action/include/ar_action/ar_action/msg/rosidl_typesupport_fastrtps_c__visibility_control.h
[8.324s] -- Installing: /home/hans/ar/install/ar_action/lib/libar_action__rosidl_typesupport_fastrtps_c.so
[8.325s] -- Set runtime path of "/home/hans/ar/install/ar_action/lib/libar_action__rosidl_typesupport_fastrtps_c.so" to ""
[8.325s] -- Up-to-date: /home/hans/ar/install/ar_action/include/ar_action/ar_action
[8.325s] -- Up-to-date: /home/hans/ar/install/ar_action/include/ar_action/ar_action/action
[8.325s] -- Up-to-date: /home/hans/ar/install/ar_action/include/ar_action/ar_action/action/detail
[8.325s] -- Installing: /home/hans/ar/install/ar_action/include/ar_action/ar_action/action/detail/ar_control__type_support.c
[8.325s] -- Installing: /home/hans/ar/install/ar_action/include/ar_action/ar_action/action/detail/ar_control__rosidl_typesupport_introspection_c.h
[8.325s] -- Up-to-date: /home/hans/ar/install/ar_action/include/ar_action/ar_action/msg
[8.325s] -- Installing: /home/hans/ar/install/ar_action/include/ar_action/ar_action/msg/rosidl_typesupport_introspection_c__visibility_control.h
[8.325s] -- Installing: /home/hans/ar/install/ar_action/lib/libar_action__rosidl_typesupport_introspection_c.so
[8.326s] -- Set runtime path of "/home/hans/ar/install/ar_action/lib/libar_action__rosidl_typesupport_introspection_c.so" to ""
[8.326s] -- Installing: /home/hans/ar/install/ar_action/lib/libar_action__rosidl_typesupport_c.so
[8.326s] -- Set runtime path of "/home/hans/ar/install/ar_action/lib/libar_action__rosidl_typesupport_c.so" to ""
[8.326s] -- Up-to-date: /home/hans/ar/install/ar_action/include/ar_action/ar_action
[8.326s] -- Up-to-date: /home/hans/ar/install/ar_action/include/ar_action/ar_action/action
[8.326s] -- Up-to-date: /home/hans/ar/install/ar_action/include/ar_action/ar_action/action/detail
[8.326s] -- Installing: /home/hans/ar/install/ar_action/include/ar_action/ar_action/action/detail/ar_control__traits.hpp
[8.326s] -- Installing: /home/hans/ar/install/ar_action/include/ar_action/ar_action/action/detail/ar_control__type_support.hpp
[8.326s] -- Installing: /home/hans/ar/install/ar_action/include/ar_action/ar_action/action/detail/ar_control__builder.hpp
[8.327s] -- Installing: /home/hans/ar/install/ar_action/include/ar_action/ar_action/action/detail/ar_control__struct.hpp
[8.327s] -- Installing: /home/hans/ar/install/ar_action/include/ar_action/ar_action/action/ar_control.hpp
[8.327s] -- Up-to-date: /home/hans/ar/install/ar_action/include/ar_action/ar_action/msg
[8.327s] -- Installing: /home/hans/ar/install/ar_action/include/ar_action/ar_action/msg/rosidl_generator_cpp__visibility_control.hpp
[8.327s] -- Up-to-date: /home/hans/ar/install/ar_action/include/ar_action/ar_action
[8.327s] -- Up-to-date: /home/hans/ar/install/ar_action/include/ar_action/ar_action/action
[8.327s] -- Up-to-date: /home/hans/ar/install/ar_action/include/ar_action/ar_action/action/detail
[8.327s] -- Installing: /home/hans/ar/install/ar_action/include/ar_action/ar_action/action/detail/ar_control__rosidl_typesupport_fastrtps_cpp.hpp
[8.327s] -- Installing: /home/hans/ar/install/ar_action/include/ar_action/ar_action/action/detail/dds_fastrtps
[8.327s] -- Up-to-date: /home/hans/ar/install/ar_action/include/ar_action/ar_action/msg
[8.327s] -- Installing: /home/hans/ar/install/ar_action/include/ar_action/ar_action/msg/rosidl_typesupport_fastrtps_cpp__visibility_control.h
[8.327s] -- Installing: /home/hans/ar/install/ar_action/lib/libar_action__rosidl_typesupport_fastrtps_cpp.so
[8.328s] -- Set runtime path of "/home/hans/ar/install/ar_action/lib/libar_action__rosidl_typesupport_fastrtps_cpp.so" to ""
[8.329s] -- Up-to-date: /home/hans/ar/install/ar_action/include/ar_action/ar_action
[8.329s] -- Up-to-date: /home/hans/ar/install/ar_action/include/ar_action/ar_action/action
[8.329s] -- Up-to-date: /home/hans/ar/install/ar_action/include/ar_action/ar_action/action/detail
[8.329s] -- Installing: /home/hans/ar/install/ar_action/include/ar_action/ar_action/action/detail/ar_control__rosidl_typesupport_introspection_cpp.hpp
[8.329s] -- Installing: /home/hans/ar/install/ar_action/include/ar_action/ar_action/action/detail/ar_control__type_support.cpp
[8.329s] -- Installing: /home/hans/ar/install/ar_action/lib/libar_action__rosidl_typesupport_introspection_cpp.so
[8.330s] -- Set runtime path of "/home/hans/ar/install/ar_action/lib/libar_action__rosidl_typesupport_introspection_cpp.so" to ""
[8.330s] -- Installing: /home/hans/ar/install/ar_action/lib/libar_action__rosidl_typesupport_cpp.so
[8.330s] -- Set runtime path of "/home/hans/ar/install/ar_action/lib/libar_action__rosidl_typesupport_cpp.so" to ""
[8.330s] -- Installing: /home/hans/ar/install/ar_action/share/ar_action/environment/pythonpath.sh
[8.330s] -- Installing: /home/hans/ar/install/ar_action/share/ar_action/environment/pythonpath.dsv
[8.330s] -- Installing: /home/hans/ar/install/ar_action/local/lib/python3.10/dist-packages/ar_action-0.0.0-py3.10.egg-info
[8.330s] -- Installing: /home/hans/ar/install/ar_action/local/lib/python3.10/dist-packages/ar_action-0.0.0-py3.10.egg-info/top_level.txt
[8.331s] -- Installing: /home/hans/ar/install/ar_action/local/lib/python3.10/dist-packages/ar_action-0.0.0-py3.10.egg-info/PKG-INFO
[8.331s] -- Installing: /home/hans/ar/install/ar_action/local/lib/python3.10/dist-packages/ar_action-0.0.0-py3.10.egg-info/SOURCES.txt
[8.331s] -- Installing: /home/hans/ar/install/ar_action/local/lib/python3.10/dist-packages/ar_action-0.0.0-py3.10.egg-info/dependency_links.txt
[8.331s] -- Installing: /home/hans/ar/install/ar_action/local/lib/python3.10/dist-packages/ar_action
[8.331s] -- Installing: /home/hans/ar/install/ar_action/local/lib/python3.10/dist-packages/ar_action/ar_action_s__rosidl_typesupport_c.cpython-310-x86_64-linux-gnu.so
[8.331s] -- Installing: /home/hans/ar/install/ar_action/local/lib/python3.10/dist-packages/ar_action/action
[8.331s] -- Installing: /home/hans/ar/install/ar_action/local/lib/python3.10/dist-packages/ar_action/action/_ar_control.py
[8.331s] -- Installing: /home/hans/ar/install/ar_action/local/lib/python3.10/dist-packages/ar_action/action/_ar_control_s.c
[8.331s] -- Installing: /home/hans/ar/install/ar_action/local/lib/python3.10/dist-packages/ar_action/action/__init__.py
[8.332s] -- Installing: /home/hans/ar/install/ar_action/local/lib/python3.10/dist-packages/ar_action/_ar_action_s.ep.rosidl_typesupport_fastrtps_c.c
[8.332s] -- Installing: /home/hans/ar/install/ar_action/local/lib/python3.10/dist-packages/ar_action/ar_action_s__rosidl_typesupport_fastrtps_c.cpython-310-x86_64-linux-gnu.so
[8.332s] -- Installing: /home/hans/ar/install/ar_action/local/lib/python3.10/dist-packages/ar_action/__init__.py
[8.332s] -- Installing: /home/hans/ar/install/ar_action/local/lib/python3.10/dist-packages/ar_action/libar_action__rosidl_generator_py.so
[8.332s] -- Installing: /home/hans/ar/install/ar_action/local/lib/python3.10/dist-packages/ar_action/ar_action_s__rosidl_typesupport_introspection_c.cpython-310-x86_64-linux-gnu.so
[8.332s] -- Installing: /home/hans/ar/install/ar_action/local/lib/python3.10/dist-packages/ar_action/_ar_action_s.ep.rosidl_typesupport_introspection_c.c
[8.332s] -- Installing: /home/hans/ar/install/ar_action/local/lib/python3.10/dist-packages/ar_action/_ar_action_s.ep.rosidl_typesupport_c.c
[8.368s] Listing '/home/hans/ar/install/ar_action/local/lib/python3.10/dist-packages/ar_action'...
[8.368s] Compiling '/home/hans/ar/install/ar_action/local/lib/python3.10/dist-packages/ar_action/__init__.py'...
[8.368s] Listing '/home/hans/ar/install/ar_action/local/lib/python3.10/dist-packages/ar_action/action'...
[8.368s] Compiling '/home/hans/ar/install/ar_action/local/lib/python3.10/dist-packages/ar_action/action/__init__.py'...
[8.368s] Compiling '/home/hans/ar/install/ar_action/local/lib/python3.10/dist-packages/ar_action/action/_ar_control.py'...
[8.374s] -- Installing: /home/hans/ar/install/ar_action/local/lib/python3.10/dist-packages/ar_action/ar_action_s__rosidl_typesupport_fastrtps_c.cpython-310-x86_64-linux-gnu.so
[8.374s] -- Set runtime path of "/home/hans/ar/install/ar_action/local/lib/python3.10/dist-packages/ar_action/ar_action_s__rosidl_typesupport_fastrtps_c.cpython-310-x86_64-linux-gnu.so" to ""
[8.374s] -- Installing: /home/hans/ar/install/ar_action/local/lib/python3.10/dist-packages/ar_action/ar_action_s__rosidl_typesupport_introspection_c.cpython-310-x86_64-linux-gnu.so
[8.375s] -- Set runtime path of "/home/hans/ar/install/ar_action/local/lib/python3.10/dist-packages/ar_action/ar_action_s__rosidl_typesupport_introspection_c.cpython-310-x86_64-linux-gnu.so" to ""
[8.375s] -- Installing: /home/hans/ar/install/ar_action/local/lib/python3.10/dist-packages/ar_action/ar_action_s__rosidl_typesupport_c.cpython-310-x86_64-linux-gnu.so
[8.375s] -- Set runtime path of "/home/hans/ar/install/ar_action/local/lib/python3.10/dist-packages/ar_action/ar_action_s__rosidl_typesupport_c.cpython-310-x86_64-linux-gnu.so" to ""
[8.375s] -- Installing: /home/hans/ar/install/ar_action/lib/libar_action__rosidl_generator_py.so
[8.376s] -- Set runtime path of "/home/hans/ar/install/ar_action/lib/libar_action__rosidl_generator_py.so" to ""
[8.376s] -- Installing: /home/hans/ar/install/ar_action/share/ar_action/action/ArControl.idl
[8.376s] -- Installing: /home/hans/ar/install/ar_action/share/ar_action/action/ArControl.action
[8.376s] -- Installing: /home/hans/ar/install/ar_action/share/ament_index/resource_index/package_run_dependencies/ar_action
[8.376s] -- Installing: /home/hans/ar/install/ar_action/share/ament_index/resource_index/parent_prefix_path/ar_action
[8.376s] -- Installing: /home/hans/ar/install/ar_action/share/ar_action/environment/ament_prefix_path.sh
[8.376s] -- Installing: /home/hans/ar/install/ar_action/share/ar_action/environment/ament_prefix_path.dsv
[8.376s] -- Installing: /home/hans/ar/install/ar_action/share/ar_action/environment/path.sh
[8.376s] -- Installing: /home/hans/ar/install/ar_action/share/ar_action/environment/path.dsv
[8.377s] -- Installing: /home/hans/ar/install/ar_action/share/ar_action/local_setup.bash
[8.377s] -- Installing: /home/hans/ar/install/ar_action/share/ar_action/local_setup.sh
[8.377s] -- Installing: /home/hans/ar/install/ar_action/share/ar_action/local_setup.zsh
[8.377s] -- Installing: /home/hans/ar/install/ar_action/share/ar_action/local_setup.dsv
[8.377s] -- Installing: /home/hans/ar/install/ar_action/share/ar_action/package.dsv
[8.377s] -- Installing: /home/hans/ar/install/ar_action/share/ament_index/resource_index/packages/ar_action
[8.377s] -- Installing: /home/hans/ar/install/ar_action/share/ar_action/cmake/export_ar_action__rosidl_generator_cExport.cmake
[8.378s] -- Installing: /home/hans/ar/install/ar_action/share/ar_action/cmake/export_ar_action__rosidl_generator_cExport-relwithdebinfo.cmake
[8.378s] -- Installing: /home/hans/ar/install/ar_action/share/ar_action/cmake/export_ar_action__rosidl_typesupport_fastrtps_cExport.cmake
[8.378s] -- Installing: /home/hans/ar/install/ar_action/share/ar_action/cmake/export_ar_action__rosidl_typesupport_fastrtps_cExport-relwithdebinfo.cmake
[8.378s] -- Installing: /home/hans/ar/install/ar_action/share/ar_action/cmake/ar_action__rosidl_typesupport_introspection_cExport.cmake
[8.378s] -- Installing: /home/hans/ar/install/ar_action/share/ar_action/cmake/ar_action__rosidl_typesupport_introspection_cExport-relwithdebinfo.cmake
[8.378s] -- Installing: /home/hans/ar/install/ar_action/share/ar_action/cmake/ar_action__rosidl_typesupport_cExport.cmake
[8.378s] -- Installing: /home/hans/ar/install/ar_action/share/ar_action/cmake/ar_action__rosidl_typesupport_cExport-relwithdebinfo.cmake
[8.378s] -- Installing: /home/hans/ar/install/ar_action/share/ar_action/cmake/export_ar_action__rosidl_generator_cppExport.cmake
[8.379s] -- Installing: /home/hans/ar/install/ar_action/share/ar_action/cmake/export_ar_action__rosidl_typesupport_fastrtps_cppExport.cmake
[8.379s] -- Installing: /home/hans/ar/install/ar_action/share/ar_action/cmake/export_ar_action__rosidl_typesupport_fastrtps_cppExport-relwithdebinfo.cmake
[8.379s] -- Installing: /home/hans/ar/install/ar_action/share/ar_action/cmake/ar_action__rosidl_typesupport_introspection_cppExport.cmake
[8.379s] -- Installing: /home/hans/ar/install/ar_action/share/ar_action/cmake/ar_action__rosidl_typesupport_introspection_cppExport-relwithdebinfo.cmake
[8.379s] -- Installing: /home/hans/ar/install/ar_action/share/ar_action/cmake/ar_action__rosidl_typesupport_cppExport.cmake
[8.379s] -- Installing: /home/hans/ar/install/ar_action/share/ar_action/cmake/ar_action__rosidl_typesupport_cppExport-relwithdebinfo.cmake
[8.379s] -- Installing: /home/hans/ar/install/ar_action/share/ar_action/cmake/export_ar_action__rosidl_generator_pyExport.cmake
[8.379s] -- Installing: /home/hans/ar/install/ar_action/share/ar_action/cmake/export_ar_action__rosidl_generator_pyExport-relwithdebinfo.cmake
[8.380s] -- Installing: /home/hans/ar/install/ar_action/share/ar_action/cmake/rosidl_cmake-extras.cmake
[8.380s] -- Installing: /home/hans/ar/install/ar_action/share/ar_action/cmake/ament_cmake_export_dependencies-extras.cmake
[8.380s] -- Installing: /home/hans/ar/install/ar_action/share/ar_action/cmake/ament_cmake_export_include_directories-extras.cmake
[8.380s] -- Installing: /home/hans/ar/install/ar_action/share/ar_action/cmake/ament_cmake_export_libraries-extras.cmake
[8.380s] -- Installing: /home/hans/ar/install/ar_action/share/ar_action/cmake/ament_cmake_export_targets-extras.cmake
[8.380s] -- Installing: /home/hans/ar/install/ar_action/share/ar_action/cmake/rosidl_cmake_export_typesupport_targets-extras.cmake
[8.380s] -- Installing: /home/hans/ar/install/ar_action/share/ar_action/cmake/rosidl_cmake_export_typesupport_libraries-extras.cmake
[8.380s] -- Installing: /home/hans/ar/install/ar_action/share/ar_action/cmake/ar_actionConfig.cmake
[8.381s] -- Installing: /home/hans/ar/install/ar_action/share/ar_action/cmake/ar_actionConfig-version.cmake
[8.381s] -- Installing: /home/hans/ar/install/ar_action/share/ar_action/package.xml
[8.384s] Invoked command in '/home/hans/ar/build/ar_action' returned '0': CMAKE_PREFIX_PATH=/opt/ros/humble /usr/bin/cmake --install /home/hans/ar/build/ar_action
