[0.011s] Invoking command in '/home/hans/ar/build/ar_control': CMAKE_PREFIX_PATH=/home/hans/ar/install/master:/home/hans/ar/install/ar_utils:/home/hans/ar/install/ar_comm:/home/hans/ar/install/ar_scene:/home/hans/ar/install/ar_planner_interface:/home/hans/ar/install/ar_msgs:/home/hans/ar/install/ar_moveit_config:/home/hans/ar/install/ar_computation:/home/hans/ar/install/ar_action:/opt/ros/humble /usr/bin/cmake --build /home/hans/ar/build/ar_control -- -j12 -l12
[0.061s] [ 11%] [32mBuilding CXX object CMakeFiles/ar_control_server.dir/src/ar_control_server.cpp.o[0m
[0.061s] [ 11%] [32mBuilding CXX object CMakeFiles/ar_control_server.dir/src/ar_control_client.cpp.o[0m
[0.061s] [ 17%] [32mBuilding CXX object CMakeFiles/ar_control_client_server_test.dir/test/ar_control_client_server_test.cpp.o[0m
[0.061s] [ 23%] [32mBuilding CXX object CMakeFiles/ar_control_server.dir/src/ar_hardware_interface.cpp.o[0m
[0.061s] [ 29%] [32mBuilding CXX object CMakeFiles/ar_control.dir/src/ar_system.cpp.o[0m
[0.062s] [ 35%] [32mBuilding CXX object CMakeFiles/ar_control_server.dir/src/ar_system.cpp.o[0m
[0.064s] [ 41%] [32mBuilding CXX object CMakeFiles/ar_control.dir/src/ar_hardware_interface.cpp.o[0m
[0.064s] [ 47%] [32mBuilding CXX object CMakeFiles/ar_control_client.dir/src/ar_control_client.cpp.o[0m
[0.064s] [ 52%] [32mBuilding CXX object CMakeFiles/ar_control_client.dir/src/ar_hardware_interface.cpp.o[0m
[0.065s] [ 58%] [32mBuilding CXX object CMakeFiles/ar_control.dir/src/ar_control_client.cpp.o[0m
[0.066s] [ 64%] [32mBuilding CXX object CMakeFiles/ar_control_client.dir/src/ar_control_server.cpp.o[0m
[0.070s] [ 70%] [32mBuilding CXX object CMakeFiles/ar_control.dir/src/ar_control_server.cpp.o[0m
[0.076s] [01m[K/home/hans/ar/ar_src/command/ar_control/src/ar_system.cpp:15:10:[m[K [01;31m[Kfatal error: [m[Kar_control/ar_system.hpp: No such file or directory
[0.076s]    15 | #include [01;31m[K"ar_control/ar_system.hpp"[m[K
[0.076s]       |          [01;31m[K^~~~~~~~~~~~~~~~~~~~~~~~~~[m[K
[0.076s] compilation terminated.
[0.076s] [01m[K/home/hans/ar/ar_src/command/ar_control/src/ar_control_server.cpp:3:10:[m[K [01;31m[Kfatal error: [m[Kar_control/ar_control_server.h: No such file or directory
[0.076s]     3 | #include [01;31m[K<ar_control/ar_control_server.h>[m[K
[0.076s]       |          [01;31m[K^~~~~~~~~~~~~~~~~~~~~~~~~~~~~~~~[m[K
[0.076s] compilation terminated.
[0.076s] gmake[2]: *** [CMakeFiles/ar_control_server.dir/build.make:90: CMakeFiles/ar_control_server.dir/src/ar_control_server.cpp.o] Error 1
[0.076s] [01m[K/home/hans/ar/ar_src/command/ar_control/src/ar_hardware_interface.cpp:1:10:[m[K [01;31m[Kfatal error: [m[Kar_control/ar_hardware_interface.h: No such file or directory
[0.076s]     1 | #include [01;31m[K<ar_control/ar_hardware_interface.h>[m[K
[0.076s]       |          [01;31m[K^~~~~~~~~~~~~~~~~~~~~~~~~~~~~~~~~~~~[m[K
[0.076s] compilation terminated.
[0.076s] gmake[2]: *** [CMakeFiles/ar_control.dir/build.make:118: CMakeFiles/ar_control.dir/src/ar_system.cpp.o] Error 1
[0.076s] gmake[2]: *** Waiting for unfinished jobs....
[0.076s] [01m[K/home/hans/ar/ar_src/command/ar_control/src/ar_system.cpp:15:10:[m[K [01;31m[Kfatal error: [m[Kar_control/ar_system.hpp: No such file or directory
[0.076s]    15 | #include [01;31m[K"ar_control/ar_system.hpp"[m[K
[0.076s]       |          [01;31m[K^~~~~~~~~~~~~~~~~~~~~~~~~~[m[K
[0.076s] compilation terminated.
[0.077s] gmake[2]: *** Waiting for unfinished jobs....
[0.077s] [01m[K/home/hans/ar/ar_src/command/ar_control/src/ar_hardware_interface.cpp:1:10:[m[K [01;31m[Kfatal error: [m[Kar_control/ar_hardware_interface.h: No such file or directory
[0.077s]     1 | #include [01;31m[K<ar_control/ar_hardware_interface.h>[m[K
[0.077s]       |          [01;31m[K^~~~~~~~~~~~~~~~~~~~~~~~~~~~~~~~~~~~[m[K
[0.077s] gmake[2]: *** [CMakeFiles/ar_control_server.dir/build.make:104: CMakeFiles/ar_control_server.dir/src/ar_hardware_interface.cpp.o] Error 1
[0.077s] gmake[2]: *** [CMakeFiles/ar_control_server.dir/build.make:118: CMakeFiles/ar_control_server.dir/src/ar_system.cpp.o] Error 1
[0.077s] compilation terminated.
[0.080s] [01m[K/home/hans/ar/ar_src/command/ar_control/src/ar_control_server.cpp:3:10:[m[K [01;31m[Kfatal error: [m[Kar_control/ar_control_server.h: No such file or directory
[0.080s]     3 | #include [01;31m[K<ar_control/ar_control_server.h>[m[K
[0.080s]       |          [01;31m[K^~~~~~~~~~~~~~~~~~~~~~~~~~~~~~~~[m[K
[0.080s] compilation terminated.
[0.080s] [01m[K/home/hans/ar/ar_src/command/ar_control/src/ar_hardware_interface.cpp:1:10:[m[K [01;31m[Kfatal error: [m[Kar_control/ar_hardware_interface.h: No such file or directory
[0.080s]     1 | #include [01;31m[K<ar_control/ar_hardware_interface.h>[m[K
[0.080s]       |          [01;31m[K^~~~~~~~~~~~~~~~~~~~~~~~~~~~~~~~~~~~[m[K
[0.080s] compilation terminated.
[0.080s] gmake[2]: *** [CMakeFiles/ar_control_client.dir/build.make:90: CMakeFiles/ar_control_client.dir/src/ar_control_server.cpp.o] Error 1
[0.080s] gmake[2]: *** Waiting for unfinished jobs....
[0.080s] gmake[2]: *** [CMakeFiles/ar_control.dir/build.make:104: CMakeFiles/ar_control.dir/src/ar_hardware_interface.cpp.o] Error 1
[0.080s] [01m[K/home/hans/ar/ar_src/command/ar_control/src/ar_control_client.cpp:1:10:[m[K [01;31m[Kfatal error: [m[Kar_control/ar_control_client.h: No such file or directory
[0.080s]     1 | #include [01;31m[K<ar_control/ar_control_client.h>[m[K
[0.080s]       |          [01;31m[K^~~~~~~~~~~~~~~~~~~~~~~~~~~~~~~~[m[K
[0.080s] compilation terminated.
[0.081s] [01m[K/home/hans/ar/ar_src/command/ar_control/src/ar_control_client.cpp:1:10:[m[K [01;31m[Kfatal error: [m[Kar_control/ar_control_client.h: No such file or directory
[0.081s]     1 | #include [01;31m[K<ar_control/ar_control_client.h>[m[K
[0.081s]       |          [01;31m[K^~~~~~~~~~~~~~~~~~~~~~~~~~~~~~~~[m[K
[0.081s] compilation terminated.
[0.081s] gmake[2]: *** [CMakeFiles/ar_control_client.dir/build.make:104: CMakeFiles/ar_control_client.dir/src/ar_hardware_interface.cpp.o] Error 1
[0.081s] gmake[2]: *** [CMakeFiles/ar_control_client.dir/build.make:76: CMakeFiles/ar_control_client.dir/src/ar_control_client.cpp.o] Error 1
[0.081s] gmake[2]: *** [CMakeFiles/ar_control_server.dir/build.make:76: CMakeFiles/ar_control_server.dir/src/ar_control_client.cpp.o] Error 1
[0.081s] gmake[1]: *** [CMakeFiles/Makefile2:169: CMakeFiles/ar_control_server.dir/all] Error 2
[0.081s] gmake[1]: *** Waiting for unfinished jobs....
[0.081s] [01m[K/home/hans/ar/ar_src/command/ar_control/src/ar_control_server.cpp:3:10:[m[K [01;31m[Kfatal error: [m[Kar_control/ar_control_server.h: No such file or directory
[0.081s]     3 | #include [01;31m[K<ar_control/ar_control_server.h>[m[K
[0.081s]       |          [01;31m[K^~~~~~~~~~~~~~~~~~~~~~~~~~~~~~~~[m[K
[0.081s] compilation terminated.
[0.081s] gmake[2]: *** [CMakeFiles/ar_control.dir/build.make:90: CMakeFiles/ar_control.dir/src/ar_control_server.cpp.o] Error 1
[0.083s] [01m[K/home/hans/ar/ar_src/command/ar_control/src/ar_control_client.cpp:1:10:[m[K [01;31m[Kfatal error: [m[Kar_control/ar_control_client.h: No such file or directory
[0.083s]     1 | #include [01;31m[K<ar_control/ar_control_client.h>[m[K
[0.083s]       |          [01;31m[K^~~~~~~~~~~~~~~~~~~~~~~~~~~~~~~~[m[K
[0.083s] compilation terminated.
[0.083s] [ 76%] [32mBuilding CXX object CMakeFiles/ar_control_client.dir/src/ar_system.cpp.o[0m
[0.083s] gmake[2]: *** [CMakeFiles/ar_control.dir/build.make:76: CMakeFiles/ar_control.dir/src/ar_control_client.cpp.o] Error 1
[0.084s] gmake[1]: *** [CMakeFiles/Makefile2:143: CMakeFiles/ar_control.dir/all] Error 2
[0.091s] [01m[K/home/hans/ar/ar_src/command/ar_control/src/ar_system.cpp:15:10:[m[K [01;31m[Kfatal error: [m[Kar_control/ar_system.hpp: No such file or directory
[0.091s]    15 | #include [01;31m[K"ar_control/ar_system.hpp"[m[K
[0.091s]       |          [01;31m[K^~~~~~~~~~~~~~~~~~~~~~~~~~[m[K
[0.091s] compilation terminated.
[0.092s] gmake[2]: *** [CMakeFiles/ar_control_client.dir/build.make:118: CMakeFiles/ar_control_client.dir/src/ar_system.cpp.o] Error 1
[0.092s] gmake[1]: *** [CMakeFiles/Makefile2:195: CMakeFiles/ar_control_client.dir/all] Error 2
[0.356s] In file included from [01m[K/home/hans/ar/ar_src/command/ar_control/test/ar_control_client_server_test.cpp:1[m[K:
[0.356s] [01m[K/home/hans/ar/ar_src/command/ar_control/include/ar_control_client.h:15:10:[m[K [01;31m[Kfatal error: [m[Krclcpp_components/register_node_macro.hpp: No such file or directory
[0.356s]    15 | #include [01;31m[K"rclcpp_components/register_node_macro.hpp"[m[K
[0.356s]       |          [01;31m[K^~~~~~~~~~~~~~~~~~~~~~~~~~~~~~~~~~~~~~~~~~~[m[K
[0.356s] compilation terminated.
[0.367s] gmake[2]: *** [CMakeFiles/ar_control_client_server_test.dir/build.make:76: CMakeFiles/ar_control_client_server_test.dir/test/ar_control_client_server_test.cpp.o] Error 1
[0.367s] gmake[1]: *** [CMakeFiles/Makefile2:221: CMakeFiles/ar_control_client_server_test.dir/all] Error 2
[0.368s] gmake: *** [Makefile:146: all] Error 2
[0.372s] Invoked command in '/home/hans/ar/build/ar_control' returned '2': CMAKE_PREFIX_PATH=/home/hans/ar/install/master:/home/hans/ar/install/ar_utils:/home/hans/ar/install/ar_comm:/home/hans/ar/install/ar_scene:/home/hans/ar/install/ar_planner_interface:/home/hans/ar/install/ar_msgs:/home/hans/ar/install/ar_moveit_config:/home/hans/ar/install/ar_computation:/home/hans/ar/install/ar_action:/opt/ros/humble /usr/bin/cmake --build /home/hans/ar/build/ar_control -- -j12 -l12
