[0.023s] Invoking command in '/home/hans/ar/build/ar_msgs': CMAKE_PREFIX_PATH=/opt/ros/humble /usr/bin/cmake --build /home/hans/ar/build/ar_msgs -- -j12 -l12
[0.149s] [  9%] Built target ar_msgs__rosidl_generator_c
[0.152s] [ 12%] Built target ar_msgs__cpp
[0.162s] [ 12%] Built target ament_cmake_python_copy_ar_msgs
[0.298s] [ 22%] Built target ar_msgs__rosidl_typesupport_c
[0.300s] [ 32%] Built target ar_msgs__rosidl_typesupport_introspection_c
[0.306s] [ 41%] Built target ar_msgs__rosidl_typesupport_fastrtps_cpp
[0.307s] [ 51%] Built target ar_msgs__rosidl_typesupport_introspection_cpp
[0.309s] [ 61%] Built target ar_msgs__rosidl_typesupport_fastrtps_c
[0.314s] [ 70%] Built target ar_msgs__rosidl_typesupport_cpp
[0.375s] [ 70%] Built target ar_msgs
[0.465s] [ 74%] Built target ar_msgs__py
[0.482s] running egg_info
[0.483s] writing ar_msgs.egg-info/PKG-INFO
[0.483s] writing dependency_links to ar_msgs.egg-info/dependency_links.txt
[0.483s] writing top-level names to ar_msgs.egg-info/top_level.txt
[0.486s] reading manifest file 'ar_msgs.egg-info/SOURCES.txt'
[0.487s] writing manifest file 'ar_msgs.egg-info/SOURCES.txt'
[0.515s] [ 80%] Built target ar_msgs__rosidl_generator_py
[0.524s] [ 80%] Built target ament_cmake_python_build_ar_msgs_egg
[0.570s] [ 87%] Built target ar_msgs__rosidl_typesupport_fastrtps_c__pyext
[0.572s] [ 93%] Built target ar_msgs__rosidl_typesupport_c__pyext
[0.573s] [100%] Built target ar_msgs__rosidl_typesupport_introspection_c__pyext
[0.587s] Invoked command in '/home/hans/ar/build/ar_msgs' returned '0': CMAKE_PREFIX_PATH=/opt/ros/humble /usr/bin/cmake --build /home/hans/ar/build/ar_msgs -- -j12 -l12
[0.588s] Invoking command in '/home/hans/ar/build/ar_msgs': CMAKE_PREFIX_PATH=/opt/ros/humble /usr/bin/cmake --install /home/hans/ar/build/ar_msgs
[0.600s] -- Install configuration: ""
[0.600s] -- Up-to-date: /home/hans/ar/install/ar_msgs/share/ament_index/resource_index/rosidl_interfaces/ar_msgs
[0.600s] -- Up-to-date: /home/hans/ar/install/ar_msgs/include/ar_msgs/ar_msgs
[0.600s] -- Up-to-date: /home/hans/ar/install/ar_msgs/include/ar_msgs/ar_msgs/msg
[0.600s] -- Up-to-date: /home/hans/ar/install/ar_msgs/include/ar_msgs/ar_msgs/msg/detail
[0.600s] -- Up-to-date: /home/hans/ar/install/ar_msgs/include/ar_msgs/ar_msgs/msg/detail/joy__struct.h
[0.600s] -- Up-to-date: /home/hans/ar/install/ar_msgs/include/ar_msgs/ar_msgs/msg/detail/joy__type_support.h
[0.600s] -- Up-to-date: /home/hans/ar/install/ar_msgs/include/ar_msgs/ar_msgs/msg/detail/joy__functions.c
[0.600s] -- Up-to-date: /home/hans/ar/install/ar_msgs/include/ar_msgs/ar_msgs/msg/detail/joy__functions.h
[0.600s] -- Up-to-date: /home/hans/ar/install/ar_msgs/include/ar_msgs/ar_msgs/msg/rosidl_generator_c__visibility_control.h
[0.600s] -- Up-to-date: /home/hans/ar/install/ar_msgs/include/ar_msgs/ar_msgs/msg/joy.h
[0.600s] -- Up-to-date: /home/hans/ar/install/ar_msgs/share/ar_msgs/environment/library_path.sh
[0.600s] -- Up-to-date: /home/hans/ar/install/ar_msgs/share/ar_msgs/environment/library_path.dsv
[0.600s] -- Up-to-date: /home/hans/ar/install/ar_msgs/lib/libar_msgs__rosidl_generator_c.so
[0.600s] -- Up-to-date: /home/hans/ar/install/ar_msgs/include/ar_msgs/ar_msgs
[0.600s] -- Up-to-date: /home/hans/ar/install/ar_msgs/include/ar_msgs/ar_msgs/msg
[0.600s] -- Up-to-date: /home/hans/ar/install/ar_msgs/include/ar_msgs/ar_msgs/msg/detail
[0.601s] -- Up-to-date: /home/hans/ar/install/ar_msgs/include/ar_msgs/ar_msgs/msg/detail/joy__rosidl_typesupport_fastrtps_c.h
[0.601s] -- Up-to-date: /home/hans/ar/install/ar_msgs/include/ar_msgs/ar_msgs/msg/rosidl_typesupport_fastrtps_c__visibility_control.h
[0.601s] -- Up-to-date: /home/hans/ar/install/ar_msgs/lib/libar_msgs__rosidl_typesupport_fastrtps_c.so
[0.601s] -- Up-to-date: /home/hans/ar/install/ar_msgs/include/ar_msgs/ar_msgs
[0.601s] -- Up-to-date: /home/hans/ar/install/ar_msgs/include/ar_msgs/ar_msgs/msg
[0.601s] -- Up-to-date: /home/hans/ar/install/ar_msgs/include/ar_msgs/ar_msgs/msg/detail
[0.601s] -- Up-to-date: /home/hans/ar/install/ar_msgs/include/ar_msgs/ar_msgs/msg/detail/joy__rosidl_typesupport_introspection_c.h
[0.601s] -- Up-to-date: /home/hans/ar/install/ar_msgs/include/ar_msgs/ar_msgs/msg/detail/joy__type_support.c
[0.601s] -- Up-to-date: /home/hans/ar/install/ar_msgs/include/ar_msgs/ar_msgs/msg/rosidl_typesupport_introspection_c__visibility_control.h
[0.601s] -- Up-to-date: /home/hans/ar/install/ar_msgs/lib/libar_msgs__rosidl_typesupport_introspection_c.so
[0.601s] -- Up-to-date: /home/hans/ar/install/ar_msgs/lib/libar_msgs__rosidl_typesupport_c.so
[0.601s] -- Up-to-date: /home/hans/ar/install/ar_msgs/include/ar_msgs/ar_msgs
[0.601s] -- Up-to-date: /home/hans/ar/install/ar_msgs/include/ar_msgs/ar_msgs/msg
[0.601s] -- Up-to-date: /home/hans/ar/install/ar_msgs/include/ar_msgs/ar_msgs/msg/detail
[0.601s] -- Up-to-date: /home/hans/ar/install/ar_msgs/include/ar_msgs/ar_msgs/msg/detail/joy__struct.hpp
[0.601s] -- Up-to-date: /home/hans/ar/install/ar_msgs/include/ar_msgs/ar_msgs/msg/detail/joy__traits.hpp
[0.601s] -- Up-to-date: /home/hans/ar/install/ar_msgs/include/ar_msgs/ar_msgs/msg/detail/joy__type_support.hpp
[0.601s] -- Up-to-date: /home/hans/ar/install/ar_msgs/include/ar_msgs/ar_msgs/msg/detail/joy__builder.hpp
[0.601s] -- Up-to-date: /home/hans/ar/install/ar_msgs/include/ar_msgs/ar_msgs/msg/rosidl_generator_cpp__visibility_control.hpp
[0.601s] -- Up-to-date: /home/hans/ar/install/ar_msgs/include/ar_msgs/ar_msgs/msg/joy.hpp
[0.601s] -- Up-to-date: /home/hans/ar/install/ar_msgs/include/ar_msgs/ar_msgs
[0.602s] -- Up-to-date: /home/hans/ar/install/ar_msgs/include/ar_msgs/ar_msgs/msg
[0.602s] -- Up-to-date: /home/hans/ar/install/ar_msgs/include/ar_msgs/ar_msgs/msg/detail
[0.602s] -- Up-to-date: /home/hans/ar/install/ar_msgs/include/ar_msgs/ar_msgs/msg/detail/dds_fastrtps
[0.602s] -- Up-to-date: /home/hans/ar/install/ar_msgs/include/ar_msgs/ar_msgs/msg/detail/joy__rosidl_typesupport_fastrtps_cpp.hpp
[0.602s] -- Up-to-date: /home/hans/ar/install/ar_msgs/include/ar_msgs/ar_msgs/msg/rosidl_typesupport_fastrtps_cpp__visibility_control.h
[0.602s] -- Up-to-date: /home/hans/ar/install/ar_msgs/lib/libar_msgs__rosidl_typesupport_fastrtps_cpp.so
[0.602s] -- Up-to-date: /home/hans/ar/install/ar_msgs/include/ar_msgs/ar_msgs
[0.602s] -- Up-to-date: /home/hans/ar/install/ar_msgs/include/ar_msgs/ar_msgs/msg
[0.602s] -- Up-to-date: /home/hans/ar/install/ar_msgs/include/ar_msgs/ar_msgs/msg/detail
[0.602s] -- Up-to-date: /home/hans/ar/install/ar_msgs/include/ar_msgs/ar_msgs/msg/detail/joy__type_support.cpp
[0.602s] -- Up-to-date: /home/hans/ar/install/ar_msgs/include/ar_msgs/ar_msgs/msg/detail/joy__rosidl_typesupport_introspection_cpp.hpp
[0.602s] -- Up-to-date: /home/hans/ar/install/ar_msgs/lib/libar_msgs__rosidl_typesupport_introspection_cpp.so
[0.602s] -- Up-to-date: /home/hans/ar/install/ar_msgs/lib/libar_msgs__rosidl_typesupport_cpp.so
[0.602s] -- Up-to-date: /home/hans/ar/install/ar_msgs/share/ar_msgs/environment/pythonpath.sh
[0.602s] -- Up-to-date: /home/hans/ar/install/ar_msgs/share/ar_msgs/environment/pythonpath.dsv
[0.602s] -- Up-to-date: /home/hans/ar/install/ar_msgs/local/lib/python3.10/dist-packages/ar_msgs-0.0.0-py3.10.egg-info
[0.602s] -- Installing: /home/hans/ar/install/ar_msgs/local/lib/python3.10/dist-packages/ar_msgs-0.0.0-py3.10.egg-info/top_level.txt
[0.602s] -- Installing: /home/hans/ar/install/ar_msgs/local/lib/python3.10/dist-packages/ar_msgs-0.0.0-py3.10.egg-info/PKG-INFO
[0.602s] -- Installing: /home/hans/ar/install/ar_msgs/local/lib/python3.10/dist-packages/ar_msgs-0.0.0-py3.10.egg-info/SOURCES.txt
[0.603s] -- Installing: /home/hans/ar/install/ar_msgs/local/lib/python3.10/dist-packages/ar_msgs-0.0.0-py3.10.egg-info/dependency_links.txt
[0.603s] -- Up-to-date: /home/hans/ar/install/ar_msgs/local/lib/python3.10/dist-packages/ar_msgs
[0.603s] -- Up-to-date: /home/hans/ar/install/ar_msgs/local/lib/python3.10/dist-packages/ar_msgs/ar_msgs_s__rosidl_typesupport_c.cpython-310-x86_64-linux-gnu.so
[0.603s] -- Up-to-date: /home/hans/ar/install/ar_msgs/local/lib/python3.10/dist-packages/ar_msgs/_ar_msgs_s.ep.rosidl_typesupport_c.c
[0.603s] -- Up-to-date: /home/hans/ar/install/ar_msgs/local/lib/python3.10/dist-packages/ar_msgs/__init__.py
[0.603s] -- Up-to-date: /home/hans/ar/install/ar_msgs/local/lib/python3.10/dist-packages/ar_msgs/ar_msgs_s__rosidl_typesupport_fastrtps_c.cpython-310-x86_64-linux-gnu.so
[0.603s] -- Up-to-date: /home/hans/ar/install/ar_msgs/local/lib/python3.10/dist-packages/ar_msgs/libar_msgs__rosidl_generator_py.so
[0.603s] -- Up-to-date: /home/hans/ar/install/ar_msgs/local/lib/python3.10/dist-packages/ar_msgs/msg
[0.603s] -- Up-to-date: /home/hans/ar/install/ar_msgs/local/lib/python3.10/dist-packages/ar_msgs/msg/_joy_s.c
[0.603s] -- Up-to-date: /home/hans/ar/install/ar_msgs/local/lib/python3.10/dist-packages/ar_msgs/msg/__init__.py
[0.603s] -- Up-to-date: /home/hans/ar/install/ar_msgs/local/lib/python3.10/dist-packages/ar_msgs/msg/_joy.py
[0.603s] -- Up-to-date: /home/hans/ar/install/ar_msgs/local/lib/python3.10/dist-packages/ar_msgs/ar_msgs_s__rosidl_typesupport_introspection_c.cpython-310-x86_64-linux-gnu.so
[0.603s] -- Up-to-date: /home/hans/ar/install/ar_msgs/local/lib/python3.10/dist-packages/ar_msgs/_ar_msgs_s.ep.rosidl_typesupport_introspection_c.c
[0.603s] -- Up-to-date: /home/hans/ar/install/ar_msgs/local/lib/python3.10/dist-packages/ar_msgs/_ar_msgs_s.ep.rosidl_typesupport_fastrtps_c.c
[0.629s] Listing '/home/hans/ar/install/ar_msgs/local/lib/python3.10/dist-packages/ar_msgs'...
[0.629s] Listing '/home/hans/ar/install/ar_msgs/local/lib/python3.10/dist-packages/ar_msgs/msg'...
[0.632s] -- Up-to-date: /home/hans/ar/install/ar_msgs/local/lib/python3.10/dist-packages/ar_msgs/ar_msgs_s__rosidl_typesupport_fastrtps_c.cpython-310-x86_64-linux-gnu.so
[0.632s] -- Up-to-date: /home/hans/ar/install/ar_msgs/local/lib/python3.10/dist-packages/ar_msgs/ar_msgs_s__rosidl_typesupport_introspection_c.cpython-310-x86_64-linux-gnu.so
[0.632s] -- Up-to-date: /home/hans/ar/install/ar_msgs/local/lib/python3.10/dist-packages/ar_msgs/ar_msgs_s__rosidl_typesupport_c.cpython-310-x86_64-linux-gnu.so
[0.633s] -- Up-to-date: /home/hans/ar/install/ar_msgs/lib/libar_msgs__rosidl_generator_py.so
[0.633s] -- Up-to-date: /home/hans/ar/install/ar_msgs/share/ar_msgs/msg/Joy.idl
[0.633s] -- Up-to-date: /home/hans/ar/install/ar_msgs/share/ar_msgs/msg/Joy.msg
[0.633s] -- Up-to-date: /home/hans/ar/install/ar_msgs/share/ament_index/resource_index/package_run_dependencies/ar_msgs
[0.633s] -- Up-to-date: /home/hans/ar/install/ar_msgs/share/ament_index/resource_index/parent_prefix_path/ar_msgs
[0.633s] -- Up-to-date: /home/hans/ar/install/ar_msgs/share/ar_msgs/environment/ament_prefix_path.sh
[0.633s] -- Up-to-date: /home/hans/ar/install/ar_msgs/share/ar_msgs/environment/ament_prefix_path.dsv
[0.633s] -- Up-to-date: /home/hans/ar/install/ar_msgs/share/ar_msgs/environment/path.sh
[0.633s] -- Up-to-date: /home/hans/ar/install/ar_msgs/share/ar_msgs/environment/path.dsv
[0.633s] -- Up-to-date: /home/hans/ar/install/ar_msgs/share/ar_msgs/local_setup.bash
[0.633s] -- Up-to-date: /home/hans/ar/install/ar_msgs/share/ar_msgs/local_setup.sh
[0.633s] -- Up-to-date: /home/hans/ar/install/ar_msgs/share/ar_msgs/local_setup.zsh
[0.633s] -- Up-to-date: /home/hans/ar/install/ar_msgs/share/ar_msgs/local_setup.dsv
[0.633s] -- Installing: /home/hans/ar/install/ar_msgs/share/ar_msgs/package.dsv
[0.634s] -- Up-to-date: /home/hans/ar/install/ar_msgs/share/ament_index/resource_index/packages/ar_msgs
[0.634s] -- Up-to-date: /home/hans/ar/install/ar_msgs/share/ar_msgs/cmake/export_ar_msgs__rosidl_generator_cExport.cmake
[0.634s] -- Up-to-date: /home/hans/ar/install/ar_msgs/share/ar_msgs/cmake/export_ar_msgs__rosidl_generator_cExport-noconfig.cmake
[0.634s] -- Up-to-date: /home/hans/ar/install/ar_msgs/share/ar_msgs/cmake/export_ar_msgs__rosidl_typesupport_fastrtps_cExport.cmake
[0.634s] -- Up-to-date: /home/hans/ar/install/ar_msgs/share/ar_msgs/cmake/export_ar_msgs__rosidl_typesupport_fastrtps_cExport-noconfig.cmake
[0.634s] -- Up-to-date: /home/hans/ar/install/ar_msgs/share/ar_msgs/cmake/ar_msgs__rosidl_typesupport_introspection_cExport.cmake
[0.634s] -- Up-to-date: /home/hans/ar/install/ar_msgs/share/ar_msgs/cmake/ar_msgs__rosidl_typesupport_introspection_cExport-noconfig.cmake
[0.634s] -- Up-to-date: /home/hans/ar/install/ar_msgs/share/ar_msgs/cmake/ar_msgs__rosidl_typesupport_cExport.cmake
[0.634s] -- Up-to-date: /home/hans/ar/install/ar_msgs/share/ar_msgs/cmake/ar_msgs__rosidl_typesupport_cExport-noconfig.cmake
[0.634s] -- Up-to-date: /home/hans/ar/install/ar_msgs/share/ar_msgs/cmake/export_ar_msgs__rosidl_generator_cppExport.cmake
[0.634s] -- Up-to-date: /home/hans/ar/install/ar_msgs/share/ar_msgs/cmake/export_ar_msgs__rosidl_typesupport_fastrtps_cppExport.cmake
[0.634s] -- Up-to-date: /home/hans/ar/install/ar_msgs/share/ar_msgs/cmake/export_ar_msgs__rosidl_typesupport_fastrtps_cppExport-noconfig.cmake
[0.634s] -- Up-to-date: /home/hans/ar/install/ar_msgs/share/ar_msgs/cmake/ar_msgs__rosidl_typesupport_introspection_cppExport.cmake
[0.635s] -- Up-to-date: /home/hans/ar/install/ar_msgs/share/ar_msgs/cmake/ar_msgs__rosidl_typesupport_introspection_cppExport-noconfig.cmake
[0.635s] -- Up-to-date: /home/hans/ar/install/ar_msgs/share/ar_msgs/cmake/ar_msgs__rosidl_typesupport_cppExport.cmake
[0.635s] -- Up-to-date: /home/hans/ar/install/ar_msgs/share/ar_msgs/cmake/ar_msgs__rosidl_typesupport_cppExport-noconfig.cmake
[0.635s] -- Up-to-date: /home/hans/ar/install/ar_msgs/share/ar_msgs/cmake/export_ar_msgs__rosidl_generator_pyExport.cmake
[0.635s] -- Up-to-date: /home/hans/ar/install/ar_msgs/share/ar_msgs/cmake/export_ar_msgs__rosidl_generator_pyExport-noconfig.cmake
[0.635s] -- Up-to-date: /home/hans/ar/install/ar_msgs/share/ar_msgs/cmake/rosidl_cmake-extras.cmake
[0.635s] -- Up-to-date: /home/hans/ar/install/ar_msgs/share/ar_msgs/cmake/ament_cmake_export_dependencies-extras.cmake
[0.635s] -- Up-to-date: /home/hans/ar/install/ar_msgs/share/ar_msgs/cmake/ament_cmake_export_include_directories-extras.cmake
[0.635s] -- Up-to-date: /home/hans/ar/install/ar_msgs/share/ar_msgs/cmake/ament_cmake_export_libraries-extras.cmake
[0.635s] -- Up-to-date: /home/hans/ar/install/ar_msgs/share/ar_msgs/cmake/ament_cmake_export_targets-extras.cmake
[0.635s] -- Up-to-date: /home/hans/ar/install/ar_msgs/share/ar_msgs/cmake/rosidl_cmake_export_typesupport_targets-extras.cmake
[0.635s] -- Up-to-date: /home/hans/ar/install/ar_msgs/share/ar_msgs/cmake/rosidl_cmake_export_typesupport_libraries-extras.cmake
[0.635s] -- Up-to-date: /home/hans/ar/install/ar_msgs/share/ar_msgs/cmake/ar_msgsConfig.cmake
[0.635s] -- Up-to-date: /home/hans/ar/install/ar_msgs/share/ar_msgs/cmake/ar_msgsConfig-version.cmake
[0.635s] -- Up-to-date: /home/hans/ar/install/ar_msgs/share/ar_msgs/package.xml
[0.637s] Invoked command in '/home/hans/ar/build/ar_msgs' returned '0': CMAKE_PREFIX_PATH=/opt/ros/humble /usr/bin/cmake --install /home/hans/ar/build/ar_msgs
