[0.064s] DEBUG:colcon:Command line arguments: ['/usr/bin/colcon', 'build', '--packages-select', 'ar_control']
[0.064s] DEBUG:colcon:Parsed command line arguments: Namespace(log_base=None, log_level=None, verb_name='build', build_base='build', install_base='install', merge_install=False, symlink_install=False, test_result_base=None, continue_on_error=False, executor='parallel', parallel_workers=12, event_handlers=None, ignore_user_meta=False, metas=['./colcon.meta'], base_paths=['.'], packages_ignore=None, packages_ignore_regex=None, paths=None, packages_up_to=None, packages_up_to_regex=None, packages_above=None, packages_above_and_dependencies=None, packages_above_depth=None, packages_select_by_dep=None, packages_skip_by_dep=None, packages_skip_up_to=None, packages_select_build_failed=False, packages_skip_build_finished=False, packages_select_test_failures=False, packages_skip_test_passed=False, packages_select=['ar_control'], packages_skip=None, packages_select_regex=None, packages_skip_regex=None, packages_start=None, packages_end=None, allow_overriding=[], cmake_args=None, cmake_target=None, cmake_target_skip_unavailable=False, cmake_clean_cache=False, cmake_clean_first=False, cmake_force_configure=False, ament_cmake_args=None, catkin_cmake_args=None, catkin_skip_building_tests=False, mixin_files=None, mixin=None, verb_parser=<colcon_mixin.mixin.mixin_argument.MixinArgumentDecorator object at 0x74f8f414f7c0>, verb_extension=<colcon_core.verb.build.BuildVerb object at 0x74f8f414f250>, main=<bound method BuildVerb.main of <colcon_core.verb.build.BuildVerb object at 0x74f8f414f250>>, mixin_verb=('build',))
[0.159s] Level 1:colcon.colcon_core.package_discovery:discover_packages(colcon_meta) check parameters
[0.159s] Level 1:colcon.colcon_core.package_discovery:discover_packages(recursive) check parameters
[0.159s] Level 1:colcon.colcon_core.package_discovery:discover_packages(ignore) check parameters
[0.159s] Level 1:colcon.colcon_core.package_discovery:discover_packages(path) check parameters
[0.159s] Level 1:colcon.colcon_core.package_discovery:discover_packages(colcon_meta) discover
[0.159s] Level 1:colcon.colcon_core.package_discovery:discover_packages(recursive) discover
[0.159s] INFO:colcon.colcon_core.package_discovery:Crawling recursively for packages in '/home/hans/ar'
[0.159s] Level 1:colcon.colcon_core.package_identification:_identify(.) by extensions ['ignore', 'ignore_ament_install']
[0.159s] Level 1:colcon.colcon_core.package_identification:_identify(.) by extension 'ignore'
[0.159s] Level 1:colcon.colcon_core.package_identification:_identify(.) by extension 'ignore_ament_install'
[0.159s] Level 1:colcon.colcon_core.package_identification:_identify(.) by extensions ['colcon_pkg']
[0.159s] Level 1:colcon.colcon_core.package_identification:_identify(.) by extension 'colcon_pkg'
[0.159s] Level 1:colcon.colcon_core.package_identification:_identify(.) by extensions ['colcon_meta']
[0.159s] Level 1:colcon.colcon_core.package_identification:_identify(.) by extension 'colcon_meta'
[0.159s] Level 1:colcon.colcon_core.package_identification:_identify(.) by extensions ['ros']
[0.159s] Level 1:colcon.colcon_core.package_identification:_identify(.) by extension 'ros'
[0.167s] Level 1:colcon.colcon_core.package_identification:_identify(.) by extensions ['cmake', 'python']
[0.167s] Level 1:colcon.colcon_core.package_identification:_identify(.) by extension 'cmake'
[0.167s] Level 1:colcon.colcon_core.package_identification:_identify(.) by extension 'python'
[0.167s] Level 1:colcon.colcon_core.package_identification:_identify(.) by extensions ['python_setup_py']
[0.167s] Level 1:colcon.colcon_core.package_identification:_identify(.) by extension 'python_setup_py'
[0.167s] Level 1:colcon.colcon_core.package_identification:_identify(ar_src) by extensions ['ignore', 'ignore_ament_install']
[0.167s] Level 1:colcon.colcon_core.package_identification:_identify(ar_src) by extension 'ignore'
[0.167s] Level 1:colcon.colcon_core.package_identification:_identify(ar_src) by extension 'ignore_ament_install'
[0.167s] Level 1:colcon.colcon_core.package_identification:_identify(ar_src) by extensions ['colcon_pkg']
[0.167s] Level 1:colcon.colcon_core.package_identification:_identify(ar_src) by extension 'colcon_pkg'
[0.167s] Level 1:colcon.colcon_core.package_identification:_identify(ar_src) by extensions ['colcon_meta']
[0.167s] Level 1:colcon.colcon_core.package_identification:_identify(ar_src) by extension 'colcon_meta'
[0.167s] Level 1:colcon.colcon_core.package_identification:_identify(ar_src) by extensions ['ros']
[0.167s] Level 1:colcon.colcon_core.package_identification:_identify(ar_src) by extension 'ros'
[0.167s] Level 1:colcon.colcon_core.package_identification:_identify(ar_src) by extensions ['cmake', 'python']
[0.167s] Level 1:colcon.colcon_core.package_identification:_identify(ar_src) by extension 'cmake'
[0.167s] Level 1:colcon.colcon_core.package_identification:_identify(ar_src) by extension 'python'
[0.167s] Level 1:colcon.colcon_core.package_identification:_identify(ar_src) by extensions ['python_setup_py']
[0.167s] Level 1:colcon.colcon_core.package_identification:_identify(ar_src) by extension 'python_setup_py'
[0.167s] Level 1:colcon.colcon_core.package_identification:_identify(ar_src/command) by extensions ['ignore', 'ignore_ament_install']
[0.167s] Level 1:colcon.colcon_core.package_identification:_identify(ar_src/command) by extension 'ignore'
[0.168s] Level 1:colcon.colcon_core.package_identification:_identify(ar_src/command) by extension 'ignore_ament_install'
[0.168s] Level 1:colcon.colcon_core.package_identification:_identify(ar_src/command) by extensions ['colcon_pkg']
[0.168s] Level 1:colcon.colcon_core.package_identification:_identify(ar_src/command) by extension 'colcon_pkg'
[0.168s] Level 1:colcon.colcon_core.package_identification:_identify(ar_src/command) by extensions ['colcon_meta']
[0.168s] Level 1:colcon.colcon_core.package_identification:_identify(ar_src/command) by extension 'colcon_meta'
[0.168s] Level 1:colcon.colcon_core.package_identification:_identify(ar_src/command) by extensions ['ros']
[0.168s] Level 1:colcon.colcon_core.package_identification:_identify(ar_src/command) by extension 'ros'
[0.168s] Level 1:colcon.colcon_core.package_identification:_identify(ar_src/command) by extensions ['cmake', 'python']
[0.168s] Level 1:colcon.colcon_core.package_identification:_identify(ar_src/command) by extension 'cmake'
[0.168s] Level 1:colcon.colcon_core.package_identification:_identify(ar_src/command) by extension 'python'
[0.168s] Level 1:colcon.colcon_core.package_identification:_identify(ar_src/command) by extensions ['python_setup_py']
[0.168s] Level 1:colcon.colcon_core.package_identification:_identify(ar_src/command) by extension 'python_setup_py'
[0.168s] Level 1:colcon.colcon_core.package_identification:_identify(ar_src/command/ar_control) by extensions ['ignore', 'ignore_ament_install']
[0.168s] Level 1:colcon.colcon_core.package_identification:_identify(ar_src/command/ar_control) by extension 'ignore'
[0.168s] Level 1:colcon.colcon_core.package_identification:_identify(ar_src/command/ar_control) by extension 'ignore_ament_install'
[0.168s] Level 1:colcon.colcon_core.package_identification:_identify(ar_src/command/ar_control) by extensions ['colcon_pkg']
[0.168s] Level 1:colcon.colcon_core.package_identification:_identify(ar_src/command/ar_control) by extension 'colcon_pkg'
[0.168s] Level 1:colcon.colcon_core.package_identification:_identify(ar_src/command/ar_control) by extensions ['colcon_meta']
[0.168s] Level 1:colcon.colcon_core.package_identification:_identify(ar_src/command/ar_control) by extension 'colcon_meta'
[0.168s] Level 1:colcon.colcon_core.package_identification:_identify(ar_src/command/ar_control) by extensions ['ros']
[0.168s] Level 1:colcon.colcon_core.package_identification:_identify(ar_src/command/ar_control) by extension 'ros'
[0.178s] DEBUG:colcon.colcon_core.package_identification:Package 'ar_src/command/ar_control' with type 'ros.ament_cmake' and name 'ar_control'
[0.178s] Level 1:colcon.colcon_core.package_identification:_identify(ar_src/command/ar_motion_planner) by extensions ['ignore', 'ignore_ament_install']
[0.178s] Level 1:colcon.colcon_core.package_identification:_identify(ar_src/command/ar_motion_planner) by extension 'ignore'
[0.178s] Level 1:colcon.colcon_core.package_identification:_identify(ar_src/command/ar_motion_planner) by extension 'ignore_ament_install'
[0.178s] Level 1:colcon.colcon_core.package_identification:_identify(ar_src/command/ar_motion_planner) by extensions ['colcon_pkg']
[0.178s] Level 1:colcon.colcon_core.package_identification:_identify(ar_src/command/ar_motion_planner) by extension 'colcon_pkg'
[0.178s] Level 1:colcon.colcon_core.package_identification:_identify(ar_src/command/ar_motion_planner) by extensions ['colcon_meta']
[0.178s] Level 1:colcon.colcon_core.package_identification:_identify(ar_src/command/ar_motion_planner) by extension 'colcon_meta'
[0.178s] Level 1:colcon.colcon_core.package_identification:_identify(ar_src/command/ar_motion_planner) by extensions ['ros']
[0.178s] Level 1:colcon.colcon_core.package_identification:_identify(ar_src/command/ar_motion_planner) by extension 'ros'
[0.178s] DEBUG:colcon.colcon_core.package_identification:Failed to parse potential ROS package manifest in'ar_src/command/ar_motion_planner': Error(s) in package 'ar_src/command/ar_motion_planner/package.xml':
The manifest contains invalid XML:
no element found: line 1, column 0
[0.179s] Level 1:colcon.colcon_core.package_identification:_identify(ar_src/command/ar_motion_planner) by extensions ['cmake', 'python']
[0.179s] Level 1:colcon.colcon_core.package_identification:_identify(ar_src/command/ar_motion_planner) by extension 'cmake'
[0.179s] Level 1:colcon.colcon_core.package_identification:_identify(ar_src/command/ar_motion_planner) by extension 'python'
[0.179s] DEBUG:colcon.colcon_core.package_identification:Package 'ar_src/command/ar_motion_planner' with type 'cmake' and name 'ar_motion_planner'
[0.179s] Level 1:colcon.colcon_core.package_identification:_identify(ar_src/command/ar_planner_interface) by extensions ['ignore', 'ignore_ament_install']
[0.179s] Level 1:colcon.colcon_core.package_identification:_identify(ar_src/command/ar_planner_interface) by extension 'ignore'
[0.179s] Level 1:colcon.colcon_core.package_identification:_identify(ar_src/command/ar_planner_interface) by extension 'ignore_ament_install'
[0.179s] Level 1:colcon.colcon_core.package_identification:_identify(ar_src/command/ar_planner_interface) by extensions ['colcon_pkg']
[0.179s] Level 1:colcon.colcon_core.package_identification:_identify(ar_src/command/ar_planner_interface) by extension 'colcon_pkg'
[0.179s] Level 1:colcon.colcon_core.package_identification:_identify(ar_src/command/ar_planner_interface) by extensions ['colcon_meta']
[0.179s] Level 1:colcon.colcon_core.package_identification:_identify(ar_src/command/ar_planner_interface) by extension 'colcon_meta'
[0.179s] Level 1:colcon.colcon_core.package_identification:_identify(ar_src/command/ar_planner_interface) by extensions ['ros']
[0.179s] Level 1:colcon.colcon_core.package_identification:_identify(ar_src/command/ar_planner_interface) by extension 'ros'
[0.180s] DEBUG:colcon.colcon_core.package_identification:Package 'ar_src/command/ar_planner_interface' with type 'ros.ament_cmake' and name 'ar_planner_interface'
[0.180s] Level 1:colcon.colcon_core.package_identification:_identify(ar_src/command/ar_scene) by extensions ['ignore', 'ignore_ament_install']
[0.180s] Level 1:colcon.colcon_core.package_identification:_identify(ar_src/command/ar_scene) by extension 'ignore'
[0.180s] Level 1:colcon.colcon_core.package_identification:_identify(ar_src/command/ar_scene) by extension 'ignore_ament_install'
[0.180s] Level 1:colcon.colcon_core.package_identification:_identify(ar_src/command/ar_scene) by extensions ['colcon_pkg']
[0.180s] Level 1:colcon.colcon_core.package_identification:_identify(ar_src/command/ar_scene) by extension 'colcon_pkg'
[0.180s] Level 1:colcon.colcon_core.package_identification:_identify(ar_src/command/ar_scene) by extensions ['colcon_meta']
[0.180s] Level 1:colcon.colcon_core.package_identification:_identify(ar_src/command/ar_scene) by extension 'colcon_meta'
[0.180s] Level 1:colcon.colcon_core.package_identification:_identify(ar_src/command/ar_scene) by extensions ['ros']
[0.180s] Level 1:colcon.colcon_core.package_identification:_identify(ar_src/command/ar_scene) by extension 'ros'
[0.180s] DEBUG:colcon.colcon_core.package_identification:Package 'ar_src/command/ar_scene' with type 'ros.ament_cmake' and name 'ar_scene'
[0.180s] Level 1:colcon.colcon_core.package_identification:_identify(ar_src/command/ar_servo) by extensions ['ignore', 'ignore_ament_install']
[0.180s] Level 1:colcon.colcon_core.package_identification:_identify(ar_src/command/ar_servo) by extension 'ignore'
[0.180s] Level 1:colcon.colcon_core.package_identification:_identify(ar_src/command/ar_servo) ignored
[0.181s] Level 1:colcon.colcon_core.package_identification:_identify(ar_src/communication) by extensions ['ignore', 'ignore_ament_install']
[0.181s] Level 1:colcon.colcon_core.package_identification:_identify(ar_src/communication) by extension 'ignore'
[0.181s] Level 1:colcon.colcon_core.package_identification:_identify(ar_src/communication) by extension 'ignore_ament_install'
[0.181s] Level 1:colcon.colcon_core.package_identification:_identify(ar_src/communication) by extensions ['colcon_pkg']
[0.181s] Level 1:colcon.colcon_core.package_identification:_identify(ar_src/communication) by extension 'colcon_pkg'
[0.181s] Level 1:colcon.colcon_core.package_identification:_identify(ar_src/communication) by extensions ['colcon_meta']
[0.181s] Level 1:colcon.colcon_core.package_identification:_identify(ar_src/communication) by extension 'colcon_meta'
[0.181s] Level 1:colcon.colcon_core.package_identification:_identify(ar_src/communication) by extensions ['ros']
[0.181s] Level 1:colcon.colcon_core.package_identification:_identify(ar_src/communication) by extension 'ros'
[0.181s] Level 1:colcon.colcon_core.package_identification:_identify(ar_src/communication) by extensions ['cmake', 'python']
[0.181s] Level 1:colcon.colcon_core.package_identification:_identify(ar_src/communication) by extension 'cmake'
[0.181s] Level 1:colcon.colcon_core.package_identification:_identify(ar_src/communication) by extension 'python'
[0.181s] Level 1:colcon.colcon_core.package_identification:_identify(ar_src/communication) by extensions ['python_setup_py']
[0.181s] Level 1:colcon.colcon_core.package_identification:_identify(ar_src/communication) by extension 'python_setup_py'
[0.181s] Level 1:colcon.colcon_core.package_identification:_identify(ar_src/communication/commlibs) by extensions ['ignore', 'ignore_ament_install']
[0.181s] Level 1:colcon.colcon_core.package_identification:_identify(ar_src/communication/commlibs) by extension 'ignore'
[0.181s] Level 1:colcon.colcon_core.package_identification:_identify(ar_src/communication/commlibs) by extension 'ignore_ament_install'
[0.181s] Level 1:colcon.colcon_core.package_identification:_identify(ar_src/communication/commlibs) by extensions ['colcon_pkg']
[0.181s] Level 1:colcon.colcon_core.package_identification:_identify(ar_src/communication/commlibs) by extension 'colcon_pkg'
[0.181s] Level 1:colcon.colcon_core.package_identification:_identify(ar_src/communication/commlibs) by extensions ['colcon_meta']
[0.181s] Level 1:colcon.colcon_core.package_identification:_identify(ar_src/communication/commlibs) by extension 'colcon_meta'
[0.181s] Level 1:colcon.colcon_core.package_identification:_identify(ar_src/communication/commlibs) by extensions ['ros']
[0.181s] Level 1:colcon.colcon_core.package_identification:_identify(ar_src/communication/commlibs) by extension 'ros'
[0.181s] Level 1:colcon.colcon_core.package_identification:_identify(ar_src/communication/commlibs) by extensions ['cmake', 'python']
[0.181s] Level 1:colcon.colcon_core.package_identification:_identify(ar_src/communication/commlibs) by extension 'cmake'
[0.181s] Level 1:colcon.colcon_core.package_identification:_identify(ar_src/communication/commlibs) by extension 'python'
[0.181s] Level 1:colcon.colcon_core.package_identification:_identify(ar_src/communication/commlibs) by extensions ['python_setup_py']
[0.181s] Level 1:colcon.colcon_core.package_identification:_identify(ar_src/communication/commlibs) by extension 'python_setup_py'
[0.181s] Level 1:colcon.colcon_core.package_identification:_identify(ar_src/communication/commlibs/ar_comm) by extensions ['ignore', 'ignore_ament_install']
[0.181s] Level 1:colcon.colcon_core.package_identification:_identify(ar_src/communication/commlibs/ar_comm) by extension 'ignore'
[0.181s] Level 1:colcon.colcon_core.package_identification:_identify(ar_src/communication/commlibs/ar_comm) by extension 'ignore_ament_install'
[0.181s] Level 1:colcon.colcon_core.package_identification:_identify(ar_src/communication/commlibs/ar_comm) by extensions ['colcon_pkg']
[0.181s] Level 1:colcon.colcon_core.package_identification:_identify(ar_src/communication/commlibs/ar_comm) by extension 'colcon_pkg'
[0.181s] Level 1:colcon.colcon_core.package_identification:_identify(ar_src/communication/commlibs/ar_comm) by extensions ['colcon_meta']
[0.181s] Level 1:colcon.colcon_core.package_identification:_identify(ar_src/communication/commlibs/ar_comm) by extension 'colcon_meta'
[0.181s] Level 1:colcon.colcon_core.package_identification:_identify(ar_src/communication/commlibs/ar_comm) by extensions ['ros']
[0.181s] Level 1:colcon.colcon_core.package_identification:_identify(ar_src/communication/commlibs/ar_comm) by extension 'ros'
[0.182s] DEBUG:colcon.colcon_core.package_identification:Package 'ar_src/communication/commlibs/ar_comm' with type 'ros.ament_cmake' and name 'ar_comm'
[0.182s] Level 1:colcon.colcon_core.package_identification:_identify(ar_src/communication/commlibs/ar_serial) by extensions ['ignore', 'ignore_ament_install']
[0.182s] Level 1:colcon.colcon_core.package_identification:_identify(ar_src/communication/commlibs/ar_serial) by extension 'ignore'
[0.182s] Level 1:colcon.colcon_core.package_identification:_identify(ar_src/communication/commlibs/ar_serial) by extension 'ignore_ament_install'
[0.182s] Level 1:colcon.colcon_core.package_identification:_identify(ar_src/communication/commlibs/ar_serial) by extensions ['colcon_pkg']
[0.182s] Level 1:colcon.colcon_core.package_identification:_identify(ar_src/communication/commlibs/ar_serial) by extension 'colcon_pkg'
[0.182s] Level 1:colcon.colcon_core.package_identification:_identify(ar_src/communication/commlibs/ar_serial) by extensions ['colcon_meta']
[0.182s] Level 1:colcon.colcon_core.package_identification:_identify(ar_src/communication/commlibs/ar_serial) by extension 'colcon_meta'
[0.182s] Level 1:colcon.colcon_core.package_identification:_identify(ar_src/communication/commlibs/ar_serial) by extensions ['ros']
[0.182s] Level 1:colcon.colcon_core.package_identification:_identify(ar_src/communication/commlibs/ar_serial) by extension 'ros'
[0.182s] Level 1:colcon.colcon_core.package_identification:_identify(ar_src/communication/commlibs/ar_serial) by extensions ['cmake', 'python']
[0.182s] Level 1:colcon.colcon_core.package_identification:_identify(ar_src/communication/commlibs/ar_serial) by extension 'cmake'
[0.182s] Level 1:colcon.colcon_core.package_identification:_identify(ar_src/communication/commlibs/ar_serial) by extension 'python'
[0.182s] Level 1:colcon.colcon_core.package_identification:_identify(ar_src/communication/commlibs/ar_serial) by extensions ['python_setup_py']
[0.182s] Level 1:colcon.colcon_core.package_identification:_identify(ar_src/communication/commlibs/ar_serial) by extension 'python_setup_py'
[0.182s] Level 1:colcon.colcon_core.package_identification:_identify(ar_src/communication/commlibs/ar_serial/include) by extensions ['ignore', 'ignore_ament_install']
[0.182s] Level 1:colcon.colcon_core.package_identification:_identify(ar_src/communication/commlibs/ar_serial/include) by extension 'ignore'
[0.182s] Level 1:colcon.colcon_core.package_identification:_identify(ar_src/communication/commlibs/ar_serial/include) by extension 'ignore_ament_install'
[0.182s] Level 1:colcon.colcon_core.package_identification:_identify(ar_src/communication/commlibs/ar_serial/include) by extensions ['colcon_pkg']
[0.182s] Level 1:colcon.colcon_core.package_identification:_identify(ar_src/communication/commlibs/ar_serial/include) by extension 'colcon_pkg'
[0.182s] Level 1:colcon.colcon_core.package_identification:_identify(ar_src/communication/commlibs/ar_serial/include) by extensions ['colcon_meta']
[0.182s] Level 1:colcon.colcon_core.package_identification:_identify(ar_src/communication/commlibs/ar_serial/include) by extension 'colcon_meta'
[0.182s] Level 1:colcon.colcon_core.package_identification:_identify(ar_src/communication/commlibs/ar_serial/include) by extensions ['ros']
[0.182s] Level 1:colcon.colcon_core.package_identification:_identify(ar_src/communication/commlibs/ar_serial/include) by extension 'ros'
[0.182s] Level 1:colcon.colcon_core.package_identification:_identify(ar_src/communication/commlibs/ar_serial/include) by extensions ['cmake', 'python']
[0.182s] Level 1:colcon.colcon_core.package_identification:_identify(ar_src/communication/commlibs/ar_serial/include) by extension 'cmake'
[0.182s] Level 1:colcon.colcon_core.package_identification:_identify(ar_src/communication/commlibs/ar_serial/include) by extension 'python'
[0.182s] Level 1:colcon.colcon_core.package_identification:_identify(ar_src/communication/commlibs/ar_serial/include) by extensions ['python_setup_py']
[0.182s] Level 1:colcon.colcon_core.package_identification:_identify(ar_src/communication/commlibs/ar_serial/include) by extension 'python_setup_py'
[0.182s] Level 1:colcon.colcon_core.package_identification:_identify(ar_src/communication/commlibs/ar_serial/src) by extensions ['ignore', 'ignore_ament_install']
[0.182s] Level 1:colcon.colcon_core.package_identification:_identify(ar_src/communication/commlibs/ar_serial/src) by extension 'ignore'
[0.182s] Level 1:colcon.colcon_core.package_identification:_identify(ar_src/communication/commlibs/ar_serial/src) by extension 'ignore_ament_install'
[0.183s] Level 1:colcon.colcon_core.package_identification:_identify(ar_src/communication/commlibs/ar_serial/src) by extensions ['colcon_pkg']
[0.183s] Level 1:colcon.colcon_core.package_identification:_identify(ar_src/communication/commlibs/ar_serial/src) by extension 'colcon_pkg'
[0.183s] Level 1:colcon.colcon_core.package_identification:_identify(ar_src/communication/commlibs/ar_serial/src) by extensions ['colcon_meta']
[0.183s] Level 1:colcon.colcon_core.package_identification:_identify(ar_src/communication/commlibs/ar_serial/src) by extension 'colcon_meta'
[0.183s] Level 1:colcon.colcon_core.package_identification:_identify(ar_src/communication/commlibs/ar_serial/src) by extensions ['ros']
[0.183s] Level 1:colcon.colcon_core.package_identification:_identify(ar_src/communication/commlibs/ar_serial/src) by extension 'ros'
[0.183s] Level 1:colcon.colcon_core.package_identification:_identify(ar_src/communication/commlibs/ar_serial/src) by extensions ['cmake', 'python']
[0.183s] Level 1:colcon.colcon_core.package_identification:_identify(ar_src/communication/commlibs/ar_serial/src) by extension 'cmake'
[0.183s] Level 1:colcon.colcon_core.package_identification:_identify(ar_src/communication/commlibs/ar_serial/src) by extension 'python'
[0.183s] Level 1:colcon.colcon_core.package_identification:_identify(ar_src/communication/commlibs/ar_serial/src) by extensions ['python_setup_py']
[0.183s] Level 1:colcon.colcon_core.package_identification:_identify(ar_src/communication/commlibs/ar_serial/src) by extension 'python_setup_py'
[0.183s] Level 1:colcon.colcon_core.package_identification:_identify(ar_src/communication/devices) by extensions ['ignore', 'ignore_ament_install']
[0.183s] Level 1:colcon.colcon_core.package_identification:_identify(ar_src/communication/devices) by extension 'ignore'
[0.183s] Level 1:colcon.colcon_core.package_identification:_identify(ar_src/communication/devices) ignored
[0.183s] Level 1:colcon.colcon_core.package_identification:_identify(ar_src/communication/master) by extensions ['ignore', 'ignore_ament_install']
[0.183s] Level 1:colcon.colcon_core.package_identification:_identify(ar_src/communication/master) by extension 'ignore'
[0.183s] Level 1:colcon.colcon_core.package_identification:_identify(ar_src/communication/master) by extension 'ignore_ament_install'
[0.183s] Level 1:colcon.colcon_core.package_identification:_identify(ar_src/communication/master) by extensions ['colcon_pkg']
[0.183s] Level 1:colcon.colcon_core.package_identification:_identify(ar_src/communication/master) by extension 'colcon_pkg'
[0.183s] Level 1:colcon.colcon_core.package_identification:_identify(ar_src/communication/master) by extensions ['colcon_meta']
[0.183s] Level 1:colcon.colcon_core.package_identification:_identify(ar_src/communication/master) by extension 'colcon_meta'
[0.183s] Level 1:colcon.colcon_core.package_identification:_identify(ar_src/communication/master) by extensions ['ros']
[0.183s] Level 1:colcon.colcon_core.package_identification:_identify(ar_src/communication/master) by extension 'ros'
[0.183s] DEBUG:colcon.colcon_core.package_identification:Package 'ar_src/communication/master' with type 'ros.ament_cmake' and name 'master'
[0.183s] Level 1:colcon.colcon_core.package_identification:_identify(ar_src/communication/messages) by extensions ['ignore', 'ignore_ament_install']
[0.183s] Level 1:colcon.colcon_core.package_identification:_identify(ar_src/communication/messages) by extension 'ignore'
[0.183s] Level 1:colcon.colcon_core.package_identification:_identify(ar_src/communication/messages) by extension 'ignore_ament_install'
[0.183s] Level 1:colcon.colcon_core.package_identification:_identify(ar_src/communication/messages) by extensions ['colcon_pkg']
[0.183s] Level 1:colcon.colcon_core.package_identification:_identify(ar_src/communication/messages) by extension 'colcon_pkg'
[0.183s] Level 1:colcon.colcon_core.package_identification:_identify(ar_src/communication/messages) by extensions ['colcon_meta']
[0.184s] Level 1:colcon.colcon_core.package_identification:_identify(ar_src/communication/messages) by extension 'colcon_meta'
[0.184s] Level 1:colcon.colcon_core.package_identification:_identify(ar_src/communication/messages) by extensions ['ros']
[0.184s] Level 1:colcon.colcon_core.package_identification:_identify(ar_src/communication/messages) by extension 'ros'
[0.184s] Level 1:colcon.colcon_core.package_identification:_identify(ar_src/communication/messages) by extensions ['cmake', 'python']
[0.184s] Level 1:colcon.colcon_core.package_identification:_identify(ar_src/communication/messages) by extension 'cmake'
[0.184s] Level 1:colcon.colcon_core.package_identification:_identify(ar_src/communication/messages) by extension 'python'
[0.184s] Level 1:colcon.colcon_core.package_identification:_identify(ar_src/communication/messages) by extensions ['python_setup_py']
[0.184s] Level 1:colcon.colcon_core.package_identification:_identify(ar_src/communication/messages) by extension 'python_setup_py'
[0.184s] Level 1:colcon.colcon_core.package_identification:_identify(ar_src/communication/messages/ar_action) by extensions ['ignore', 'ignore_ament_install']
[0.184s] Level 1:colcon.colcon_core.package_identification:_identify(ar_src/communication/messages/ar_action) by extension 'ignore'
[0.184s] Level 1:colcon.colcon_core.package_identification:_identify(ar_src/communication/messages/ar_action) by extension 'ignore_ament_install'
[0.184s] Level 1:colcon.colcon_core.package_identification:_identify(ar_src/communication/messages/ar_action) by extensions ['colcon_pkg']
[0.184s] Level 1:colcon.colcon_core.package_identification:_identify(ar_src/communication/messages/ar_action) by extension 'colcon_pkg'
[0.184s] Level 1:colcon.colcon_core.package_identification:_identify(ar_src/communication/messages/ar_action) by extensions ['colcon_meta']
[0.184s] Level 1:colcon.colcon_core.package_identification:_identify(ar_src/communication/messages/ar_action) by extension 'colcon_meta'
[0.184s] Level 1:colcon.colcon_core.package_identification:_identify(ar_src/communication/messages/ar_action) by extensions ['ros']
[0.184s] Level 1:colcon.colcon_core.package_identification:_identify(ar_src/communication/messages/ar_action) by extension 'ros'
[0.184s] DEBUG:colcon.colcon_core.package_identification:Package 'ar_src/communication/messages/ar_action' with type 'ros.ament_cmake' and name 'ar_action'
[0.184s] Level 1:colcon.colcon_core.package_identification:_identify(ar_src/communication/messages/ar_msgs) by extensions ['ignore', 'ignore_ament_install']
[0.184s] Level 1:colcon.colcon_core.package_identification:_identify(ar_src/communication/messages/ar_msgs) by extension 'ignore'
[0.184s] Level 1:colcon.colcon_core.package_identification:_identify(ar_src/communication/messages/ar_msgs) by extension 'ignore_ament_install'
[0.184s] Level 1:colcon.colcon_core.package_identification:_identify(ar_src/communication/messages/ar_msgs) by extensions ['colcon_pkg']
[0.184s] Level 1:colcon.colcon_core.package_identification:_identify(ar_src/communication/messages/ar_msgs) by extension 'colcon_pkg'
[0.184s] Level 1:colcon.colcon_core.package_identification:_identify(ar_src/communication/messages/ar_msgs) by extensions ['colcon_meta']
[0.185s] Level 1:colcon.colcon_core.package_identification:_identify(ar_src/communication/messages/ar_msgs) by extension 'colcon_meta'
[0.185s] Level 1:colcon.colcon_core.package_identification:_identify(ar_src/communication/messages/ar_msgs) by extensions ['ros']
[0.185s] Level 1:colcon.colcon_core.package_identification:_identify(ar_src/communication/messages/ar_msgs) by extension 'ros'
[0.185s] DEBUG:colcon.colcon_core.package_identification:Package 'ar_src/communication/messages/ar_msgs' with type 'ros.ament_cmake' and name 'ar_msgs'
[0.185s] Level 1:colcon.colcon_core.package_identification:_identify(ar_src/communication/messages/ar_srv) by extensions ['ignore', 'ignore_ament_install']
[0.185s] Level 1:colcon.colcon_core.package_identification:_identify(ar_src/communication/messages/ar_srv) by extension 'ignore'
[0.185s] Level 1:colcon.colcon_core.package_identification:_identify(ar_src/communication/messages/ar_srv) by extension 'ignore_ament_install'
[0.185s] Level 1:colcon.colcon_core.package_identification:_identify(ar_src/communication/messages/ar_srv) by extensions ['colcon_pkg']
[0.185s] Level 1:colcon.colcon_core.package_identification:_identify(ar_src/communication/messages/ar_srv) by extension 'colcon_pkg'
[0.185s] Level 1:colcon.colcon_core.package_identification:_identify(ar_src/communication/messages/ar_srv) by extensions ['colcon_meta']
[0.185s] Level 1:colcon.colcon_core.package_identification:_identify(ar_src/communication/messages/ar_srv) by extension 'colcon_meta'
[0.185s] Level 1:colcon.colcon_core.package_identification:_identify(ar_src/communication/messages/ar_srv) by extensions ['ros']
[0.185s] Level 1:colcon.colcon_core.package_identification:_identify(ar_src/communication/messages/ar_srv) by extension 'ros'
[0.186s] DEBUG:colcon.colcon_core.package_identification:Package 'ar_src/communication/messages/ar_srv' with type 'ros.ament_cmake' and name 'ar_srv'
[0.186s] Level 1:colcon.colcon_core.package_identification:_identify(ar_src/configuration) by extensions ['ignore', 'ignore_ament_install']
[0.186s] Level 1:colcon.colcon_core.package_identification:_identify(ar_src/configuration) by extension 'ignore'
[0.186s] Level 1:colcon.colcon_core.package_identification:_identify(ar_src/configuration) by extension 'ignore_ament_install'
[0.186s] Level 1:colcon.colcon_core.package_identification:_identify(ar_src/configuration) by extensions ['colcon_pkg']
[0.186s] Level 1:colcon.colcon_core.package_identification:_identify(ar_src/configuration) by extension 'colcon_pkg'
[0.186s] Level 1:colcon.colcon_core.package_identification:_identify(ar_src/configuration) by extensions ['colcon_meta']
[0.186s] Level 1:colcon.colcon_core.package_identification:_identify(ar_src/configuration) by extension 'colcon_meta'
[0.186s] Level 1:colcon.colcon_core.package_identification:_identify(ar_src/configuration) by extensions ['ros']
[0.186s] Level 1:colcon.colcon_core.package_identification:_identify(ar_src/configuration) by extension 'ros'
[0.186s] Level 1:colcon.colcon_core.package_identification:_identify(ar_src/configuration) by extensions ['cmake', 'python']
[0.186s] Level 1:colcon.colcon_core.package_identification:_identify(ar_src/configuration) by extension 'cmake'
[0.186s] Level 1:colcon.colcon_core.package_identification:_identify(ar_src/configuration) by extension 'python'
[0.186s] Level 1:colcon.colcon_core.package_identification:_identify(ar_src/configuration) by extensions ['python_setup_py']
[0.186s] Level 1:colcon.colcon_core.package_identification:_identify(ar_src/configuration) by extension 'python_setup_py'
[0.186s] Level 1:colcon.colcon_core.package_identification:_identify(ar_src/configuration/ar) by extensions ['ignore', 'ignore_ament_install']
[0.186s] Level 1:colcon.colcon_core.package_identification:_identify(ar_src/configuration/ar) by extension 'ignore'
[0.186s] Level 1:colcon.colcon_core.package_identification:_identify(ar_src/configuration/ar) by extension 'ignore_ament_install'
[0.186s] Level 1:colcon.colcon_core.package_identification:_identify(ar_src/configuration/ar) by extensions ['colcon_pkg']
[0.186s] Level 1:colcon.colcon_core.package_identification:_identify(ar_src/configuration/ar) by extension 'colcon_pkg'
[0.186s] Level 1:colcon.colcon_core.package_identification:_identify(ar_src/configuration/ar) by extensions ['colcon_meta']
[0.186s] Level 1:colcon.colcon_core.package_identification:_identify(ar_src/configuration/ar) by extension 'colcon_meta'
[0.186s] Level 1:colcon.colcon_core.package_identification:_identify(ar_src/configuration/ar) by extensions ['ros']
[0.186s] Level 1:colcon.colcon_core.package_identification:_identify(ar_src/configuration/ar) by extension 'ros'
[0.186s] DEBUG:colcon.colcon_core.package_identification:Package 'ar_src/configuration/ar' with type 'ros.ament_cmake' and name 'ar_moveit_config'
[0.187s] Level 1:colcon.colcon_core.package_identification:_identify(ar_src/utilities) by extensions ['ignore', 'ignore_ament_install']
[0.187s] Level 1:colcon.colcon_core.package_identification:_identify(ar_src/utilities) by extension 'ignore'
[0.187s] Level 1:colcon.colcon_core.package_identification:_identify(ar_src/utilities) by extension 'ignore_ament_install'
[0.187s] Level 1:colcon.colcon_core.package_identification:_identify(ar_src/utilities) by extensions ['colcon_pkg']
[0.187s] Level 1:colcon.colcon_core.package_identification:_identify(ar_src/utilities) by extension 'colcon_pkg'
[0.187s] Level 1:colcon.colcon_core.package_identification:_identify(ar_src/utilities) by extensions ['colcon_meta']
[0.187s] Level 1:colcon.colcon_core.package_identification:_identify(ar_src/utilities) by extension 'colcon_meta'
[0.187s] Level 1:colcon.colcon_core.package_identification:_identify(ar_src/utilities) by extensions ['ros']
[0.187s] Level 1:colcon.colcon_core.package_identification:_identify(ar_src/utilities) by extension 'ros'
[0.187s] Level 1:colcon.colcon_core.package_identification:_identify(ar_src/utilities) by extensions ['cmake', 'python']
[0.187s] Level 1:colcon.colcon_core.package_identification:_identify(ar_src/utilities) by extension 'cmake'
[0.187s] Level 1:colcon.colcon_core.package_identification:_identify(ar_src/utilities) by extension 'python'
[0.187s] Level 1:colcon.colcon_core.package_identification:_identify(ar_src/utilities) by extensions ['python_setup_py']
[0.187s] Level 1:colcon.colcon_core.package_identification:_identify(ar_src/utilities) by extension 'python_setup_py'
[0.187s] Level 1:colcon.colcon_core.package_identification:_identify(ar_src/utilities/ar_computation) by extensions ['ignore', 'ignore_ament_install']
[0.187s] Level 1:colcon.colcon_core.package_identification:_identify(ar_src/utilities/ar_computation) by extension 'ignore'
[0.187s] Level 1:colcon.colcon_core.package_identification:_identify(ar_src/utilities/ar_computation) by extension 'ignore_ament_install'
[0.187s] Level 1:colcon.colcon_core.package_identification:_identify(ar_src/utilities/ar_computation) by extensions ['colcon_pkg']
[0.187s] Level 1:colcon.colcon_core.package_identification:_identify(ar_src/utilities/ar_computation) by extension 'colcon_pkg'
[0.187s] Level 1:colcon.colcon_core.package_identification:_identify(ar_src/utilities/ar_computation) by extensions ['colcon_meta']
[0.187s] Level 1:colcon.colcon_core.package_identification:_identify(ar_src/utilities/ar_computation) by extension 'colcon_meta'
[0.187s] Level 1:colcon.colcon_core.package_identification:_identify(ar_src/utilities/ar_computation) by extensions ['ros']
[0.187s] Level 1:colcon.colcon_core.package_identification:_identify(ar_src/utilities/ar_computation) by extension 'ros'
[0.187s] DEBUG:colcon.colcon_core.package_identification:Package 'ar_src/utilities/ar_computation' with type 'ros.ament_cmake' and name 'ar_computation'
[0.188s] Level 1:colcon.colcon_core.package_identification:_identify(ar_src/utilities/ar_utils) by extensions ['ignore', 'ignore_ament_install']
[0.188s] Level 1:colcon.colcon_core.package_identification:_identify(ar_src/utilities/ar_utils) by extension 'ignore'
[0.188s] Level 1:colcon.colcon_core.package_identification:_identify(ar_src/utilities/ar_utils) by extension 'ignore_ament_install'
[0.188s] Level 1:colcon.colcon_core.package_identification:_identify(ar_src/utilities/ar_utils) by extensions ['colcon_pkg']
[0.188s] Level 1:colcon.colcon_core.package_identification:_identify(ar_src/utilities/ar_utils) by extension 'colcon_pkg'
[0.188s] Level 1:colcon.colcon_core.package_identification:_identify(ar_src/utilities/ar_utils) by extensions ['colcon_meta']
[0.188s] Level 1:colcon.colcon_core.package_identification:_identify(ar_src/utilities/ar_utils) by extension 'colcon_meta'
[0.188s] Level 1:colcon.colcon_core.package_identification:_identify(ar_src/utilities/ar_utils) by extensions ['ros']
[0.188s] Level 1:colcon.colcon_core.package_identification:_identify(ar_src/utilities/ar_utils) by extension 'ros'
[0.188s] DEBUG:colcon.colcon_core.package_identification:Package 'ar_src/utilities/ar_utils' with type 'ros.ament_cmake' and name 'ar_utils'
[0.188s] Level 1:colcon.colcon_core.package_identification:_identify(build) by extensions ['ignore', 'ignore_ament_install']
[0.188s] Level 1:colcon.colcon_core.package_identification:_identify(build) by extension 'ignore'
[0.188s] Level 1:colcon.colcon_core.package_identification:_identify(build) ignored
[0.188s] Level 1:colcon.colcon_core.package_identification:_identify(install) by extensions ['ignore', 'ignore_ament_install']
[0.188s] Level 1:colcon.colcon_core.package_identification:_identify(install) by extension 'ignore'
[0.188s] Level 1:colcon.colcon_core.package_identification:_identify(install) ignored
[0.188s] Level 1:colcon.colcon_core.package_identification:_identify(log) by extensions ['ignore', 'ignore_ament_install']
[0.189s] Level 1:colcon.colcon_core.package_identification:_identify(log) by extension 'ignore'
[0.189s] Level 1:colcon.colcon_core.package_identification:_identify(log) ignored
[0.189s] Level 1:colcon.colcon_core.package_discovery:discover_packages(recursive) using defaults
[0.189s] Level 1:colcon.colcon_core.package_discovery:discover_packages(ignore) discover
[0.189s] Level 1:colcon.colcon_core.package_discovery:discover_packages(ignore) using defaults
[0.189s] Level 1:colcon.colcon_core.package_discovery:discover_packages(path) discover
[0.189s] Level 1:colcon.colcon_core.package_discovery:discover_packages(path) using defaults
[0.203s] INFO:colcon.colcon_core.package_selection:Skipping not selected package 'ar_action' in 'ar_src/communication/messages/ar_action'
[0.203s] INFO:colcon.colcon_core.package_selection:Skipping not selected package 'ar_comm' in 'ar_src/communication/commlibs/ar_comm'
[0.203s] INFO:colcon.colcon_core.package_selection:Skipping not selected package 'ar_computation' in 'ar_src/utilities/ar_computation'
[0.203s] INFO:colcon.colcon_core.package_selection:Skipping not selected package 'ar_motion_planner' in 'ar_src/command/ar_motion_planner'
[0.203s] INFO:colcon.colcon_core.package_selection:Skipping not selected package 'ar_moveit_config' in 'ar_src/configuration/ar'
[0.203s] INFO:colcon.colcon_core.package_selection:Skipping not selected package 'ar_msgs' in 'ar_src/communication/messages/ar_msgs'
[0.203s] INFO:colcon.colcon_core.package_selection:Skipping not selected package 'ar_planner_interface' in 'ar_src/command/ar_planner_interface'
[0.203s] INFO:colcon.colcon_core.package_selection:Skipping not selected package 'ar_scene' in 'ar_src/command/ar_scene'
[0.203s] INFO:colcon.colcon_core.package_selection:Skipping not selected package 'ar_srv' in 'ar_src/communication/messages/ar_srv'
[0.203s] INFO:colcon.colcon_core.package_selection:Skipping not selected package 'ar_utils' in 'ar_src/utilities/ar_utils'
[0.203s] INFO:colcon.colcon_core.package_selection:Skipping not selected package 'master' in 'ar_src/communication/master'
[0.203s] Level 1:colcon.colcon_core.package_discovery:discover_packages(prefix_path) check parameters
[0.203s] Level 1:colcon.colcon_core.package_discovery:discover_packages(prefix_path) discover
[0.205s] DEBUG:colcon.colcon_installed_package_information.package_discovery:Found 380 installed packages in /opt/ros/humble
[0.207s] Level 1:colcon.colcon_core.package_discovery:discover_packages(prefix_path) using defaults
[0.233s] Level 5:colcon.colcon_core.verb:set package 'ar_control' build argument 'cmake_args' from command line to 'None'
[0.233s] Level 5:colcon.colcon_core.verb:set package 'ar_control' build argument 'cmake_target' from command line to 'None'
[0.233s] Level 5:colcon.colcon_core.verb:set package 'ar_control' build argument 'cmake_target_skip_unavailable' from command line to 'False'
[0.233s] Level 5:colcon.colcon_core.verb:set package 'ar_control' build argument 'cmake_clean_cache' from command line to 'False'
[0.233s] Level 5:colcon.colcon_core.verb:set package 'ar_control' build argument 'cmake_clean_first' from command line to 'False'
[0.233s] Level 5:colcon.colcon_core.verb:set package 'ar_control' build argument 'cmake_force_configure' from command line to 'False'
[0.233s] Level 5:colcon.colcon_core.verb:set package 'ar_control' build argument 'ament_cmake_args' from command line to 'None'
[0.233s] Level 5:colcon.colcon_core.verb:set package 'ar_control' build argument 'catkin_cmake_args' from command line to 'None'
[0.233s] Level 5:colcon.colcon_core.verb:set package 'ar_control' build argument 'catkin_skip_building_tests' from command line to 'False'
[0.233s] DEBUG:colcon.colcon_core.verb:Building package 'ar_control' with the following arguments: {'ament_cmake_args': None, 'build_base': '/home/hans/ar/build/ar_control', 'catkin_cmake_args': None, 'catkin_skip_building_tests': False, 'cmake_args': None, 'cmake_clean_cache': False, 'cmake_clean_first': False, 'cmake_force_configure': False, 'cmake_target': None, 'cmake_target_skip_unavailable': False, 'install_base': '/home/hans/ar/install/ar_control', 'merge_install': False, 'path': '/home/hans/ar/ar_src/command/ar_control', 'symlink_install': False, 'test_result_base': None}
[0.233s] INFO:colcon.colcon_core.executor:Executing jobs using 'parallel' executor
[0.234s] DEBUG:colcon.colcon_parallel_executor.executor.parallel:run_until_complete
[0.234s] INFO:colcon.colcon_ros.task.ament_cmake.build:Building ROS package in '/home/hans/ar/ar_src/command/ar_control' with build type 'ament_cmake'
[0.234s] INFO:colcon.colcon_cmake.task.cmake.build:Building CMake package in '/home/hans/ar/ar_src/command/ar_control'
[0.236s] INFO:colcon.colcon_core.plugin_system:Skipping extension 'colcon_core.shell.bat': Not used on non-Windows systems
[0.236s] INFO:colcon.colcon_core.shell:Skip shell extension 'powershell' for command environment: Not usable outside of PowerShell
[0.236s] DEBUG:colcon.colcon_core.shell:Skip shell extension 'dsv' for command environment
[0.252s] DEBUG:colcon.colcon_core.event_handler.log_command:Invoking command in '/home/hans/ar/build/ar_control': AMENT_PREFIX_PATH=/home/hans/ar/install/master:/home/hans/ar/install/ar_utils:/home/hans/ar/install/ar_comm:${AMENT_PREFIX_PATH} CMAKE_PREFIX_PATH=/home/hans/ar/install/master:/home/hans/ar/install/ar_utils:/home/hans/ar/install/ar_comm:/opt/ros/humble LD_LIBRARY_PATH=/home/hans/ar/install/ar_utils/lib:${LD_LIBRARY_PATH} /usr/bin/cmake /home/hans/ar/ar_src/command/ar_control -DCMAKE_INSTALL_PREFIX=/home/hans/ar/install/ar_control
[1.027s] DEBUG:colcon.colcon_core.event_handler.log_command:Invoked command in '/home/hans/ar/build/ar_control' returned '0': AMENT_PREFIX_PATH=/home/hans/ar/install/master:/home/hans/ar/install/ar_utils:/home/hans/ar/install/ar_comm:${AMENT_PREFIX_PATH} CMAKE_PREFIX_PATH=/home/hans/ar/install/master:/home/hans/ar/install/ar_utils:/home/hans/ar/install/ar_comm:/opt/ros/humble LD_LIBRARY_PATH=/home/hans/ar/install/ar_utils/lib:${LD_LIBRARY_PATH} /usr/bin/cmake /home/hans/ar/ar_src/command/ar_control -DCMAKE_INSTALL_PREFIX=/home/hans/ar/install/ar_control
[1.028s] DEBUG:colcon.colcon_core.event_handler.log_command:Invoking command in '/home/hans/ar/build/ar_control': AMENT_PREFIX_PATH=/home/hans/ar/install/master:/home/hans/ar/install/ar_utils:/home/hans/ar/install/ar_comm:${AMENT_PREFIX_PATH} CMAKE_PREFIX_PATH=/home/hans/ar/install/master:/home/hans/ar/install/ar_utils:/home/hans/ar/install/ar_comm:/opt/ros/humble LD_LIBRARY_PATH=/home/hans/ar/install/ar_utils/lib:${LD_LIBRARY_PATH} /usr/bin/cmake --build /home/hans/ar/build/ar_control -- -j12 -l12
[1.191s] DEBUG:colcon.colcon_core.event_handler.log_command:Invoked command in '/home/hans/ar/build/ar_control' returned '2': AMENT_PREFIX_PATH=/home/hans/ar/install/master:/home/hans/ar/install/ar_utils:/home/hans/ar/install/ar_comm:${AMENT_PREFIX_PATH} CMAKE_PREFIX_PATH=/home/hans/ar/install/master:/home/hans/ar/install/ar_utils:/home/hans/ar/install/ar_comm:/opt/ros/humble LD_LIBRARY_PATH=/home/hans/ar/install/ar_utils/lib:${LD_LIBRARY_PATH} /usr/bin/cmake --build /home/hans/ar/build/ar_control -- -j12 -l12
[1.192s] Level 1:colcon.colcon_core.environment:create_environment_scripts_only(ar_control)
[1.193s] Level 1:colcon.colcon_core.environment:checking '/home/hans/ar/install/ar_control' for CMake module files
[1.193s] Level 1:colcon.colcon_core.environment:checking '/home/hans/ar/install/ar_control' for CMake config files
[1.193s] Level 1:colcon.colcon_core.environment:checking '/home/hans/ar/install/ar_control/bin'
[1.194s] Level 1:colcon.colcon_core.environment:checking '/home/hans/ar/install/ar_control/lib/pkgconfig/ar_control.pc'
[1.194s] Level 1:colcon.colcon_core.environment:checking '/home/hans/ar/install/ar_control/lib/python3.10/site-packages'
[1.194s] Level 1:colcon.colcon_core.environment:checking '/home/hans/ar/install/ar_control/bin'
[1.194s] INFO:colcon.colcon_core.shell:Creating package script '/home/hans/ar/install/ar_control/share/ar_control/package.ps1'
[1.194s] INFO:colcon.colcon_core.shell:Creating package descriptor '/home/hans/ar/install/ar_control/share/ar_control/package.dsv'
[1.195s] INFO:colcon.colcon_core.shell:Creating package script '/home/hans/ar/install/ar_control/share/ar_control/package.sh'
[1.195s] INFO:colcon.colcon_core.shell:Creating package script '/home/hans/ar/install/ar_control/share/ar_control/package.bash'
[1.196s] INFO:colcon.colcon_core.shell:Creating package script '/home/hans/ar/install/ar_control/share/ar_control/package.zsh'
[1.196s] Level 1:colcon.colcon_core.environment:create_file_with_runtime_dependencies(/home/hans/ar/install/ar_control/share/colcon-core/packages/ar_control)
[1.206s] DEBUG:colcon.colcon_parallel_executor.executor.parallel:closing loop
[1.207s] DEBUG:colcon.colcon_parallel_executor.executor.parallel:loop closed
[1.207s] DEBUG:colcon.colcon_parallel_executor.executor.parallel:run_until_complete finished with '2'
[1.207s] DEBUG:colcon.colcon_core.event_reactor:joining thread
[1.211s] INFO:colcon.colcon_core.plugin_system:Skipping extension 'colcon_notification.desktop_notification.terminal_notifier': Not used on non-Darwin systems
[1.211s] INFO:colcon.colcon_core.plugin_system:Skipping extension 'colcon_notification.desktop_notification.win32': Not used on non-Windows systems
[1.211s] INFO:colcon.colcon_notification.desktop_notification:Sending desktop notification using 'notify2'
[1.219s] DEBUG:colcon.colcon_core.event_reactor:joined thread
[1.219s] INFO:colcon.colcon_core.shell:Creating prefix script '/home/hans/ar/install/local_setup.ps1'
[1.220s] INFO:colcon.colcon_core.shell:Creating prefix util module '/home/hans/ar/install/_local_setup_util_ps1.py'
[1.221s] INFO:colcon.colcon_core.shell:Creating prefix chain script '/home/hans/ar/install/setup.ps1'
[1.222s] INFO:colcon.colcon_core.shell:Creating prefix script '/home/hans/ar/install/local_setup.sh'
[1.223s] INFO:colcon.colcon_core.shell:Creating prefix util module '/home/hans/ar/install/_local_setup_util_sh.py'
[1.223s] INFO:colcon.colcon_core.shell:Creating prefix chain script '/home/hans/ar/install/setup.sh'
[1.224s] INFO:colcon.colcon_core.shell:Creating prefix script '/home/hans/ar/install/local_setup.bash'
[1.225s] INFO:colcon.colcon_core.shell:Creating prefix chain script '/home/hans/ar/install/setup.bash'
[1.226s] INFO:colcon.colcon_core.shell:Creating prefix script '/home/hans/ar/install/local_setup.zsh'
[1.226s] INFO:colcon.colcon_core.shell:Creating prefix chain script '/home/hans/ar/install/setup.zsh'
