[0.038s] Invoking command in '/home/hans/ar/build/ar_planner_interface': CMAKE_PREFIX_PATH=${CMAKE_PREFIX_PATH}:/opt/ros/humble /usr/bin/cmake /home/hans/ar/ar_src/command/ar_planner_interface -DCMAKE_INSTALL_PREFIX=/home/hans/ar/install/ar_planner_interface
[1.851s] -- The C compiler identification is GNU 11.4.0
[1.851s] -- The CXX compiler identification is GNU 11.4.0
[1.852s] -- Detecting C compiler ABI info
[1.852s] -- Detecting C compiler ABI info - done
[1.852s] -- Check for working C compiler: /usr/bin/cc - skipped
[1.852s] -- Detecting C compile features
[1.852s] -- Detecting C compile features - done
[1.852s] -- Detecting CXX compiler ABI info
[1.852s] -- Detecting CXX compiler ABI info - done
[1.852s] -- Check for working CXX compiler: /usr/bin/c++ - skipped
[1.852s] -- Detecting CXX compile features
[1.852s] -- Detecting CXX compile features - done
[1.852s] -- Found ament_cmake: 1.3.11 (/opt/ros/humble/share/ament_cmake/cmake)
[1.852s] -- Found Python3: /usr/bin/python3 (found version "3.10.12") found components: Interpreter 
[1.852s] -- Found rclcpp: 16.0.12 (/opt/ros/humble/share/rclcpp/cmake)
[1.852s] -- Found rosidl_generator_c: 3.1.6 (/opt/ros/humble/share/rosidl_generator_c/cmake)
[1.853s] -- Found rosidl_adapter: 3.1.6 (/opt/ros/humble/share/rosidl_adapter/cmake)
[1.853s] -- Found rosidl_generator_cpp: 3.1.6 (/opt/ros/humble/share/rosidl_generator_cpp/cmake)
[1.853s] -- Using all available rosidl_typesupport_c: rosidl_typesupport_fastrtps_c;rosidl_typesupport_introspection_c
[1.853s] -- Using all available rosidl_typesupport_cpp: rosidl_typesupport_fastrtps_cpp;rosidl_typesupport_introspection_cpp
[1.866s] -- Found rmw_implementation_cmake: 6.1.2 (/opt/ros/humble/share/rmw_implementation_cmake/cmake)
[1.869s] -- Found rmw_fastrtps_cpp: 6.2.7 (/opt/ros/humble/share/rmw_fastrtps_cpp/cmake)
[2.178s] -- Found OpenSSL: /usr/lib/x86_64-linux-gnu/libcrypto.so (found version "3.0.2")  
[2.224s] -- Found FastRTPS: /opt/ros/humble/include  
[2.295s] -- Using RMW implementation 'rmw_fastrtps_cpp' as default
[2.306s] -- Looking for pthread.h
[2.511s] -- Looking for pthread.h - found
[2.512s] -- Performing Test CMAKE_HAVE_LIBC_PTHREAD
[2.704s] -- Performing Test CMAKE_HAVE_LIBC_PTHREAD - Success
[2.704s] -- Found Threads: TRUE  
[2.766s] -- Found ament_lint_auto: 0.12.12 (/opt/ros/humble/share/ament_lint_auto/cmake)
[2.864s] -- Added test 'lint_cmake' to check CMake code style
[2.865s] -- Added test 'xmllint' to check XML markup files
[2.868s] -- Configuring done
[2.874s] -- Generating done
[2.877s] -- Build files have been written to: /home/hans/ar/build/ar_planner_interface
