[0.018s] Invoking command in '/home/hans/ar/build/ar_control': AMENT_PREFIX_PATH=/home/hans/ar/install/master:/home/hans/ar/install/ar_utils:/home/hans/ar/install/ar_comm:${AMENT_PREFIX_PATH} CMAKE_PREFIX_PATH=/home/hans/ar/install/master:/home/hans/ar/install/ar_utils:/home/hans/ar/install/ar_comm:/opt/ros/humble LD_LIBRARY_PATH=/home/hans/ar/install/ar_utils/lib:${LD_LIBRARY_PATH} /usr/bin/cmake /home/hans/ar/ar_src/command/ar_control -DCMAKE_INSTALL_PREFIX=/home/hans/ar/install/ar_control
[0.030s] -- Found ament_cmake: 1.3.11 (/opt/ros/humble/share/ament_cmake/cmake)
[0.123s] -- Found moveit_common: 2.5.9 (/opt/ros/humble/share/moveit_common/cmake)
[0.167s] [0mar_control: You did not request a specific build type: Choosing 'Release' for maximum performance[0m
[0.167s] -- Found hardware_interface: 2.50.0 (/opt/ros/humble/share/hardware_interface/cmake)
[0.184s] -- Found rosidl_generator_c: 3.1.6 (/opt/ros/humble/share/rosidl_generator_c/cmake)
[0.185s] -- Found rosidl_adapter: 3.1.6 (/opt/ros/humble/share/rosidl_adapter/cmake)
[0.188s] -- Found rosidl_generator_cpp: 3.1.6 (/opt/ros/humble/share/rosidl_generator_cpp/cmake)
[0.194s] -- Using all available rosidl_typesupport_c: rosidl_typesupport_fastrtps_c;rosidl_typesupport_introspection_c
[0.201s] -- Using all available rosidl_typesupport_cpp: rosidl_typesupport_fastrtps_cpp;rosidl_typesupport_introspection_cpp
[0.298s] -- Found rmw_implementation_cmake: 6.1.2 (/opt/ros/humble/share/rmw_implementation_cmake/cmake)
[0.299s] -- Found rmw_fastrtps_cpp: 6.2.7 (/opt/ros/humble/share/rmw_fastrtps_cpp/cmake)
[0.310s] -- Found TinyXML2 via Config file: TinyXML2_DIR-NOTFOUND
[0.318s] -- Found TinyXML2 via Config file: TinyXML2_DIR-NOTFOUND
[0.333s] -- Found TinyXML2 via Config file: TinyXML2_DIR-NOTFOUND
[0.341s] -- Found TinyXML2 via Config file: TinyXML2_DIR-NOTFOUND
[0.353s] -- Using RMW implementation 'rmw_fastrtps_cpp' as default
[0.378s] -- Found rclcpp_action: 16.0.12 (/opt/ros/humble/share/rclcpp_action/cmake)
[0.383s] -- Found rclcpp_components: 16.0.12 (/opt/ros/humble/share/rclcpp_components/cmake)
[0.392s] -- Found yaml_cpp_vendor: 8.0.2 (/opt/ros/humble/share/yaml_cpp_vendor/cmake)
[0.392s] -- Found urdf: 2.6.1 (/opt/ros/humble/share/urdf/cmake)
[0.395s] -- Found moveit_core: 2.5.9 (/opt/ros/humble/share/moveit_core/cmake)
[0.406s] -- Found Boost: /usr/lib/x86_64-linux-gnu/cmake/Boost-1.74.0/BoostConfig.cmake (found version "1.74.0") found components: chrono date_time filesystem iostreams program_options regex serialization system thread 
[0.425s] -- Found parameter_traits: 0.4.0 (/opt/ros/humble/share/parameter_traits/cmake)
[0.434s] -- Found Boost: /usr/lib/x86_64-linux-gnu/cmake/Boost-1.74.0/BoostConfig.cmake (found version "1.74.0") found components: filesystem 
[0.470s] -- library: /usr/lib/x86_64-linux-gnu/libcurl.so
[0.494s] -- Ensuring Eigen3 include directory is part of orocos-kdl CMake target
[0.568s] -- Found moveit_ros_move_group: 2.5.9 (/opt/ros/humble/share/moveit_ros_move_group/cmake)
[0.571s] -- Found Boost: /usr/lib/x86_64-linux-gnu/cmake/Boost-1.74.0/BoostConfig.cmake (found version "1.74.0") found components: system filesystem date_time program_options thread 
[0.589s] -- Found Boost: /usr/lib/x86_64-linux-gnu/cmake/Boost-1.74.0/BoostConfig.cmake (found version "1.74.0") found components: system filesystem date_time program_options thread chrono 
[0.598s] -- Found moveit_ros_planning_interface: 2.5.9 (/opt/ros/humble/share/moveit_ros_planning_interface/cmake)
[0.601s] -- Found Boost: /usr/lib/x86_64-linux-gnu/cmake/Boost-1.74.0/BoostConfig.cmake (found version "1.74.0") found components: date_time filesystem program_options system thread 
[0.609s] -- Found Boost: /usr/lib/x86_64-linux-gnu/cmake/Boost-1.74.0/BoostConfig.cmake (found version "1.74.0") found components: thread system filesystem regex date_time program_options 
[0.623s] -- Found moveit_planners: 2.5.9 (/opt/ros/humble/share/moveit_planners/cmake)
[0.623s] -- Found ar_utils: 0.0.0 (/home/hans/ar/install/ar_utils/share/ar_utils/cmake)
[0.626s] -- Found ar_action: 0.0.0 (/home/hans/ar/install/ar_action/share/ar_action/cmake)
[0.654s] [31mCMake Error at /opt/ros/humble/share/ament_cmake_target_dependencies/cmake/ament_target_dependencies.cmake:77 (message):
[0.654s]   ament_target_dependencies() the passed package name '/usr/include' was not
[0.654s]   found before
[0.654s] Call Stack (most recent call first):
[0.654s]   CMakeLists.txt:93 (ament_target_dependencies)
[0.654s] 
[0.654s] [0m
[0.654s] -- Configuring incomplete, errors occurred!
[0.654s] See also "/home/hans/ar/build/ar_control/CMakeFiles/CMakeOutput.log".
[0.665s] Invoked command in '/home/hans/ar/build/ar_control' returned '1': AMENT_PREFIX_PATH=/home/hans/ar/install/master:/home/hans/ar/install/ar_utils:/home/hans/ar/install/ar_comm:${AMENT_PREFIX_PATH} CMAKE_PREFIX_PATH=/home/hans/ar/install/master:/home/hans/ar/install/ar_utils:/home/hans/ar/install/ar_comm:/opt/ros/humble LD_LIBRARY_PATH=/home/hans/ar/install/ar_utils/lib:${LD_LIBRARY_PATH} /usr/bin/cmake /home/hans/ar/ar_src/command/ar_control -DCMAKE_INSTALL_PREFIX=/home/hans/ar/install/ar_control
