[0.009s] Invoking command in '/home/hans/ar/build/ar_control': CMAKE_PREFIX_PATH=/home/hans/ar/install/master:/home/hans/ar/install/ar_utils:/home/hans/ar/install/ar_comm:/home/hans/ar/install/ar_scene:/home/hans/ar/install/ar_planner_interface:/home/hans/ar/install/ar_msgs:/home/hans/ar/install/ar_moveit_config:/home/hans/ar/install/ar_computation:/home/hans/ar/install/ar_action:/opt/ros/humble /usr/bin/cmake --build /home/hans/ar/build/ar_control -- -j12 -l12
[0.032s] -- Found ament_cmake: 1.3.11 (/opt/ros/humble/share/ament_cmake/cmake)
[0.114s] -- Found moveit_common: 2.5.9 (/opt/ros/humble/share/moveit_common/cmake)
[0.154s] [0mar_control: You did not request a specific build type: Choosing 'Release' for maximum performance[0m
[0.154s] -- Found hardware_interface: 2.50.0 (/opt/ros/humble/share/hardware_interface/cmake)
[0.171s] -- Found rosidl_generator_c: 3.1.6 (/opt/ros/humble/share/rosidl_generator_c/cmake)
[0.172s] -- Found rosidl_adapter: 3.1.6 (/opt/ros/humble/share/rosidl_adapter/cmake)
[0.176s] -- Found rosidl_generator_cpp: 3.1.6 (/opt/ros/humble/share/rosidl_generator_cpp/cmake)
[0.181s] -- Using all available rosidl_typesupport_c: rosidl_typesupport_fastrtps_c;rosidl_typesupport_introspection_c
[0.189s] -- Using all available rosidl_typesupport_cpp: rosidl_typesupport_fastrtps_cpp;rosidl_typesupport_introspection_cpp
[0.288s] -- Found rmw_implementation_cmake: 6.1.2 (/opt/ros/humble/share/rmw_implementation_cmake/cmake)
[0.288s] -- Found rmw_fastrtps_cpp: 6.2.7 (/opt/ros/humble/share/rmw_fastrtps_cpp/cmake)
[0.300s] -- Found TinyXML2 via Config file: TinyXML2_DIR-NOTFOUND
[0.307s] -- Found TinyXML2 via Config file: TinyXML2_DIR-NOTFOUND
[0.319s] -- Found TinyXML2 via Config file: TinyXML2_DIR-NOTFOUND
[0.325s] -- Found TinyXML2 via Config file: TinyXML2_DIR-NOTFOUND
[0.333s] -- Using RMW implementation 'rmw_fastrtps_cpp' as default
[0.357s] -- Found rclcpp_action: 16.0.12 (/opt/ros/humble/share/rclcpp_action/cmake)
[0.362s] -- Found rclcpp_components: 16.0.12 (/opt/ros/humble/share/rclcpp_components/cmake)
[0.371s] -- Found yaml_cpp_vendor: 8.0.2 (/opt/ros/humble/share/yaml_cpp_vendor/cmake)
[0.371s] -- Found urdf: 2.6.1 (/opt/ros/humble/share/urdf/cmake)
[0.374s] -- Found ar_action: 0.0.0 (/home/hans/ar/install/ar_action/share/ar_action/cmake)
[0.396s] -- Found ar_comm: 0.0.0 (/home/hans/ar/install/ar_comm/share/ar_comm/cmake)
[0.397s] -- Found ar_utils: 0.0.0 (/home/hans/ar/install/ar_utils/share/ar_utils/cmake)
[0.411s] -- Found Boost: /usr/lib/x86_64-linux-gnu/cmake/Boost-1.74.0/BoostConfig.cmake (found version "1.74.0") found components: chrono date_time filesystem iostreams program_options regex serialization system thread 
[0.425s] -- Found parameter_traits: 0.4.0 (/opt/ros/humble/share/parameter_traits/cmake)
[0.433s] -- Found Boost: /usr/lib/x86_64-linux-gnu/cmake/Boost-1.74.0/BoostConfig.cmake (found version "1.74.0") found components: filesystem 
[0.457s] -- library: /usr/lib/x86_64-linux-gnu/libcurl.so
[0.479s] -- Ensuring Eigen3 include directory is part of orocos-kdl CMake target
[0.557s] -- Found pilz_industrial_motion_planner: 2.5.9 (/opt/ros/humble/share/pilz_industrial_motion_planner/cmake)
[0.565s] -- Found Boost: /usr/lib/x86_64-linux-gnu/cmake/Boost-1.74.0/BoostConfig.cmake (found version "1.74.0") found components: system filesystem date_time program_options thread 
[0.582s] -- Found Boost: /usr/lib/x86_64-linux-gnu/cmake/Boost-1.74.0/BoostConfig.cmake (found version "1.74.0") found components: system filesystem date_time program_options thread chrono 
[0.595s] -- Found Boost: /usr/lib/x86_64-linux-gnu/cmake/Boost-1.74.0/BoostConfig.cmake (found version "1.74.0") found components: date_time filesystem program_options system thread 
[0.604s] -- Found Boost: /usr/lib/x86_64-linux-gnu/cmake/Boost-1.74.0/BoostConfig.cmake (found version "1.74.0") found components: thread system filesystem regex date_time program_options 
[0.623s] -- Found moveit_planners: 2.5.9 (/opt/ros/humble/share/moveit_planners/cmake)
[0.625s] -- Found pcl_conversions: 2.4.5 (/opt/ros/humble/share/pcl_conversions/cmake)
[0.648s] -- Eigen found (include: /usr/include/eigen3, version: 3.4.0)
[0.669s] -- FLANN found (include: /usr/include, lib: /usr/lib/x86_64-linux-gnu/libflann_cpp.so)
[0.807s] -- OpenNI found (version: 1.5.4.0, include: /usr/include/ni, lib: /usr/lib/libOpenNI.so;libusb::libusb)
[0.813s] -- OpenNI2 found (version: 2.2.0.33, include: /usr/include/openni2, lib: /usr/lib/x86_64-linux-gnu/libOpenNI2.so;libusb::libusb)
[0.920s] -- Eigen found (include: /usr/include/eigen3, version: 3.4.0)
[0.927s] -- OpenNI found (version: 1.5.4.0, include: /usr/include/ni, lib: /usr/lib/libOpenNI.so;libusb::libusb)
[0.932s] -- OpenNI2 found (version: 2.2.0.33, include: /usr/include/openni2, lib: /usr/lib/x86_64-linux-gnu/libOpenNI2.so;libusb::libusb)
[1.032s] -- Found Qhull version 8.0.2
[1.133s] -- OpenNI found (version: 1.5.4.0, include: /usr/include/ni, lib: /usr/lib/libOpenNI.so;libusb::libusb)
[1.235s] -- Found octomap_ros: 0.4.4 (/opt/ros/humble/share/octomap_ros/cmake)
[1.278s] [31mCMake Error at CMakeLists.txt:211 (install):
[1.278s]   install TARGETS given target "publish_joint_states" which does not exist.
[1.278s] 
[1.279s] [0m
[1.279s] -- Found ament_cmake_gtest: 1.3.11 (/opt/ros/humble/share/ament_cmake_gtest/cmake)
[1.281s] -- Configuring incomplete, errors occurred!
[1.281s] See also "/home/hans/ar/build/ar_control/CMakeFiles/CMakeOutput.log".
[1.294s] gmake: *** [Makefile:441: cmake_check_build_system] Error 1
[1.295s] Invoked command in '/home/hans/ar/build/ar_control' returned '2': CMAKE_PREFIX_PATH=/home/hans/ar/install/master:/home/hans/ar/install/ar_utils:/home/hans/ar/install/ar_comm:/home/hans/ar/install/ar_scene:/home/hans/ar/install/ar_planner_interface:/home/hans/ar/install/ar_msgs:/home/hans/ar/install/ar_moveit_config:/home/hans/ar/install/ar_computation:/home/hans/ar/install/ar_action:/opt/ros/humble /usr/bin/cmake --build /home/hans/ar/build/ar_control -- -j12 -l12
