-- The C compiler identification is GNU 11.4.0
-- The CXX compiler identification is GNU 11.4.0
-- Detecting C compiler ABI info
-- Detecting C compiler ABI info - done
-- Check for working C compiler: /usr/bin/cc - skipped
-- Detecting C compile features
-- Detecting C compile features - done
-- Detecting CXX compiler ABI info
-- Detecting CXX compiler ABI info - done
-- Check for working CXX compiler: /usr/bin/c++ - skipped
-- Detecting CXX compile features
-- Detecting CXX compile features - done
-- Found ament_cmake: 1.3.11 (/opt/ros/humble/share/ament_cmake/cmake)
-- Found Python3: /usr/bin/python3 (found version "3.10.12") found components: Interpreter 
-- Configuring done
-- Generating done
-- Build files have been written to: /home/hans/ar/build/ar_moveit_config
-- Install configuration: "RelWithDebInfo"
-- Installing: /home/hans/ar/install/ar_moveit_config/share/ar_moveit_config/config
-- Installing: /home/hans/ar/install/ar_moveit_config/share/ar_moveit_config/config/cartesian_limits.yaml
-- Installing: /home/hans/ar/install/ar_moveit_config/share/ar_moveit_config/config/ar_ros_controllers.yaml
-- Installing: /home/hans/ar/install/ar_moveit_config/share/ar_moveit_config/config/ompl_planning.yaml
-- Installing: /home/hans/ar/install/ar_moveit_config/share/ar_moveit_config/config/joint_limits.yaml
-- Installing: /home/hans/ar/install/ar_moveit_config/share/ar_moveit_config/config/ar_config.urdf.xacro
-- Installing: /home/hans/ar/install/ar_moveit_config/share/ar_moveit_config/config/kinematics.yaml
-- Installing: /home/hans/ar/install/ar_moveit_config/share/ar_moveit_config/config/ar_moveit_controllers.yaml
-- Installing: /home/hans/ar/install/ar_moveit_config/share/ar_moveit_config/config/ar_config.srdf.xacro
-- Installing: /home/hans/ar/install/ar_moveit_config/share/ar_moveit_config/launch
-- Installing: /home/hans/ar/install/ar_moveit_config/share/ar_moveit_config/launch/tomobase_moveit.rviz
-- Installing: /home/hans/ar/install/ar_moveit_config/share/ar_moveit_config/launch/view_robot.launch.py
-- Installing: /home/hans/ar/install/ar_moveit_config/share/ar_moveit_config/ros2_control
-- Installing: /home/hans/ar/install/ar_moveit_config/share/ar_moveit_config/ros2_control/ar.ros2_control.xacro
-- Installing: /home/hans/ar/install/ar_moveit_config/share/ar_moveit_config/meshes
-- Installing: /home/hans/ar/install/ar_moveit_config/share/ar_moveit_config/meshes/collisions
-- Installing: /home/hans/ar/install/ar_moveit_config/share/ar_moveit_config/meshes/collisions/link_4.STL
-- Installing: /home/hans/ar/install/ar_moveit_config/share/ar_moveit_config/meshes/collisions/link_3.STL
-- Installing: /home/hans/ar/install/ar_moveit_config/share/ar_moveit_config/meshes/collisions/link_5.STL
-- Installing: /home/hans/ar/install/ar_moveit_config/share/ar_moveit_config/meshes/collisions/link_1.STL
-- Installing: /home/hans/ar/install/ar_moveit_config/share/ar_moveit_config/meshes/collisions/link_2.STL
-- Installing: /home/hans/ar/install/ar_moveit_config/share/ar_moveit_config/meshes/collisions/base_link.STL
-- Installing: /home/hans/ar/install/ar_moveit_config/share/ar_moveit_config/meshes/collisions/link_6.STL
-- Installing: /home/hans/ar/install/ar_moveit_config/share/ar_moveit_config/meshes/visuals
-- Installing: /home/hans/ar/install/ar_moveit_config/share/ar_moveit_config/meshes/visuals/link_4.STL
-- Installing: /home/hans/ar/install/ar_moveit_config/share/ar_moveit_config/meshes/visuals/link_3.STL
-- Installing: /home/hans/ar/install/ar_moveit_config/share/ar_moveit_config/meshes/visuals/link_5.STL
-- Installing: /home/hans/ar/install/ar_moveit_config/share/ar_moveit_config/meshes/visuals/link_1.STL
-- Installing: /home/hans/ar/install/ar_moveit_config/share/ar_moveit_config/meshes/visuals/link_2.STL
-- Installing: /home/hans/ar/install/ar_moveit_config/share/ar_moveit_config/meshes/visuals/base_link.STL
-- Installing: /home/hans/ar/install/ar_moveit_config/share/ar_moveit_config/meshes/visuals/link_6.STL
-- Installing: /home/hans/ar/install/ar_moveit_config/share/ar_moveit_config/urdf
-- Installing: /home/hans/ar/install/ar_moveit_config/share/ar_moveit_config/urdf/ar_base.xacro
-- Installing: /home/hans/ar/install/ar_moveit_config/share/ament_index/resource_index/package_run_dependencies/ar_moveit_config
-- Installing: /home/hans/ar/install/ar_moveit_config/share/ament_index/resource_index/parent_prefix_path/ar_moveit_config
-- Installing: /home/hans/ar/install/ar_moveit_config/share/ar_moveit_config/environment/ament_prefix_path.sh
-- Installing: /home/hans/ar/install/ar_moveit_config/share/ar_moveit_config/environment/ament_prefix_path.dsv
-- Installing: /home/hans/ar/install/ar_moveit_config/share/ar_moveit_config/environment/path.sh
-- Installing: /home/hans/ar/install/ar_moveit_config/share/ar_moveit_config/environment/path.dsv
-- Installing: /home/hans/ar/install/ar_moveit_config/share/ar_moveit_config/local_setup.bash
-- Installing: /home/hans/ar/install/ar_moveit_config/share/ar_moveit_config/local_setup.sh
-- Installing: /home/hans/ar/install/ar_moveit_config/share/ar_moveit_config/local_setup.zsh
-- Installing: /home/hans/ar/install/ar_moveit_config/share/ar_moveit_config/local_setup.dsv
-- Installing: /home/hans/ar/install/ar_moveit_config/share/ar_moveit_config/package.dsv
-- Installing: /home/hans/ar/install/ar_moveit_config/share/ament_index/resource_index/packages/ar_moveit_config
-- Installing: /home/hans/ar/install/ar_moveit_config/share/ar_moveit_config/cmake/ar_moveit_configConfig.cmake
-- Installing: /home/hans/ar/install/ar_moveit_config/share/ar_moveit_config/cmake/ar_moveit_configConfig-version.cmake
-- Installing: /home/hans/ar/install/ar_moveit_config/share/ar_moveit_config/package.xml
