[0.040s] Invoking command in '/home/hans/ar/build/ar_utils': CMAKE_PREFIX_PATH=${CMAKE_PREFIX_PATH}:/opt/ros/humble /usr/bin/cmake /home/hans/ar/ar_src/utilities/ar_utils -DCMAKE_INSTALL_PREFIX=/home/hans/ar/install/ar_utils
[0.260s] -- The C compiler identification is GNU 11.4.0
[0.449s] -- The CXX compiler identification is GNU 11.4.0
[0.485s] -- Detecting C compiler ABI info
[0.900s] -- Detecting C compiler ABI info - done
[0.907s] -- Check for working C compiler: /usr/bin/cc - skipped
[0.907s] -- Detecting C compile features
[0.907s] -- Detecting C compile features - done
[0.911s] -- Detecting CXX compiler ABI info
[1.357s] -- Detecting CXX compiler ABI info - done
[1.369s] -- Check for working CXX compiler: /usr/bin/c++ - skipped
[1.369s] -- Detecting CXX compile features
[1.369s] -- Detecting CXX compile features - done
[1.376s] -- Found ament_cmake: 1.3.11 (/opt/ros/humble/share/ament_cmake/cmake)
[1.627s] -- Found Python3: /usr/bin/python3 (found version "3.10.12") found components: Interpreter 
[1.745s] -- Found yaml_cpp_vendor: 8.0.2 (/opt/ros/humble/share/yaml_cpp_vendor/cmake)
[1.755s] -- Found rclcpp: 16.0.12 (/opt/ros/humble/share/rclcpp/cmake)
[1.799s] -- Found rosidl_generator_c: 3.1.6 (/opt/ros/humble/share/rosidl_generator_c/cmake)
[1.806s] -- Found rosidl_adapter: 3.1.6 (/opt/ros/humble/share/rosidl_adapter/cmake)
[1.817s] -- Found rosidl_generator_cpp: 3.1.6 (/opt/ros/humble/share/rosidl_generator_cpp/cmake)
[1.831s] -- Using all available rosidl_typesupport_c: rosidl_typesupport_fastrtps_c;rosidl_typesupport_introspection_c
[1.850s] -- Using all available rosidl_typesupport_cpp: rosidl_typesupport_fastrtps_cpp;rosidl_typesupport_introspection_cpp
[1.896s] -- Found rmw_implementation_cmake: 6.1.2 (/opt/ros/humble/share/rmw_implementation_cmake/cmake)
[1.899s] -- Found rmw_fastrtps_cpp: 6.2.7 (/opt/ros/humble/share/rmw_fastrtps_cpp/cmake)
[2.213s] -- Found OpenSSL: /usr/lib/x86_64-linux-gnu/libcrypto.so (found version "3.0.2")  
[2.259s] -- Found FastRTPS: /opt/ros/humble/include  
[2.327s] -- Using RMW implementation 'rmw_fastrtps_cpp' as default
[2.339s] -- Looking for pthread.h
[2.542s] -- Looking for pthread.h - found
[2.542s] -- Performing Test CMAKE_HAVE_LIBC_PTHREAD
[2.732s] -- Performing Test CMAKE_HAVE_LIBC_PTHREAD - Success
[2.732s] -- Found Threads: TRUE  
[2.798s] -- Found rclcpp_lifecycle: 16.0.12 (/opt/ros/humble/share/rclcpp_lifecycle/cmake)
[2.869s] -- Found Boost: /usr/lib/x86_64-linux-gnu/cmake/Boost-1.74.0/BoostConfig.cmake (found version "1.74.0") found components: system filesystem date_time thread 
[2.883s] -- Found moveit_core: 2.5.9 (/opt/ros/humble/share/moveit_core/cmake)
[2.908s] -- Found Boost: /usr/lib/x86_64-linux-gnu/cmake/Boost-1.74.0/BoostConfig.cmake (found version "1.74.0") found components: chrono date_time filesystem iostreams program_options regex serialization system thread 
[2.956s] -- Found parameter_traits: 0.4.0 (/opt/ros/humble/share/parameter_traits/cmake)
[2.966s] -- Found Eigen3: TRUE (found version "3.4.0") 
[2.972s] -- Found Boost: /usr/lib/x86_64-linux-gnu/cmake/Boost-1.74.0/BoostConfig.cmake (found version "1.74.0") found components: filesystem 
[3.142s] -- library: /usr/lib/x86_64-linux-gnu/libcurl.so
[3.211s] -- Ensuring Eigen3 include directory is part of orocos-kdl CMake target
[3.476s] -- Configuring done
[3.519s] -- Generating done
[3.527s] -- Build files have been written to: /home/hans/ar/build/ar_utils
