[0.007s] Invoking command in '/home/hans/ar/build/ar_utils': CMAKE_PREFIX_PATH=/opt/ros/humble /usr/bin/cmake --build /home/hans/ar/build/ar_utils -- -j12 -l12
[0.043s] [35m[1mConsolidate compiler generated dependencies of target ar_utils[0m
[0.067s] [ 66%] Built target ar_utils
[0.085s] [ 83%] [32mBuilding CXX object CMakeFiles/test_log.dir/test/test_log.cpp.o[0m
[1.812s] [100%] [32m[1mLinking CXX executable test_log[0m
[1.918s] [100%] Built target test_log
[1.928s] Invoked command in '/home/hans/ar/build/ar_utils' returned '0': CMAKE_PREFIX_PATH=/opt/ros/humble /usr/bin/cmake --build /home/hans/ar/build/ar_utils -- -j12 -l12
[1.937s] Invoking command in '/home/hans/ar/build/ar_utils': CMAKE_PREFIX_PATH=/opt/ros/humble /usr/bin/cmake --install /home/hans/ar/build/ar_utils
[1.942s] -- Install configuration: ""
[1.943s] -- Installing: /home/hans/ar/install/ar_utils/share/ar_utils/environment/library_path.sh
[1.943s] -- Installing: /home/hans/ar/install/ar_utils/share/ar_utils/environment/library_path.dsv
[1.943s] -- Installing: /home/hans/ar/install/ar_utils/include
[1.943s] -- Installing: /home/hans/ar/install/ar_utils/include/ar_utils.h
[1.943s] -- Installing: /home/hans/ar/install/ar_utils/include/ar_logging.h
[1.943s] -- Installing: /home/hans/ar/install/ar_utils/include/ar_serializer.h
[1.943s] -- Installing: /home/hans/ar/install/ar_utils/lib/libar_utils.so
[1.944s] -- Set runtime path of "/home/hans/ar/install/ar_utils/lib/libar_utils.so" to ""
[1.944s] -- Installing: /home/hans/ar/install/ar_utils/lib/ar_utils/test_log
[1.944s] -- Set runtime path of "/home/hans/ar/install/ar_utils/lib/ar_utils/test_log" to ""
[1.944s] -- Installing: /home/hans/ar/install/ar_utils/share/ament_index/resource_index/package_run_dependencies/ar_utils
[1.944s] -- Installing: /home/hans/ar/install/ar_utils/share/ament_index/resource_index/parent_prefix_path/ar_utils
[1.944s] -- Installing: /home/hans/ar/install/ar_utils/share/ar_utils/environment/ament_prefix_path.sh
[1.945s] -- Installing: /home/hans/ar/install/ar_utils/share/ar_utils/environment/ament_prefix_path.dsv
[1.945s] -- Installing: /home/hans/ar/install/ar_utils/share/ar_utils/environment/path.sh
[1.945s] -- Installing: /home/hans/ar/install/ar_utils/share/ar_utils/environment/path.dsv
[1.945s] -- Installing: /home/hans/ar/install/ar_utils/share/ar_utils/local_setup.bash
[1.945s] -- Installing: /home/hans/ar/install/ar_utils/share/ar_utils/local_setup.sh
[1.945s] -- Installing: /home/hans/ar/install/ar_utils/share/ar_utils/local_setup.zsh
[1.945s] -- Installing: /home/hans/ar/install/ar_utils/share/ar_utils/local_setup.dsv
[1.945s] -- Installing: /home/hans/ar/install/ar_utils/share/ar_utils/package.dsv
[1.945s] -- Installing: /home/hans/ar/install/ar_utils/share/ament_index/resource_index/packages/ar_utils
[1.946s] -- Installing: /home/hans/ar/install/ar_utils/share/ar_utils/cmake/ar_utilsExport.cmake
[1.946s] -- Installing: /home/hans/ar/install/ar_utils/share/ar_utils/cmake/ar_utilsExport-noconfig.cmake
[1.946s] -- Installing: /home/hans/ar/install/ar_utils/share/ar_utils/cmake/ament_cmake_export_include_directories-extras.cmake
[1.946s] -- Installing: /home/hans/ar/install/ar_utils/share/ar_utils/cmake/ament_cmake_export_targets-extras.cmake
[1.947s] -- Installing: /home/hans/ar/install/ar_utils/share/ar_utils/cmake/ament_cmake_export_dependencies-extras.cmake
[1.947s] -- Installing: /home/hans/ar/install/ar_utils/share/ar_utils/cmake/ar_utilsConfig.cmake
[1.947s] -- Installing: /home/hans/ar/install/ar_utils/share/ar_utils/cmake/ar_utilsConfig-version.cmake
[1.947s] -- Installing: /home/hans/ar/install/ar_utils/share/ar_utils/package.xml
[1.949s] Invoked command in '/home/hans/ar/build/ar_utils' returned '0': CMAKE_PREFIX_PATH=/opt/ros/humble /usr/bin/cmake --install /home/hans/ar/build/ar_utils
