[0.036s] Invoking command in '/home/hans/ar/build/ar_comm': CMAKE_PREFIX_PATH=${CMAKE_PREFIX_PATH}:/opt/ros/humble /usr/bin/cmake --build /home/hans/ar/build/ar_comm -- -j12 -l12
[0.088s] Invoked command in '/home/hans/ar/build/ar_comm' returned '0': CMAKE_PREFIX_PATH=${CMAKE_PREFIX_PATH}:/opt/ros/humble /usr/bin/cmake --build /home/hans/ar/build/ar_comm -- -j12 -l12
[0.088s] Invoking command in '/home/hans/ar/build/ar_comm': CMAKE_PREFIX_PATH=${CMAKE_PREFIX_PATH}:/opt/ros/humble /usr/bin/cmake --install /home/hans/ar/build/ar_comm
[0.100s] -- Install configuration: ""
[0.105s] -- Up-to-date: /home/hans/ar/install/ar_comm/share/ament_index/resource_index/package_run_dependencies/ar_comm
[0.105s] -- Up-to-date: /home/hans/ar/install/ar_comm/share/ament_index/resource_index/parent_prefix_path/ar_comm
[0.105s] -- Up-to-date: /home/hans/ar/install/ar_comm/share/ar_comm/environment/ament_prefix_path.sh
[0.105s] -- Up-to-date: /home/hans/ar/install/ar_comm/share/ar_comm/environment/ament_prefix_path.dsv
[0.106s] -- Up-to-date: /home/hans/ar/install/ar_comm/share/ar_comm/environment/path.sh
[0.111s] -- Up-to-date: /home/hans/ar/install/ar_comm/share/ar_comm/environment/path.dsv
[0.112s] -- Up-to-date: /home/hans/ar/install/ar_comm/share/ar_comm/local_setup.bash
[0.112s] -- Up-to-date: /home/hans/ar/install/ar_comm/share/ar_comm/local_setup.sh
[0.112s] -- Up-to-date: /home/hans/ar/install/ar_comm/share/ar_comm/local_setup.zsh
[0.112s] -- Up-to-date: /home/hans/ar/install/ar_comm/share/ar_comm/local_setup.dsv
[0.112s] -- Installing: /home/hans/ar/install/ar_comm/share/ar_comm/package.dsv
[0.112s] -- Up-to-date: /home/hans/ar/install/ar_comm/share/ament_index/resource_index/packages/ar_comm
[0.112s] -- Up-to-date: /home/hans/ar/install/ar_comm/share/ar_comm/cmake/ar_commConfig.cmake
[0.112s] -- Up-to-date: /home/hans/ar/install/ar_comm/share/ar_comm/cmake/ar_commConfig-version.cmake
[0.112s] -- Up-to-date: /home/hans/ar/install/ar_comm/share/ar_comm/package.xml
[0.166s] Invoked command in '/home/hans/ar/build/ar_comm' returned '0': CMAKE_PREFIX_PATH=${CMAKE_PREFIX_PATH}:/opt/ros/humble /usr/bin/cmake --install /home/hans/ar/build/ar_comm
