[35m[1mConsolidate compiler generated dependencies of target ar_msgs__rosidl_generator_c[0m
[  3%] Built target ar_msgs__cpp
[ 12%] Built target ar_msgs__rosidl_generator_c
[ 12%] Built target ament_cmake_python_copy_ar_msgs
[35m[1mConsolidate compiler generated dependencies of target ar_msgs__rosidl_typesupport_cpp[0m
[35m[1mConsolidate compiler generated dependencies of target ar_msgs__rosidl_typesupport_fastrtps_cpp[0m
[35m[1mConsolidate compiler generated dependencies of target ar_msgs__rosidl_typesupport_fastrtps_c[0m
[35m[1mConsolidate compiler generated dependencies of target ar_msgs__rosidl_typesupport_introspection_cpp[0m
[35m[1mConsolidate compiler generated dependencies of target ar_msgs__rosidl_typesupport_introspection_c[0m
[35m[1mConsolidate compiler generated dependencies of target ar_msgs__rosidl_typesupport_c[0m
[ 22%] Built target ar_msgs__rosidl_typesupport_fastrtps_cpp
[ 32%] Built target ar_msgs__rosidl_typesupport_cpp
[ 41%] Built target ar_msgs__rosidl_typesupport_introspection_c
[ 51%] Built target ar_msgs__rosidl_typesupport_c
[ 61%] Built target ar_msgs__rosidl_typesupport_fastrtps_c
[ 70%] Built target ar_msgs__rosidl_typesupport_introspection_cpp
[ 70%] Built target ar_msgs
[ 74%] Built target ar_msgs__py
[35m[1mConsolidate compiler generated dependencies of target ar_msgs__rosidl_generator_py[0m
[ 80%] Built target ar_msgs__rosidl_generator_py
[35m[1mConsolidate compiler generated dependencies of target ar_msgs__rosidl_typesupport_introspection_c__pyext[0m
[35m[1mConsolidate compiler generated dependencies of target ar_msgs__rosidl_typesupport_fastrtps_c__pyext[0m
[35m[1mConsolidate compiler generated dependencies of target ar_msgs__rosidl_typesupport_c__pyext[0m
running egg_info
writing ar_msgs.egg-info/PKG-INFO
writing dependency_links to ar_msgs.egg-info/dependency_links.txt
writing top-level names to ar_msgs.egg-info/top_level.txt
reading manifest file 'ar_msgs.egg-info/SOURCES.txt'
writing manifest file 'ar_msgs.egg-info/SOURCES.txt'
[ 87%] Built target ar_msgs__rosidl_typesupport_introspection_c__pyext
[ 93%] Built target ar_msgs__rosidl_typesupport_fastrtps_c__pyext
[100%] Built target ar_msgs__rosidl_typesupport_c__pyext
[100%] Built target ament_cmake_python_build_ar_msgs_egg
-- Install configuration: ""
-- Installing: /home/hans/ar/install/ar_msgs/share/ament_index/resource_index/rosidl_interfaces/ar_msgs
-- Installing: /home/hans/ar/install/ar_msgs/include/ar_msgs/ar_msgs
-- Installing: /home/hans/ar/install/ar_msgs/include/ar_msgs/ar_msgs/msg
-- Installing: /home/hans/ar/install/ar_msgs/include/ar_msgs/ar_msgs/msg/detail
-- Installing: /home/hans/ar/install/ar_msgs/include/ar_msgs/ar_msgs/msg/detail/joy__struct.h
-- Installing: /home/hans/ar/install/ar_msgs/include/ar_msgs/ar_msgs/msg/detail/joy__type_support.h
-- Installing: /home/hans/ar/install/ar_msgs/include/ar_msgs/ar_msgs/msg/detail/joy__functions.c
-- Installing: /home/hans/ar/install/ar_msgs/include/ar_msgs/ar_msgs/msg/detail/joy__functions.h
-- Installing: /home/hans/ar/install/ar_msgs/include/ar_msgs/ar_msgs/msg/rosidl_generator_c__visibility_control.h
-- Installing: /home/hans/ar/install/ar_msgs/include/ar_msgs/ar_msgs/msg/joy.h
-- Installing: /home/hans/ar/install/ar_msgs/share/ar_msgs/environment/library_path.sh
-- Installing: /home/hans/ar/install/ar_msgs/share/ar_msgs/environment/library_path.dsv
-- Installing: /home/hans/ar/install/ar_msgs/lib/libar_msgs__rosidl_generator_c.so
-- Set runtime path of "/home/hans/ar/install/ar_msgs/lib/libar_msgs__rosidl_generator_c.so" to ""
-- Up-to-date: /home/hans/ar/install/ar_msgs/include/ar_msgs/ar_msgs
-- Up-to-date: /home/hans/ar/install/ar_msgs/include/ar_msgs/ar_msgs/msg
-- Up-to-date: /home/hans/ar/install/ar_msgs/include/ar_msgs/ar_msgs/msg/detail
-- Installing: /home/hans/ar/install/ar_msgs/include/ar_msgs/ar_msgs/msg/detail/joy__rosidl_typesupport_fastrtps_c.h
-- Installing: /home/hans/ar/install/ar_msgs/include/ar_msgs/ar_msgs/msg/rosidl_typesupport_fastrtps_c__visibility_control.h
-- Installing: /home/hans/ar/install/ar_msgs/lib/libar_msgs__rosidl_typesupport_fastrtps_c.so
-- Set runtime path of "/home/hans/ar/install/ar_msgs/lib/libar_msgs__rosidl_typesupport_fastrtps_c.so" to ""
-- Up-to-date: /home/hans/ar/install/ar_msgs/include/ar_msgs/ar_msgs
-- Up-to-date: /home/hans/ar/install/ar_msgs/include/ar_msgs/ar_msgs/msg
-- Up-to-date: /home/hans/ar/install/ar_msgs/include/ar_msgs/ar_msgs/msg/detail
-- Installing: /home/hans/ar/install/ar_msgs/include/ar_msgs/ar_msgs/msg/detail/joy__rosidl_typesupport_introspection_c.h
-- Installing: /home/hans/ar/install/ar_msgs/include/ar_msgs/ar_msgs/msg/detail/joy__type_support.c
-- Installing: /home/hans/ar/install/ar_msgs/include/ar_msgs/ar_msgs/msg/rosidl_typesupport_introspection_c__visibility_control.h
-- Installing: /home/hans/ar/install/ar_msgs/lib/libar_msgs__rosidl_typesupport_introspection_c.so
-- Set runtime path of "/home/hans/ar/install/ar_msgs/lib/libar_msgs__rosidl_typesupport_introspection_c.so" to ""
-- Installing: /home/hans/ar/install/ar_msgs/lib/libar_msgs__rosidl_typesupport_c.so
-- Set runtime path of "/home/hans/ar/install/ar_msgs/lib/libar_msgs__rosidl_typesupport_c.so" to ""
-- Up-to-date: /home/hans/ar/install/ar_msgs/include/ar_msgs/ar_msgs
-- Up-to-date: /home/hans/ar/install/ar_msgs/include/ar_msgs/ar_msgs/msg
-- Up-to-date: /home/hans/ar/install/ar_msgs/include/ar_msgs/ar_msgs/msg/detail
-- Installing: /home/hans/ar/install/ar_msgs/include/ar_msgs/ar_msgs/msg/detail/joy__struct.hpp
-- Installing: /home/hans/ar/install/ar_msgs/include/ar_msgs/ar_msgs/msg/detail/joy__traits.hpp
-- Installing: /home/hans/ar/install/ar_msgs/include/ar_msgs/ar_msgs/msg/detail/joy__type_support.hpp
-- Installing: /home/hans/ar/install/ar_msgs/include/ar_msgs/ar_msgs/msg/detail/joy__builder.hpp
-- Installing: /home/hans/ar/install/ar_msgs/include/ar_msgs/ar_msgs/msg/rosidl_generator_cpp__visibility_control.hpp
-- Installing: /home/hans/ar/install/ar_msgs/include/ar_msgs/ar_msgs/msg/joy.hpp
-- Up-to-date: /home/hans/ar/install/ar_msgs/include/ar_msgs/ar_msgs
-- Up-to-date: /home/hans/ar/install/ar_msgs/include/ar_msgs/ar_msgs/msg
-- Up-to-date: /home/hans/ar/install/ar_msgs/include/ar_msgs/ar_msgs/msg/detail
-- Installing: /home/hans/ar/install/ar_msgs/include/ar_msgs/ar_msgs/msg/detail/dds_fastrtps
-- Installing: /home/hans/ar/install/ar_msgs/include/ar_msgs/ar_msgs/msg/detail/joy__rosidl_typesupport_fastrtps_cpp.hpp
-- Installing: /home/hans/ar/install/ar_msgs/include/ar_msgs/ar_msgs/msg/rosidl_typesupport_fastrtps_cpp__visibility_control.h
-- Installing: /home/hans/ar/install/ar_msgs/lib/libar_msgs__rosidl_typesupport_fastrtps_cpp.so
-- Set runtime path of "/home/hans/ar/install/ar_msgs/lib/libar_msgs__rosidl_typesupport_fastrtps_cpp.so" to ""
-- Up-to-date: /home/hans/ar/install/ar_msgs/include/ar_msgs/ar_msgs
-- Up-to-date: /home/hans/ar/install/ar_msgs/include/ar_msgs/ar_msgs/msg
-- Up-to-date: /home/hans/ar/install/ar_msgs/include/ar_msgs/ar_msgs/msg/detail
-- Installing: /home/hans/ar/install/ar_msgs/include/ar_msgs/ar_msgs/msg/detail/joy__type_support.cpp
-- Installing: /home/hans/ar/install/ar_msgs/include/ar_msgs/ar_msgs/msg/detail/joy__rosidl_typesupport_introspection_cpp.hpp
-- Installing: /home/hans/ar/install/ar_msgs/lib/libar_msgs__rosidl_typesupport_introspection_cpp.so
-- Set runtime path of "/home/hans/ar/install/ar_msgs/lib/libar_msgs__rosidl_typesupport_introspection_cpp.so" to ""
-- Installing: /home/hans/ar/install/ar_msgs/lib/libar_msgs__rosidl_typesupport_cpp.so
-- Set runtime path of "/home/hans/ar/install/ar_msgs/lib/libar_msgs__rosidl_typesupport_cpp.so" to ""
-- Installing: /home/hans/ar/install/ar_msgs/share/ar_msgs/environment/pythonpath.sh
-- Installing: /home/hans/ar/install/ar_msgs/share/ar_msgs/environment/pythonpath.dsv
-- Installing: /home/hans/ar/install/ar_msgs/local/lib/python3.10/dist-packages/ar_msgs-0.0.0-py3.10.egg-info
-- Installing: /home/hans/ar/install/ar_msgs/local/lib/python3.10/dist-packages/ar_msgs-0.0.0-py3.10.egg-info/top_level.txt
-- Installing: /home/hans/ar/install/ar_msgs/local/lib/python3.10/dist-packages/ar_msgs-0.0.0-py3.10.egg-info/PKG-INFO
-- Installing: /home/hans/ar/install/ar_msgs/local/lib/python3.10/dist-packages/ar_msgs-0.0.0-py3.10.egg-info/SOURCES.txt
-- Installing: /home/hans/ar/install/ar_msgs/local/lib/python3.10/dist-packages/ar_msgs-0.0.0-py3.10.egg-info/dependency_links.txt
-- Installing: /home/hans/ar/install/ar_msgs/local/lib/python3.10/dist-packages/ar_msgs
-- Installing: /home/hans/ar/install/ar_msgs/local/lib/python3.10/dist-packages/ar_msgs/ar_msgs_s__rosidl_typesupport_c.cpython-310-x86_64-linux-gnu.so
-- Installing: /home/hans/ar/install/ar_msgs/local/lib/python3.10/dist-packages/ar_msgs/_ar_msgs_s.ep.rosidl_typesupport_c.c
-- Installing: /home/hans/ar/install/ar_msgs/local/lib/python3.10/dist-packages/ar_msgs/__init__.py
-- Installing: /home/hans/ar/install/ar_msgs/local/lib/python3.10/dist-packages/ar_msgs/ar_msgs_s__rosidl_typesupport_fastrtps_c.cpython-310-x86_64-linux-gnu.so
-- Installing: /home/hans/ar/install/ar_msgs/local/lib/python3.10/dist-packages/ar_msgs/libar_msgs__rosidl_generator_py.so
-- Installing: /home/hans/ar/install/ar_msgs/local/lib/python3.10/dist-packages/ar_msgs/msg
-- Installing: /home/hans/ar/install/ar_msgs/local/lib/python3.10/dist-packages/ar_msgs/msg/_joy_s.c
-- Installing: /home/hans/ar/install/ar_msgs/local/lib/python3.10/dist-packages/ar_msgs/msg/__init__.py
-- Installing: /home/hans/ar/install/ar_msgs/local/lib/python3.10/dist-packages/ar_msgs/msg/_joy.py
-- Installing: /home/hans/ar/install/ar_msgs/local/lib/python3.10/dist-packages/ar_msgs/ar_msgs_s__rosidl_typesupport_introspection_c.cpython-310-x86_64-linux-gnu.so
-- Installing: /home/hans/ar/install/ar_msgs/local/lib/python3.10/dist-packages/ar_msgs/_ar_msgs_s.ep.rosidl_typesupport_introspection_c.c
-- Installing: /home/hans/ar/install/ar_msgs/local/lib/python3.10/dist-packages/ar_msgs/_ar_msgs_s.ep.rosidl_typesupport_fastrtps_c.c
Listing '/home/hans/ar/install/ar_msgs/local/lib/python3.10/dist-packages/ar_msgs'...
Compiling '/home/hans/ar/install/ar_msgs/local/lib/python3.10/dist-packages/ar_msgs/__init__.py'...
Listing '/home/hans/ar/install/ar_msgs/local/lib/python3.10/dist-packages/ar_msgs/msg'...
Compiling '/home/hans/ar/install/ar_msgs/local/lib/python3.10/dist-packages/ar_msgs/msg/__init__.py'...
Compiling '/home/hans/ar/install/ar_msgs/local/lib/python3.10/dist-packages/ar_msgs/msg/_joy.py'...
-- Installing: /home/hans/ar/install/ar_msgs/local/lib/python3.10/dist-packages/ar_msgs/ar_msgs_s__rosidl_typesupport_fastrtps_c.cpython-310-x86_64-linux-gnu.so
-- Set runtime path of "/home/hans/ar/install/ar_msgs/local/lib/python3.10/dist-packages/ar_msgs/ar_msgs_s__rosidl_typesupport_fastrtps_c.cpython-310-x86_64-linux-gnu.so" to ""
-- Installing: /home/hans/ar/install/ar_msgs/local/lib/python3.10/dist-packages/ar_msgs/ar_msgs_s__rosidl_typesupport_introspection_c.cpython-310-x86_64-linux-gnu.so
-- Set runtime path of "/home/hans/ar/install/ar_msgs/local/lib/python3.10/dist-packages/ar_msgs/ar_msgs_s__rosidl_typesupport_introspection_c.cpython-310-x86_64-linux-gnu.so" to ""
-- Installing: /home/hans/ar/install/ar_msgs/local/lib/python3.10/dist-packages/ar_msgs/ar_msgs_s__rosidl_typesupport_c.cpython-310-x86_64-linux-gnu.so
-- Set runtime path of "/home/hans/ar/install/ar_msgs/local/lib/python3.10/dist-packages/ar_msgs/ar_msgs_s__rosidl_typesupport_c.cpython-310-x86_64-linux-gnu.so" to ""
-- Installing: /home/hans/ar/install/ar_msgs/lib/libar_msgs__rosidl_generator_py.so
-- Set runtime path of "/home/hans/ar/install/ar_msgs/lib/libar_msgs__rosidl_generator_py.so" to ""
-- Installing: /home/hans/ar/install/ar_msgs/share/ar_msgs/msg/Joy.idl
-- Installing: /home/hans/ar/install/ar_msgs/share/ar_msgs/msg/Joy.msg
-- Installing: /home/hans/ar/install/ar_msgs/share/ament_index/resource_index/package_run_dependencies/ar_msgs
-- Installing: /home/hans/ar/install/ar_msgs/share/ament_index/resource_index/parent_prefix_path/ar_msgs
-- Installing: /home/hans/ar/install/ar_msgs/share/ar_msgs/environment/ament_prefix_path.sh
-- Installing: /home/hans/ar/install/ar_msgs/share/ar_msgs/environment/ament_prefix_path.dsv
-- Installing: /home/hans/ar/install/ar_msgs/share/ar_msgs/environment/path.sh
-- Installing: /home/hans/ar/install/ar_msgs/share/ar_msgs/environment/path.dsv
-- Installing: /home/hans/ar/install/ar_msgs/share/ar_msgs/local_setup.bash
-- Installing: /home/hans/ar/install/ar_msgs/share/ar_msgs/local_setup.sh
-- Installing: /home/hans/ar/install/ar_msgs/share/ar_msgs/local_setup.zsh
-- Installing: /home/hans/ar/install/ar_msgs/share/ar_msgs/local_setup.dsv
-- Installing: /home/hans/ar/install/ar_msgs/share/ar_msgs/package.dsv
-- Installing: /home/hans/ar/install/ar_msgs/share/ament_index/resource_index/packages/ar_msgs
-- Installing: /home/hans/ar/install/ar_msgs/share/ar_msgs/cmake/export_ar_msgs__rosidl_generator_cExport.cmake
-- Installing: /home/hans/ar/install/ar_msgs/share/ar_msgs/cmake/export_ar_msgs__rosidl_generator_cExport-noconfig.cmake
-- Installing: /home/hans/ar/install/ar_msgs/share/ar_msgs/cmake/export_ar_msgs__rosidl_typesupport_fastrtps_cExport.cmake
-- Installing: /home/hans/ar/install/ar_msgs/share/ar_msgs/cmake/export_ar_msgs__rosidl_typesupport_fastrtps_cExport-noconfig.cmake
-- Installing: /home/hans/ar/install/ar_msgs/share/ar_msgs/cmake/ar_msgs__rosidl_typesupport_introspection_cExport.cmake
-- Installing: /home/hans/ar/install/ar_msgs/share/ar_msgs/cmake/ar_msgs__rosidl_typesupport_introspection_cExport-noconfig.cmake
-- Installing: /home/hans/ar/install/ar_msgs/share/ar_msgs/cmake/ar_msgs__rosidl_typesupport_cExport.cmake
-- Installing: /home/hans/ar/install/ar_msgs/share/ar_msgs/cmake/ar_msgs__rosidl_typesupport_cExport-noconfig.cmake
-- Installing: /home/hans/ar/install/ar_msgs/share/ar_msgs/cmake/export_ar_msgs__rosidl_generator_cppExport.cmake
-- Installing: /home/hans/ar/install/ar_msgs/share/ar_msgs/cmake/export_ar_msgs__rosidl_typesupport_fastrtps_cppExport.cmake
-- Installing: /home/hans/ar/install/ar_msgs/share/ar_msgs/cmake/export_ar_msgs__rosidl_typesupport_fastrtps_cppExport-noconfig.cmake
-- Installing: /home/hans/ar/install/ar_msgs/share/ar_msgs/cmake/ar_msgs__rosidl_typesupport_introspection_cppExport.cmake
-- Installing: /home/hans/ar/install/ar_msgs/share/ar_msgs/cmake/ar_msgs__rosidl_typesupport_introspection_cppExport-noconfig.cmake
-- Installing: /home/hans/ar/install/ar_msgs/share/ar_msgs/cmake/ar_msgs__rosidl_typesupport_cppExport.cmake
-- Installing: /home/hans/ar/install/ar_msgs/share/ar_msgs/cmake/ar_msgs__rosidl_typesupport_cppExport-noconfig.cmake
-- Installing: /home/hans/ar/install/ar_msgs/share/ar_msgs/cmake/export_ar_msgs__rosidl_generator_pyExport.cmake
-- Installing: /home/hans/ar/install/ar_msgs/share/ar_msgs/cmake/export_ar_msgs__rosidl_generator_pyExport-noconfig.cmake
-- Installing: /home/hans/ar/install/ar_msgs/share/ar_msgs/cmake/rosidl_cmake-extras.cmake
-- Installing: /home/hans/ar/install/ar_msgs/share/ar_msgs/cmake/ament_cmake_export_dependencies-extras.cmake
-- Installing: /home/hans/ar/install/ar_msgs/share/ar_msgs/cmake/ament_cmake_export_include_directories-extras.cmake
-- Installing: /home/hans/ar/install/ar_msgs/share/ar_msgs/cmake/ament_cmake_export_libraries-extras.cmake
-- Installing: /home/hans/ar/install/ar_msgs/share/ar_msgs/cmake/ament_cmake_export_targets-extras.cmake
-- Installing: /home/hans/ar/install/ar_msgs/share/ar_msgs/cmake/rosidl_cmake_export_typesupport_targets-extras.cmake
-- Installing: /home/hans/ar/install/ar_msgs/share/ar_msgs/cmake/rosidl_cmake_export_typesupport_libraries-extras.cmake
-- Installing: /home/hans/ar/install/ar_msgs/share/ar_msgs/cmake/ar_msgsConfig.cmake
-- Installing: /home/hans/ar/install/ar_msgs/share/ar_msgs/cmake/ar_msgsConfig-version.cmake
-- Installing: /home/hans/ar/install/ar_msgs/share/ar_msgs/package.xml
