[ 12%] Built target ar_srv__cpp
[ 12%] Built target ar_srv__rosidl_generator_c
[ 12%] Built target ament_cmake_python_copy_ar_srv
[ 22%] Built target ar_srv__rosidl_typesupport_introspection_c
[ 32%] Built target ar_srv__rosidl_typesupport_cpp
[ 48%] Built target ar_srv__rosidl_typesupport_c
[ 51%] Built target ar_srv__rosidl_typesupport_fastrtps_c
[ 61%] Built target ar_srv__rosidl_typesupport_introspection_cpp
[ 70%] Built target ar_srv__rosidl_typesupport_fastrtps_cpp
[ 70%] Built target ar_srv
[ 74%] Built target ar_srv__py
[ 80%] Built target ar_srv__rosidl_generator_py
[ 87%] Built target ar_srv__rosidl_typesupport_introspection_c__pyext
[ 93%] Built target ar_srv__rosidl_typesupport_fastrtps_c__pyext
[100%] Built target ar_srv__rosidl_typesupport_c__pyext
running egg_info
writing ar_srv.egg-info/PKG-INFO
writing dependency_links to ar_srv.egg-info/dependency_links.txt
writing top-level names to ar_srv.egg-info/top_level.txt
reading manifest file 'ar_srv.egg-info/SOURCES.txt'
writing manifest file 'ar_srv.egg-info/SOURCES.txt'
[100%] Built target ament_cmake_python_build_ar_srv_egg
-- Install configuration: "RelWithDebInfo"
-- Up-to-date: /home/hans/ar/install/ar_srv/share/ament_index/resource_index/rosidl_interfaces/ar_srv
-- Up-to-date: /home/hans/ar/install/ar_srv/include/ar_srv/ar_srv
-- Up-to-date: /home/hans/ar/install/ar_srv/include/ar_srv/ar_srv/srv
-- Up-to-date: /home/hans/ar/install/ar_srv/include/ar_srv/ar_srv/srv/detail
-- Up-to-date: /home/hans/ar/install/ar_srv/include/ar_srv/ar_srv/srv/detail/device__type_support.h
-- Up-to-date: /home/hans/ar/install/ar_srv/include/ar_srv/ar_srv/srv/detail/device__struct.h
-- Up-to-date: /home/hans/ar/install/ar_srv/include/ar_srv/ar_srv/srv/detail/device__functions.c
-- Up-to-date: /home/hans/ar/install/ar_srv/include/ar_srv/ar_srv/srv/detail/device__functions.h
-- Up-to-date: /home/hans/ar/install/ar_srv/include/ar_srv/ar_srv/srv/device.h
-- Up-to-date: /home/hans/ar/install/ar_srv/include/ar_srv/ar_srv/msg
-- Up-to-date: /home/hans/ar/install/ar_srv/include/ar_srv/ar_srv/msg/rosidl_generator_c__visibility_control.h
-- Up-to-date: /home/hans/ar/install/ar_srv/share/ar_srv/environment/library_path.sh
-- Up-to-date: /home/hans/ar/install/ar_srv/share/ar_srv/environment/library_path.dsv
-- Up-to-date: /home/hans/ar/install/ar_srv/lib/libar_srv__rosidl_generator_c.so
-- Up-to-date: /home/hans/ar/install/ar_srv/include/ar_srv/ar_srv
-- Up-to-date: /home/hans/ar/install/ar_srv/include/ar_srv/ar_srv/srv
-- Up-to-date: /home/hans/ar/install/ar_srv/include/ar_srv/ar_srv/srv/detail
-- Up-to-date: /home/hans/ar/install/ar_srv/include/ar_srv/ar_srv/srv/detail/device__rosidl_typesupport_fastrtps_c.h
-- Up-to-date: /home/hans/ar/install/ar_srv/include/ar_srv/ar_srv/msg
-- Up-to-date: /home/hans/ar/install/ar_srv/include/ar_srv/ar_srv/msg/rosidl_typesupport_fastrtps_c__visibility_control.h
-- Up-to-date: /home/hans/ar/install/ar_srv/lib/libar_srv__rosidl_typesupport_fastrtps_c.so
-- Up-to-date: /home/hans/ar/install/ar_srv/include/ar_srv/ar_srv
-- Up-to-date: /home/hans/ar/install/ar_srv/include/ar_srv/ar_srv/srv
-- Up-to-date: /home/hans/ar/install/ar_srv/include/ar_srv/ar_srv/srv/detail
-- Up-to-date: /home/hans/ar/install/ar_srv/include/ar_srv/ar_srv/srv/detail/device__rosidl_typesupport_introspection_c.h
-- Up-to-date: /home/hans/ar/install/ar_srv/include/ar_srv/ar_srv/srv/detail/device__type_support.c
-- Up-to-date: /home/hans/ar/install/ar_srv/include/ar_srv/ar_srv/msg
-- Up-to-date: /home/hans/ar/install/ar_srv/include/ar_srv/ar_srv/msg/rosidl_typesupport_introspection_c__visibility_control.h
-- Up-to-date: /home/hans/ar/install/ar_srv/lib/libar_srv__rosidl_typesupport_introspection_c.so
-- Up-to-date: /home/hans/ar/install/ar_srv/lib/libar_srv__rosidl_typesupport_c.so
-- Up-to-date: /home/hans/ar/install/ar_srv/include/ar_srv/ar_srv
-- Up-to-date: /home/hans/ar/install/ar_srv/include/ar_srv/ar_srv/srv
-- Up-to-date: /home/hans/ar/install/ar_srv/include/ar_srv/ar_srv/srv/detail
-- Up-to-date: /home/hans/ar/install/ar_srv/include/ar_srv/ar_srv/srv/detail/device__type_support.hpp
-- Up-to-date: /home/hans/ar/install/ar_srv/include/ar_srv/ar_srv/srv/detail/device__traits.hpp
-- Up-to-date: /home/hans/ar/install/ar_srv/include/ar_srv/ar_srv/srv/detail/device__builder.hpp
-- Up-to-date: /home/hans/ar/install/ar_srv/include/ar_srv/ar_srv/srv/detail/device__struct.hpp
-- Up-to-date: /home/hans/ar/install/ar_srv/include/ar_srv/ar_srv/srv/device.hpp
-- Up-to-date: /home/hans/ar/install/ar_srv/include/ar_srv/ar_srv/msg
-- Up-to-date: /home/hans/ar/install/ar_srv/include/ar_srv/ar_srv/msg/rosidl_generator_cpp__visibility_control.hpp
-- Up-to-date: /home/hans/ar/install/ar_srv/include/ar_srv/ar_srv
-- Up-to-date: /home/hans/ar/install/ar_srv/include/ar_srv/ar_srv/srv
-- Up-to-date: /home/hans/ar/install/ar_srv/include/ar_srv/ar_srv/srv/detail
-- Up-to-date: /home/hans/ar/install/ar_srv/include/ar_srv/ar_srv/srv/detail/dds_fastrtps
-- Up-to-date: /home/hans/ar/install/ar_srv/include/ar_srv/ar_srv/srv/detail/device__rosidl_typesupport_fastrtps_cpp.hpp
-- Up-to-date: /home/hans/ar/install/ar_srv/include/ar_srv/ar_srv/msg
-- Up-to-date: /home/hans/ar/install/ar_srv/include/ar_srv/ar_srv/msg/rosidl_typesupport_fastrtps_cpp__visibility_control.h
-- Up-to-date: /home/hans/ar/install/ar_srv/lib/libar_srv__rosidl_typesupport_fastrtps_cpp.so
-- Up-to-date: /home/hans/ar/install/ar_srv/include/ar_srv/ar_srv
-- Up-to-date: /home/hans/ar/install/ar_srv/include/ar_srv/ar_srv/srv
-- Up-to-date: /home/hans/ar/install/ar_srv/include/ar_srv/ar_srv/srv/detail
-- Up-to-date: /home/hans/ar/install/ar_srv/include/ar_srv/ar_srv/srv/detail/device__type_support.cpp
-- Up-to-date: /home/hans/ar/install/ar_srv/include/ar_srv/ar_srv/srv/detail/device__rosidl_typesupport_introspection_cpp.hpp
-- Up-to-date: /home/hans/ar/install/ar_srv/lib/libar_srv__rosidl_typesupport_introspection_cpp.so
-- Up-to-date: /home/hans/ar/install/ar_srv/lib/libar_srv__rosidl_typesupport_cpp.so
-- Up-to-date: /home/hans/ar/install/ar_srv/share/ar_srv/environment/pythonpath.sh
-- Up-to-date: /home/hans/ar/install/ar_srv/share/ar_srv/environment/pythonpath.dsv
-- Up-to-date: /home/hans/ar/install/ar_srv/local/lib/python3.10/dist-packages/ar_srv-0.0.0-py3.10.egg-info
-- Installing: /home/hans/ar/install/ar_srv/local/lib/python3.10/dist-packages/ar_srv-0.0.0-py3.10.egg-info/top_level.txt
-- Installing: /home/hans/ar/install/ar_srv/local/lib/python3.10/dist-packages/ar_srv-0.0.0-py3.10.egg-info/PKG-INFO
-- Installing: /home/hans/ar/install/ar_srv/local/lib/python3.10/dist-packages/ar_srv-0.0.0-py3.10.egg-info/SOURCES.txt
-- Installing: /home/hans/ar/install/ar_srv/local/lib/python3.10/dist-packages/ar_srv-0.0.0-py3.10.egg-info/dependency_links.txt
-- Up-to-date: /home/hans/ar/install/ar_srv/local/lib/python3.10/dist-packages/ar_srv
-- Up-to-date: /home/hans/ar/install/ar_srv/local/lib/python3.10/dist-packages/ar_srv/libar_srv__rosidl_generator_py.so
-- Up-to-date: /home/hans/ar/install/ar_srv/local/lib/python3.10/dist-packages/ar_srv/ar_srv_s__rosidl_typesupport_introspection_c.cpython-310-x86_64-linux-gnu.so
-- Up-to-date: /home/hans/ar/install/ar_srv/local/lib/python3.10/dist-packages/ar_srv/ar_srv_s__rosidl_typesupport_c.cpython-310-x86_64-linux-gnu.so
-- Up-to-date: /home/hans/ar/install/ar_srv/local/lib/python3.10/dist-packages/ar_srv/ar_srv_s__rosidl_typesupport_fastrtps_c.cpython-310-x86_64-linux-gnu.so
-- Up-to-date: /home/hans/ar/install/ar_srv/local/lib/python3.10/dist-packages/ar_srv/_ar_srv_s.ep.rosidl_typesupport_introspection_c.c
-- Up-to-date: /home/hans/ar/install/ar_srv/local/lib/python3.10/dist-packages/ar_srv/srv
-- Up-to-date: /home/hans/ar/install/ar_srv/local/lib/python3.10/dist-packages/ar_srv/srv/_device_s.c
-- Up-to-date: /home/hans/ar/install/ar_srv/local/lib/python3.10/dist-packages/ar_srv/srv/__init__.py
-- Up-to-date: /home/hans/ar/install/ar_srv/local/lib/python3.10/dist-packages/ar_srv/srv/_device.py
-- Up-to-date: /home/hans/ar/install/ar_srv/local/lib/python3.10/dist-packages/ar_srv/__init__.py
-- Up-to-date: /home/hans/ar/install/ar_srv/local/lib/python3.10/dist-packages/ar_srv/_ar_srv_s.ep.rosidl_typesupport_fastrtps_c.c
-- Up-to-date: /home/hans/ar/install/ar_srv/local/lib/python3.10/dist-packages/ar_srv/_ar_srv_s.ep.rosidl_typesupport_c.c
Listing '/home/hans/ar/install/ar_srv/local/lib/python3.10/dist-packages/ar_srv'...
Listing '/home/hans/ar/install/ar_srv/local/lib/python3.10/dist-packages/ar_srv/srv'...
-- Up-to-date: /home/hans/ar/install/ar_srv/local/lib/python3.10/dist-packages/ar_srv/ar_srv_s__rosidl_typesupport_fastrtps_c.cpython-310-x86_64-linux-gnu.so
-- Up-to-date: /home/hans/ar/install/ar_srv/local/lib/python3.10/dist-packages/ar_srv/ar_srv_s__rosidl_typesupport_introspection_c.cpython-310-x86_64-linux-gnu.so
-- Up-to-date: /home/hans/ar/install/ar_srv/local/lib/python3.10/dist-packages/ar_srv/ar_srv_s__rosidl_typesupport_c.cpython-310-x86_64-linux-gnu.so
-- Up-to-date: /home/hans/ar/install/ar_srv/lib/libar_srv__rosidl_generator_py.so
-- Up-to-date: /home/hans/ar/install/ar_srv/share/ar_srv/srv/Device.idl
-- Up-to-date: /home/hans/ar/install/ar_srv/share/ar_srv/srv/Device.srv
-- Up-to-date: /home/hans/ar/install/ar_srv/share/ar_srv/srv/Device_Request.msg
-- Up-to-date: /home/hans/ar/install/ar_srv/share/ar_srv/srv/Device_Response.msg
-- Up-to-date: /home/hans/ar/install/ar_srv/share/ament_index/resource_index/package_run_dependencies/ar_srv
-- Up-to-date: /home/hans/ar/install/ar_srv/share/ament_index/resource_index/parent_prefix_path/ar_srv
-- Up-to-date: /home/hans/ar/install/ar_srv/share/ar_srv/environment/ament_prefix_path.sh
-- Up-to-date: /home/hans/ar/install/ar_srv/share/ar_srv/environment/ament_prefix_path.dsv
-- Up-to-date: /home/hans/ar/install/ar_srv/share/ar_srv/environment/path.sh
-- Up-to-date: /home/hans/ar/install/ar_srv/share/ar_srv/environment/path.dsv
-- Up-to-date: /home/hans/ar/install/ar_srv/share/ar_srv/local_setup.bash
-- Up-to-date: /home/hans/ar/install/ar_srv/share/ar_srv/local_setup.sh
-- Up-to-date: /home/hans/ar/install/ar_srv/share/ar_srv/local_setup.zsh
-- Up-to-date: /home/hans/ar/install/ar_srv/share/ar_srv/local_setup.dsv
-- Installing: /home/hans/ar/install/ar_srv/share/ar_srv/package.dsv
-- Up-to-date: /home/hans/ar/install/ar_srv/share/ament_index/resource_index/packages/ar_srv
-- Up-to-date: /home/hans/ar/install/ar_srv/share/ar_srv/cmake/export_ar_srv__rosidl_generator_cExport.cmake
-- Up-to-date: /home/hans/ar/install/ar_srv/share/ar_srv/cmake/export_ar_srv__rosidl_generator_cExport-relwithdebinfo.cmake
-- Up-to-date: /home/hans/ar/install/ar_srv/share/ar_srv/cmake/export_ar_srv__rosidl_typesupport_fastrtps_cExport.cmake
-- Up-to-date: /home/hans/ar/install/ar_srv/share/ar_srv/cmake/export_ar_srv__rosidl_typesupport_fastrtps_cExport-relwithdebinfo.cmake
-- Up-to-date: /home/hans/ar/install/ar_srv/share/ar_srv/cmake/ar_srv__rosidl_typesupport_introspection_cExport.cmake
-- Up-to-date: /home/hans/ar/install/ar_srv/share/ar_srv/cmake/ar_srv__rosidl_typesupport_introspection_cExport-relwithdebinfo.cmake
-- Up-to-date: /home/hans/ar/install/ar_srv/share/ar_srv/cmake/ar_srv__rosidl_typesupport_cExport.cmake
-- Up-to-date: /home/hans/ar/install/ar_srv/share/ar_srv/cmake/ar_srv__rosidl_typesupport_cExport-relwithdebinfo.cmake
-- Up-to-date: /home/hans/ar/install/ar_srv/share/ar_srv/cmake/export_ar_srv__rosidl_generator_cppExport.cmake
-- Up-to-date: /home/hans/ar/install/ar_srv/share/ar_srv/cmake/export_ar_srv__rosidl_typesupport_fastrtps_cppExport.cmake
-- Up-to-date: /home/hans/ar/install/ar_srv/share/ar_srv/cmake/export_ar_srv__rosidl_typesupport_fastrtps_cppExport-relwithdebinfo.cmake
-- Up-to-date: /home/hans/ar/install/ar_srv/share/ar_srv/cmake/ar_srv__rosidl_typesupport_introspection_cppExport.cmake
-- Up-to-date: /home/hans/ar/install/ar_srv/share/ar_srv/cmake/ar_srv__rosidl_typesupport_introspection_cppExport-relwithdebinfo.cmake
-- Up-to-date: /home/hans/ar/install/ar_srv/share/ar_srv/cmake/ar_srv__rosidl_typesupport_cppExport.cmake
-- Up-to-date: /home/hans/ar/install/ar_srv/share/ar_srv/cmake/ar_srv__rosidl_typesupport_cppExport-relwithdebinfo.cmake
-- Up-to-date: /home/hans/ar/install/ar_srv/share/ar_srv/cmake/export_ar_srv__rosidl_generator_pyExport.cmake
-- Up-to-date: /home/hans/ar/install/ar_srv/share/ar_srv/cmake/export_ar_srv__rosidl_generator_pyExport-relwithdebinfo.cmake
-- Up-to-date: /home/hans/ar/install/ar_srv/share/ar_srv/cmake/rosidl_cmake-extras.cmake
-- Up-to-date: /home/hans/ar/install/ar_srv/share/ar_srv/cmake/ament_cmake_export_dependencies-extras.cmake
-- Up-to-date: /home/hans/ar/install/ar_srv/share/ar_srv/cmake/ament_cmake_export_include_directories-extras.cmake
-- Up-to-date: /home/hans/ar/install/ar_srv/share/ar_srv/cmake/ament_cmake_export_libraries-extras.cmake
-- Up-to-date: /home/hans/ar/install/ar_srv/share/ar_srv/cmake/ament_cmake_export_targets-extras.cmake
-- Up-to-date: /home/hans/ar/install/ar_srv/share/ar_srv/cmake/rosidl_cmake_export_typesupport_targets-extras.cmake
-- Up-to-date: /home/hans/ar/install/ar_srv/share/ar_srv/cmake/rosidl_cmake_export_typesupport_libraries-extras.cmake
-- Up-to-date: /home/hans/ar/install/ar_srv/share/ar_srv/cmake/ar_srvConfig.cmake
-- Up-to-date: /home/hans/ar/install/ar_srv/share/ar_srv/cmake/ar_srvConfig-version.cmake
-- Up-to-date: /home/hans/ar/install/ar_srv/share/ar_srv/package.xml
