[0.029s] Invoking command in '/home/hans/ar/build/ar_msgs': CMAKE_PREFIX_PATH=${CMAKE_PREFIX_PATH}:/opt/ros/humble /usr/bin/cmake /home/hans/ar/ar_src/communication/messages/ar_msgs -DCMAKE_INSTALL_PREFIX=/home/hans/ar/install/ar_msgs
[0.270s] -- The C compiler identification is GNU 11.4.0
[0.469s] -- The CXX compiler identification is GNU 11.4.0
[0.508s] -- Detecting C compiler ABI info
[0.920s] -- Detecting C compiler ABI info - done
[0.926s] -- Check for working C compiler: /usr/bin/cc - skipped
[0.930s] -- Detecting C compile features
[0.930s] -- Detecting C compile features - done
[0.930s] -- Detecting CXX compiler ABI info
[1.357s] -- Detecting CXX compiler ABI info - done
[1.366s] -- Check for working CXX compiler: /usr/bin/c++ - skipped
[1.368s] -- Detecting CXX compile features
[1.368s] -- Detecting CXX compile features - done
[1.372s] -- Found ament_cmake: 1.3.11 (/opt/ros/humble/share/ament_cmake/cmake)
[1.612s] -- Found Python3: /usr/bin/python3 (found version "3.10.12") found components: Interpreter 
[1.727s] -- Found rosidl_default_generators: 1.2.0 (/opt/ros/humble/share/rosidl_default_generators/cmake)
[1.735s] -- Using all available rosidl_typesupport_c: rosidl_typesupport_fastrtps_c;rosidl_typesupport_introspection_c
[1.737s] -- Found rosidl_adapter: 3.1.6 (/opt/ros/humble/share/rosidl_adapter/cmake)
[1.784s] -- Using all available rosidl_typesupport_cpp: rosidl_typesupport_fastrtps_cpp;rosidl_typesupport_introspection_cpp
[1.823s] -- Found std_msgs: 4.8.0 (/opt/ros/humble/share/std_msgs/cmake)
[1.857s] -- Found geometry_msgs: 4.8.0 (/opt/ros/humble/share/geometry_msgs/cmake)
[1.868s] -- Found sensor_msgs: 4.8.0 (/opt/ros/humble/share/sensor_msgs/cmake)
[1.887s] -- Found trajectory_msgs: 4.8.0 (/opt/ros/humble/share/trajectory_msgs/cmake)
[1.908s] -- Found actionlib_msgs: 4.8.0 (/opt/ros/humble/share/actionlib_msgs/cmake)
[2.279s] -- Found ament_cmake_ros: 0.10.0 (/opt/ros/humble/share/ament_cmake_ros/cmake)
[2.616s] -- Using all available rosidl_typesupport_c: rosidl_typesupport_fastrtps_c;rosidl_typesupport_introspection_c
[3.015s] -- Using all available rosidl_typesupport_cpp: rosidl_typesupport_fastrtps_cpp;rosidl_typesupport_introspection_cpp
[3.036s] -- Found PythonInterp: /usr/bin/python3 (found suitable version "3.10.12", minimum required is "3.6") 
[3.038s] -- Found python_cmake_module: 0.10.0 (/opt/ros/humble/share/python_cmake_module/cmake)
[3.064s] -- Found PythonLibs: /usr/lib/x86_64-linux-gnu/libpython3.10.so (found suitable version "3.10.12", minimum required is "3.5") 
[3.064s] -- Using PYTHON_EXECUTABLE: /usr/bin/python3
[3.064s] -- Using PYTHON_INCLUDE_DIRS: /usr/include/python3.10
[3.064s] -- Using PYTHON_LIBRARIES: /usr/lib/x86_64-linux-gnu/libpython3.10.so
[3.082s] -- Found PythonExtra: .so  
[3.154s] -- Configuring done
[3.186s] -- Generating done
[3.197s] -- Build files have been written to: /home/hans/ar/build/ar_msgs
