[0mar_control: You did not request a specific build type: Choosing 'Release' for maximum performance[0m
[01m[K/home/hans/ar/ar_src/command/ar_control/test/ar_control_client_server_test.cpp:1:10:[m[K [01;31m[Kfatal error: [m[Kar_control/ar_control_client.h: No such file or directory
    1 | #include [01;31m[K<ar_control/ar_control_client.h>[m[K
      |          [01;31m[K^~~~~~~~~~~~~~~~~~~~~~~~~~~~~~~~[m[K
compilation terminated.
[01m[K/home/hans/ar/ar_src/command/ar_control/src/ar_system.cpp:15:10:[m[K [01;31m[Kfatal error: [m[Kar_control/ar_system.hpp: No such file or directory
   15 | #include [01;31m[K"ar_control/ar_system.hpp"[m[K
      |          [01;31m[K^~~~~~~~~~~~~~~~~~~~~~~~~~[m[K
[01m[K/home/hans/ar/ar_src/command/ar_control/src/ar_control_server.cpp:3:10:[m[K [01;31m[Kfatal error: [m[Kar_control/ar_control_server.h: No such file or directory
    3 | #include [01;31m[K<ar_control/ar_control_server.h>[m[K
      |          [01;31m[K^~~~~~~~~~~~~~~~~~~~~~~~~~~~~~~~[m[K
compilation terminated.
compilation terminated.
[01m[K/home/hans/ar/ar_src/command/ar_control/src/ar_hardware_interface.cpp:1:10:[m[K [01;31m[Kfatal error: [m[Kar_control/ar_hardware_interface.h: No such file or directory
    1 | #include [01;31m[K<ar_control/ar_hardware_interface.h>[m[K
      |          [01;31m[K^~~~~~~~~~~~~~~~~~~~~~~~~~~~~~~~~~~~[m[K
compilation terminated.
[01m[K/home/hans/ar/ar_src/command/ar_control/src/ar_control_client.cpp:1:10:[m[K [01;31m[Kfatal error: [m[Kar_control/ar_control_client.h: No such file or directory
    1 | #include [01;31m[K<ar_control/ar_control_client.h>[m[K
      |          [01;31m[K^~~~~~~~~~~~~~~~~~~~~~~~~~~~~~~~[m[K
compilation terminated.
gmake[2]: *** [CMakeFiles/ar_control_client.dir/build.make:76: CMakeFiles/ar_control_client.dir/src/ar_control_client.cpp.o] Error 1
gmake[2]: *** [CMakeFiles/ar_control_server.dir/build.make:90: CMakeFiles/ar_control_server.dir/src/ar_control_server.cpp.o] Error 1
gmake[2]: *** Waiting for unfinished jobs....
gmake[2]: *** Waiting for unfinished jobs....
[01m[K/home/hans/ar/ar_src/command/ar_control/src/ar_control_client.cpp:1:10:[m[K [01;31m[Kfatal error: [m[Kar_control/ar_control_client.h: No such file or directory
    1 | #include [01;31m[K<ar_control/ar_control_client.h>[m[K
      |          [01;31m[K^~~~~~~~~~~~~~~~~~~~~~~~~~~~~~~~[m[K
gmake[2]: *** [CMakeFiles/ar_control_client.dir/build.make:118: CMakeFiles/ar_control_client.dir/src/ar_system.cpp.o] Error 1
compilation terminated.
gmake[2]: *** [CMakeFiles/ar_control_client_server_test.dir/build.make:76: CMakeFiles/ar_control_client_server_test.dir/test/ar_control_client_server_test.cpp.o] Error 1
gmake[2]: *** [CMakeFiles/ar_control_server.dir/build.make:104: CMakeFiles/ar_control_server.dir/src/ar_hardware_interface.cpp.o] Error 1
[01m[K/home/hans/ar/ar_src/command/ar_control/src/ar_control_client.cpp:1:10:[m[K [01;31m[Kfatal error: [m[Kar_control/ar_control_client.h: No such file or directory
    1 | #include [01;31m[K<ar_control/ar_control_client.h>[m[K
      |          [01;31m[K^~~~~~~~~~~~~~~~~~~~~~~~~~~~~~~~[m[K
compilation terminated.
gmake[1]: *** [CMakeFiles/Makefile2:221: CMakeFiles/ar_control_client_server_test.dir/all] Error 2
gmake[1]: *** Waiting for unfinished jobs....
[01m[K/home/hans/ar/ar_src/command/ar_control/src/ar_hardware_interface.cpp:1:10:[m[K [01;31m[Kfatal error: [m[Kar_control/ar_hardware_interface.h: No such file or directory
    1 | #include [01;31m[K<ar_control/ar_hardware_interface.h>[m[K
      |          [01;31m[K^~~~~~~~~~~~~~~~~~~~~~~~~~~~~~~~~~~~[m[K
compilation terminated.
[01m[K/home/hans/ar/ar_src/command/ar_control/src/ar_hardware_interface.cpp:1:10:[m[K [01;31m[Kfatal error: [m[Kar_control/ar_hardware_interface.h: No such file or directory
    1 | #include [01;31m[K<ar_control/ar_hardware_interface.h>[m[K
      |          [01;31m[K^~~~~~~~~~~~~~~~~~~~~~~~~~~~~~~~~~~~[m[K
compilation terminated.
gmake[2]: *** [CMakeFiles/ar_control_server.dir/build.make:76: CMakeFiles/ar_control_server.dir/src/ar_control_client.cpp.o] Error 1
gmake[1]: *** [CMakeFiles/Makefile2:169: CMakeFiles/ar_control_server.dir/all] Error 2
gmake[2]: *** [CMakeFiles/ar_control.dir/build.make:76: CMakeFiles/ar_control.dir/src/ar_control_client.cpp.o] Error 1
gmake[2]: *** Waiting for unfinished jobs....
gmake[2]: *** [CMakeFiles/ar_control_client.dir/build.make:104: CMakeFiles/ar_control_client.dir/src/ar_hardware_interface.cpp.o] Error 1
gmake[2]: *** [CMakeFiles/ar_control.dir/build.make:104: CMakeFiles/ar_control.dir/src/ar_hardware_interface.cpp.o] Error 1
[01m[K/home/hans/ar/ar_src/command/ar_control/src/ar_system.cpp:15:10:[m[K [01;31m[Kfatal error: [m[Kar_control/ar_system.hpp: No such file or directory
   15 | #include [01;31m[K"ar_control/ar_system.hpp"[m[K
      |          [01;31m[K^~~~~~~~~~~~~~~~~~~~~~~~~~[m[K
compilation terminated.
[01m[K/home/hans/ar/ar_src/command/ar_control/src/ar_control_server.cpp:3:10:[m[K [01;31m[Kfatal error: [m[Kar_control/ar_control_server.h: No such file or directory
    3 | #include [01;31m[K<ar_control/ar_control_server.h>[m[K
      |          [01;31m[K^~~~~~~~~~~~~~~~~~~~~~~~~~~~~~~~[m[K
compilation terminated.
gmake[2]: *** [CMakeFiles/ar_control.dir/build.make:118: CMakeFiles/ar_control.dir/src/ar_system.cpp.o] Error 1
[01m[K/home/hans/ar/ar_src/command/ar_control/src/ar_control_server.cpp:3:10:[m[K [01;31m[Kfatal error: [m[Kar_control/ar_control_server.h: No such file or directory
    3 | #include [01;31m[K<ar_control/ar_control_server.h>[m[K
      |          [01;31m[K^~~~~~~~~~~~~~~~~~~~~~~~~~~~~~~~[m[K
compilation terminated.
gmake[2]: *** [CMakeFiles/ar_control_client.dir/build.make:90: CMakeFiles/ar_control_client.dir/src/ar_control_server.cpp.o] Error 1
gmake[1]: *** [CMakeFiles/Makefile2:195: CMakeFiles/ar_control_client.dir/all] Error 2
gmake[2]: *** [CMakeFiles/ar_control.dir/build.make:90: CMakeFiles/ar_control.dir/src/ar_control_server.cpp.o] Error 1
gmake[1]: *** [CMakeFiles/Makefile2:143: CMakeFiles/ar_control.dir/all] Error 2
gmake: *** [Makefile:146: all] Error 2
