[0.027s] Invoking command in '/home/hans/ar/build/ar_planner_interface': CMAKE_PREFIX_PATH=${CMAKE_PREFIX_PATH}:/opt/ros/humble /usr/bin/cmake --build /home/hans/ar/build/ar_planner_interface -- -j12 -l12
[0.076s] Invoked command in '/home/hans/ar/build/ar_planner_interface' returned '0': CMAKE_PREFIX_PATH=${CMAKE_PREFIX_PATH}:/opt/ros/humble /usr/bin/cmake --build /home/hans/ar/build/ar_planner_interface -- -j12 -l12
[0.077s] Invoking command in '/home/hans/ar/build/ar_planner_interface': CMAKE_PREFIX_PATH=${CMAKE_PREFIX_PATH}:/opt/ros/humble /usr/bin/cmake --install /home/hans/ar/build/ar_planner_interface
[0.095s] -- Install configuration: ""
[0.095s] -- Up-to-date: /home/hans/ar/install/ar_planner_interface/share/ament_index/resource_index/package_run_dependencies/ar_planner_interface
[0.095s] -- Up-to-date: /home/hans/ar/install/ar_planner_interface/share/ament_index/resource_index/parent_prefix_path/ar_planner_interface
[0.095s] -- Up-to-date: /home/hans/ar/install/ar_planner_interface/share/ar_planner_interface/environment/ament_prefix_path.sh
[0.095s] -- Up-to-date: /home/hans/ar/install/ar_planner_interface/share/ar_planner_interface/environment/ament_prefix_path.dsv
[0.096s] -- Up-to-date: /home/hans/ar/install/ar_planner_interface/share/ar_planner_interface/environment/path.sh
[0.096s] -- Up-to-date: /home/hans/ar/install/ar_planner_interface/share/ar_planner_interface/environment/path.dsv
[0.096s] -- Up-to-date: /home/hans/ar/install/ar_planner_interface/share/ar_planner_interface/local_setup.bash
[0.096s] -- Up-to-date: /home/hans/ar/install/ar_planner_interface/share/ar_planner_interface/local_setup.sh
[0.096s] -- Up-to-date: /home/hans/ar/install/ar_planner_interface/share/ar_planner_interface/local_setup.zsh
[0.096s] -- Up-to-date: /home/hans/ar/install/ar_planner_interface/share/ar_planner_interface/local_setup.dsv
[0.096s] -- Installing: /home/hans/ar/install/ar_planner_interface/share/ar_planner_interface/package.dsv
[0.096s] -- Up-to-date: /home/hans/ar/install/ar_planner_interface/share/ament_index/resource_index/packages/ar_planner_interface
[0.096s] -- Up-to-date: /home/hans/ar/install/ar_planner_interface/share/ar_planner_interface/cmake/ar_planner_interfaceConfig.cmake
[0.096s] -- Up-to-date: /home/hans/ar/install/ar_planner_interface/share/ar_planner_interface/cmake/ar_planner_interfaceConfig-version.cmake
[0.096s] -- Up-to-date: /home/hans/ar/install/ar_planner_interface/share/ar_planner_interface/package.xml
[0.152s] Invoked command in '/home/hans/ar/build/ar_planner_interface' returned '0': CMAKE_PREFIX_PATH=${CMAKE_PREFIX_PATH}:/opt/ros/humble /usr/bin/cmake --install /home/hans/ar/build/ar_planner_interface
