-- The C compiler identification is GNU 11.4.0
-- The CXX compiler identification is GNU 11.4.0
-- Detecting C compiler ABI info
-- Detecting C compiler ABI info - done
-- Check for working C compiler: /usr/bin/cc - skipped
-- Detecting C compile features
-- Detecting C compile features - done
-- Detecting CXX compiler ABI info
-- Detecting CXX compiler ABI info - done
-- Check for working CXX compiler: /usr/bin/c++ - skipped
-- Detecting CXX compile features
-- Detecting CXX compile features - done
-- Found ament_cmake: 1.3.11 (/opt/ros/humble/share/ament_cmake/cmake)
-- Found Python3: /usr/bin/python3 (found version "3.10.12") found components: Interpreter 
-- Found yaml_cpp_vendor: 8.0.2 (/opt/ros/humble/share/yaml_cpp_vendor/cmake)
-- Found rclcpp: 16.0.12 (/opt/ros/humble/share/rclcpp/cmake)
-- Found rosidl_generator_c: 3.1.6 (/opt/ros/humble/share/rosidl_generator_c/cmake)
-- Found rosidl_adapter: 3.1.6 (/opt/ros/humble/share/rosidl_adapter/cmake)
-- Found rosidl_generator_cpp: 3.1.6 (/opt/ros/humble/share/rosidl_generator_cpp/cmake)
-- Using all available rosidl_typesupport_c: rosidl_typesupport_fastrtps_c;rosidl_typesupport_introspection_c
-- Using all available rosidl_typesupport_cpp: rosidl_typesupport_fastrtps_cpp;rosidl_typesupport_introspection_cpp
-- Found rmw_implementation_cmake: 6.1.2 (/opt/ros/humble/share/rmw_implementation_cmake/cmake)
-- Found rmw_fastrtps_cpp: 6.2.7 (/opt/ros/humble/share/rmw_fastrtps_cpp/cmake)
-- Found OpenSSL: /usr/lib/x86_64-linux-gnu/libcrypto.so (found version "3.0.2")  
-- Found FastRTPS: /opt/ros/humble/include  
-- Using RMW implementation 'rmw_fastrtps_cpp' as default
-- Looking for pthread.h
-- Looking for pthread.h - found
-- Performing Test CMAKE_HAVE_LIBC_PTHREAD
-- Performing Test CMAKE_HAVE_LIBC_PTHREAD - Success
-- Found Threads: TRUE  
-- Found rclcpp_lifecycle: 16.0.12 (/opt/ros/humble/share/rclcpp_lifecycle/cmake)
-- Found Boost: /usr/lib/x86_64-linux-gnu/cmake/Boost-1.74.0/BoostConfig.cmake (found version "1.74.0") found components: system filesystem date_time thread 
-- Found moveit_core: 2.5.9 (/opt/ros/humble/share/moveit_core/cmake)
-- Found Boost: /usr/lib/x86_64-linux-gnu/cmake/Boost-1.74.0/BoostConfig.cmake (found version "1.74.0") found components: chrono date_time filesystem iostreams program_options regex serialization system thread 
-- Found parameter_traits: 0.4.0 (/opt/ros/humble/share/parameter_traits/cmake)
-- Found Eigen3: TRUE (found version "3.4.0") 
-- Found Boost: /usr/lib/x86_64-linux-gnu/cmake/Boost-1.74.0/BoostConfig.cmake (found version "1.74.0") found components: filesystem 
-- library: /usr/lib/x86_64-linux-gnu/libcurl.so
-- Ensuring Eigen3 include directory is part of orocos-kdl CMake target
-- Configuring done
-- Generating done
-- Build files have been written to: /home/hans/ar/build/ar_utils
[ 16%] [32mBuilding CXX object CMakeFiles/ar_utils.dir/src/ar_serializer.cpp.o[0m
[ 33%] [32mBuilding CXX object CMakeFiles/ar_utils.dir/src/ar_utils.cpp.o[0m
[ 50%] [32mBuilding CXX object CMakeFiles/ar_utils.dir/src/ar_logging.cpp.o[0m
[ 66%] [32m[1mLinking CXX shared library libar_utils.so[0m
[ 66%] Built target ar_utils
[ 83%] [32mBuilding CXX object CMakeFiles/test_log.dir/test/test_log.cpp.o[0m
[100%] [32m[1mLinking CXX executable test_log[0m
[100%] Built target test_log
-- Install configuration: ""
-- Installing: /home/hans/ar/install/ar_utils/share/ar_utils/environment/library_path.sh
-- Installing: /home/hans/ar/install/ar_utils/share/ar_utils/environment/library_path.dsv
-- Installing: /home/hans/ar/install/ar_utils/include
-- Installing: /home/hans/ar/install/ar_utils/include/ar_utils.h
-- Installing: /home/hans/ar/install/ar_utils/include/ar_logging.h
-- Installing: /home/hans/ar/install/ar_utils/include/ar_serializer.h
-- Installing: /home/hans/ar/install/ar_utils/lib/libar_utils.so
-- Set runtime path of "/home/hans/ar/install/ar_utils/lib/libar_utils.so" to ""
-- Installing: /home/hans/ar/install/ar_utils/lib/ar_utils/test_log
-- Set runtime path of "/home/hans/ar/install/ar_utils/lib/ar_utils/test_log" to ""
-- Installing: /home/hans/ar/install/ar_utils/share/ament_index/resource_index/package_run_dependencies/ar_utils
-- Installing: /home/hans/ar/install/ar_utils/share/ament_index/resource_index/parent_prefix_path/ar_utils
-- Installing: /home/hans/ar/install/ar_utils/share/ar_utils/environment/ament_prefix_path.sh
-- Installing: /home/hans/ar/install/ar_utils/share/ar_utils/environment/ament_prefix_path.dsv
-- Installing: /home/hans/ar/install/ar_utils/share/ar_utils/environment/path.sh
-- Installing: /home/hans/ar/install/ar_utils/share/ar_utils/environment/path.dsv
-- Installing: /home/hans/ar/install/ar_utils/share/ar_utils/local_setup.bash
-- Installing: /home/hans/ar/install/ar_utils/share/ar_utils/local_setup.sh
-- Installing: /home/hans/ar/install/ar_utils/share/ar_utils/local_setup.zsh
-- Installing: /home/hans/ar/install/ar_utils/share/ar_utils/local_setup.dsv
-- Installing: /home/hans/ar/install/ar_utils/share/ar_utils/package.dsv
-- Installing: /home/hans/ar/install/ar_utils/share/ament_index/resource_index/packages/ar_utils
-- Installing: /home/hans/ar/install/ar_utils/share/ar_utils/cmake/ar_utilsExport.cmake
-- Installing: /home/hans/ar/install/ar_utils/share/ar_utils/cmake/ar_utilsExport-noconfig.cmake
-- Installing: /home/hans/ar/install/ar_utils/share/ar_utils/cmake/ament_cmake_export_include_directories-extras.cmake
-- Installing: /home/hans/ar/install/ar_utils/share/ar_utils/cmake/ament_cmake_export_targets-extras.cmake
-- Installing: /home/hans/ar/install/ar_utils/share/ar_utils/cmake/ament_cmake_export_dependencies-extras.cmake
-- Installing: /home/hans/ar/install/ar_utils/share/ar_utils/cmake/ar_utilsConfig.cmake
-- Installing: /home/hans/ar/install/ar_utils/share/ar_utils/cmake/ar_utilsConfig-version.cmake
-- Installing: /home/hans/ar/install/ar_utils/share/ar_utils/package.xml
