[0.034s] Invoking command in '/home/hans/ar/build/ar_utils': CMAKE_PREFIX_PATH=/opt/ros/humble /usr/bin/cmake /home/hans/ar/ar_src/utilities/ar_utils -DCMAKE_INSTALL_PREFIX=/home/hans/ar/install/ar_utils
[0.313s] -- The C compiler identification is GNU 11.4.0
[0.476s] -- The CXX compiler identification is GNU 11.4.0
[0.501s] -- Detecting C compiler ABI info
[0.815s] -- Detecting C compiler ABI info - done
[0.821s] -- Check for working C compiler: /usr/bin/cc - skipped
[0.821s] -- Detecting C compile features
[0.822s] -- Detecting C compile features - done
[0.825s] -- Detecting CXX compiler ABI info
[1.304s] -- Detecting CXX compiler ABI info - done
[1.310s] -- Check for working CXX compiler: /usr/bin/c++ - skipped
[1.311s] -- Detecting CXX compile features
[1.311s] -- Detecting CXX compile features - done
[1.315s] -- Found ament_cmake: 1.3.11 (/opt/ros/humble/share/ament_cmake/cmake)
[1.558s] -- Found Python3: /usr/bin/python3 (found version "3.10.12") found components: Interpreter 
[1.670s] -- Found yaml_cpp_vendor: 8.0.2 (/opt/ros/humble/share/yaml_cpp_vendor/cmake)
[1.676s] -- Found rclcpp: 16.0.12 (/opt/ros/humble/share/rclcpp/cmake)
[1.729s] -- Found rosidl_generator_c: 3.1.6 (/opt/ros/humble/share/rosidl_generator_c/cmake)
[1.732s] -- Found rosidl_adapter: 3.1.6 (/opt/ros/humble/share/rosidl_adapter/cmake)
[1.740s] -- Found rosidl_generator_cpp: 3.1.6 (/opt/ros/humble/share/rosidl_generator_cpp/cmake)
[1.752s] -- Using all available rosidl_typesupport_c: rosidl_typesupport_fastrtps_c;rosidl_typesupport_introspection_c
[1.767s] -- Using all available rosidl_typesupport_cpp: rosidl_typesupport_fastrtps_cpp;rosidl_typesupport_introspection_cpp
[1.809s] -- Found rmw_implementation_cmake: 6.1.2 (/opt/ros/humble/share/rmw_implementation_cmake/cmake)
[1.813s] -- Found rmw_fastrtps_cpp: 6.2.7 (/opt/ros/humble/share/rmw_fastrtps_cpp/cmake)
[2.109s] -- Found OpenSSL: /usr/lib/x86_64-linux-gnu/libcrypto.so (found version "3.0.2")  
[2.152s] -- Found FastRTPS: /opt/ros/humble/include  
[2.213s] -- Using RMW implementation 'rmw_fastrtps_cpp' as default
[2.227s] -- Looking for pthread.h
[2.424s] -- Looking for pthread.h - found
[2.424s] -- Performing Test CMAKE_HAVE_LIBC_PTHREAD
[2.689s] -- Performing Test CMAKE_HAVE_LIBC_PTHREAD - Success
[2.690s] -- Found Threads: TRUE  
[2.753s] -- Found rclcpp_lifecycle: 16.0.12 (/opt/ros/humble/share/rclcpp_lifecycle/cmake)
[2.819s] -- Found Boost: /usr/lib/x86_64-linux-gnu/cmake/Boost-1.74.0/BoostConfig.cmake (found version "1.74.0") found components: system filesystem date_time thread 
[2.843s] -- Found moveit_core: 2.5.9 (/opt/ros/humble/share/moveit_core/cmake)
[2.859s] -- Found Boost: /usr/lib/x86_64-linux-gnu/cmake/Boost-1.74.0/BoostConfig.cmake (found version "1.74.0") found components: chrono date_time filesystem iostreams program_options regex serialization system thread 
[2.961s] -- Found parameter_traits: 0.4.0 (/opt/ros/humble/share/parameter_traits/cmake)
[2.976s] -- Found Eigen3: TRUE (found version "3.4.0") 
[2.992s] -- Found Boost: /usr/lib/x86_64-linux-gnu/cmake/Boost-1.74.0/BoostConfig.cmake (found version "1.74.0") found components: filesystem 
[3.323s] -- library: /usr/lib/x86_64-linux-gnu/libcurl.so
[3.380s] -- Ensuring Eigen3 include directory is part of orocos-kdl CMake target
[3.689s] -- Configuring done
[3.779s] -- Generating done
[3.798s] -- Build files have been written to: /home/hans/ar/build/ar_utils
[3.837s] Invoked command in '/home/hans/ar/build/ar_utils' returned '0': CMAKE_PREFIX_PATH=/opt/ros/humble /usr/bin/cmake /home/hans/ar/ar_src/utilities/ar_utils -DCMAKE_INSTALL_PREFIX=/home/hans/ar/install/ar_utils
[3.838s] Invoking command in '/home/hans/ar/build/ar_utils': CMAKE_PREFIX_PATH=/opt/ros/humble /usr/bin/cmake --build /home/hans/ar/build/ar_utils -- -j12 -l12
[4.169s] [ 16%] [32mBuilding CXX object CMakeFiles/ar_utils.dir/src/ar_serializer.cpp.o[0m
[4.169s] [ 33%] [32mBuilding CXX object CMakeFiles/ar_utils.dir/src/ar_utils.cpp.o[0m
[4.174s] [ 50%] [32mBuilding CXX object CMakeFiles/ar_utils.dir/src/ar_logging.cpp.o[0m
[12.727s] [ 66%] [32m[1mLinking CXX shared library libar_utils.so[0m
[12.896s] [ 66%] Built target ar_utils
[12.929s] [ 83%] [32mBuilding CXX object CMakeFiles/test_log.dir/test/test_log.cpp.o[0m
[14.934s] [100%] [32m[1mLinking CXX executable test_log[0m
[15.093s] [100%] Built target test_log
[15.109s] Invoked command in '/home/hans/ar/build/ar_utils' returned '0': CMAKE_PREFIX_PATH=/opt/ros/humble /usr/bin/cmake --build /home/hans/ar/build/ar_utils -- -j12 -l12
[15.111s] Invoking command in '/home/hans/ar/build/ar_utils': CMAKE_PREFIX_PATH=/opt/ros/humble /usr/bin/cmake --install /home/hans/ar/build/ar_utils
[15.121s] -- Install configuration: ""
[15.121s] -- Installing: /home/hans/ar/install/ar_utils/share/ar_utils/environment/library_path.sh
[15.121s] -- Installing: /home/hans/ar/install/ar_utils/share/ar_utils/environment/library_path.dsv
[15.121s] -- Installing: /home/hans/ar/install/ar_utils/include
[15.121s] -- Installing: /home/hans/ar/install/ar_utils/include/ar_utils.h
[15.121s] -- Installing: /home/hans/ar/install/ar_utils/include/ar_logging.h
[15.121s] -- Installing: /home/hans/ar/install/ar_utils/include/ar_serializer.h
[15.121s] -- Installing: /home/hans/ar/install/ar_utils/lib/libar_utils.so
[15.123s] -- Set runtime path of "/home/hans/ar/install/ar_utils/lib/libar_utils.so" to ""
[15.123s] -- Installing: /home/hans/ar/install/ar_utils/lib/ar_utils/test_log
[15.123s] -- Set runtime path of "/home/hans/ar/install/ar_utils/lib/ar_utils/test_log" to ""
[15.124s] -- Installing: /home/hans/ar/install/ar_utils/share/ament_index/resource_index/package_run_dependencies/ar_utils
[15.124s] -- Installing: /home/hans/ar/install/ar_utils/share/ament_index/resource_index/parent_prefix_path/ar_utils
[15.124s] -- Installing: /home/hans/ar/install/ar_utils/share/ar_utils/environment/ament_prefix_path.sh
[15.124s] -- Installing: /home/hans/ar/install/ar_utils/share/ar_utils/environment/ament_prefix_path.dsv
[15.124s] -- Installing: /home/hans/ar/install/ar_utils/share/ar_utils/environment/path.sh
[15.124s] -- Installing: /home/hans/ar/install/ar_utils/share/ar_utils/environment/path.dsv
[15.124s] -- Installing: /home/hans/ar/install/ar_utils/share/ar_utils/local_setup.bash
[15.124s] -- Installing: /home/hans/ar/install/ar_utils/share/ar_utils/local_setup.sh
[15.124s] -- Installing: /home/hans/ar/install/ar_utils/share/ar_utils/local_setup.zsh
[15.124s] -- Installing: /home/hans/ar/install/ar_utils/share/ar_utils/local_setup.dsv
[15.124s] -- Installing: /home/hans/ar/install/ar_utils/share/ar_utils/package.dsv
[15.125s] -- Installing: /home/hans/ar/install/ar_utils/share/ament_index/resource_index/packages/ar_utils
[15.125s] -- Installing: /home/hans/ar/install/ar_utils/share/ar_utils/cmake/ar_utilsExport.cmake
[15.125s] -- Installing: /home/hans/ar/install/ar_utils/share/ar_utils/cmake/ar_utilsExport-noconfig.cmake
[15.125s] -- Installing: /home/hans/ar/install/ar_utils/share/ar_utils/cmake/ament_cmake_export_include_directories-extras.cmake
[15.125s] -- Installing: /home/hans/ar/install/ar_utils/share/ar_utils/cmake/ament_cmake_export_targets-extras.cmake
[15.125s] -- Installing: /home/hans/ar/install/ar_utils/share/ar_utils/cmake/ament_cmake_export_dependencies-extras.cmake
[15.125s] -- Installing: /home/hans/ar/install/ar_utils/share/ar_utils/cmake/ar_utilsConfig.cmake
[15.125s] -- Installing: /home/hans/ar/install/ar_utils/share/ar_utils/cmake/ar_utilsConfig-version.cmake
[15.125s] -- Installing: /home/hans/ar/install/ar_utils/share/ar_utils/package.xml
[15.128s] Invoked command in '/home/hans/ar/build/ar_utils' returned '0': CMAKE_PREFIX_PATH=/opt/ros/humble /usr/bin/cmake --install /home/hans/ar/build/ar_utils
