[0.070s] DEBUG:colcon:Command line arguments: ['/usr/bin/colcon', 'build', '--base-paths', 'ar_src']
[0.070s] DEBUG:colcon:Parsed command line arguments: Namespace(log_base=None, log_level=None, verb_name='build', build_base='build', install_base='install', merge_install=False, symlink_install=False, test_result_base=None, continue_on_error=False, executor='parallel', parallel_workers=12, event_handlers=None, ignore_user_meta=False, metas=['./colcon.meta'], base_paths=['ar_src'], packages_ignore=None, packages_ignore_regex=None, paths=None, packages_up_to=None, packages_up_to_regex=None, packages_above=None, packages_above_and_dependencies=None, packages_above_depth=None, packages_select_by_dep=None, packages_skip_by_dep=None, packages_skip_up_to=None, packages_select_build_failed=False, packages_skip_build_finished=False, packages_select_test_failures=False, packages_skip_test_passed=False, packages_select=None, packages_skip=None, packages_select_regex=None, packages_skip_regex=None, packages_start=None, packages_end=None, allow_overriding=[], cmake_args=None, cmake_target=None, cmake_target_skip_unavailable=False, cmake_clean_cache=False, cmake_clean_first=False, cmake_force_configure=False, ament_cmake_args=None, catkin_cmake_args=None, catkin_skip_building_tests=False, mixin_files=None, mixin=None, verb_parser=<colcon_mixin.mixin.mixin_argument.MixinArgumentDecorator object at 0x77b08fd4f940>, verb_extension=<colcon_core.verb.build.BuildVerb object at 0x77b08fd4f3d0>, main=<bound method BuildVerb.main of <colcon_core.verb.build.BuildVerb object at 0x77b08fd4f3d0>>, mixin_verb=('build',))
[0.173s] Level 1:colcon.colcon_core.package_discovery:discover_packages(colcon_meta) check parameters
[0.173s] Level 1:colcon.colcon_core.package_discovery:discover_packages(recursive) check parameters
[0.173s] Level 1:colcon.colcon_core.package_discovery:discover_packages(ignore) check parameters
[0.173s] Level 1:colcon.colcon_core.package_discovery:discover_packages(path) check parameters
[0.173s] Level 1:colcon.colcon_core.package_discovery:discover_packages(recursive) discover
[0.173s] INFO:colcon.colcon_core.package_discovery:Crawling recursively for packages in '/home/hans/ar/ar_src'
[0.173s] Level 1:colcon.colcon_core.package_identification:_identify(ar_src) by extensions ['ignore', 'ignore_ament_install']
[0.174s] Level 1:colcon.colcon_core.package_identification:_identify(ar_src) by extension 'ignore'
[0.174s] Level 1:colcon.colcon_core.package_identification:_identify(ar_src) by extension 'ignore_ament_install'
[0.174s] Level 1:colcon.colcon_core.package_identification:_identify(ar_src) by extensions ['colcon_pkg']
[0.174s] Level 1:colcon.colcon_core.package_identification:_identify(ar_src) by extension 'colcon_pkg'
[0.174s] Level 1:colcon.colcon_core.package_identification:_identify(ar_src) by extensions ['colcon_meta']
[0.174s] Level 1:colcon.colcon_core.package_identification:_identify(ar_src) by extension 'colcon_meta'
[0.174s] Level 1:colcon.colcon_core.package_identification:_identify(ar_src) by extensions ['ros']
[0.174s] Level 1:colcon.colcon_core.package_identification:_identify(ar_src) by extension 'ros'
[0.181s] Level 1:colcon.colcon_core.package_identification:_identify(ar_src) by extensions ['cmake', 'python']
[0.181s] Level 1:colcon.colcon_core.package_identification:_identify(ar_src) by extension 'cmake'
[0.181s] Level 1:colcon.colcon_core.package_identification:_identify(ar_src) by extension 'python'
[0.182s] Level 1:colcon.colcon_core.package_identification:_identify(ar_src) by extensions ['python_setup_py']
[0.182s] Level 1:colcon.colcon_core.package_identification:_identify(ar_src) by extension 'python_setup_py'
[0.182s] Level 1:colcon.colcon_core.package_identification:_identify(ar_src/command) by extensions ['ignore', 'ignore_ament_install']
[0.182s] Level 1:colcon.colcon_core.package_identification:_identify(ar_src/command) by extension 'ignore'
[0.182s] Level 1:colcon.colcon_core.package_identification:_identify(ar_src/command) ignored
[0.182s] Level 1:colcon.colcon_core.package_identification:_identify(ar_src/communication) by extensions ['ignore', 'ignore_ament_install']
[0.182s] Level 1:colcon.colcon_core.package_identification:_identify(ar_src/communication) by extension 'ignore'
[0.182s] Level 1:colcon.colcon_core.package_identification:_identify(ar_src/communication) by extension 'ignore_ament_install'
[0.182s] Level 1:colcon.colcon_core.package_identification:_identify(ar_src/communication) by extensions ['colcon_pkg']
[0.182s] Level 1:colcon.colcon_core.package_identification:_identify(ar_src/communication) by extension 'colcon_pkg'
[0.182s] Level 1:colcon.colcon_core.package_identification:_identify(ar_src/communication) by extensions ['colcon_meta']
[0.182s] Level 1:colcon.colcon_core.package_identification:_identify(ar_src/communication) by extension 'colcon_meta'
[0.182s] Level 1:colcon.colcon_core.package_identification:_identify(ar_src/communication) by extensions ['ros']
[0.182s] Level 1:colcon.colcon_core.package_identification:_identify(ar_src/communication) by extension 'ros'
[0.182s] Level 1:colcon.colcon_core.package_identification:_identify(ar_src/communication) by extensions ['cmake', 'python']
[0.182s] Level 1:colcon.colcon_core.package_identification:_identify(ar_src/communication) by extension 'cmake'
[0.182s] Level 1:colcon.colcon_core.package_identification:_identify(ar_src/communication) by extension 'python'
[0.182s] Level 1:colcon.colcon_core.package_identification:_identify(ar_src/communication) by extensions ['python_setup_py']
[0.182s] Level 1:colcon.colcon_core.package_identification:_identify(ar_src/communication) by extension 'python_setup_py'
[0.182s] Level 1:colcon.colcon_core.package_identification:_identify(ar_src/communication/commlibs) by extensions ['ignore', 'ignore_ament_install']
[0.182s] Level 1:colcon.colcon_core.package_identification:_identify(ar_src/communication/commlibs) by extension 'ignore'
[0.182s] Level 1:colcon.colcon_core.package_identification:_identify(ar_src/communication/commlibs) by extension 'ignore_ament_install'
[0.182s] Level 1:colcon.colcon_core.package_identification:_identify(ar_src/communication/commlibs) by extensions ['colcon_pkg']
[0.182s] Level 1:colcon.colcon_core.package_identification:_identify(ar_src/communication/commlibs) by extension 'colcon_pkg'
[0.182s] Level 1:colcon.colcon_core.package_identification:_identify(ar_src/communication/commlibs) by extensions ['colcon_meta']
[0.182s] Level 1:colcon.colcon_core.package_identification:_identify(ar_src/communication/commlibs) by extension 'colcon_meta'
[0.182s] Level 1:colcon.colcon_core.package_identification:_identify(ar_src/communication/commlibs) by extensions ['ros']
[0.183s] Level 1:colcon.colcon_core.package_identification:_identify(ar_src/communication/commlibs) by extension 'ros'
[0.183s] Level 1:colcon.colcon_core.package_identification:_identify(ar_src/communication/commlibs) by extensions ['cmake', 'python']
[0.183s] Level 1:colcon.colcon_core.package_identification:_identify(ar_src/communication/commlibs) by extension 'cmake'
[0.183s] Level 1:colcon.colcon_core.package_identification:_identify(ar_src/communication/commlibs) by extension 'python'
[0.183s] Level 1:colcon.colcon_core.package_identification:_identify(ar_src/communication/commlibs) by extensions ['python_setup_py']
[0.183s] Level 1:colcon.colcon_core.package_identification:_identify(ar_src/communication/commlibs) by extension 'python_setup_py'
[0.183s] Level 1:colcon.colcon_core.package_identification:_identify(ar_src/communication/commlibs/ar_comm) by extensions ['ignore', 'ignore_ament_install']
[0.183s] Level 1:colcon.colcon_core.package_identification:_identify(ar_src/communication/commlibs/ar_comm) by extension 'ignore'
[0.183s] Level 1:colcon.colcon_core.package_identification:_identify(ar_src/communication/commlibs/ar_comm) by extension 'ignore_ament_install'
[0.183s] Level 1:colcon.colcon_core.package_identification:_identify(ar_src/communication/commlibs/ar_comm) by extensions ['colcon_pkg']
[0.183s] Level 1:colcon.colcon_core.package_identification:_identify(ar_src/communication/commlibs/ar_comm) by extension 'colcon_pkg'
[0.183s] Level 1:colcon.colcon_core.package_identification:_identify(ar_src/communication/commlibs/ar_comm) by extensions ['colcon_meta']
[0.183s] Level 1:colcon.colcon_core.package_identification:_identify(ar_src/communication/commlibs/ar_comm) by extension 'colcon_meta'
[0.183s] Level 1:colcon.colcon_core.package_identification:_identify(ar_src/communication/commlibs/ar_comm) by extensions ['ros']
[0.183s] Level 1:colcon.colcon_core.package_identification:_identify(ar_src/communication/commlibs/ar_comm) by extension 'ros'
[0.194s] DEBUG:colcon.colcon_core.package_identification:Package 'ar_src/communication/commlibs/ar_comm' with type 'ros.ament_cmake' and name 'ar_comm'
[0.194s] Level 1:colcon.colcon_core.package_identification:_identify(ar_src/communication/commlibs/ar_serial) by extensions ['ignore', 'ignore_ament_install']
[0.194s] Level 1:colcon.colcon_core.package_identification:_identify(ar_src/communication/commlibs/ar_serial) by extension 'ignore'
[0.194s] Level 1:colcon.colcon_core.package_identification:_identify(ar_src/communication/commlibs/ar_serial) by extension 'ignore_ament_install'
[0.194s] Level 1:colcon.colcon_core.package_identification:_identify(ar_src/communication/commlibs/ar_serial) by extensions ['colcon_pkg']
[0.194s] Level 1:colcon.colcon_core.package_identification:_identify(ar_src/communication/commlibs/ar_serial) by extension 'colcon_pkg'
[0.194s] Level 1:colcon.colcon_core.package_identification:_identify(ar_src/communication/commlibs/ar_serial) by extensions ['colcon_meta']
[0.194s] Level 1:colcon.colcon_core.package_identification:_identify(ar_src/communication/commlibs/ar_serial) by extension 'colcon_meta'
[0.194s] Level 1:colcon.colcon_core.package_identification:_identify(ar_src/communication/commlibs/ar_serial) by extensions ['ros']
[0.194s] Level 1:colcon.colcon_core.package_identification:_identify(ar_src/communication/commlibs/ar_serial) by extension 'ros'
[0.194s] Level 1:colcon.colcon_core.package_identification:_identify(ar_src/communication/commlibs/ar_serial) by extensions ['cmake', 'python']
[0.194s] Level 1:colcon.colcon_core.package_identification:_identify(ar_src/communication/commlibs/ar_serial) by extension 'cmake'
[0.194s] Level 1:colcon.colcon_core.package_identification:_identify(ar_src/communication/commlibs/ar_serial) by extension 'python'
[0.194s] Level 1:colcon.colcon_core.package_identification:_identify(ar_src/communication/commlibs/ar_serial) by extensions ['python_setup_py']
[0.194s] Level 1:colcon.colcon_core.package_identification:_identify(ar_src/communication/commlibs/ar_serial) by extension 'python_setup_py'
[0.194s] Level 1:colcon.colcon_core.package_identification:_identify(ar_src/communication/commlibs/ar_serial/include) by extensions ['ignore', 'ignore_ament_install']
[0.194s] Level 1:colcon.colcon_core.package_identification:_identify(ar_src/communication/commlibs/ar_serial/include) by extension 'ignore'
[0.194s] Level 1:colcon.colcon_core.package_identification:_identify(ar_src/communication/commlibs/ar_serial/include) by extension 'ignore_ament_install'
[0.194s] Level 1:colcon.colcon_core.package_identification:_identify(ar_src/communication/commlibs/ar_serial/include) by extensions ['colcon_pkg']
[0.194s] Level 1:colcon.colcon_core.package_identification:_identify(ar_src/communication/commlibs/ar_serial/include) by extension 'colcon_pkg'
[0.194s] Level 1:colcon.colcon_core.package_identification:_identify(ar_src/communication/commlibs/ar_serial/include) by extensions ['colcon_meta']
[0.194s] Level 1:colcon.colcon_core.package_identification:_identify(ar_src/communication/commlibs/ar_serial/include) by extension 'colcon_meta'
[0.194s] Level 1:colcon.colcon_core.package_identification:_identify(ar_src/communication/commlibs/ar_serial/include) by extensions ['ros']
[0.194s] Level 1:colcon.colcon_core.package_identification:_identify(ar_src/communication/commlibs/ar_serial/include) by extension 'ros'
[0.194s] Level 1:colcon.colcon_core.package_identification:_identify(ar_src/communication/commlibs/ar_serial/include) by extensions ['cmake', 'python']
[0.194s] Level 1:colcon.colcon_core.package_identification:_identify(ar_src/communication/commlibs/ar_serial/include) by extension 'cmake'
[0.194s] Level 1:colcon.colcon_core.package_identification:_identify(ar_src/communication/commlibs/ar_serial/include) by extension 'python'
[0.195s] Level 1:colcon.colcon_core.package_identification:_identify(ar_src/communication/commlibs/ar_serial/include) by extensions ['python_setup_py']
[0.195s] Level 1:colcon.colcon_core.package_identification:_identify(ar_src/communication/commlibs/ar_serial/include) by extension 'python_setup_py'
[0.195s] Level 1:colcon.colcon_core.package_identification:_identify(ar_src/communication/commlibs/ar_serial/src) by extensions ['ignore', 'ignore_ament_install']
[0.195s] Level 1:colcon.colcon_core.package_identification:_identify(ar_src/communication/commlibs/ar_serial/src) by extension 'ignore'
[0.195s] Level 1:colcon.colcon_core.package_identification:_identify(ar_src/communication/commlibs/ar_serial/src) by extension 'ignore_ament_install'
[0.195s] Level 1:colcon.colcon_core.package_identification:_identify(ar_src/communication/commlibs/ar_serial/src) by extensions ['colcon_pkg']
[0.195s] Level 1:colcon.colcon_core.package_identification:_identify(ar_src/communication/commlibs/ar_serial/src) by extension 'colcon_pkg'
[0.195s] Level 1:colcon.colcon_core.package_identification:_identify(ar_src/communication/commlibs/ar_serial/src) by extensions ['colcon_meta']
[0.195s] Level 1:colcon.colcon_core.package_identification:_identify(ar_src/communication/commlibs/ar_serial/src) by extension 'colcon_meta'
[0.195s] Level 1:colcon.colcon_core.package_identification:_identify(ar_src/communication/commlibs/ar_serial/src) by extensions ['ros']
[0.195s] Level 1:colcon.colcon_core.package_identification:_identify(ar_src/communication/commlibs/ar_serial/src) by extension 'ros'
[0.195s] Level 1:colcon.colcon_core.package_identification:_identify(ar_src/communication/commlibs/ar_serial/src) by extensions ['cmake', 'python']
[0.195s] Level 1:colcon.colcon_core.package_identification:_identify(ar_src/communication/commlibs/ar_serial/src) by extension 'cmake'
[0.195s] Level 1:colcon.colcon_core.package_identification:_identify(ar_src/communication/commlibs/ar_serial/src) by extension 'python'
[0.195s] Level 1:colcon.colcon_core.package_identification:_identify(ar_src/communication/commlibs/ar_serial/src) by extensions ['python_setup_py']
[0.195s] Level 1:colcon.colcon_core.package_identification:_identify(ar_src/communication/commlibs/ar_serial/src) by extension 'python_setup_py'
[0.195s] Level 1:colcon.colcon_core.package_identification:_identify(ar_src/communication/devices) by extensions ['ignore', 'ignore_ament_install']
[0.195s] Level 1:colcon.colcon_core.package_identification:_identify(ar_src/communication/devices) by extension 'ignore'
[0.195s] Level 1:colcon.colcon_core.package_identification:_identify(ar_src/communication/devices) by extension 'ignore_ament_install'
[0.195s] Level 1:colcon.colcon_core.package_identification:_identify(ar_src/communication/devices) by extensions ['colcon_pkg']
[0.195s] Level 1:colcon.colcon_core.package_identification:_identify(ar_src/communication/devices) by extension 'colcon_pkg'
[0.195s] Level 1:colcon.colcon_core.package_identification:_identify(ar_src/communication/devices) by extensions ['colcon_meta']
[0.195s] Level 1:colcon.colcon_core.package_identification:_identify(ar_src/communication/devices) by extension 'colcon_meta'
[0.195s] Level 1:colcon.colcon_core.package_identification:_identify(ar_src/communication/devices) by extensions ['ros']
[0.195s] Level 1:colcon.colcon_core.package_identification:_identify(ar_src/communication/devices) by extension 'ros'
[0.196s] DEBUG:colcon.colcon_core.package_identification:Package 'ar_src/communication/devices' with type 'ros.ament_cmake' and name 'devices'
[0.196s] Level 1:colcon.colcon_core.package_identification:_identify(ar_src/communication/master) by extensions ['ignore', 'ignore_ament_install']
[0.196s] Level 1:colcon.colcon_core.package_identification:_identify(ar_src/communication/master) by extension 'ignore'
[0.196s] Level 1:colcon.colcon_core.package_identification:_identify(ar_src/communication/master) by extension 'ignore_ament_install'
[0.196s] Level 1:colcon.colcon_core.package_identification:_identify(ar_src/communication/master) by extensions ['colcon_pkg']
[0.196s] Level 1:colcon.colcon_core.package_identification:_identify(ar_src/communication/master) by extension 'colcon_pkg'
[0.196s] Level 1:colcon.colcon_core.package_identification:_identify(ar_src/communication/master) by extensions ['colcon_meta']
[0.196s] Level 1:colcon.colcon_core.package_identification:_identify(ar_src/communication/master) by extension 'colcon_meta'
[0.196s] Level 1:colcon.colcon_core.package_identification:_identify(ar_src/communication/master) by extensions ['ros']
[0.196s] Level 1:colcon.colcon_core.package_identification:_identify(ar_src/communication/master) by extension 'ros'
[0.196s] DEBUG:colcon.colcon_core.package_identification:Package 'ar_src/communication/master' with type 'ros.ament_cmake' and name 'master'
[0.196s] Level 1:colcon.colcon_core.package_identification:_identify(ar_src/communication/messages) by extensions ['ignore', 'ignore_ament_install']
[0.196s] Level 1:colcon.colcon_core.package_identification:_identify(ar_src/communication/messages) by extension 'ignore'
[0.196s] Level 1:colcon.colcon_core.package_identification:_identify(ar_src/communication/messages) by extension 'ignore_ament_install'
[0.196s] Level 1:colcon.colcon_core.package_identification:_identify(ar_src/communication/messages) by extensions ['colcon_pkg']
[0.196s] Level 1:colcon.colcon_core.package_identification:_identify(ar_src/communication/messages) by extension 'colcon_pkg'
[0.196s] Level 1:colcon.colcon_core.package_identification:_identify(ar_src/communication/messages) by extensions ['colcon_meta']
[0.196s] Level 1:colcon.colcon_core.package_identification:_identify(ar_src/communication/messages) by extension 'colcon_meta'
[0.196s] Level 1:colcon.colcon_core.package_identification:_identify(ar_src/communication/messages) by extensions ['ros']
[0.196s] Level 1:colcon.colcon_core.package_identification:_identify(ar_src/communication/messages) by extension 'ros'
[0.196s] Level 1:colcon.colcon_core.package_identification:_identify(ar_src/communication/messages) by extensions ['cmake', 'python']
[0.196s] Level 1:colcon.colcon_core.package_identification:_identify(ar_src/communication/messages) by extension 'cmake'
[0.196s] Level 1:colcon.colcon_core.package_identification:_identify(ar_src/communication/messages) by extension 'python'
[0.196s] Level 1:colcon.colcon_core.package_identification:_identify(ar_src/communication/messages) by extensions ['python_setup_py']
[0.196s] Level 1:colcon.colcon_core.package_identification:_identify(ar_src/communication/messages) by extension 'python_setup_py'
[0.197s] Level 1:colcon.colcon_core.package_identification:_identify(ar_src/communication/messages/ar_action) by extensions ['ignore', 'ignore_ament_install']
[0.197s] Level 1:colcon.colcon_core.package_identification:_identify(ar_src/communication/messages/ar_action) by extension 'ignore'
[0.197s] Level 1:colcon.colcon_core.package_identification:_identify(ar_src/communication/messages/ar_action) by extension 'ignore_ament_install'
[0.197s] Level 1:colcon.colcon_core.package_identification:_identify(ar_src/communication/messages/ar_action) by extensions ['colcon_pkg']
[0.197s] Level 1:colcon.colcon_core.package_identification:_identify(ar_src/communication/messages/ar_action) by extension 'colcon_pkg'
[0.197s] Level 1:colcon.colcon_core.package_identification:_identify(ar_src/communication/messages/ar_action) by extensions ['colcon_meta']
[0.197s] Level 1:colcon.colcon_core.package_identification:_identify(ar_src/communication/messages/ar_action) by extension 'colcon_meta'
[0.197s] Level 1:colcon.colcon_core.package_identification:_identify(ar_src/communication/messages/ar_action) by extensions ['ros']
[0.197s] Level 1:colcon.colcon_core.package_identification:_identify(ar_src/communication/messages/ar_action) by extension 'ros'
[0.197s] DEBUG:colcon.colcon_core.package_identification:Package 'ar_src/communication/messages/ar_action' with type 'ros.ament_cmake' and name 'ar_action'
[0.197s] Level 1:colcon.colcon_core.package_identification:_identify(ar_src/communication/messages/ar_msgs) by extensions ['ignore', 'ignore_ament_install']
[0.197s] Level 1:colcon.colcon_core.package_identification:_identify(ar_src/communication/messages/ar_msgs) by extension 'ignore'
[0.197s] Level 1:colcon.colcon_core.package_identification:_identify(ar_src/communication/messages/ar_msgs) by extension 'ignore_ament_install'
[0.197s] Level 1:colcon.colcon_core.package_identification:_identify(ar_src/communication/messages/ar_msgs) by extensions ['colcon_pkg']
[0.197s] Level 1:colcon.colcon_core.package_identification:_identify(ar_src/communication/messages/ar_msgs) by extension 'colcon_pkg'
[0.197s] Level 1:colcon.colcon_core.package_identification:_identify(ar_src/communication/messages/ar_msgs) by extensions ['colcon_meta']
[0.197s] Level 1:colcon.colcon_core.package_identification:_identify(ar_src/communication/messages/ar_msgs) by extension 'colcon_meta'
[0.197s] Level 1:colcon.colcon_core.package_identification:_identify(ar_src/communication/messages/ar_msgs) by extensions ['ros']
[0.198s] Level 1:colcon.colcon_core.package_identification:_identify(ar_src/communication/messages/ar_msgs) by extension 'ros'
[0.198s] DEBUG:colcon.colcon_core.package_identification:Package 'ar_src/communication/messages/ar_msgs' with type 'ros.ament_cmake' and name 'ar_msgs'
[0.198s] Level 1:colcon.colcon_core.package_identification:_identify(ar_src/communication/messages/ar_srv) by extensions ['ignore', 'ignore_ament_install']
[0.198s] Level 1:colcon.colcon_core.package_identification:_identify(ar_src/communication/messages/ar_srv) by extension 'ignore'
[0.198s] Level 1:colcon.colcon_core.package_identification:_identify(ar_src/communication/messages/ar_srv) by extension 'ignore_ament_install'
[0.198s] Level 1:colcon.colcon_core.package_identification:_identify(ar_src/communication/messages/ar_srv) by extensions ['colcon_pkg']
[0.198s] Level 1:colcon.colcon_core.package_identification:_identify(ar_src/communication/messages/ar_srv) by extension 'colcon_pkg'
[0.198s] Level 1:colcon.colcon_core.package_identification:_identify(ar_src/communication/messages/ar_srv) by extensions ['colcon_meta']
[0.198s] Level 1:colcon.colcon_core.package_identification:_identify(ar_src/communication/messages/ar_srv) by extension 'colcon_meta'
[0.198s] Level 1:colcon.colcon_core.package_identification:_identify(ar_src/communication/messages/ar_srv) by extensions ['ros']
[0.198s] Level 1:colcon.colcon_core.package_identification:_identify(ar_src/communication/messages/ar_srv) by extension 'ros'
[0.198s] DEBUG:colcon.colcon_core.package_identification:Failed to parse potential ROS package manifest in'ar_src/communication/messages/ar_srv': Error(s) in package 'ar_src/communication/messages/ar_srv/package.xml':
The manifest contains invalid XML:
no element found: line 1, column 0
[0.199s] Level 1:colcon.colcon_core.package_identification:_identify(ar_src/communication/messages/ar_srv) by extensions ['cmake', 'python']
[0.199s] Level 1:colcon.colcon_core.package_identification:_identify(ar_src/communication/messages/ar_srv) by extension 'cmake'
[0.199s] Level 1:colcon.colcon_core.package_identification:_identify(ar_src/communication/messages/ar_srv) by extension 'python'
[0.199s] DEBUG:colcon.colcon_core.package_identification:Package 'ar_src/communication/messages/ar_srv' with type 'cmake' and name 'ar_srv'
[0.199s] Level 1:colcon.colcon_core.package_identification:_identify(ar_src/configuration) by extensions ['ignore', 'ignore_ament_install']
[0.199s] Level 1:colcon.colcon_core.package_identification:_identify(ar_src/configuration) by extension 'ignore'
[0.199s] Level 1:colcon.colcon_core.package_identification:_identify(ar_src/configuration) by extension 'ignore_ament_install'
[0.199s] Level 1:colcon.colcon_core.package_identification:_identify(ar_src/configuration) by extensions ['colcon_pkg']
[0.199s] Level 1:colcon.colcon_core.package_identification:_identify(ar_src/configuration) by extension 'colcon_pkg'
[0.199s] Level 1:colcon.colcon_core.package_identification:_identify(ar_src/configuration) by extensions ['colcon_meta']
[0.199s] Level 1:colcon.colcon_core.package_identification:_identify(ar_src/configuration) by extension 'colcon_meta'
[0.199s] Level 1:colcon.colcon_core.package_identification:_identify(ar_src/configuration) by extensions ['ros']
[0.200s] Level 1:colcon.colcon_core.package_identification:_identify(ar_src/configuration) by extension 'ros'
[0.200s] Level 1:colcon.colcon_core.package_identification:_identify(ar_src/configuration) by extensions ['cmake', 'python']
[0.200s] Level 1:colcon.colcon_core.package_identification:_identify(ar_src/configuration) by extension 'cmake'
[0.200s] Level 1:colcon.colcon_core.package_identification:_identify(ar_src/configuration) by extension 'python'
[0.200s] Level 1:colcon.colcon_core.package_identification:_identify(ar_src/configuration) by extensions ['python_setup_py']
[0.200s] Level 1:colcon.colcon_core.package_identification:_identify(ar_src/configuration) by extension 'python_setup_py'
[0.200s] Level 1:colcon.colcon_core.package_identification:_identify(ar_src/configuration/ar) by extensions ['ignore', 'ignore_ament_install']
[0.200s] Level 1:colcon.colcon_core.package_identification:_identify(ar_src/configuration/ar) by extension 'ignore'
[0.200s] Level 1:colcon.colcon_core.package_identification:_identify(ar_src/configuration/ar) by extension 'ignore_ament_install'
[0.200s] Level 1:colcon.colcon_core.package_identification:_identify(ar_src/configuration/ar) by extensions ['colcon_pkg']
[0.200s] Level 1:colcon.colcon_core.package_identification:_identify(ar_src/configuration/ar) by extension 'colcon_pkg'
[0.200s] Level 1:colcon.colcon_core.package_identification:_identify(ar_src/configuration/ar) by extensions ['colcon_meta']
[0.200s] Level 1:colcon.colcon_core.package_identification:_identify(ar_src/configuration/ar) by extension 'colcon_meta'
[0.200s] Level 1:colcon.colcon_core.package_identification:_identify(ar_src/configuration/ar) by extensions ['ros']
[0.200s] Level 1:colcon.colcon_core.package_identification:_identify(ar_src/configuration/ar) by extension 'ros'
[0.200s] DEBUG:colcon.colcon_core.package_identification:Package 'ar_src/configuration/ar' with type 'ros.ament_cmake' and name 'ar_moveit_config'
[0.200s] Level 1:colcon.colcon_core.package_identification:_identify(ar_src/configuration/backup) by extensions ['ignore', 'ignore_ament_install']
[0.200s] Level 1:colcon.colcon_core.package_identification:_identify(ar_src/configuration/backup) by extension 'ignore'
[0.200s] Level 1:colcon.colcon_core.package_identification:_identify(ar_src/configuration/backup) by extension 'ignore_ament_install'
[0.200s] Level 1:colcon.colcon_core.package_identification:_identify(ar_src/configuration/backup) by extensions ['colcon_pkg']
[0.200s] Level 1:colcon.colcon_core.package_identification:_identify(ar_src/configuration/backup) by extension 'colcon_pkg'
[0.200s] Level 1:colcon.colcon_core.package_identification:_identify(ar_src/configuration/backup) by extensions ['colcon_meta']
[0.200s] Level 1:colcon.colcon_core.package_identification:_identify(ar_src/configuration/backup) by extension 'colcon_meta'
[0.201s] Level 1:colcon.colcon_core.package_identification:_identify(ar_src/configuration/backup) by extensions ['ros']
[0.201s] Level 1:colcon.colcon_core.package_identification:_identify(ar_src/configuration/backup) by extension 'ros'
[0.201s] Level 1:colcon.colcon_core.package_identification:_identify(ar_src/configuration/backup) by extensions ['cmake', 'python']
[0.201s] Level 1:colcon.colcon_core.package_identification:_identify(ar_src/configuration/backup) by extension 'cmake'
[0.201s] Level 1:colcon.colcon_core.package_identification:_identify(ar_src/configuration/backup) by extension 'python'
[0.201s] Level 1:colcon.colcon_core.package_identification:_identify(ar_src/configuration/backup) by extensions ['python_setup_py']
[0.201s] Level 1:colcon.colcon_core.package_identification:_identify(ar_src/configuration/backup) by extension 'python_setup_py'
[0.201s] Level 1:colcon.colcon_core.package_identification:_identify(ar_src/utilities) by extensions ['ignore', 'ignore_ament_install']
[0.201s] Level 1:colcon.colcon_core.package_identification:_identify(ar_src/utilities) by extension 'ignore'
[0.201s] Level 1:colcon.colcon_core.package_identification:_identify(ar_src/utilities) by extension 'ignore_ament_install'
[0.201s] Level 1:colcon.colcon_core.package_identification:_identify(ar_src/utilities) by extensions ['colcon_pkg']
[0.201s] Level 1:colcon.colcon_core.package_identification:_identify(ar_src/utilities) by extension 'colcon_pkg'
[0.201s] Level 1:colcon.colcon_core.package_identification:_identify(ar_src/utilities) by extensions ['colcon_meta']
[0.201s] Level 1:colcon.colcon_core.package_identification:_identify(ar_src/utilities) by extension 'colcon_meta'
[0.201s] Level 1:colcon.colcon_core.package_identification:_identify(ar_src/utilities) by extensions ['ros']
[0.201s] Level 1:colcon.colcon_core.package_identification:_identify(ar_src/utilities) by extension 'ros'
[0.201s] Level 1:colcon.colcon_core.package_identification:_identify(ar_src/utilities) by extensions ['cmake', 'python']
[0.201s] Level 1:colcon.colcon_core.package_identification:_identify(ar_src/utilities) by extension 'cmake'
[0.201s] Level 1:colcon.colcon_core.package_identification:_identify(ar_src/utilities) by extension 'python'
[0.201s] Level 1:colcon.colcon_core.package_identification:_identify(ar_src/utilities) by extensions ['python_setup_py']
[0.201s] Level 1:colcon.colcon_core.package_identification:_identify(ar_src/utilities) by extension 'python_setup_py'
[0.201s] Level 1:colcon.colcon_core.package_identification:_identify(ar_src/utilities/ar_computation) by extensions ['ignore', 'ignore_ament_install']
[0.201s] Level 1:colcon.colcon_core.package_identification:_identify(ar_src/utilities/ar_computation) by extension 'ignore'
[0.201s] Level 1:colcon.colcon_core.package_identification:_identify(ar_src/utilities/ar_computation) by extension 'ignore_ament_install'
[0.201s] Level 1:colcon.colcon_core.package_identification:_identify(ar_src/utilities/ar_computation) by extensions ['colcon_pkg']
[0.201s] Level 1:colcon.colcon_core.package_identification:_identify(ar_src/utilities/ar_computation) by extension 'colcon_pkg'
[0.201s] Level 1:colcon.colcon_core.package_identification:_identify(ar_src/utilities/ar_computation) by extensions ['colcon_meta']
[0.201s] Level 1:colcon.colcon_core.package_identification:_identify(ar_src/utilities/ar_computation) by extension 'colcon_meta'
[0.201s] Level 1:colcon.colcon_core.package_identification:_identify(ar_src/utilities/ar_computation) by extensions ['ros']
[0.201s] Level 1:colcon.colcon_core.package_identification:_identify(ar_src/utilities/ar_computation) by extension 'ros'
[0.202s] DEBUG:colcon.colcon_core.package_identification:Package 'ar_src/utilities/ar_computation' with type 'ros.ament_cmake' and name 'ar_computation'
[0.202s] Level 1:colcon.colcon_core.package_identification:_identify(ar_src/utilities/ar_utils) by extensions ['ignore', 'ignore_ament_install']
[0.202s] Level 1:colcon.colcon_core.package_identification:_identify(ar_src/utilities/ar_utils) by extension 'ignore'
[0.202s] Level 1:colcon.colcon_core.package_identification:_identify(ar_src/utilities/ar_utils) by extension 'ignore_ament_install'
[0.202s] Level 1:colcon.colcon_core.package_identification:_identify(ar_src/utilities/ar_utils) by extensions ['colcon_pkg']
[0.202s] Level 1:colcon.colcon_core.package_identification:_identify(ar_src/utilities/ar_utils) by extension 'colcon_pkg'
[0.202s] Level 1:colcon.colcon_core.package_identification:_identify(ar_src/utilities/ar_utils) by extensions ['colcon_meta']
[0.202s] Level 1:colcon.colcon_core.package_identification:_identify(ar_src/utilities/ar_utils) by extension 'colcon_meta'
[0.202s] Level 1:colcon.colcon_core.package_identification:_identify(ar_src/utilities/ar_utils) by extensions ['ros']
[0.202s] Level 1:colcon.colcon_core.package_identification:_identify(ar_src/utilities/ar_utils) by extension 'ros'
[0.203s] DEBUG:colcon.colcon_core.package_identification:Package 'ar_src/utilities/ar_utils' with type 'ros.ament_cmake' and name 'ar_utils'
[0.203s] Level 1:colcon.colcon_core.package_discovery:discover_packages(recursive) using defaults
[0.215s] Level 1:colcon.colcon_core.package_discovery:discover_packages(prefix_path) check parameters
[0.215s] Level 1:colcon.colcon_core.package_discovery:discover_packages(prefix_path) discover
[0.216s] WARNING:colcon.colcon_ros.prefix_path.ament:The path '/home/hans/ar/install/ar_computation' in the environment variable AMENT_PREFIX_PATH doesn't exist
[0.216s] WARNING:colcon.colcon_ros.prefix_path.ament:The path '/home/hans/ar/install/ar_utils' in the environment variable AMENT_PREFIX_PATH doesn't exist
[0.216s] WARNING:colcon.colcon_ros.prefix_path.ament:The path '/home/hans/ar/install/ar_msgs' in the environment variable AMENT_PREFIX_PATH doesn't exist
[0.216s] WARNING:colcon.colcon_ros.prefix_path.catkin:The path '/home/hans/ar/install/ar_computation' in the environment variable CMAKE_PREFIX_PATH doesn't exist
[0.216s] WARNING:colcon.colcon_ros.prefix_path.catkin:The path '/home/hans/ar/install/ar_utils' in the environment variable CMAKE_PREFIX_PATH doesn't exist
[0.216s] WARNING:colcon.colcon_ros.prefix_path.catkin:The path '/home/hans/ar/install/ar_msgs' in the environment variable CMAKE_PREFIX_PATH doesn't exist
[0.217s] DEBUG:colcon.colcon_installed_package_information.package_discovery:Found 3 installed packages in /home/hans/ar/install
[0.218s] DEBUG:colcon.colcon_installed_package_information.package_discovery:Found 380 installed packages in /opt/ros/humble
[0.219s] Level 1:colcon.colcon_core.package_discovery:discover_packages(prefix_path) using defaults
[0.246s] Level 5:colcon.colcon_core.verb:set package 'ar_action' build argument 'cmake_args' from command line to 'None'
[0.246s] Level 5:colcon.colcon_core.verb:set package 'ar_action' build argument 'cmake_target' from command line to 'None'
[0.246s] Level 5:colcon.colcon_core.verb:set package 'ar_action' build argument 'cmake_target_skip_unavailable' from command line to 'False'
[0.246s] Level 5:colcon.colcon_core.verb:set package 'ar_action' build argument 'cmake_clean_cache' from command line to 'False'
[0.247s] Level 5:colcon.colcon_core.verb:set package 'ar_action' build argument 'cmake_clean_first' from command line to 'False'
[0.247s] Level 5:colcon.colcon_core.verb:set package 'ar_action' build argument 'cmake_force_configure' from command line to 'False'
[0.247s] Level 5:colcon.colcon_core.verb:set package 'ar_action' build argument 'ament_cmake_args' from command line to 'None'
[0.247s] Level 5:colcon.colcon_core.verb:set package 'ar_action' build argument 'catkin_cmake_args' from command line to 'None'
[0.247s] Level 5:colcon.colcon_core.verb:set package 'ar_action' build argument 'catkin_skip_building_tests' from command line to 'False'
[0.247s] DEBUG:colcon.colcon_core.verb:Building package 'ar_action' with the following arguments: {'ament_cmake_args': None, 'build_base': '/home/hans/ar/build/ar_action', 'catkin_cmake_args': None, 'catkin_skip_building_tests': False, 'cmake_args': None, 'cmake_clean_cache': False, 'cmake_clean_first': False, 'cmake_force_configure': False, 'cmake_target': None, 'cmake_target_skip_unavailable': False, 'install_base': '/home/hans/ar/install/ar_action', 'merge_install': False, 'path': '/home/hans/ar/ar_src/communication/messages/ar_action', 'symlink_install': False, 'test_result_base': None}
[0.247s] Level 5:colcon.colcon_core.verb:set package 'ar_comm' build argument 'cmake_args' from command line to 'None'
[0.247s] Level 5:colcon.colcon_core.verb:set package 'ar_comm' build argument 'cmake_target' from command line to 'None'
[0.247s] Level 5:colcon.colcon_core.verb:set package 'ar_comm' build argument 'cmake_target_skip_unavailable' from command line to 'False'
[0.247s] Level 5:colcon.colcon_core.verb:set package 'ar_comm' build argument 'cmake_clean_cache' from command line to 'False'
[0.247s] Level 5:colcon.colcon_core.verb:set package 'ar_comm' build argument 'cmake_clean_first' from command line to 'False'
[0.247s] Level 5:colcon.colcon_core.verb:set package 'ar_comm' build argument 'cmake_force_configure' from command line to 'False'
[0.247s] Level 5:colcon.colcon_core.verb:set package 'ar_comm' build argument 'ament_cmake_args' from command line to 'None'
[0.247s] Level 5:colcon.colcon_core.verb:set package 'ar_comm' build argument 'catkin_cmake_args' from command line to 'None'
[0.247s] Level 5:colcon.colcon_core.verb:set package 'ar_comm' build argument 'catkin_skip_building_tests' from command line to 'False'
[0.247s] DEBUG:colcon.colcon_core.verb:Building package 'ar_comm' with the following arguments: {'ament_cmake_args': None, 'build_base': '/home/hans/ar/build/ar_comm', 'catkin_cmake_args': None, 'catkin_skip_building_tests': False, 'cmake_args': None, 'cmake_clean_cache': False, 'cmake_clean_first': False, 'cmake_force_configure': False, 'cmake_target': None, 'cmake_target_skip_unavailable': False, 'install_base': '/home/hans/ar/install/ar_comm', 'merge_install': False, 'path': '/home/hans/ar/ar_src/communication/commlibs/ar_comm', 'symlink_install': False, 'test_result_base': None}
[0.247s] Level 5:colcon.colcon_core.verb:set package 'ar_moveit_config' build argument 'cmake_args' from command line to 'None'
[0.247s] Level 5:colcon.colcon_core.verb:set package 'ar_moveit_config' build argument 'cmake_target' from command line to 'None'
[0.247s] Level 5:colcon.colcon_core.verb:set package 'ar_moveit_config' build argument 'cmake_target_skip_unavailable' from command line to 'False'
[0.247s] Level 5:colcon.colcon_core.verb:set package 'ar_moveit_config' build argument 'cmake_clean_cache' from command line to 'False'
[0.247s] Level 5:colcon.colcon_core.verb:set package 'ar_moveit_config' build argument 'cmake_clean_first' from command line to 'False'
[0.247s] Level 5:colcon.colcon_core.verb:set package 'ar_moveit_config' build argument 'cmake_force_configure' from command line to 'False'
[0.247s] Level 5:colcon.colcon_core.verb:set package 'ar_moveit_config' build argument 'ament_cmake_args' from command line to 'None'
[0.247s] Level 5:colcon.colcon_core.verb:set package 'ar_moveit_config' build argument 'catkin_cmake_args' from command line to 'None'
[0.247s] Level 5:colcon.colcon_core.verb:set package 'ar_moveit_config' build argument 'catkin_skip_building_tests' from command line to 'False'
[0.247s] DEBUG:colcon.colcon_core.verb:Building package 'ar_moveit_config' with the following arguments: {'ament_cmake_args': None, 'build_base': '/home/hans/ar/build/ar_moveit_config', 'catkin_cmake_args': None, 'catkin_skip_building_tests': False, 'cmake_args': None, 'cmake_clean_cache': False, 'cmake_clean_first': False, 'cmake_force_configure': False, 'cmake_target': None, 'cmake_target_skip_unavailable': False, 'install_base': '/home/hans/ar/install/ar_moveit_config', 'merge_install': False, 'path': '/home/hans/ar/ar_src/configuration/ar', 'symlink_install': False, 'test_result_base': None}
[0.247s] Level 5:colcon.colcon_core.verb:set package 'ar_msgs' build argument 'cmake_args' from command line to 'None'
[0.247s] Level 5:colcon.colcon_core.verb:set package 'ar_msgs' build argument 'cmake_target' from command line to 'None'
[0.247s] Level 5:colcon.colcon_core.verb:set package 'ar_msgs' build argument 'cmake_target_skip_unavailable' from command line to 'False'
[0.247s] Level 5:colcon.colcon_core.verb:set package 'ar_msgs' build argument 'cmake_clean_cache' from command line to 'False'
[0.247s] Level 5:colcon.colcon_core.verb:set package 'ar_msgs' build argument 'cmake_clean_first' from command line to 'False'
[0.247s] Level 5:colcon.colcon_core.verb:set package 'ar_msgs' build argument 'cmake_force_configure' from command line to 'False'
[0.247s] Level 5:colcon.colcon_core.verb:set package 'ar_msgs' build argument 'ament_cmake_args' from command line to 'None'
[0.247s] Level 5:colcon.colcon_core.verb:set package 'ar_msgs' build argument 'catkin_cmake_args' from command line to 'None'
[0.247s] Level 5:colcon.colcon_core.verb:set package 'ar_msgs' build argument 'catkin_skip_building_tests' from command line to 'False'
[0.247s] DEBUG:colcon.colcon_core.verb:Building package 'ar_msgs' with the following arguments: {'ament_cmake_args': None, 'build_base': '/home/hans/ar/build/ar_msgs', 'catkin_cmake_args': None, 'catkin_skip_building_tests': False, 'cmake_args': None, 'cmake_clean_cache': False, 'cmake_clean_first': False, 'cmake_force_configure': False, 'cmake_target': None, 'cmake_target_skip_unavailable': False, 'install_base': '/home/hans/ar/install/ar_msgs', 'merge_install': False, 'path': '/home/hans/ar/ar_src/communication/messages/ar_msgs', 'symlink_install': False, 'test_result_base': None}
[0.248s] Level 5:colcon.colcon_core.verb:set package 'ar_srv' build argument 'cmake_args' from command line to 'None'
[0.248s] Level 5:colcon.colcon_core.verb:set package 'ar_srv' build argument 'cmake_target' from command line to 'None'
[0.248s] Level 5:colcon.colcon_core.verb:set package 'ar_srv' build argument 'cmake_target_skip_unavailable' from command line to 'False'
[0.248s] Level 5:colcon.colcon_core.verb:set package 'ar_srv' build argument 'cmake_clean_cache' from command line to 'False'
[0.248s] Level 5:colcon.colcon_core.verb:set package 'ar_srv' build argument 'cmake_clean_first' from command line to 'False'
[0.248s] Level 5:colcon.colcon_core.verb:set package 'ar_srv' build argument 'cmake_force_configure' from command line to 'False'
[0.248s] Level 5:colcon.colcon_core.verb:set package 'ar_srv' build argument 'ament_cmake_args' from command line to 'None'
[0.248s] Level 5:colcon.colcon_core.verb:set package 'ar_srv' build argument 'catkin_cmake_args' from command line to 'None'
[0.248s] Level 5:colcon.colcon_core.verb:set package 'ar_srv' build argument 'catkin_skip_building_tests' from command line to 'False'
[0.248s] DEBUG:colcon.colcon_core.verb:Building package 'ar_srv' with the following arguments: {'ament_cmake_args': None, 'build_base': '/home/hans/ar/build/ar_srv', 'catkin_cmake_args': None, 'catkin_skip_building_tests': False, 'cmake_args': None, 'cmake_clean_cache': False, 'cmake_clean_first': False, 'cmake_force_configure': False, 'cmake_target': None, 'cmake_target_skip_unavailable': False, 'install_base': '/home/hans/ar/install/ar_srv', 'merge_install': False, 'path': '/home/hans/ar/ar_src/communication/messages/ar_srv', 'symlink_install': False, 'test_result_base': None}
[0.248s] Level 5:colcon.colcon_core.verb:set package 'ar_utils' build argument 'cmake_args' from command line to 'None'
[0.248s] Level 5:colcon.colcon_core.verb:set package 'ar_utils' build argument 'cmake_target' from command line to 'None'
[0.248s] Level 5:colcon.colcon_core.verb:set package 'ar_utils' build argument 'cmake_target_skip_unavailable' from command line to 'False'
[0.248s] Level 5:colcon.colcon_core.verb:set package 'ar_utils' build argument 'cmake_clean_cache' from command line to 'False'
[0.248s] Level 5:colcon.colcon_core.verb:set package 'ar_utils' build argument 'cmake_clean_first' from command line to 'False'
[0.248s] Level 5:colcon.colcon_core.verb:set package 'ar_utils' build argument 'cmake_force_configure' from command line to 'False'
[0.248s] Level 5:colcon.colcon_core.verb:set package 'ar_utils' build argument 'ament_cmake_args' from command line to 'None'
[0.248s] Level 5:colcon.colcon_core.verb:set package 'ar_utils' build argument 'catkin_cmake_args' from command line to 'None'
[0.248s] Level 5:colcon.colcon_core.verb:set package 'ar_utils' build argument 'catkin_skip_building_tests' from command line to 'False'
[0.248s] DEBUG:colcon.colcon_core.verb:Building package 'ar_utils' with the following arguments: {'ament_cmake_args': None, 'build_base': '/home/hans/ar/build/ar_utils', 'catkin_cmake_args': None, 'catkin_skip_building_tests': False, 'cmake_args': None, 'cmake_clean_cache': False, 'cmake_clean_first': False, 'cmake_force_configure': False, 'cmake_target': None, 'cmake_target_skip_unavailable': False, 'install_base': '/home/hans/ar/install/ar_utils', 'merge_install': False, 'path': '/home/hans/ar/ar_src/utilities/ar_utils', 'symlink_install': False, 'test_result_base': None}
[0.248s] Level 5:colcon.colcon_core.verb:set package 'devices' build argument 'cmake_args' from command line to 'None'
[0.248s] Level 5:colcon.colcon_core.verb:set package 'devices' build argument 'cmake_target' from command line to 'None'
[0.248s] Level 5:colcon.colcon_core.verb:set package 'devices' build argument 'cmake_target_skip_unavailable' from command line to 'False'
[0.248s] Level 5:colcon.colcon_core.verb:set package 'devices' build argument 'cmake_clean_cache' from command line to 'False'
[0.248s] Level 5:colcon.colcon_core.verb:set package 'devices' build argument 'cmake_clean_first' from command line to 'False'
[0.248s] Level 5:colcon.colcon_core.verb:set package 'devices' build argument 'cmake_force_configure' from command line to 'False'
[0.248s] Level 5:colcon.colcon_core.verb:set package 'devices' build argument 'ament_cmake_args' from command line to 'None'
[0.248s] Level 5:colcon.colcon_core.verb:set package 'devices' build argument 'catkin_cmake_args' from command line to 'None'
[0.248s] Level 5:colcon.colcon_core.verb:set package 'devices' build argument 'catkin_skip_building_tests' from command line to 'False'
[0.248s] DEBUG:colcon.colcon_core.verb:Building package 'devices' with the following arguments: {'ament_cmake_args': None, 'build_base': '/home/hans/ar/build/devices', 'catkin_cmake_args': None, 'catkin_skip_building_tests': False, 'cmake_args': None, 'cmake_clean_cache': False, 'cmake_clean_first': False, 'cmake_force_configure': False, 'cmake_target': None, 'cmake_target_skip_unavailable': False, 'install_base': '/home/hans/ar/install/devices', 'merge_install': False, 'path': '/home/hans/ar/ar_src/communication/devices', 'symlink_install': False, 'test_result_base': None}
[0.248s] Level 5:colcon.colcon_core.verb:set package 'master' build argument 'cmake_args' from command line to 'None'
[0.248s] Level 5:colcon.colcon_core.verb:set package 'master' build argument 'cmake_target' from command line to 'None'
[0.248s] Level 5:colcon.colcon_core.verb:set package 'master' build argument 'cmake_target_skip_unavailable' from command line to 'False'
[0.248s] Level 5:colcon.colcon_core.verb:set package 'master' build argument 'cmake_clean_cache' from command line to 'False'
[0.248s] Level 5:colcon.colcon_core.verb:set package 'master' build argument 'cmake_clean_first' from command line to 'False'
[0.248s] Level 5:colcon.colcon_core.verb:set package 'master' build argument 'cmake_force_configure' from command line to 'False'
[0.248s] Level 5:colcon.colcon_core.verb:set package 'master' build argument 'ament_cmake_args' from command line to 'None'
[0.249s] Level 5:colcon.colcon_core.verb:set package 'master' build argument 'catkin_cmake_args' from command line to 'None'
[0.249s] Level 5:colcon.colcon_core.verb:set package 'master' build argument 'catkin_skip_building_tests' from command line to 'False'
[0.249s] DEBUG:colcon.colcon_core.verb:Building package 'master' with the following arguments: {'ament_cmake_args': None, 'build_base': '/home/hans/ar/build/master', 'catkin_cmake_args': None, 'catkin_skip_building_tests': False, 'cmake_args': None, 'cmake_clean_cache': False, 'cmake_clean_first': False, 'cmake_force_configure': False, 'cmake_target': None, 'cmake_target_skip_unavailable': False, 'install_base': '/home/hans/ar/install/master', 'merge_install': False, 'path': '/home/hans/ar/ar_src/communication/master', 'symlink_install': False, 'test_result_base': None}
[0.249s] Level 5:colcon.colcon_core.verb:set package 'ar_computation' build argument 'cmake_args' from command line to 'None'
[0.249s] Level 5:colcon.colcon_core.verb:set package 'ar_computation' build argument 'cmake_target' from command line to 'None'
[0.249s] Level 5:colcon.colcon_core.verb:set package 'ar_computation' build argument 'cmake_target_skip_unavailable' from command line to 'False'
[0.249s] Level 5:colcon.colcon_core.verb:set package 'ar_computation' build argument 'cmake_clean_cache' from command line to 'False'
[0.249s] Level 5:colcon.colcon_core.verb:set package 'ar_computation' build argument 'cmake_clean_first' from command line to 'False'
[0.249s] Level 5:colcon.colcon_core.verb:set package 'ar_computation' build argument 'cmake_force_configure' from command line to 'False'
[0.249s] Level 5:colcon.colcon_core.verb:set package 'ar_computation' build argument 'ament_cmake_args' from command line to 'None'
[0.249s] Level 5:colcon.colcon_core.verb:set package 'ar_computation' build argument 'catkin_cmake_args' from command line to 'None'
[0.249s] Level 5:colcon.colcon_core.verb:set package 'ar_computation' build argument 'catkin_skip_building_tests' from command line to 'False'
[0.249s] DEBUG:colcon.colcon_core.verb:Building package 'ar_computation' with the following arguments: {'ament_cmake_args': None, 'build_base': '/home/hans/ar/build/ar_computation', 'catkin_cmake_args': None, 'catkin_skip_building_tests': False, 'cmake_args': None, 'cmake_clean_cache': False, 'cmake_clean_first': False, 'cmake_force_configure': False, 'cmake_target': None, 'cmake_target_skip_unavailable': False, 'install_base': '/home/hans/ar/install/ar_computation', 'merge_install': False, 'path': '/home/hans/ar/ar_src/utilities/ar_computation', 'symlink_install': False, 'test_result_base': None}
[0.249s] INFO:colcon.colcon_core.executor:Executing jobs using 'parallel' executor
[0.250s] DEBUG:colcon.colcon_parallel_executor.executor.parallel:run_until_complete
[0.250s] INFO:colcon.colcon_ros.task.ament_cmake.build:Building ROS package in '/home/hans/ar/ar_src/utilities/ar_utils' with build type 'ament_cmake'
[0.250s] INFO:colcon.colcon_cmake.task.cmake.build:Building CMake package in '/home/hans/ar/ar_src/utilities/ar_utils'
[0.251s] INFO:colcon.colcon_core.plugin_system:Skipping extension 'colcon_core.shell.bat': Not used on non-Windows systems
[0.251s] INFO:colcon.colcon_core.shell:Skip shell extension 'powershell' for command environment: Not usable outside of PowerShell
[0.251s] DEBUG:colcon.colcon_core.shell:Skip shell extension 'dsv' for command environment
[0.254s] INFO:colcon.colcon_ros.task.ament_cmake.build:Building ROS package in '/home/hans/ar/ar_src/communication/messages/ar_action' with build type 'ament_cmake'
[0.254s] INFO:colcon.colcon_cmake.task.cmake.build:Building CMake package in '/home/hans/ar/ar_src/communication/messages/ar_action'
[0.254s] INFO:colcon.colcon_core.shell:Skip shell extension 'powershell' for command environment: Not usable outside of PowerShell
[0.254s] DEBUG:colcon.colcon_core.shell:Skip shell extension 'dsv' for command environment
[0.257s] INFO:colcon.colcon_ros.task.ament_cmake.build:Building ROS package in '/home/hans/ar/ar_src/communication/commlibs/ar_comm' with build type 'ament_cmake'
[0.257s] INFO:colcon.colcon_cmake.task.cmake.build:Building CMake package in '/home/hans/ar/ar_src/communication/commlibs/ar_comm'
[0.257s] INFO:colcon.colcon_core.shell:Skip shell extension 'powershell' for command environment: Not usable outside of PowerShell
[0.257s] DEBUG:colcon.colcon_core.shell:Skip shell extension 'dsv' for command environment
[0.260s] INFO:colcon.colcon_ros.task.ament_cmake.build:Building ROS package in '/home/hans/ar/ar_src/configuration/ar' with build type 'ament_cmake'
[0.260s] INFO:colcon.colcon_cmake.task.cmake.build:Building CMake package in '/home/hans/ar/ar_src/configuration/ar'
[0.260s] INFO:colcon.colcon_core.shell:Skip shell extension 'powershell' for command environment: Not usable outside of PowerShell
[0.260s] DEBUG:colcon.colcon_core.shell:Skip shell extension 'dsv' for command environment
[0.263s] INFO:colcon.colcon_ros.task.ament_cmake.build:Building ROS package in '/home/hans/ar/ar_src/communication/messages/ar_msgs' with build type 'ament_cmake'
[0.263s] INFO:colcon.colcon_cmake.task.cmake.build:Building CMake package in '/home/hans/ar/ar_src/communication/messages/ar_msgs'
[0.263s] INFO:colcon.colcon_core.shell:Skip shell extension 'powershell' for command environment: Not usable outside of PowerShell
[0.263s] DEBUG:colcon.colcon_core.shell:Skip shell extension 'dsv' for command environment
[0.266s] INFO:colcon.colcon_cmake.task.cmake.build:Building CMake package in '/home/hans/ar/ar_src/communication/messages/ar_srv'
[0.266s] INFO:colcon.colcon_core.shell:Skip shell extension 'powershell' for command environment: Not usable outside of PowerShell
[0.266s] DEBUG:colcon.colcon_core.shell:Skip shell extension 'dsv' for command environment
[0.269s] INFO:colcon.colcon_ros.task.ament_cmake.build:Building ROS package in '/home/hans/ar/ar_src/communication/devices' with build type 'ament_cmake'
[0.269s] INFO:colcon.colcon_cmake.task.cmake.build:Building CMake package in '/home/hans/ar/ar_src/communication/devices'
[0.270s] INFO:colcon.colcon_core.shell:Skip shell extension 'powershell' for command environment: Not usable outside of PowerShell
[0.270s] DEBUG:colcon.colcon_core.shell:Skip shell extension 'dsv' for command environment
[0.272s] INFO:colcon.colcon_ros.task.ament_cmake.build:Building ROS package in '/home/hans/ar/ar_src/communication/master' with build type 'ament_cmake'
[0.273s] INFO:colcon.colcon_cmake.task.cmake.build:Building CMake package in '/home/hans/ar/ar_src/communication/master'
[0.273s] INFO:colcon.colcon_core.shell:Skip shell extension 'powershell' for command environment: Not usable outside of PowerShell
[0.273s] DEBUG:colcon.colcon_core.shell:Skip shell extension 'dsv' for command environment
[0.280s] DEBUG:colcon.colcon_core.event_handler.log_command:Invoking command in '/home/hans/ar/build/ar_utils': CMAKE_PREFIX_PATH=${CMAKE_PREFIX_PATH}:/opt/ros/humble /usr/bin/cmake --build /home/hans/ar/build/ar_utils -- -j12 -l12
[0.283s] DEBUG:colcon.colcon_core.event_handler.log_command:Invoking command in '/home/hans/ar/build/ar_action': CMAKE_PREFIX_PATH=${CMAKE_PREFIX_PATH}:/opt/ros/humble /usr/bin/cmake --build /home/hans/ar/build/ar_action -- -j12 -l12
[0.285s] DEBUG:colcon.colcon_core.event_handler.log_command:Invoking command in '/home/hans/ar/build/ar_comm': CMAKE_PREFIX_PATH=${CMAKE_PREFIX_PATH}:/opt/ros/humble /usr/bin/cmake --build /home/hans/ar/build/ar_comm -- -j12 -l12
[0.287s] DEBUG:colcon.colcon_core.event_handler.log_command:Invoking command in '/home/hans/ar/build/ar_moveit_config': CMAKE_PREFIX_PATH=${CMAKE_PREFIX_PATH}:/opt/ros/humble /usr/bin/cmake --build /home/hans/ar/build/ar_moveit_config -- -j12 -l12
[0.290s] DEBUG:colcon.colcon_core.event_handler.log_command:Invoking command in '/home/hans/ar/build/ar_msgs': CMAKE_PREFIX_PATH=${CMAKE_PREFIX_PATH}:/opt/ros/humble /usr/bin/cmake --build /home/hans/ar/build/ar_msgs -- -j12 -l12
[0.296s] DEBUG:colcon.colcon_core.event_handler.log_command:Invoking command in '/home/hans/ar/build/ar_srv': /usr/bin/cmake --build /home/hans/ar/build/ar_srv -- -j12 -l12
[0.298s] DEBUG:colcon.colcon_core.event_handler.log_command:Invoking command in '/home/hans/ar/build/devices': CMAKE_PREFIX_PATH=${CMAKE_PREFIX_PATH}:/opt/ros/humble /usr/bin/cmake /home/hans/ar/ar_src/communication/devices -DCMAKE_INSTALL_PREFIX=/home/hans/ar/install/devices
[0.302s] DEBUG:colcon.colcon_core.event_handler.log_command:Invoking command in '/home/hans/ar/build/master': CMAKE_PREFIX_PATH=${CMAKE_PREFIX_PATH}:/opt/ros/humble /usr/bin/cmake --build /home/hans/ar/build/master -- -j12 -l12
[0.378s] DEBUG:colcon.colcon_core.event_handler.log_command:Invoked command in '/home/hans/ar/build/ar_comm' returned '0': CMAKE_PREFIX_PATH=${CMAKE_PREFIX_PATH}:/opt/ros/humble /usr/bin/cmake --build /home/hans/ar/build/ar_comm -- -j12 -l12
[0.405s] DEBUG:colcon.colcon_core.event_handler.log_command:Invoking command in '/home/hans/ar/build/ar_comm': CMAKE_PREFIX_PATH=${CMAKE_PREFIX_PATH}:/opt/ros/humble /usr/bin/cmake --install /home/hans/ar/build/ar_comm
[0.406s] DEBUG:colcon.colcon_core.event_handler.log_command:Invoked command in '/home/hans/ar/build/ar_moveit_config' returned '0': CMAKE_PREFIX_PATH=${CMAKE_PREFIX_PATH}:/opt/ros/humble /usr/bin/cmake --build /home/hans/ar/build/ar_moveit_config -- -j12 -l12
[0.408s] DEBUG:colcon.colcon_core.event_handler.log_command:Invoking command in '/home/hans/ar/build/ar_moveit_config': CMAKE_PREFIX_PATH=${CMAKE_PREFIX_PATH}:/opt/ros/humble /usr/bin/cmake --install /home/hans/ar/build/ar_moveit_config
[0.409s] DEBUG:colcon.colcon_core.event_handler.log_command:Invoked command in '/home/hans/ar/build/ar_srv' returned '0': /usr/bin/cmake --build /home/hans/ar/build/ar_srv -- -j12 -l12
[0.409s] WARNING:colcon.colcon_cmake.task.cmake.build:Could not run installation step for package 'ar_srv' because it has no 'install' target
[0.409s] Level 1:colcon.colcon_core.environment:create_environment_scripts_only(ar_srv)
[0.412s] Level 1:colcon.colcon_core.environment:checking '/home/hans/ar/install/ar_srv' for CMake module files
[0.412s] Level 1:colcon.colcon_core.environment:checking '/home/hans/ar/install/ar_srv' for CMake config files
[0.412s] Level 1:colcon.colcon_core.environment:checking '/home/hans/ar/install/ar_srv/bin'
[0.412s] Level 1:colcon.colcon_core.environment:checking '/home/hans/ar/install/ar_srv/lib/pkgconfig/ar_srv.pc'
[0.413s] Level 1:colcon.colcon_core.environment:checking '/home/hans/ar/install/ar_srv/lib/python3.10/site-packages'
[0.413s] Level 1:colcon.colcon_core.environment:checking '/home/hans/ar/install/ar_srv/bin'
[0.413s] INFO:colcon.colcon_core.shell:Creating package script '/home/hans/ar/install/ar_srv/share/ar_srv/package.ps1'
[0.414s] INFO:colcon.colcon_core.shell:Creating package descriptor '/home/hans/ar/install/ar_srv/share/ar_srv/package.dsv'
[0.414s] INFO:colcon.colcon_core.shell:Creating package script '/home/hans/ar/install/ar_srv/share/ar_srv/package.sh'
[0.415s] INFO:colcon.colcon_core.shell:Creating package script '/home/hans/ar/install/ar_srv/share/ar_srv/package.bash'
[0.416s] INFO:colcon.colcon_core.shell:Creating package script '/home/hans/ar/install/ar_srv/share/ar_srv/package.zsh'
[0.416s] Level 1:colcon.colcon_core.environment:create_file_with_runtime_dependencies(/home/hans/ar/install/ar_srv/share/colcon-core/packages/ar_srv)
[0.418s] DEBUG:colcon.colcon_core.event_handler.log_command:Invoked command in '/home/hans/ar/build/master' returned '0': CMAKE_PREFIX_PATH=${CMAKE_PREFIX_PATH}:/opt/ros/humble /usr/bin/cmake --build /home/hans/ar/build/master -- -j12 -l12
[0.419s] DEBUG:colcon.colcon_core.event_handler.log_command:Invoking command in '/home/hans/ar/build/master': CMAKE_PREFIX_PATH=${CMAKE_PREFIX_PATH}:/opt/ros/humble /usr/bin/cmake --install /home/hans/ar/build/master
[0.434s] Level 1:colcon.colcon_core.environment:create_environment_scripts_only(ar_comm)
[0.435s] Level 1:colcon.colcon_core.environment:checking '/home/hans/ar/install/ar_comm' for CMake module files
[0.435s] Level 1:colcon.colcon_core.environment:checking '/home/hans/ar/install/ar_comm' for CMake config files
[0.437s] Level 1:colcon.colcon_core.shell:create_environment_hook('ar_comm', 'cmake_prefix_path')
[0.437s] INFO:colcon.colcon_core.shell:Creating environment hook '/home/hans/ar/install/ar_comm/share/ar_comm/hook/cmake_prefix_path.ps1'
[0.437s] INFO:colcon.colcon_core.shell:Creating environment descriptor '/home/hans/ar/install/ar_comm/share/ar_comm/hook/cmake_prefix_path.dsv'
[0.438s] INFO:colcon.colcon_core.shell:Creating environment hook '/home/hans/ar/install/ar_comm/share/ar_comm/hook/cmake_prefix_path.sh'
[0.438s] Level 1:colcon.colcon_core.environment:checking '/home/hans/ar/install/ar_comm/bin'
[0.438s] Level 1:colcon.colcon_core.environment:checking '/home/hans/ar/install/ar_comm/lib/pkgconfig/ar_comm.pc'
[0.439s] Level 1:colcon.colcon_core.environment:checking '/home/hans/ar/install/ar_comm/lib/python3.10/site-packages'
[0.439s] Level 1:colcon.colcon_core.environment:checking '/home/hans/ar/install/ar_comm/bin'
[0.439s] INFO:colcon.colcon_core.shell:Creating package script '/home/hans/ar/install/ar_comm/share/ar_comm/package.ps1'
[0.440s] INFO:colcon.colcon_core.shell:Creating package descriptor '/home/hans/ar/install/ar_comm/share/ar_comm/package.dsv'
[0.440s] INFO:colcon.colcon_core.shell:Creating package script '/home/hans/ar/install/ar_comm/share/ar_comm/package.sh'
[0.441s] INFO:colcon.colcon_core.shell:Creating package script '/home/hans/ar/install/ar_comm/share/ar_comm/package.bash'
[0.441s] INFO:colcon.colcon_core.shell:Creating package script '/home/hans/ar/install/ar_comm/share/ar_comm/package.zsh'
[0.441s] Level 1:colcon.colcon_core.environment:create_file_with_runtime_dependencies(/home/hans/ar/install/ar_comm/share/colcon-core/packages/ar_comm)
[0.442s] Level 1:colcon.colcon_core.environment:create_environment_scripts_only(ar_comm)
[0.442s] Level 1:colcon.colcon_core.environment:checking '/home/hans/ar/install/ar_comm' for CMake module files
[0.443s] Level 1:colcon.colcon_core.environment:checking '/home/hans/ar/install/ar_comm' for CMake config files
[0.443s] Level 1:colcon.colcon_core.shell:create_environment_hook('ar_comm', 'cmake_prefix_path')
[0.443s] INFO:colcon.colcon_core.shell:Creating environment hook '/home/hans/ar/install/ar_comm/share/ar_comm/hook/cmake_prefix_path.ps1'
[0.444s] DEBUG:colcon.colcon_core.event_handler.log_command:Invoked command in '/home/hans/ar/build/ar_comm' returned '0': CMAKE_PREFIX_PATH=${CMAKE_PREFIX_PATH}:/opt/ros/humble /usr/bin/cmake --install /home/hans/ar/build/ar_comm
[0.445s] INFO:colcon.colcon_core.shell:Creating environment descriptor '/home/hans/ar/install/ar_comm/share/ar_comm/hook/cmake_prefix_path.dsv'
[0.445s] INFO:colcon.colcon_core.shell:Creating environment hook '/home/hans/ar/install/ar_comm/share/ar_comm/hook/cmake_prefix_path.sh'
[0.446s] Level 1:colcon.colcon_core.environment:checking '/home/hans/ar/install/ar_comm/bin'
[0.446s] Level 1:colcon.colcon_core.environment:checking '/home/hans/ar/install/ar_comm/lib/pkgconfig/ar_comm.pc'
[0.446s] Level 1:colcon.colcon_core.environment:checking '/home/hans/ar/install/ar_comm/lib/python3.10/site-packages'
[0.447s] Level 1:colcon.colcon_core.environment:checking '/home/hans/ar/install/ar_comm/bin'
[0.447s] INFO:colcon.colcon_core.shell:Creating package script '/home/hans/ar/install/ar_comm/share/ar_comm/package.ps1'
[0.447s] INFO:colcon.colcon_core.shell:Creating package descriptor '/home/hans/ar/install/ar_comm/share/ar_comm/package.dsv'
[0.448s] INFO:colcon.colcon_core.shell:Creating package script '/home/hans/ar/install/ar_comm/share/ar_comm/package.sh'
[0.449s] INFO:colcon.colcon_core.shell:Creating package script '/home/hans/ar/install/ar_comm/share/ar_comm/package.bash'
[0.449s] INFO:colcon.colcon_core.shell:Creating package script '/home/hans/ar/install/ar_comm/share/ar_comm/package.zsh'
[0.450s] Level 1:colcon.colcon_core.environment:create_file_with_runtime_dependencies(/home/hans/ar/install/ar_comm/share/colcon-core/packages/ar_comm)
[0.451s] Level 1:colcon.colcon_core.environment:create_environment_scripts_only(master)
[0.451s] Level 1:colcon.colcon_core.environment:checking '/home/hans/ar/install/master' for CMake module files
[0.452s] DEBUG:colcon.colcon_core.event_handler.log_command:Invoked command in '/home/hans/ar/build/master' returned '0': CMAKE_PREFIX_PATH=${CMAKE_PREFIX_PATH}:/opt/ros/humble /usr/bin/cmake --install /home/hans/ar/build/master
[0.452s] Level 1:colcon.colcon_core.environment:checking '/home/hans/ar/install/master' for CMake config files
[0.452s] Level 1:colcon.colcon_core.shell:create_environment_hook('master', 'cmake_prefix_path')
[0.453s] INFO:colcon.colcon_core.shell:Creating environment hook '/home/hans/ar/install/master/share/master/hook/cmake_prefix_path.ps1'
[0.453s] INFO:colcon.colcon_core.shell:Creating environment descriptor '/home/hans/ar/install/master/share/master/hook/cmake_prefix_path.dsv'
[0.454s] INFO:colcon.colcon_core.shell:Creating environment hook '/home/hans/ar/install/master/share/master/hook/cmake_prefix_path.sh'
[0.454s] Level 1:colcon.colcon_core.environment:checking '/home/hans/ar/install/master/bin'
[0.454s] Level 1:colcon.colcon_core.environment:checking '/home/hans/ar/install/master/lib/pkgconfig/master.pc'
[0.454s] Level 1:colcon.colcon_core.environment:checking '/home/hans/ar/install/master/lib/python3.10/site-packages'
[0.454s] Level 1:colcon.colcon_core.environment:checking '/home/hans/ar/install/master/bin'
[0.455s] INFO:colcon.colcon_core.shell:Creating package script '/home/hans/ar/install/master/share/master/package.ps1'
[0.455s] INFO:colcon.colcon_core.shell:Creating package descriptor '/home/hans/ar/install/master/share/master/package.dsv'
[0.455s] INFO:colcon.colcon_core.shell:Creating package script '/home/hans/ar/install/master/share/master/package.sh'
[0.456s] INFO:colcon.colcon_core.shell:Creating package script '/home/hans/ar/install/master/share/master/package.bash'
[0.456s] INFO:colcon.colcon_core.shell:Creating package script '/home/hans/ar/install/master/share/master/package.zsh'
[0.456s] Level 1:colcon.colcon_core.environment:create_file_with_runtime_dependencies(/home/hans/ar/install/master/share/colcon-core/packages/master)
[0.457s] Level 1:colcon.colcon_core.environment:create_environment_scripts_only(master)
[0.457s] Level 1:colcon.colcon_core.environment:checking '/home/hans/ar/install/master' for CMake module files
[0.457s] Level 1:colcon.colcon_core.environment:checking '/home/hans/ar/install/master' for CMake config files
[0.458s] Level 1:colcon.colcon_core.shell:create_environment_hook('master', 'cmake_prefix_path')
[0.458s] INFO:colcon.colcon_core.shell:Creating environment hook '/home/hans/ar/install/master/share/master/hook/cmake_prefix_path.ps1'
[0.459s] INFO:colcon.colcon_core.shell:Creating environment descriptor '/home/hans/ar/install/master/share/master/hook/cmake_prefix_path.dsv'
[0.459s] INFO:colcon.colcon_core.shell:Creating environment hook '/home/hans/ar/install/master/share/master/hook/cmake_prefix_path.sh'
[0.460s] Level 1:colcon.colcon_core.environment:checking '/home/hans/ar/install/master/bin'
[0.460s] Level 1:colcon.colcon_core.environment:checking '/home/hans/ar/install/master/lib/pkgconfig/master.pc'
[0.460s] Level 1:colcon.colcon_core.environment:checking '/home/hans/ar/install/master/lib/python3.10/site-packages'
[0.460s] Level 1:colcon.colcon_core.environment:checking '/home/hans/ar/install/master/bin'
[0.460s] INFO:colcon.colcon_core.shell:Creating package script '/home/hans/ar/install/master/share/master/package.ps1'
[0.461s] INFO:colcon.colcon_core.shell:Creating package descriptor '/home/hans/ar/install/master/share/master/package.dsv'
[0.461s] INFO:colcon.colcon_core.shell:Creating package script '/home/hans/ar/install/master/share/master/package.sh'
[0.462s] INFO:colcon.colcon_core.shell:Creating package script '/home/hans/ar/install/master/share/master/package.bash'
[0.462s] INFO:colcon.colcon_core.shell:Creating package script '/home/hans/ar/install/master/share/master/package.zsh'
[0.462s] Level 1:colcon.colcon_core.environment:create_file_with_runtime_dependencies(/home/hans/ar/install/master/share/colcon-core/packages/master)
[0.463s] Level 1:colcon.colcon_core.environment:create_environment_scripts_only(ar_moveit_config)
[0.463s] Level 1:colcon.colcon_core.environment:checking '/home/hans/ar/install/ar_moveit_config' for CMake module files
[0.464s] DEBUG:colcon.colcon_core.event_handler.log_command:Invoked command in '/home/hans/ar/build/ar_moveit_config' returned '0': CMAKE_PREFIX_PATH=${CMAKE_PREFIX_PATH}:/opt/ros/humble /usr/bin/cmake --install /home/hans/ar/build/ar_moveit_config
[0.464s] Level 1:colcon.colcon_core.environment:checking '/home/hans/ar/install/ar_moveit_config' for CMake config files
[0.464s] Level 1:colcon.colcon_core.shell:create_environment_hook('ar_moveit_config', 'cmake_prefix_path')
[0.465s] INFO:colcon.colcon_core.shell:Creating environment hook '/home/hans/ar/install/ar_moveit_config/share/ar_moveit_config/hook/cmake_prefix_path.ps1'
[0.465s] INFO:colcon.colcon_core.shell:Creating environment descriptor '/home/hans/ar/install/ar_moveit_config/share/ar_moveit_config/hook/cmake_prefix_path.dsv'
[0.466s] INFO:colcon.colcon_core.shell:Creating environment hook '/home/hans/ar/install/ar_moveit_config/share/ar_moveit_config/hook/cmake_prefix_path.sh'
[0.466s] Level 1:colcon.colcon_core.environment:checking '/home/hans/ar/install/ar_moveit_config/bin'
[0.466s] Level 1:colcon.colcon_core.environment:checking '/home/hans/ar/install/ar_moveit_config/lib/pkgconfig/ar_moveit_config.pc'
[0.467s] Level 1:colcon.colcon_core.environment:checking '/home/hans/ar/install/ar_moveit_config/lib/python3.10/site-packages'
[0.467s] Level 1:colcon.colcon_core.environment:checking '/home/hans/ar/install/ar_moveit_config/bin'
[0.467s] INFO:colcon.colcon_core.shell:Creating package script '/home/hans/ar/install/ar_moveit_config/share/ar_moveit_config/package.ps1'
[0.467s] INFO:colcon.colcon_core.shell:Creating package descriptor '/home/hans/ar/install/ar_moveit_config/share/ar_moveit_config/package.dsv'
[0.468s] INFO:colcon.colcon_core.shell:Creating package script '/home/hans/ar/install/ar_moveit_config/share/ar_moveit_config/package.sh'
[0.468s] INFO:colcon.colcon_core.shell:Creating package script '/home/hans/ar/install/ar_moveit_config/share/ar_moveit_config/package.bash'
[0.469s] INFO:colcon.colcon_core.shell:Creating package script '/home/hans/ar/install/ar_moveit_config/share/ar_moveit_config/package.zsh'
[0.469s] Level 1:colcon.colcon_core.environment:create_file_with_runtime_dependencies(/home/hans/ar/install/ar_moveit_config/share/colcon-core/packages/ar_moveit_config)
[0.470s] Level 1:colcon.colcon_core.environment:create_environment_scripts_only(ar_moveit_config)
[0.470s] Level 1:colcon.colcon_core.environment:checking '/home/hans/ar/install/ar_moveit_config' for CMake module files
[0.471s] Level 1:colcon.colcon_core.environment:checking '/home/hans/ar/install/ar_moveit_config' for CMake config files
[0.471s] Level 1:colcon.colcon_core.shell:create_environment_hook('ar_moveit_config', 'cmake_prefix_path')
[0.471s] INFO:colcon.colcon_core.shell:Creating environment hook '/home/hans/ar/install/ar_moveit_config/share/ar_moveit_config/hook/cmake_prefix_path.ps1'
[0.472s] INFO:colcon.colcon_core.shell:Creating environment descriptor '/home/hans/ar/install/ar_moveit_config/share/ar_moveit_config/hook/cmake_prefix_path.dsv'
[0.472s] INFO:colcon.colcon_core.shell:Creating environment hook '/home/hans/ar/install/ar_moveit_config/share/ar_moveit_config/hook/cmake_prefix_path.sh'
[0.472s] Level 1:colcon.colcon_core.environment:checking '/home/hans/ar/install/ar_moveit_config/bin'
[0.473s] Level 1:colcon.colcon_core.environment:checking '/home/hans/ar/install/ar_moveit_config/lib/pkgconfig/ar_moveit_config.pc'
[0.473s] Level 1:colcon.colcon_core.environment:checking '/home/hans/ar/install/ar_moveit_config/lib/python3.10/site-packages'
[0.473s] Level 1:colcon.colcon_core.environment:checking '/home/hans/ar/install/ar_moveit_config/bin'
[0.473s] INFO:colcon.colcon_core.shell:Creating package script '/home/hans/ar/install/ar_moveit_config/share/ar_moveit_config/package.ps1'
[0.473s] INFO:colcon.colcon_core.shell:Creating package descriptor '/home/hans/ar/install/ar_moveit_config/share/ar_moveit_config/package.dsv'
[0.474s] INFO:colcon.colcon_core.shell:Creating package script '/home/hans/ar/install/ar_moveit_config/share/ar_moveit_config/package.sh'
[0.474s] INFO:colcon.colcon_core.shell:Creating package script '/home/hans/ar/install/ar_moveit_config/share/ar_moveit_config/package.bash'
[0.475s] INFO:colcon.colcon_core.shell:Creating package script '/home/hans/ar/install/ar_moveit_config/share/ar_moveit_config/package.zsh'
[0.475s] Level 1:colcon.colcon_core.environment:create_file_with_runtime_dependencies(/home/hans/ar/install/ar_moveit_config/share/colcon-core/packages/ar_moveit_config)
[0.864s] DEBUG:colcon.colcon_core.event_handler.log_command:Invoked command in '/home/hans/ar/build/devices' returned '1': CMAKE_PREFIX_PATH=${CMAKE_PREFIX_PATH}:/opt/ros/humble /usr/bin/cmake /home/hans/ar/ar_src/communication/devices -DCMAKE_INSTALL_PREFIX=/home/hans/ar/install/devices
[0.898s] Level 1:colcon.colcon_core.environment:create_environment_scripts_only(devices)
[0.898s] Level 1:colcon.colcon_core.environment:checking '/home/hans/ar/install/devices' for CMake module files
[0.898s] Level 1:colcon.colcon_core.environment:checking '/home/hans/ar/install/devices' for CMake config files
[0.899s] Level 1:colcon.colcon_core.environment:checking '/home/hans/ar/install/devices/bin'
[0.899s] Level 1:colcon.colcon_core.environment:checking '/home/hans/ar/install/devices/lib/pkgconfig/devices.pc'
[0.899s] Level 1:colcon.colcon_core.environment:checking '/home/hans/ar/install/devices/lib/python3.10/site-packages'
[0.899s] Level 1:colcon.colcon_core.environment:checking '/home/hans/ar/install/devices/bin'
[0.899s] INFO:colcon.colcon_core.shell:Creating package script '/home/hans/ar/install/devices/share/devices/package.ps1'
[0.900s] INFO:colcon.colcon_core.shell:Creating package descriptor '/home/hans/ar/install/devices/share/devices/package.dsv'
[0.900s] INFO:colcon.colcon_core.shell:Creating package script '/home/hans/ar/install/devices/share/devices/package.sh'
[0.900s] INFO:colcon.colcon_core.shell:Creating package script '/home/hans/ar/install/devices/share/devices/package.bash'
[0.901s] INFO:colcon.colcon_core.shell:Creating package script '/home/hans/ar/install/devices/share/devices/package.zsh'
[0.901s] Level 1:colcon.colcon_core.environment:create_file_with_runtime_dependencies(/home/hans/ar/install/devices/share/colcon-core/packages/devices)
[11.235s] DEBUG:colcon.colcon_parallel_executor.executor.parallel:closing loop
[11.235s] DEBUG:colcon.colcon_parallel_executor.executor.parallel:loop closed
[11.235s] DEBUG:colcon.colcon_parallel_executor.executor.parallel:run_until_complete finished with '1'
[11.236s] DEBUG:colcon.colcon_core.event_reactor:joining thread
[11.240s] INFO:colcon.colcon_core.plugin_system:Skipping extension 'colcon_notification.desktop_notification.terminal_notifier': Not used on non-Darwin systems
[11.241s] INFO:colcon.colcon_core.plugin_system:Skipping extension 'colcon_notification.desktop_notification.win32': Not used on non-Windows systems
[11.241s] INFO:colcon.colcon_notification.desktop_notification:Sending desktop notification using 'notify2'
[11.248s] DEBUG:colcon.colcon_core.event_reactor:joined thread
[11.248s] INFO:colcon.colcon_core.shell:Creating prefix script '/home/hans/ar/install/local_setup.ps1'
[11.249s] INFO:colcon.colcon_core.shell:Creating prefix util module '/home/hans/ar/install/_local_setup_util_ps1.py'
[11.250s] INFO:colcon.colcon_core.shell:Creating prefix chain script '/home/hans/ar/install/setup.ps1'
[11.251s] INFO:colcon.colcon_core.shell:Creating prefix script '/home/hans/ar/install/local_setup.sh'
[11.252s] INFO:colcon.colcon_core.shell:Creating prefix util module '/home/hans/ar/install/_local_setup_util_sh.py'
[11.252s] INFO:colcon.colcon_core.shell:Creating prefix chain script '/home/hans/ar/install/setup.sh'
[11.253s] INFO:colcon.colcon_core.shell:Creating prefix script '/home/hans/ar/install/local_setup.bash'
[11.253s] INFO:colcon.colcon_core.shell:Creating prefix chain script '/home/hans/ar/install/setup.bash'
[11.254s] INFO:colcon.colcon_core.shell:Creating prefix script '/home/hans/ar/install/local_setup.zsh'
[11.254s] INFO:colcon.colcon_core.shell:Creating prefix chain script '/home/hans/ar/install/setup.zsh'
