[0.020s] Invoking command in '/home/hans/ar/build/devices': CMAKE_PREFIX_PATH=/home/hans/ar/install/ar_msgs:/home/hans/ar/install/ar_computation:/home/hans/ar/install/ar_utils:/opt/ros/humble LD_LIBRARY_PATH=/home/hans/ar/install/ar_msgs/lib:/home/hans/ar/install/ar_utils/lib:/tmp/.mount_Cursor8umhqv/usr/lib/:/tmp/.mount_Cursor8umhqv/usr/lib32/:/tmp/.mount_Cursor8umhqv/usr/lib64/:/tmp/.mount_Cursor8umhqv/lib/:/tmp/.mount_Cursor8umhqv/lib/i386-linux-gnu/:/tmp/.mount_Cursor8umhqv/lib/x86_64-linux-gnu/:/tmp/.mount_Cursor8umhqv/lib/aarch64-linux-gnu/:/tmp/.mount_Cursor8umhqv/lib32/:/tmp/.mount_Cursor8umhqv/lib64/:/opt/ros/humble/opt/rviz_ogre_vendor/lib:/opt/ros/humble/lib/x86_64-linux-gnu:/opt/ros/humble/lib /usr/bin/cmake /home/hans/ar/ar_src/communication/devices -DCMAKE_INSTALL_PREFIX=/home/hans/ar/install/devices
[0.034s] -- Found ament_cmake: 1.3.11 (/opt/ros/humble/share/ament_cmake/cmake)
[0.153s] -- Found rclcpp: 16.0.12 (/opt/ros/humble/share/rclcpp/cmake)
[0.175s] -- Found rosidl_generator_c: 3.1.6 (/opt/ros/humble/share/rosidl_generator_c/cmake)
[0.177s] -- Found rosidl_adapter: 3.1.6 (/opt/ros/humble/share/rosidl_adapter/cmake)
[0.182s] -- Found rosidl_generator_cpp: 3.1.6 (/opt/ros/humble/share/rosidl_generator_cpp/cmake)
[0.189s] -- Using all available rosidl_typesupport_c: rosidl_typesupport_fastrtps_c;rosidl_typesupport_introspection_c
[0.199s] -- Using all available rosidl_typesupport_cpp: rosidl_typesupport_fastrtps_cpp;rosidl_typesupport_introspection_cpp
[0.222s] -- Found rmw_implementation_cmake: 6.1.2 (/opt/ros/humble/share/rmw_implementation_cmake/cmake)
[0.223s] -- Found rmw_fastrtps_cpp: 6.2.7 (/opt/ros/humble/share/rmw_fastrtps_cpp/cmake)
[0.331s] -- Using RMW implementation 'rmw_fastrtps_cpp' as default
[0.371s] -- Found ar_msgs: 0.0.0 (/home/hans/ar/install/ar_msgs/share/ar_msgs/cmake)
[0.443s] [31mCMake Error at CMakeLists.txt:15 (find_package):
[0.443s]   By not providing "Findar_serial.cmake" in CMAKE_MODULE_PATH this project
[0.443s]   has asked CMake to find a package configuration file provided by
[0.443s]   "ar_serial", but CMake did not find one.
[0.444s] 
[0.444s]   Could not find a package configuration file provided by "ar_serial" with
[0.444s]   any of the following names:
[0.444s] 
[0.444s]     ar_serialConfig.cmake
[0.444s]     ar_serial-config.cmake
[0.444s] 
[0.444s]   Add the installation prefix of "ar_serial" to CMAKE_PREFIX_PATH or set
[0.444s]   "ar_serial_DIR" to a directory containing one of the above files.  If
[0.444s]   "ar_serial" provides a separate development package or SDK, be sure it has
[0.444s]   been installed.
[0.444s] 
[0.444s] [0m
[0.444s] -- Configuring incomplete, errors occurred!
[0.444s] See also "/home/hans/ar/build/devices/CMakeFiles/CMakeOutput.log".
[0.451s] Invoked command in '/home/hans/ar/build/devices' returned '1': CMAKE_PREFIX_PATH=/home/hans/ar/install/ar_msgs:/home/hans/ar/install/ar_computation:/home/hans/ar/install/ar_utils:/opt/ros/humble LD_LIBRARY_PATH=/home/hans/ar/install/ar_msgs/lib:/home/hans/ar/install/ar_utils/lib:/tmp/.mount_Cursor8umhqv/usr/lib/:/tmp/.mount_Cursor8umhqv/usr/lib32/:/tmp/.mount_Cursor8umhqv/usr/lib64/:/tmp/.mount_Cursor8umhqv/lib/:/tmp/.mount_Cursor8umhqv/lib/i386-linux-gnu/:/tmp/.mount_Cursor8umhqv/lib/x86_64-linux-gnu/:/tmp/.mount_Cursor8umhqv/lib/aarch64-linux-gnu/:/tmp/.mount_Cursor8umhqv/lib32/:/tmp/.mount_Cursor8umhqv/lib64/:/opt/ros/humble/opt/rviz_ogre_vendor/lib:/opt/ros/humble/lib/x86_64-linux-gnu:/opt/ros/humble/lib /usr/bin/cmake /home/hans/ar/ar_src/communication/devices -DCMAKE_INSTALL_PREFIX=/home/hans/ar/install/devices
