[0.027s] Invoking command in '/home/hans/ar/build/ar_utils': CMAKE_PREFIX_PATH=/opt/ros/humble /usr/bin/cmake --build /home/hans/ar/build/ar_utils -- -j12 -l12
[0.086s] [ 66%] Built target ar_utils
[0.128s] [100%] Built target test_log
[0.184s] Invoked command in '/home/hans/ar/build/ar_utils' returned '0': CMAKE_PREFIX_PATH=/opt/ros/humble /usr/bin/cmake --build /home/hans/ar/build/ar_utils -- -j12 -l12
[0.184s] Invoking command in '/home/hans/ar/build/ar_utils': CMAKE_PREFIX_PATH=/opt/ros/humble /usr/bin/cmake --install /home/hans/ar/build/ar_utils
[0.189s] -- Install configuration: ""
[0.189s] -- Up-to-date: /home/hans/ar/install/ar_utils/share/ar_utils/environment/library_path.sh
[0.189s] -- Up-to-date: /home/hans/ar/install/ar_utils/share/ar_utils/environment/library_path.dsv
[0.189s] -- Up-to-date: /home/hans/ar/install/ar_utils/include
[0.189s] -- Up-to-date: /home/hans/ar/install/ar_utils/include/ar_utils.h
[0.189s] -- Up-to-date: /home/hans/ar/install/ar_utils/include/ar_logging.h
[0.189s] -- Up-to-date: /home/hans/ar/install/ar_utils/include/ar_serializer.h
[0.189s] -- Up-to-date: /home/hans/ar/install/ar_utils/lib/libar_utils.so
[0.191s] -- Up-to-date: /home/hans/ar/install/ar_utils/lib/ar_utils/test_log
[0.191s] -- Up-to-date: /home/hans/ar/install/ar_utils/share/ament_index/resource_index/package_run_dependencies/ar_utils
[0.191s] -- Up-to-date: /home/hans/ar/install/ar_utils/share/ament_index/resource_index/parent_prefix_path/ar_utils
[0.191s] -- Up-to-date: /home/hans/ar/install/ar_utils/share/ar_utils/environment/ament_prefix_path.sh
[0.191s] -- Up-to-date: /home/hans/ar/install/ar_utils/share/ar_utils/environment/ament_prefix_path.dsv
[0.191s] -- Up-to-date: /home/hans/ar/install/ar_utils/share/ar_utils/environment/path.sh
[0.191s] -- Up-to-date: /home/hans/ar/install/ar_utils/share/ar_utils/environment/path.dsv
[0.192s] -- Up-to-date: /home/hans/ar/install/ar_utils/share/ar_utils/local_setup.bash
[0.192s] -- Up-to-date: /home/hans/ar/install/ar_utils/share/ar_utils/local_setup.sh
[0.192s] -- Up-to-date: /home/hans/ar/install/ar_utils/share/ar_utils/local_setup.zsh
[0.192s] -- Up-to-date: /home/hans/ar/install/ar_utils/share/ar_utils/local_setup.dsv
[0.192s] -- Installing: /home/hans/ar/install/ar_utils/share/ar_utils/package.dsv
[0.192s] -- Up-to-date: /home/hans/ar/install/ar_utils/share/ament_index/resource_index/packages/ar_utils
[0.192s] -- Up-to-date: /home/hans/ar/install/ar_utils/share/ar_utils/cmake/ar_utilsExport.cmake
[0.192s] -- Up-to-date: /home/hans/ar/install/ar_utils/share/ar_utils/cmake/ar_utilsExport-noconfig.cmake
[0.192s] -- Up-to-date: /home/hans/ar/install/ar_utils/share/ar_utils/cmake/ament_cmake_export_include_directories-extras.cmake
[0.192s] -- Up-to-date: /home/hans/ar/install/ar_utils/share/ar_utils/cmake/ament_cmake_export_targets-extras.cmake
[0.193s] -- Up-to-date: /home/hans/ar/install/ar_utils/share/ar_utils/cmake/ament_cmake_export_dependencies-extras.cmake
[0.193s] -- Up-to-date: /home/hans/ar/install/ar_utils/share/ar_utils/cmake/ar_utilsConfig.cmake
[0.193s] -- Up-to-date: /home/hans/ar/install/ar_utils/share/ar_utils/cmake/ar_utilsConfig-version.cmake
[0.193s] -- Up-to-date: /home/hans/ar/install/ar_utils/share/ar_utils/package.xml
[0.196s] Invoked command in '/home/hans/ar/build/ar_utils' returned '0': CMAKE_PREFIX_PATH=/opt/ros/humble /usr/bin/cmake --install /home/hans/ar/build/ar_utils
