[0.026s] Invoking command in '/home/hans/ar/build/master': CMAKE_PREFIX_PATH=/opt/ros/humble /usr/bin/cmake --build /home/hans/ar/build/master -- -j12 -l12
[0.057s] Invoked command in '/home/hans/ar/build/master' returned '0': CMAKE_PREFIX_PATH=/opt/ros/humble /usr/bin/cmake --build /home/hans/ar/build/master -- -j12 -l12
[0.066s] Invoking command in '/home/hans/ar/build/master': CMAKE_PREFIX_PATH=/opt/ros/humble /usr/bin/cmake --install /home/hans/ar/build/master
[0.084s] -- Install configuration: ""
[0.084s] -- Up-to-date: /home/hans/ar/install/master/share/ament_index/resource_index/package_run_dependencies/master
[0.085s] -- Up-to-date: /home/hans/ar/install/master/share/ament_index/resource_index/parent_prefix_path/master
[0.086s] -- Up-to-date: /home/hans/ar/install/master/share/master/environment/ament_prefix_path.sh
[0.086s] -- Up-to-date: /home/hans/ar/install/master/share/master/environment/ament_prefix_path.dsv
[0.086s] -- Up-to-date: /home/hans/ar/install/master/share/master/environment/path.sh
[0.086s] -- Up-to-date: /home/hans/ar/install/master/share/master/environment/path.dsv
[0.086s] -- Up-to-date: /home/hans/ar/install/master/share/master/local_setup.bash
[0.086s] -- Up-to-date: /home/hans/ar/install/master/share/master/local_setup.sh
[0.086s] -- Up-to-date: /home/hans/ar/install/master/share/master/local_setup.zsh
[0.086s] -- Up-to-date: /home/hans/ar/install/master/share/master/local_setup.dsv
[0.086s] -- Installing: /home/hans/ar/install/master/share/master/package.dsv
[0.086s] -- Up-to-date: /home/hans/ar/install/master/share/ament_index/resource_index/packages/master
[0.086s] -- Up-to-date: /home/hans/ar/install/master/share/master/cmake/masterConfig.cmake
[0.086s] -- Up-to-date: /home/hans/ar/install/master/share/master/cmake/masterConfig-version.cmake
[0.087s] -- Up-to-date: /home/hans/ar/install/master/share/master/package.xml
[0.092s] Invoked command in '/home/hans/ar/build/master' returned '0': CMAKE_PREFIX_PATH=/opt/ros/humble /usr/bin/cmake --install /home/hans/ar/build/master
