[0.027s] Invoking command in '/home/hans/ar/build/ar_scene': CMAKE_PREFIX_PATH=${CMAKE_PREFIX_PATH}:/opt/ros/humble /usr/bin/cmake --build /home/hans/ar/build/ar_scene -- -j12 -l12
[0.135s] Invoked command in '/home/hans/ar/build/ar_scene' returned '0': CMAKE_PREFIX_PATH=${CMAKE_PREFIX_PATH}:/opt/ros/humble /usr/bin/cmake --build /home/hans/ar/build/ar_scene -- -j12 -l12
[0.136s] Invoking command in '/home/hans/ar/build/ar_scene': CMAKE_PREFIX_PATH=${CMAKE_PREFIX_PATH}:/opt/ros/humble /usr/bin/cmake --install /home/hans/ar/build/ar_scene
[0.149s] -- Install configuration: ""
[0.150s] -- Up-to-date: /home/hans/ar/install/ar_scene/share/ament_index/resource_index/package_run_dependencies/ar_scene
[0.150s] -- Up-to-date: /home/hans/ar/install/ar_scene/share/ament_index/resource_index/parent_prefix_path/ar_scene
[0.150s] -- Up-to-date: /home/hans/ar/install/ar_scene/share/ar_scene/environment/ament_prefix_path.sh
[0.150s] -- Up-to-date: /home/hans/ar/install/ar_scene/share/ar_scene/environment/ament_prefix_path.dsv
[0.150s] -- Up-to-date: /home/hans/ar/install/ar_scene/share/ar_scene/environment/path.sh
[0.151s] -- Up-to-date: /home/hans/ar/install/ar_scene/share/ar_scene/environment/path.dsv
[0.151s] -- Up-to-date: /home/hans/ar/install/ar_scene/share/ar_scene/local_setup.bash
[0.151s] -- Up-to-date: /home/hans/ar/install/ar_scene/share/ar_scene/local_setup.sh
[0.151s] -- Up-to-date: /home/hans/ar/install/ar_scene/share/ar_scene/local_setup.zsh
[0.151s] -- Up-to-date: /home/hans/ar/install/ar_scene/share/ar_scene/local_setup.dsv
[0.151s] -- Installing: /home/hans/ar/install/ar_scene/share/ar_scene/package.dsv
[0.151s] -- Up-to-date: /home/hans/ar/install/ar_scene/share/ament_index/resource_index/packages/ar_scene
[0.151s] -- Up-to-date: /home/hans/ar/install/ar_scene/share/ar_scene/cmake/ar_sceneConfig.cmake
[0.151s] -- Up-to-date: /home/hans/ar/install/ar_scene/share/ar_scene/cmake/ar_sceneConfig-version.cmake
[0.152s] -- Up-to-date: /home/hans/ar/install/ar_scene/share/ar_scene/package.xml
[0.176s] Invoked command in '/home/hans/ar/build/ar_scene' returned '0': CMAKE_PREFIX_PATH=${CMAKE_PREFIX_PATH}:/opt/ros/humble /usr/bin/cmake --install /home/hans/ar/build/ar_scene
