[0.073s] DEBUG:colcon:Command line arguments: ['/usr/bin/colcon', 'build', '--base-paths', 'ar_src']
[0.073s] DEBUG:colcon:Parsed command line arguments: Namespace(log_base=None, log_level=None, verb_name='build', build_base='build', install_base='install', merge_install=False, symlink_install=False, test_result_base=None, continue_on_error=False, executor='parallel', parallel_workers=12, event_handlers=None, ignore_user_meta=False, metas=['./colcon.meta'], base_paths=['ar_src'], packages_ignore=None, packages_ignore_regex=None, paths=None, packages_up_to=None, packages_up_to_regex=None, packages_above=None, packages_above_and_dependencies=None, packages_above_depth=None, packages_select_by_dep=None, packages_skip_by_dep=None, packages_skip_up_to=None, packages_select_build_failed=False, packages_skip_build_finished=False, packages_select_test_failures=False, packages_skip_test_passed=False, packages_select=None, packages_skip=None, packages_select_regex=None, packages_skip_regex=None, packages_start=None, packages_end=None, allow_overriding=[], cmake_args=None, cmake_target=None, cmake_target_skip_unavailable=False, cmake_clean_cache=False, cmake_clean_first=False, cmake_force_configure=False, ament_cmake_args=None, catkin_cmake_args=None, catkin_skip_building_tests=False, mixin_files=None, mixin=None, verb_parser=<colcon_mixin.mixin.mixin_argument.MixinArgumentDecorator object at 0x71d673f5f940>, verb_extension=<colcon_core.verb.build.BuildVerb object at 0x71d673f5f3d0>, main=<bound method BuildVerb.main of <colcon_core.verb.build.BuildVerb object at 0x71d673f5f3d0>>, mixin_verb=('build',))
[0.185s] Level 1:colcon.colcon_core.package_discovery:discover_packages(colcon_meta) check parameters
[0.185s] Level 1:colcon.colcon_core.package_discovery:discover_packages(recursive) check parameters
[0.185s] Level 1:colcon.colcon_core.package_discovery:discover_packages(ignore) check parameters
[0.185s] Level 1:colcon.colcon_core.package_discovery:discover_packages(path) check parameters
[0.185s] Level 1:colcon.colcon_core.package_discovery:discover_packages(recursive) discover
[0.185s] INFO:colcon.colcon_core.package_discovery:Crawling recursively for packages in '/home/hans/ar/ar_src'
[0.185s] Level 1:colcon.colcon_core.package_identification:_identify(ar_src) by extensions ['ignore', 'ignore_ament_install']
[0.185s] Level 1:colcon.colcon_core.package_identification:_identify(ar_src) by extension 'ignore'
[0.185s] Level 1:colcon.colcon_core.package_identification:_identify(ar_src) by extension 'ignore_ament_install'
[0.185s] Level 1:colcon.colcon_core.package_identification:_identify(ar_src) by extensions ['colcon_pkg']
[0.185s] Level 1:colcon.colcon_core.package_identification:_identify(ar_src) by extension 'colcon_pkg'
[0.186s] Level 1:colcon.colcon_core.package_identification:_identify(ar_src) by extensions ['colcon_meta']
[0.186s] Level 1:colcon.colcon_core.package_identification:_identify(ar_src) by extension 'colcon_meta'
[0.186s] Level 1:colcon.colcon_core.package_identification:_identify(ar_src) by extensions ['ros']
[0.186s] Level 1:colcon.colcon_core.package_identification:_identify(ar_src) by extension 'ros'
[0.194s] Level 1:colcon.colcon_core.package_identification:_identify(ar_src) by extensions ['cmake', 'python']
[0.194s] Level 1:colcon.colcon_core.package_identification:_identify(ar_src) by extension 'cmake'
[0.194s] Level 1:colcon.colcon_core.package_identification:_identify(ar_src) by extension 'python'
[0.194s] Level 1:colcon.colcon_core.package_identification:_identify(ar_src) by extensions ['python_setup_py']
[0.195s] Level 1:colcon.colcon_core.package_identification:_identify(ar_src) by extension 'python_setup_py'
[0.195s] Level 1:colcon.colcon_core.package_identification:_identify(ar_src/command) by extensions ['ignore', 'ignore_ament_install']
[0.195s] Level 1:colcon.colcon_core.package_identification:_identify(ar_src/command) by extension 'ignore'
[0.195s] Level 1:colcon.colcon_core.package_identification:_identify(ar_src/command) ignored
[0.195s] Level 1:colcon.colcon_core.package_identification:_identify(ar_src/communication) by extensions ['ignore', 'ignore_ament_install']
[0.195s] Level 1:colcon.colcon_core.package_identification:_identify(ar_src/communication) by extension 'ignore'
[0.195s] Level 1:colcon.colcon_core.package_identification:_identify(ar_src/communication) by extension 'ignore_ament_install'
[0.195s] Level 1:colcon.colcon_core.package_identification:_identify(ar_src/communication) by extensions ['colcon_pkg']
[0.195s] Level 1:colcon.colcon_core.package_identification:_identify(ar_src/communication) by extension 'colcon_pkg'
[0.195s] Level 1:colcon.colcon_core.package_identification:_identify(ar_src/communication) by extensions ['colcon_meta']
[0.195s] Level 1:colcon.colcon_core.package_identification:_identify(ar_src/communication) by extension 'colcon_meta'
[0.195s] Level 1:colcon.colcon_core.package_identification:_identify(ar_src/communication) by extensions ['ros']
[0.195s] Level 1:colcon.colcon_core.package_identification:_identify(ar_src/communication) by extension 'ros'
[0.195s] Level 1:colcon.colcon_core.package_identification:_identify(ar_src/communication) by extensions ['cmake', 'python']
[0.195s] Level 1:colcon.colcon_core.package_identification:_identify(ar_src/communication) by extension 'cmake'
[0.195s] Level 1:colcon.colcon_core.package_identification:_identify(ar_src/communication) by extension 'python'
[0.195s] Level 1:colcon.colcon_core.package_identification:_identify(ar_src/communication) by extensions ['python_setup_py']
[0.195s] Level 1:colcon.colcon_core.package_identification:_identify(ar_src/communication) by extension 'python_setup_py'
[0.195s] Level 1:colcon.colcon_core.package_identification:_identify(ar_src/communication/commlibs) by extensions ['ignore', 'ignore_ament_install']
[0.195s] Level 1:colcon.colcon_core.package_identification:_identify(ar_src/communication/commlibs) by extension 'ignore'
[0.195s] Level 1:colcon.colcon_core.package_identification:_identify(ar_src/communication/commlibs) by extension 'ignore_ament_install'
[0.195s] Level 1:colcon.colcon_core.package_identification:_identify(ar_src/communication/commlibs) by extensions ['colcon_pkg']
[0.195s] Level 1:colcon.colcon_core.package_identification:_identify(ar_src/communication/commlibs) by extension 'colcon_pkg'
[0.195s] Level 1:colcon.colcon_core.package_identification:_identify(ar_src/communication/commlibs) by extensions ['colcon_meta']
[0.195s] Level 1:colcon.colcon_core.package_identification:_identify(ar_src/communication/commlibs) by extension 'colcon_meta'
[0.196s] Level 1:colcon.colcon_core.package_identification:_identify(ar_src/communication/commlibs) by extensions ['ros']
[0.196s] Level 1:colcon.colcon_core.package_identification:_identify(ar_src/communication/commlibs) by extension 'ros'
[0.196s] Level 1:colcon.colcon_core.package_identification:_identify(ar_src/communication/commlibs) by extensions ['cmake', 'python']
[0.196s] Level 1:colcon.colcon_core.package_identification:_identify(ar_src/communication/commlibs) by extension 'cmake'
[0.196s] Level 1:colcon.colcon_core.package_identification:_identify(ar_src/communication/commlibs) by extension 'python'
[0.196s] Level 1:colcon.colcon_core.package_identification:_identify(ar_src/communication/commlibs) by extensions ['python_setup_py']
[0.196s] Level 1:colcon.colcon_core.package_identification:_identify(ar_src/communication/commlibs) by extension 'python_setup_py'
[0.196s] Level 1:colcon.colcon_core.package_identification:_identify(ar_src/communication/commlibs/ar_comm) by extensions ['ignore', 'ignore_ament_install']
[0.196s] Level 1:colcon.colcon_core.package_identification:_identify(ar_src/communication/commlibs/ar_comm) by extension 'ignore'
[0.196s] Level 1:colcon.colcon_core.package_identification:_identify(ar_src/communication/commlibs/ar_comm) by extension 'ignore_ament_install'
[0.196s] Level 1:colcon.colcon_core.package_identification:_identify(ar_src/communication/commlibs/ar_comm) by extensions ['colcon_pkg']
[0.196s] Level 1:colcon.colcon_core.package_identification:_identify(ar_src/communication/commlibs/ar_comm) by extension 'colcon_pkg'
[0.196s] Level 1:colcon.colcon_core.package_identification:_identify(ar_src/communication/commlibs/ar_comm) by extensions ['colcon_meta']
[0.196s] Level 1:colcon.colcon_core.package_identification:_identify(ar_src/communication/commlibs/ar_comm) by extension 'colcon_meta'
[0.196s] Level 1:colcon.colcon_core.package_identification:_identify(ar_src/communication/commlibs/ar_comm) by extensions ['ros']
[0.196s] Level 1:colcon.colcon_core.package_identification:_identify(ar_src/communication/commlibs/ar_comm) by extension 'ros'
[0.209s] DEBUG:colcon.colcon_core.package_identification:Package 'ar_src/communication/commlibs/ar_comm' with type 'ros.ament_cmake' and name 'ar_comm'
[0.209s] Level 1:colcon.colcon_core.package_identification:_identify(ar_src/communication/commlibs/ar_serial) by extensions ['ignore', 'ignore_ament_install']
[0.209s] Level 1:colcon.colcon_core.package_identification:_identify(ar_src/communication/commlibs/ar_serial) by extension 'ignore'
[0.209s] Level 1:colcon.colcon_core.package_identification:_identify(ar_src/communication/commlibs/ar_serial) by extension 'ignore_ament_install'
[0.209s] Level 1:colcon.colcon_core.package_identification:_identify(ar_src/communication/commlibs/ar_serial) by extensions ['colcon_pkg']
[0.209s] Level 1:colcon.colcon_core.package_identification:_identify(ar_src/communication/commlibs/ar_serial) by extension 'colcon_pkg'
[0.209s] Level 1:colcon.colcon_core.package_identification:_identify(ar_src/communication/commlibs/ar_serial) by extensions ['colcon_meta']
[0.209s] Level 1:colcon.colcon_core.package_identification:_identify(ar_src/communication/commlibs/ar_serial) by extension 'colcon_meta'
[0.209s] Level 1:colcon.colcon_core.package_identification:_identify(ar_src/communication/commlibs/ar_serial) by extensions ['ros']
[0.209s] Level 1:colcon.colcon_core.package_identification:_identify(ar_src/communication/commlibs/ar_serial) by extension 'ros'
[0.209s] Level 1:colcon.colcon_core.package_identification:_identify(ar_src/communication/commlibs/ar_serial) by extensions ['cmake', 'python']
[0.209s] Level 1:colcon.colcon_core.package_identification:_identify(ar_src/communication/commlibs/ar_serial) by extension 'cmake'
[0.209s] Level 1:colcon.colcon_core.package_identification:_identify(ar_src/communication/commlibs/ar_serial) by extension 'python'
[0.209s] Level 1:colcon.colcon_core.package_identification:_identify(ar_src/communication/commlibs/ar_serial) by extensions ['python_setup_py']
[0.209s] Level 1:colcon.colcon_core.package_identification:_identify(ar_src/communication/commlibs/ar_serial) by extension 'python_setup_py'
[0.209s] Level 1:colcon.colcon_core.package_identification:_identify(ar_src/communication/commlibs/ar_serial/include) by extensions ['ignore', 'ignore_ament_install']
[0.209s] Level 1:colcon.colcon_core.package_identification:_identify(ar_src/communication/commlibs/ar_serial/include) by extension 'ignore'
[0.209s] Level 1:colcon.colcon_core.package_identification:_identify(ar_src/communication/commlibs/ar_serial/include) by extension 'ignore_ament_install'
[0.209s] Level 1:colcon.colcon_core.package_identification:_identify(ar_src/communication/commlibs/ar_serial/include) by extensions ['colcon_pkg']
[0.209s] Level 1:colcon.colcon_core.package_identification:_identify(ar_src/communication/commlibs/ar_serial/include) by extension 'colcon_pkg'
[0.209s] Level 1:colcon.colcon_core.package_identification:_identify(ar_src/communication/commlibs/ar_serial/include) by extensions ['colcon_meta']
[0.209s] Level 1:colcon.colcon_core.package_identification:_identify(ar_src/communication/commlibs/ar_serial/include) by extension 'colcon_meta'
[0.209s] Level 1:colcon.colcon_core.package_identification:_identify(ar_src/communication/commlibs/ar_serial/include) by extensions ['ros']
[0.209s] Level 1:colcon.colcon_core.package_identification:_identify(ar_src/communication/commlibs/ar_serial/include) by extension 'ros'
[0.209s] Level 1:colcon.colcon_core.package_identification:_identify(ar_src/communication/commlibs/ar_serial/include) by extensions ['cmake', 'python']
[0.209s] Level 1:colcon.colcon_core.package_identification:_identify(ar_src/communication/commlibs/ar_serial/include) by extension 'cmake'
[0.210s] Level 1:colcon.colcon_core.package_identification:_identify(ar_src/communication/commlibs/ar_serial/include) by extension 'python'
[0.210s] Level 1:colcon.colcon_core.package_identification:_identify(ar_src/communication/commlibs/ar_serial/include) by extensions ['python_setup_py']
[0.210s] Level 1:colcon.colcon_core.package_identification:_identify(ar_src/communication/commlibs/ar_serial/include) by extension 'python_setup_py'
[0.210s] Level 1:colcon.colcon_core.package_identification:_identify(ar_src/communication/commlibs/ar_serial/src) by extensions ['ignore', 'ignore_ament_install']
[0.210s] Level 1:colcon.colcon_core.package_identification:_identify(ar_src/communication/commlibs/ar_serial/src) by extension 'ignore'
[0.210s] Level 1:colcon.colcon_core.package_identification:_identify(ar_src/communication/commlibs/ar_serial/src) by extension 'ignore_ament_install'
[0.210s] Level 1:colcon.colcon_core.package_identification:_identify(ar_src/communication/commlibs/ar_serial/src) by extensions ['colcon_pkg']
[0.210s] Level 1:colcon.colcon_core.package_identification:_identify(ar_src/communication/commlibs/ar_serial/src) by extension 'colcon_pkg'
[0.210s] Level 1:colcon.colcon_core.package_identification:_identify(ar_src/communication/commlibs/ar_serial/src) by extensions ['colcon_meta']
[0.210s] Level 1:colcon.colcon_core.package_identification:_identify(ar_src/communication/commlibs/ar_serial/src) by extension 'colcon_meta'
[0.210s] Level 1:colcon.colcon_core.package_identification:_identify(ar_src/communication/commlibs/ar_serial/src) by extensions ['ros']
[0.210s] Level 1:colcon.colcon_core.package_identification:_identify(ar_src/communication/commlibs/ar_serial/src) by extension 'ros'
[0.210s] Level 1:colcon.colcon_core.package_identification:_identify(ar_src/communication/commlibs/ar_serial/src) by extensions ['cmake', 'python']
[0.210s] Level 1:colcon.colcon_core.package_identification:_identify(ar_src/communication/commlibs/ar_serial/src) by extension 'cmake'
[0.210s] Level 1:colcon.colcon_core.package_identification:_identify(ar_src/communication/commlibs/ar_serial/src) by extension 'python'
[0.210s] Level 1:colcon.colcon_core.package_identification:_identify(ar_src/communication/commlibs/ar_serial/src) by extensions ['python_setup_py']
[0.210s] Level 1:colcon.colcon_core.package_identification:_identify(ar_src/communication/commlibs/ar_serial/src) by extension 'python_setup_py'
[0.210s] Level 1:colcon.colcon_core.package_identification:_identify(ar_src/communication/devices) by extensions ['ignore', 'ignore_ament_install']
[0.210s] Level 1:colcon.colcon_core.package_identification:_identify(ar_src/communication/devices) by extension 'ignore'
[0.210s] Level 1:colcon.colcon_core.package_identification:_identify(ar_src/communication/devices) by extension 'ignore_ament_install'
[0.210s] Level 1:colcon.colcon_core.package_identification:_identify(ar_src/communication/devices) by extensions ['colcon_pkg']
[0.210s] Level 1:colcon.colcon_core.package_identification:_identify(ar_src/communication/devices) by extension 'colcon_pkg'
[0.210s] Level 1:colcon.colcon_core.package_identification:_identify(ar_src/communication/devices) by extensions ['colcon_meta']
[0.210s] Level 1:colcon.colcon_core.package_identification:_identify(ar_src/communication/devices) by extension 'colcon_meta'
[0.210s] Level 1:colcon.colcon_core.package_identification:_identify(ar_src/communication/devices) by extensions ['ros']
[0.210s] Level 1:colcon.colcon_core.package_identification:_identify(ar_src/communication/devices) by extension 'ros'
[0.211s] DEBUG:colcon.colcon_core.package_identification:Package 'ar_src/communication/devices' with type 'ros.ament_cmake' and name 'devices'
[0.211s] Level 1:colcon.colcon_core.package_identification:_identify(ar_src/communication/master) by extensions ['ignore', 'ignore_ament_install']
[0.211s] Level 1:colcon.colcon_core.package_identification:_identify(ar_src/communication/master) by extension 'ignore'
[0.211s] Level 1:colcon.colcon_core.package_identification:_identify(ar_src/communication/master) by extension 'ignore_ament_install'
[0.211s] Level 1:colcon.colcon_core.package_identification:_identify(ar_src/communication/master) by extensions ['colcon_pkg']
[0.211s] Level 1:colcon.colcon_core.package_identification:_identify(ar_src/communication/master) by extension 'colcon_pkg'
[0.211s] Level 1:colcon.colcon_core.package_identification:_identify(ar_src/communication/master) by extensions ['colcon_meta']
[0.211s] Level 1:colcon.colcon_core.package_identification:_identify(ar_src/communication/master) by extension 'colcon_meta'
[0.211s] Level 1:colcon.colcon_core.package_identification:_identify(ar_src/communication/master) by extensions ['ros']
[0.211s] Level 1:colcon.colcon_core.package_identification:_identify(ar_src/communication/master) by extension 'ros'
[0.211s] DEBUG:colcon.colcon_core.package_identification:Package 'ar_src/communication/master' with type 'ros.ament_cmake' and name 'master'
[0.212s] Level 1:colcon.colcon_core.package_identification:_identify(ar_src/communication/messages) by extensions ['ignore', 'ignore_ament_install']
[0.212s] Level 1:colcon.colcon_core.package_identification:_identify(ar_src/communication/messages) by extension 'ignore'
[0.212s] Level 1:colcon.colcon_core.package_identification:_identify(ar_src/communication/messages) by extension 'ignore_ament_install'
[0.212s] Level 1:colcon.colcon_core.package_identification:_identify(ar_src/communication/messages) by extensions ['colcon_pkg']
[0.212s] Level 1:colcon.colcon_core.package_identification:_identify(ar_src/communication/messages) by extension 'colcon_pkg'
[0.212s] Level 1:colcon.colcon_core.package_identification:_identify(ar_src/communication/messages) by extensions ['colcon_meta']
[0.212s] Level 1:colcon.colcon_core.package_identification:_identify(ar_src/communication/messages) by extension 'colcon_meta'
[0.212s] Level 1:colcon.colcon_core.package_identification:_identify(ar_src/communication/messages) by extensions ['ros']
[0.212s] Level 1:colcon.colcon_core.package_identification:_identify(ar_src/communication/messages) by extension 'ros'
[0.212s] Level 1:colcon.colcon_core.package_identification:_identify(ar_src/communication/messages) by extensions ['cmake', 'python']
[0.212s] Level 1:colcon.colcon_core.package_identification:_identify(ar_src/communication/messages) by extension 'cmake'
[0.212s] Level 1:colcon.colcon_core.package_identification:_identify(ar_src/communication/messages) by extension 'python'
[0.212s] Level 1:colcon.colcon_core.package_identification:_identify(ar_src/communication/messages) by extensions ['python_setup_py']
[0.212s] Level 1:colcon.colcon_core.package_identification:_identify(ar_src/communication/messages) by extension 'python_setup_py'
[0.212s] Level 1:colcon.colcon_core.package_identification:_identify(ar_src/communication/messages/ar_action) by extensions ['ignore', 'ignore_ament_install']
[0.212s] Level 1:colcon.colcon_core.package_identification:_identify(ar_src/communication/messages/ar_action) by extension 'ignore'
[0.212s] Level 1:colcon.colcon_core.package_identification:_identify(ar_src/communication/messages/ar_action) by extension 'ignore_ament_install'
[0.212s] Level 1:colcon.colcon_core.package_identification:_identify(ar_src/communication/messages/ar_action) by extensions ['colcon_pkg']
[0.212s] Level 1:colcon.colcon_core.package_identification:_identify(ar_src/communication/messages/ar_action) by extension 'colcon_pkg'
[0.212s] Level 1:colcon.colcon_core.package_identification:_identify(ar_src/communication/messages/ar_action) by extensions ['colcon_meta']
[0.212s] Level 1:colcon.colcon_core.package_identification:_identify(ar_src/communication/messages/ar_action) by extension 'colcon_meta'
[0.212s] Level 1:colcon.colcon_core.package_identification:_identify(ar_src/communication/messages/ar_action) by extensions ['ros']
[0.212s] Level 1:colcon.colcon_core.package_identification:_identify(ar_src/communication/messages/ar_action) by extension 'ros'
[0.213s] DEBUG:colcon.colcon_core.package_identification:Package 'ar_src/communication/messages/ar_action' with type 'ros.ament_cmake' and name 'ar_action'
[0.213s] Level 1:colcon.colcon_core.package_identification:_identify(ar_src/communication/messages/ar_msgs) by extensions ['ignore', 'ignore_ament_install']
[0.213s] Level 1:colcon.colcon_core.package_identification:_identify(ar_src/communication/messages/ar_msgs) by extension 'ignore'
[0.213s] Level 1:colcon.colcon_core.package_identification:_identify(ar_src/communication/messages/ar_msgs) by extension 'ignore_ament_install'
[0.213s] Level 1:colcon.colcon_core.package_identification:_identify(ar_src/communication/messages/ar_msgs) by extensions ['colcon_pkg']
[0.213s] Level 1:colcon.colcon_core.package_identification:_identify(ar_src/communication/messages/ar_msgs) by extension 'colcon_pkg'
[0.213s] Level 1:colcon.colcon_core.package_identification:_identify(ar_src/communication/messages/ar_msgs) by extensions ['colcon_meta']
[0.213s] Level 1:colcon.colcon_core.package_identification:_identify(ar_src/communication/messages/ar_msgs) by extension 'colcon_meta'
[0.213s] Level 1:colcon.colcon_core.package_identification:_identify(ar_src/communication/messages/ar_msgs) by extensions ['ros']
[0.213s] Level 1:colcon.colcon_core.package_identification:_identify(ar_src/communication/messages/ar_msgs) by extension 'ros'
[0.214s] DEBUG:colcon.colcon_core.package_identification:Package 'ar_src/communication/messages/ar_msgs' with type 'ros.ament_cmake' and name 'ar_msgs'
[0.214s] Level 1:colcon.colcon_core.package_identification:_identify(ar_src/communication/messages/ar_srv) by extensions ['ignore', 'ignore_ament_install']
[0.214s] Level 1:colcon.colcon_core.package_identification:_identify(ar_src/communication/messages/ar_srv) by extension 'ignore'
[0.214s] Level 1:colcon.colcon_core.package_identification:_identify(ar_src/communication/messages/ar_srv) by extension 'ignore_ament_install'
[0.214s] Level 1:colcon.colcon_core.package_identification:_identify(ar_src/communication/messages/ar_srv) by extensions ['colcon_pkg']
[0.214s] Level 1:colcon.colcon_core.package_identification:_identify(ar_src/communication/messages/ar_srv) by extension 'colcon_pkg'
[0.214s] Level 1:colcon.colcon_core.package_identification:_identify(ar_src/communication/messages/ar_srv) by extensions ['colcon_meta']
[0.214s] Level 1:colcon.colcon_core.package_identification:_identify(ar_src/communication/messages/ar_srv) by extension 'colcon_meta'
[0.214s] Level 1:colcon.colcon_core.package_identification:_identify(ar_src/communication/messages/ar_srv) by extensions ['ros']
[0.214s] Level 1:colcon.colcon_core.package_identification:_identify(ar_src/communication/messages/ar_srv) by extension 'ros'
[0.214s] DEBUG:colcon.colcon_core.package_identification:Failed to parse potential ROS package manifest in'ar_src/communication/messages/ar_srv': Error(s) in package 'ar_src/communication/messages/ar_srv/package.xml':
The manifest contains invalid XML:
no element found: line 1, column 0
[0.214s] Level 1:colcon.colcon_core.package_identification:_identify(ar_src/communication/messages/ar_srv) by extensions ['cmake', 'python']
[0.214s] Level 1:colcon.colcon_core.package_identification:_identify(ar_src/communication/messages/ar_srv) by extension 'cmake'
[0.215s] Level 1:colcon.colcon_core.package_identification:_identify(ar_src/communication/messages/ar_srv) by extension 'python'
[0.215s] DEBUG:colcon.colcon_core.package_identification:Package 'ar_src/communication/messages/ar_srv' with type 'cmake' and name 'ar_srv'
[0.215s] Level 1:colcon.colcon_core.package_identification:_identify(ar_src/configuration) by extensions ['ignore', 'ignore_ament_install']
[0.215s] Level 1:colcon.colcon_core.package_identification:_identify(ar_src/configuration) by extension 'ignore'
[0.215s] Level 1:colcon.colcon_core.package_identification:_identify(ar_src/configuration) by extension 'ignore_ament_install'
[0.215s] Level 1:colcon.colcon_core.package_identification:_identify(ar_src/configuration) by extensions ['colcon_pkg']
[0.215s] Level 1:colcon.colcon_core.package_identification:_identify(ar_src/configuration) by extension 'colcon_pkg'
[0.216s] Level 1:colcon.colcon_core.package_identification:_identify(ar_src/configuration) by extensions ['colcon_meta']
[0.216s] Level 1:colcon.colcon_core.package_identification:_identify(ar_src/configuration) by extension 'colcon_meta'
[0.216s] Level 1:colcon.colcon_core.package_identification:_identify(ar_src/configuration) by extensions ['ros']
[0.216s] Level 1:colcon.colcon_core.package_identification:_identify(ar_src/configuration) by extension 'ros'
[0.216s] Level 1:colcon.colcon_core.package_identification:_identify(ar_src/configuration) by extensions ['cmake', 'python']
[0.216s] Level 1:colcon.colcon_core.package_identification:_identify(ar_src/configuration) by extension 'cmake'
[0.216s] Level 1:colcon.colcon_core.package_identification:_identify(ar_src/configuration) by extension 'python'
[0.216s] Level 1:colcon.colcon_core.package_identification:_identify(ar_src/configuration) by extensions ['python_setup_py']
[0.216s] Level 1:colcon.colcon_core.package_identification:_identify(ar_src/configuration) by extension 'python_setup_py'
[0.216s] Level 1:colcon.colcon_core.package_identification:_identify(ar_src/configuration/ar) by extensions ['ignore', 'ignore_ament_install']
[0.216s] Level 1:colcon.colcon_core.package_identification:_identify(ar_src/configuration/ar) by extension 'ignore'
[0.216s] Level 1:colcon.colcon_core.package_identification:_identify(ar_src/configuration/ar) by extension 'ignore_ament_install'
[0.216s] Level 1:colcon.colcon_core.package_identification:_identify(ar_src/configuration/ar) by extensions ['colcon_pkg']
[0.216s] Level 1:colcon.colcon_core.package_identification:_identify(ar_src/configuration/ar) by extension 'colcon_pkg'
[0.216s] Level 1:colcon.colcon_core.package_identification:_identify(ar_src/configuration/ar) by extensions ['colcon_meta']
[0.216s] Level 1:colcon.colcon_core.package_identification:_identify(ar_src/configuration/ar) by extension 'colcon_meta'
[0.216s] Level 1:colcon.colcon_core.package_identification:_identify(ar_src/configuration/ar) by extensions ['ros']
[0.216s] Level 1:colcon.colcon_core.package_identification:_identify(ar_src/configuration/ar) by extension 'ros'
[0.216s] DEBUG:colcon.colcon_core.package_identification:Package 'ar_src/configuration/ar' with type 'ros.ament_cmake' and name 'ar_moveit_config'
[0.216s] Level 1:colcon.colcon_core.package_identification:_identify(ar_src/configuration/backup) by extensions ['ignore', 'ignore_ament_install']
[0.216s] Level 1:colcon.colcon_core.package_identification:_identify(ar_src/configuration/backup) by extension 'ignore'
[0.216s] Level 1:colcon.colcon_core.package_identification:_identify(ar_src/configuration/backup) by extension 'ignore_ament_install'
[0.216s] Level 1:colcon.colcon_core.package_identification:_identify(ar_src/configuration/backup) by extensions ['colcon_pkg']
[0.216s] Level 1:colcon.colcon_core.package_identification:_identify(ar_src/configuration/backup) by extension 'colcon_pkg'
[0.216s] Level 1:colcon.colcon_core.package_identification:_identify(ar_src/configuration/backup) by extensions ['colcon_meta']
[0.216s] Level 1:colcon.colcon_core.package_identification:_identify(ar_src/configuration/backup) by extension 'colcon_meta'
[0.216s] Level 1:colcon.colcon_core.package_identification:_identify(ar_src/configuration/backup) by extensions ['ros']
[0.216s] Level 1:colcon.colcon_core.package_identification:_identify(ar_src/configuration/backup) by extension 'ros'
[0.216s] Level 1:colcon.colcon_core.package_identification:_identify(ar_src/configuration/backup) by extensions ['cmake', 'python']
[0.216s] Level 1:colcon.colcon_core.package_identification:_identify(ar_src/configuration/backup) by extension 'cmake'
[0.216s] Level 1:colcon.colcon_core.package_identification:_identify(ar_src/configuration/backup) by extension 'python'
[0.217s] Level 1:colcon.colcon_core.package_identification:_identify(ar_src/configuration/backup) by extensions ['python_setup_py']
[0.217s] Level 1:colcon.colcon_core.package_identification:_identify(ar_src/configuration/backup) by extension 'python_setup_py'
[0.217s] Level 1:colcon.colcon_core.package_identification:_identify(ar_src/utilities) by extensions ['ignore', 'ignore_ament_install']
[0.217s] Level 1:colcon.colcon_core.package_identification:_identify(ar_src/utilities) by extension 'ignore'
[0.217s] Level 1:colcon.colcon_core.package_identification:_identify(ar_src/utilities) by extension 'ignore_ament_install'
[0.217s] Level 1:colcon.colcon_core.package_identification:_identify(ar_src/utilities) by extensions ['colcon_pkg']
[0.217s] Level 1:colcon.colcon_core.package_identification:_identify(ar_src/utilities) by extension 'colcon_pkg'
[0.217s] Level 1:colcon.colcon_core.package_identification:_identify(ar_src/utilities) by extensions ['colcon_meta']
[0.217s] Level 1:colcon.colcon_core.package_identification:_identify(ar_src/utilities) by extension 'colcon_meta'
[0.217s] Level 1:colcon.colcon_core.package_identification:_identify(ar_src/utilities) by extensions ['ros']
[0.217s] Level 1:colcon.colcon_core.package_identification:_identify(ar_src/utilities) by extension 'ros'
[0.217s] Level 1:colcon.colcon_core.package_identification:_identify(ar_src/utilities) by extensions ['cmake', 'python']
[0.217s] Level 1:colcon.colcon_core.package_identification:_identify(ar_src/utilities) by extension 'cmake'
[0.217s] Level 1:colcon.colcon_core.package_identification:_identify(ar_src/utilities) by extension 'python'
[0.217s] Level 1:colcon.colcon_core.package_identification:_identify(ar_src/utilities) by extensions ['python_setup_py']
[0.217s] Level 1:colcon.colcon_core.package_identification:_identify(ar_src/utilities) by extension 'python_setup_py'
[0.217s] Level 1:colcon.colcon_core.package_identification:_identify(ar_src/utilities/ar_computation) by extensions ['ignore', 'ignore_ament_install']
[0.217s] Level 1:colcon.colcon_core.package_identification:_identify(ar_src/utilities/ar_computation) by extension 'ignore'
[0.217s] Level 1:colcon.colcon_core.package_identification:_identify(ar_src/utilities/ar_computation) by extension 'ignore_ament_install'
[0.217s] Level 1:colcon.colcon_core.package_identification:_identify(ar_src/utilities/ar_computation) by extensions ['colcon_pkg']
[0.217s] Level 1:colcon.colcon_core.package_identification:_identify(ar_src/utilities/ar_computation) by extension 'colcon_pkg'
[0.217s] Level 1:colcon.colcon_core.package_identification:_identify(ar_src/utilities/ar_computation) by extensions ['colcon_meta']
[0.217s] Level 1:colcon.colcon_core.package_identification:_identify(ar_src/utilities/ar_computation) by extension 'colcon_meta'
[0.217s] Level 1:colcon.colcon_core.package_identification:_identify(ar_src/utilities/ar_computation) by extensions ['ros']
[0.217s] Level 1:colcon.colcon_core.package_identification:_identify(ar_src/utilities/ar_computation) by extension 'ros'
[0.218s] DEBUG:colcon.colcon_core.package_identification:Package 'ar_src/utilities/ar_computation' with type 'ros.ament_cmake' and name 'ar_computation'
[0.218s] Level 1:colcon.colcon_core.package_identification:_identify(ar_src/utilities/ar_utils) by extensions ['ignore', 'ignore_ament_install']
[0.218s] Level 1:colcon.colcon_core.package_identification:_identify(ar_src/utilities/ar_utils) by extension 'ignore'
[0.218s] Level 1:colcon.colcon_core.package_identification:_identify(ar_src/utilities/ar_utils) by extension 'ignore_ament_install'
[0.218s] Level 1:colcon.colcon_core.package_identification:_identify(ar_src/utilities/ar_utils) by extensions ['colcon_pkg']
[0.218s] Level 1:colcon.colcon_core.package_identification:_identify(ar_src/utilities/ar_utils) by extension 'colcon_pkg'
[0.218s] Level 1:colcon.colcon_core.package_identification:_identify(ar_src/utilities/ar_utils) by extensions ['colcon_meta']
[0.218s] Level 1:colcon.colcon_core.package_identification:_identify(ar_src/utilities/ar_utils) by extension 'colcon_meta'
[0.218s] Level 1:colcon.colcon_core.package_identification:_identify(ar_src/utilities/ar_utils) by extensions ['ros']
[0.218s] Level 1:colcon.colcon_core.package_identification:_identify(ar_src/utilities/ar_utils) by extension 'ros'
[0.218s] DEBUG:colcon.colcon_core.package_identification:Package 'ar_src/utilities/ar_utils' with type 'ros.ament_cmake' and name 'ar_utils'
[0.218s] Level 1:colcon.colcon_core.package_discovery:discover_packages(recursive) using defaults
[0.232s] Level 1:colcon.colcon_core.package_discovery:discover_packages(prefix_path) check parameters
[0.232s] Level 1:colcon.colcon_core.package_discovery:discover_packages(prefix_path) discover
[0.232s] WARNING:colcon.colcon_ros.prefix_path.ament:The path '/home/hans/ar/install/ar_computation' in the environment variable AMENT_PREFIX_PATH doesn't exist
[0.233s] WARNING:colcon.colcon_ros.prefix_path.ament:The path '/home/hans/ar/install/ar_utils' in the environment variable AMENT_PREFIX_PATH doesn't exist
[0.233s] WARNING:colcon.colcon_ros.prefix_path.ament:The path '/home/hans/ar/install/ar_msgs' in the environment variable AMENT_PREFIX_PATH doesn't exist
[0.233s] WARNING:colcon.colcon_ros.prefix_path.catkin:The path '/home/hans/ar/install/ar_computation' in the environment variable CMAKE_PREFIX_PATH doesn't exist
[0.233s] WARNING:colcon.colcon_ros.prefix_path.catkin:The path '/home/hans/ar/install/ar_utils' in the environment variable CMAKE_PREFIX_PATH doesn't exist
[0.233s] WARNING:colcon.colcon_ros.prefix_path.catkin:The path '/home/hans/ar/install/ar_msgs' in the environment variable CMAKE_PREFIX_PATH doesn't exist
[0.233s] DEBUG:colcon.colcon_installed_package_information.package_discovery:Found 6 installed packages in /home/hans/ar/install
[0.234s] DEBUG:colcon.colcon_installed_package_information.package_discovery:Found 380 installed packages in /opt/ros/humble
[0.236s] Level 1:colcon.colcon_core.package_discovery:discover_packages(prefix_path) using defaults
[0.265s] Level 5:colcon.colcon_core.verb:set package 'ar_action' build argument 'cmake_args' from command line to 'None'
[0.265s] Level 5:colcon.colcon_core.verb:set package 'ar_action' build argument 'cmake_target' from command line to 'None'
[0.265s] Level 5:colcon.colcon_core.verb:set package 'ar_action' build argument 'cmake_target_skip_unavailable' from command line to 'False'
[0.265s] Level 5:colcon.colcon_core.verb:set package 'ar_action' build argument 'cmake_clean_cache' from command line to 'False'
[0.265s] Level 5:colcon.colcon_core.verb:set package 'ar_action' build argument 'cmake_clean_first' from command line to 'False'
[0.265s] Level 5:colcon.colcon_core.verb:set package 'ar_action' build argument 'cmake_force_configure' from command line to 'False'
[0.265s] Level 5:colcon.colcon_core.verb:set package 'ar_action' build argument 'ament_cmake_args' from command line to 'None'
[0.265s] Level 5:colcon.colcon_core.verb:set package 'ar_action' build argument 'catkin_cmake_args' from command line to 'None'
[0.265s] Level 5:colcon.colcon_core.verb:set package 'ar_action' build argument 'catkin_skip_building_tests' from command line to 'False'
[0.265s] DEBUG:colcon.colcon_core.verb:Building package 'ar_action' with the following arguments: {'ament_cmake_args': None, 'build_base': '/home/hans/ar/build/ar_action', 'catkin_cmake_args': None, 'catkin_skip_building_tests': False, 'cmake_args': None, 'cmake_clean_cache': False, 'cmake_clean_first': False, 'cmake_force_configure': False, 'cmake_target': None, 'cmake_target_skip_unavailable': False, 'install_base': '/home/hans/ar/install/ar_action', 'merge_install': False, 'path': '/home/hans/ar/ar_src/communication/messages/ar_action', 'symlink_install': False, 'test_result_base': None}
[0.266s] Level 5:colcon.colcon_core.verb:set package 'ar_comm' build argument 'cmake_args' from command line to 'None'
[0.266s] Level 5:colcon.colcon_core.verb:set package 'ar_comm' build argument 'cmake_target' from command line to 'None'
[0.266s] Level 5:colcon.colcon_core.verb:set package 'ar_comm' build argument 'cmake_target_skip_unavailable' from command line to 'False'
[0.266s] Level 5:colcon.colcon_core.verb:set package 'ar_comm' build argument 'cmake_clean_cache' from command line to 'False'
[0.266s] Level 5:colcon.colcon_core.verb:set package 'ar_comm' build argument 'cmake_clean_first' from command line to 'False'
[0.266s] Level 5:colcon.colcon_core.verb:set package 'ar_comm' build argument 'cmake_force_configure' from command line to 'False'
[0.266s] Level 5:colcon.colcon_core.verb:set package 'ar_comm' build argument 'ament_cmake_args' from command line to 'None'
[0.266s] Level 5:colcon.colcon_core.verb:set package 'ar_comm' build argument 'catkin_cmake_args' from command line to 'None'
[0.266s] Level 5:colcon.colcon_core.verb:set package 'ar_comm' build argument 'catkin_skip_building_tests' from command line to 'False'
[0.266s] DEBUG:colcon.colcon_core.verb:Building package 'ar_comm' with the following arguments: {'ament_cmake_args': None, 'build_base': '/home/hans/ar/build/ar_comm', 'catkin_cmake_args': None, 'catkin_skip_building_tests': False, 'cmake_args': None, 'cmake_clean_cache': False, 'cmake_clean_first': False, 'cmake_force_configure': False, 'cmake_target': None, 'cmake_target_skip_unavailable': False, 'install_base': '/home/hans/ar/install/ar_comm', 'merge_install': False, 'path': '/home/hans/ar/ar_src/communication/commlibs/ar_comm', 'symlink_install': False, 'test_result_base': None}
[0.266s] Level 5:colcon.colcon_core.verb:set package 'ar_moveit_config' build argument 'cmake_args' from command line to 'None'
[0.266s] Level 5:colcon.colcon_core.verb:set package 'ar_moveit_config' build argument 'cmake_target' from command line to 'None'
[0.266s] Level 5:colcon.colcon_core.verb:set package 'ar_moveit_config' build argument 'cmake_target_skip_unavailable' from command line to 'False'
[0.266s] Level 5:colcon.colcon_core.verb:set package 'ar_moveit_config' build argument 'cmake_clean_cache' from command line to 'False'
[0.266s] Level 5:colcon.colcon_core.verb:set package 'ar_moveit_config' build argument 'cmake_clean_first' from command line to 'False'
[0.266s] Level 5:colcon.colcon_core.verb:set package 'ar_moveit_config' build argument 'cmake_force_configure' from command line to 'False'
[0.266s] Level 5:colcon.colcon_core.verb:set package 'ar_moveit_config' build argument 'ament_cmake_args' from command line to 'None'
[0.266s] Level 5:colcon.colcon_core.verb:set package 'ar_moveit_config' build argument 'catkin_cmake_args' from command line to 'None'
[0.266s] Level 5:colcon.colcon_core.verb:set package 'ar_moveit_config' build argument 'catkin_skip_building_tests' from command line to 'False'
[0.266s] DEBUG:colcon.colcon_core.verb:Building package 'ar_moveit_config' with the following arguments: {'ament_cmake_args': None, 'build_base': '/home/hans/ar/build/ar_moveit_config', 'catkin_cmake_args': None, 'catkin_skip_building_tests': False, 'cmake_args': None, 'cmake_clean_cache': False, 'cmake_clean_first': False, 'cmake_force_configure': False, 'cmake_target': None, 'cmake_target_skip_unavailable': False, 'install_base': '/home/hans/ar/install/ar_moveit_config', 'merge_install': False, 'path': '/home/hans/ar/ar_src/configuration/ar', 'symlink_install': False, 'test_result_base': None}
[0.266s] Level 5:colcon.colcon_core.verb:set package 'ar_msgs' build argument 'cmake_args' from command line to 'None'
[0.266s] Level 5:colcon.colcon_core.verb:set package 'ar_msgs' build argument 'cmake_target' from command line to 'None'
[0.266s] Level 5:colcon.colcon_core.verb:set package 'ar_msgs' build argument 'cmake_target_skip_unavailable' from command line to 'False'
[0.266s] Level 5:colcon.colcon_core.verb:set package 'ar_msgs' build argument 'cmake_clean_cache' from command line to 'False'
[0.266s] Level 5:colcon.colcon_core.verb:set package 'ar_msgs' build argument 'cmake_clean_first' from command line to 'False'
[0.266s] Level 5:colcon.colcon_core.verb:set package 'ar_msgs' build argument 'cmake_force_configure' from command line to 'False'
[0.266s] Level 5:colcon.colcon_core.verb:set package 'ar_msgs' build argument 'ament_cmake_args' from command line to 'None'
[0.266s] Level 5:colcon.colcon_core.verb:set package 'ar_msgs' build argument 'catkin_cmake_args' from command line to 'None'
[0.266s] Level 5:colcon.colcon_core.verb:set package 'ar_msgs' build argument 'catkin_skip_building_tests' from command line to 'False'
[0.266s] DEBUG:colcon.colcon_core.verb:Building package 'ar_msgs' with the following arguments: {'ament_cmake_args': None, 'build_base': '/home/hans/ar/build/ar_msgs', 'catkin_cmake_args': None, 'catkin_skip_building_tests': False, 'cmake_args': None, 'cmake_clean_cache': False, 'cmake_clean_first': False, 'cmake_force_configure': False, 'cmake_target': None, 'cmake_target_skip_unavailable': False, 'install_base': '/home/hans/ar/install/ar_msgs', 'merge_install': False, 'path': '/home/hans/ar/ar_src/communication/messages/ar_msgs', 'symlink_install': False, 'test_result_base': None}
[0.267s] Level 5:colcon.colcon_core.verb:set package 'ar_srv' build argument 'cmake_args' from command line to 'None'
[0.267s] Level 5:colcon.colcon_core.verb:set package 'ar_srv' build argument 'cmake_target' from command line to 'None'
[0.267s] Level 5:colcon.colcon_core.verb:set package 'ar_srv' build argument 'cmake_target_skip_unavailable' from command line to 'False'
[0.267s] Level 5:colcon.colcon_core.verb:set package 'ar_srv' build argument 'cmake_clean_cache' from command line to 'False'
[0.267s] Level 5:colcon.colcon_core.verb:set package 'ar_srv' build argument 'cmake_clean_first' from command line to 'False'
[0.267s] Level 5:colcon.colcon_core.verb:set package 'ar_srv' build argument 'cmake_force_configure' from command line to 'False'
[0.267s] Level 5:colcon.colcon_core.verb:set package 'ar_srv' build argument 'ament_cmake_args' from command line to 'None'
[0.267s] Level 5:colcon.colcon_core.verb:set package 'ar_srv' build argument 'catkin_cmake_args' from command line to 'None'
[0.267s] Level 5:colcon.colcon_core.verb:set package 'ar_srv' build argument 'catkin_skip_building_tests' from command line to 'False'
[0.267s] DEBUG:colcon.colcon_core.verb:Building package 'ar_srv' with the following arguments: {'ament_cmake_args': None, 'build_base': '/home/hans/ar/build/ar_srv', 'catkin_cmake_args': None, 'catkin_skip_building_tests': False, 'cmake_args': None, 'cmake_clean_cache': False, 'cmake_clean_first': False, 'cmake_force_configure': False, 'cmake_target': None, 'cmake_target_skip_unavailable': False, 'install_base': '/home/hans/ar/install/ar_srv', 'merge_install': False, 'path': '/home/hans/ar/ar_src/communication/messages/ar_srv', 'symlink_install': False, 'test_result_base': None}
[0.267s] Level 5:colcon.colcon_core.verb:set package 'ar_utils' build argument 'cmake_args' from command line to 'None'
[0.267s] Level 5:colcon.colcon_core.verb:set package 'ar_utils' build argument 'cmake_target' from command line to 'None'
[0.267s] Level 5:colcon.colcon_core.verb:set package 'ar_utils' build argument 'cmake_target_skip_unavailable' from command line to 'False'
[0.267s] Level 5:colcon.colcon_core.verb:set package 'ar_utils' build argument 'cmake_clean_cache' from command line to 'False'
[0.267s] Level 5:colcon.colcon_core.verb:set package 'ar_utils' build argument 'cmake_clean_first' from command line to 'False'
[0.267s] Level 5:colcon.colcon_core.verb:set package 'ar_utils' build argument 'cmake_force_configure' from command line to 'False'
[0.267s] Level 5:colcon.colcon_core.verb:set package 'ar_utils' build argument 'ament_cmake_args' from command line to 'None'
[0.267s] Level 5:colcon.colcon_core.verb:set package 'ar_utils' build argument 'catkin_cmake_args' from command line to 'None'
[0.267s] Level 5:colcon.colcon_core.verb:set package 'ar_utils' build argument 'catkin_skip_building_tests' from command line to 'False'
[0.267s] DEBUG:colcon.colcon_core.verb:Building package 'ar_utils' with the following arguments: {'ament_cmake_args': None, 'build_base': '/home/hans/ar/build/ar_utils', 'catkin_cmake_args': None, 'catkin_skip_building_tests': False, 'cmake_args': None, 'cmake_clean_cache': False, 'cmake_clean_first': False, 'cmake_force_configure': False, 'cmake_target': None, 'cmake_target_skip_unavailable': False, 'install_base': '/home/hans/ar/install/ar_utils', 'merge_install': False, 'path': '/home/hans/ar/ar_src/utilities/ar_utils', 'symlink_install': False, 'test_result_base': None}
[0.267s] Level 5:colcon.colcon_core.verb:set package 'master' build argument 'cmake_args' from command line to 'None'
[0.267s] Level 5:colcon.colcon_core.verb:set package 'master' build argument 'cmake_target' from command line to 'None'
[0.267s] Level 5:colcon.colcon_core.verb:set package 'master' build argument 'cmake_target_skip_unavailable' from command line to 'False'
[0.267s] Level 5:colcon.colcon_core.verb:set package 'master' build argument 'cmake_clean_cache' from command line to 'False'
[0.267s] Level 5:colcon.colcon_core.verb:set package 'master' build argument 'cmake_clean_first' from command line to 'False'
[0.267s] Level 5:colcon.colcon_core.verb:set package 'master' build argument 'cmake_force_configure' from command line to 'False'
[0.267s] Level 5:colcon.colcon_core.verb:set package 'master' build argument 'ament_cmake_args' from command line to 'None'
[0.267s] Level 5:colcon.colcon_core.verb:set package 'master' build argument 'catkin_cmake_args' from command line to 'None'
[0.267s] Level 5:colcon.colcon_core.verb:set package 'master' build argument 'catkin_skip_building_tests' from command line to 'False'
[0.267s] DEBUG:colcon.colcon_core.verb:Building package 'master' with the following arguments: {'ament_cmake_args': None, 'build_base': '/home/hans/ar/build/master', 'catkin_cmake_args': None, 'catkin_skip_building_tests': False, 'cmake_args': None, 'cmake_clean_cache': False, 'cmake_clean_first': False, 'cmake_force_configure': False, 'cmake_target': None, 'cmake_target_skip_unavailable': False, 'install_base': '/home/hans/ar/install/master', 'merge_install': False, 'path': '/home/hans/ar/ar_src/communication/master', 'symlink_install': False, 'test_result_base': None}
[0.268s] Level 5:colcon.colcon_core.verb:set package 'ar_computation' build argument 'cmake_args' from command line to 'None'
[0.268s] Level 5:colcon.colcon_core.verb:set package 'ar_computation' build argument 'cmake_target' from command line to 'None'
[0.268s] Level 5:colcon.colcon_core.verb:set package 'ar_computation' build argument 'cmake_target_skip_unavailable' from command line to 'False'
[0.268s] Level 5:colcon.colcon_core.verb:set package 'ar_computation' build argument 'cmake_clean_cache' from command line to 'False'
[0.268s] Level 5:colcon.colcon_core.verb:set package 'ar_computation' build argument 'cmake_clean_first' from command line to 'False'
[0.268s] Level 5:colcon.colcon_core.verb:set package 'ar_computation' build argument 'cmake_force_configure' from command line to 'False'
[0.268s] Level 5:colcon.colcon_core.verb:set package 'ar_computation' build argument 'ament_cmake_args' from command line to 'None'
[0.268s] Level 5:colcon.colcon_core.verb:set package 'ar_computation' build argument 'catkin_cmake_args' from command line to 'None'
[0.268s] Level 5:colcon.colcon_core.verb:set package 'ar_computation' build argument 'catkin_skip_building_tests' from command line to 'False'
[0.268s] DEBUG:colcon.colcon_core.verb:Building package 'ar_computation' with the following arguments: {'ament_cmake_args': None, 'build_base': '/home/hans/ar/build/ar_computation', 'catkin_cmake_args': None, 'catkin_skip_building_tests': False, 'cmake_args': None, 'cmake_clean_cache': False, 'cmake_clean_first': False, 'cmake_force_configure': False, 'cmake_target': None, 'cmake_target_skip_unavailable': False, 'install_base': '/home/hans/ar/install/ar_computation', 'merge_install': False, 'path': '/home/hans/ar/ar_src/utilities/ar_computation', 'symlink_install': False, 'test_result_base': None}
[0.268s] Level 5:colcon.colcon_core.verb:set package 'devices' build argument 'cmake_args' from command line to 'None'
[0.268s] Level 5:colcon.colcon_core.verb:set package 'devices' build argument 'cmake_target' from command line to 'None'
[0.268s] Level 5:colcon.colcon_core.verb:set package 'devices' build argument 'cmake_target_skip_unavailable' from command line to 'False'
[0.268s] Level 5:colcon.colcon_core.verb:set package 'devices' build argument 'cmake_clean_cache' from command line to 'False'
[0.268s] Level 5:colcon.colcon_core.verb:set package 'devices' build argument 'cmake_clean_first' from command line to 'False'
[0.268s] Level 5:colcon.colcon_core.verb:set package 'devices' build argument 'cmake_force_configure' from command line to 'False'
[0.268s] Level 5:colcon.colcon_core.verb:set package 'devices' build argument 'ament_cmake_args' from command line to 'None'
[0.268s] Level 5:colcon.colcon_core.verb:set package 'devices' build argument 'catkin_cmake_args' from command line to 'None'
[0.268s] Level 5:colcon.colcon_core.verb:set package 'devices' build argument 'catkin_skip_building_tests' from command line to 'False'
[0.268s] DEBUG:colcon.colcon_core.verb:Building package 'devices' with the following arguments: {'ament_cmake_args': None, 'build_base': '/home/hans/ar/build/devices', 'catkin_cmake_args': None, 'catkin_skip_building_tests': False, 'cmake_args': None, 'cmake_clean_cache': False, 'cmake_clean_first': False, 'cmake_force_configure': False, 'cmake_target': None, 'cmake_target_skip_unavailable': False, 'install_base': '/home/hans/ar/install/devices', 'merge_install': False, 'path': '/home/hans/ar/ar_src/communication/devices', 'symlink_install': False, 'test_result_base': None}
[0.268s] INFO:colcon.colcon_core.executor:Executing jobs using 'parallel' executor
[0.269s] DEBUG:colcon.colcon_parallel_executor.executor.parallel:run_until_complete
[0.269s] INFO:colcon.colcon_ros.task.ament_cmake.build:Building ROS package in '/home/hans/ar/ar_src/communication/messages/ar_msgs' with build type 'ament_cmake'
[0.269s] INFO:colcon.colcon_cmake.task.cmake.build:Building CMake package in '/home/hans/ar/ar_src/communication/messages/ar_msgs'
[0.270s] INFO:colcon.colcon_core.plugin_system:Skipping extension 'colcon_core.shell.bat': Not used on non-Windows systems
[0.271s] INFO:colcon.colcon_core.shell:Skip shell extension 'powershell' for command environment: Not usable outside of PowerShell
[0.271s] DEBUG:colcon.colcon_core.shell:Skip shell extension 'dsv' for command environment
[0.273s] INFO:colcon.colcon_ros.task.ament_cmake.build:Building ROS package in '/home/hans/ar/ar_src/utilities/ar_utils' with build type 'ament_cmake'
[0.273s] INFO:colcon.colcon_cmake.task.cmake.build:Building CMake package in '/home/hans/ar/ar_src/utilities/ar_utils'
[0.274s] INFO:colcon.colcon_core.shell:Skip shell extension 'powershell' for command environment: Not usable outside of PowerShell
[0.274s] DEBUG:colcon.colcon_core.shell:Skip shell extension 'dsv' for command environment
[0.276s] INFO:colcon.colcon_ros.task.ament_cmake.build:Building ROS package in '/home/hans/ar/ar_src/communication/messages/ar_action' with build type 'ament_cmake'
[0.276s] INFO:colcon.colcon_cmake.task.cmake.build:Building CMake package in '/home/hans/ar/ar_src/communication/messages/ar_action'
[0.276s] INFO:colcon.colcon_core.shell:Skip shell extension 'powershell' for command environment: Not usable outside of PowerShell
[0.276s] DEBUG:colcon.colcon_core.shell:Skip shell extension 'dsv' for command environment
[0.279s] INFO:colcon.colcon_ros.task.ament_cmake.build:Building ROS package in '/home/hans/ar/ar_src/communication/commlibs/ar_comm' with build type 'ament_cmake'
[0.279s] INFO:colcon.colcon_cmake.task.cmake.build:Building CMake package in '/home/hans/ar/ar_src/communication/commlibs/ar_comm'
[0.279s] INFO:colcon.colcon_core.shell:Skip shell extension 'powershell' for command environment: Not usable outside of PowerShell
[0.279s] DEBUG:colcon.colcon_core.shell:Skip shell extension 'dsv' for command environment
[0.281s] INFO:colcon.colcon_ros.task.ament_cmake.build:Building ROS package in '/home/hans/ar/ar_src/configuration/ar' with build type 'ament_cmake'
[0.281s] INFO:colcon.colcon_cmake.task.cmake.build:Building CMake package in '/home/hans/ar/ar_src/configuration/ar'
[0.282s] INFO:colcon.colcon_core.shell:Skip shell extension 'powershell' for command environment: Not usable outside of PowerShell
[0.282s] DEBUG:colcon.colcon_core.shell:Skip shell extension 'dsv' for command environment
[0.285s] INFO:colcon.colcon_cmake.task.cmake.build:Building CMake package in '/home/hans/ar/ar_src/communication/messages/ar_srv'
[0.285s] INFO:colcon.colcon_core.shell:Skip shell extension 'powershell' for command environment: Not usable outside of PowerShell
[0.285s] DEBUG:colcon.colcon_core.shell:Skip shell extension 'dsv' for command environment
[0.288s] INFO:colcon.colcon_ros.task.ament_cmake.build:Building ROS package in '/home/hans/ar/ar_src/communication/master' with build type 'ament_cmake'
[0.288s] INFO:colcon.colcon_cmake.task.cmake.build:Building CMake package in '/home/hans/ar/ar_src/communication/master'
[0.288s] INFO:colcon.colcon_core.shell:Skip shell extension 'powershell' for command environment: Not usable outside of PowerShell
[0.289s] DEBUG:colcon.colcon_core.shell:Skip shell extension 'dsv' for command environment
[0.297s] DEBUG:colcon.colcon_core.event_handler.log_command:Invoking command in '/home/hans/ar/build/ar_msgs': CMAKE_PREFIX_PATH=${CMAKE_PREFIX_PATH}:/opt/ros/humble /usr/bin/cmake --build /home/hans/ar/build/ar_msgs -- -j12 -l12
[0.300s] DEBUG:colcon.colcon_core.event_handler.log_command:Invoking command in '/home/hans/ar/build/ar_utils': CMAKE_PREFIX_PATH=${CMAKE_PREFIX_PATH}:/opt/ros/humble /usr/bin/cmake --build /home/hans/ar/build/ar_utils -- -j12 -l12
[0.302s] DEBUG:colcon.colcon_core.event_handler.log_command:Invoking command in '/home/hans/ar/build/ar_action': CMAKE_PREFIX_PATH=${CMAKE_PREFIX_PATH}:/opt/ros/humble /usr/bin/cmake --build /home/hans/ar/build/ar_action -- -j12 -l12
[0.304s] DEBUG:colcon.colcon_core.event_handler.log_command:Invoking command in '/home/hans/ar/build/ar_comm': CMAKE_PREFIX_PATH=${CMAKE_PREFIX_PATH}:/opt/ros/humble /usr/bin/cmake --build /home/hans/ar/build/ar_comm -- -j12 -l12
[0.308s] DEBUG:colcon.colcon_core.event_handler.log_command:Invoking command in '/home/hans/ar/build/ar_moveit_config': CMAKE_PREFIX_PATH=${CMAKE_PREFIX_PATH}:/opt/ros/humble /usr/bin/cmake --build /home/hans/ar/build/ar_moveit_config -- -j12 -l12
[0.311s] DEBUG:colcon.colcon_core.event_handler.log_command:Invoking command in '/home/hans/ar/build/ar_srv': /usr/bin/cmake --build /home/hans/ar/build/ar_srv -- -j12 -l12
[0.314s] DEBUG:colcon.colcon_core.event_handler.log_command:Invoking command in '/home/hans/ar/build/master': CMAKE_PREFIX_PATH=${CMAKE_PREFIX_PATH}:/opt/ros/humble /usr/bin/cmake --build /home/hans/ar/build/master -- -j12 -l12
[0.379s] DEBUG:colcon.colcon_core.event_handler.log_command:Invoked command in '/home/hans/ar/build/ar_comm' returned '0': CMAKE_PREFIX_PATH=${CMAKE_PREFIX_PATH}:/opt/ros/humble /usr/bin/cmake --build /home/hans/ar/build/ar_comm -- -j12 -l12
[0.414s] DEBUG:colcon.colcon_core.event_handler.log_command:Invoking command in '/home/hans/ar/build/ar_comm': CMAKE_PREFIX_PATH=${CMAKE_PREFIX_PATH}:/opt/ros/humble /usr/bin/cmake --install /home/hans/ar/build/ar_comm
[0.415s] DEBUG:colcon.colcon_core.event_handler.log_command:Invoked command in '/home/hans/ar/build/ar_srv' returned '0': /usr/bin/cmake --build /home/hans/ar/build/ar_srv -- -j12 -l12
[0.415s] WARNING:colcon.colcon_cmake.task.cmake.build:Could not run installation step for package 'ar_srv' because it has no 'install' target
[0.415s] Level 1:colcon.colcon_core.environment:create_environment_scripts_only(ar_srv)
[0.417s] Level 1:colcon.colcon_core.environment:checking '/home/hans/ar/install/ar_srv' for CMake module files
[0.418s] Level 1:colcon.colcon_core.environment:checking '/home/hans/ar/install/ar_srv' for CMake config files
[0.418s] Level 1:colcon.colcon_core.environment:checking '/home/hans/ar/install/ar_srv/bin'
[0.418s] Level 1:colcon.colcon_core.environment:checking '/home/hans/ar/install/ar_srv/lib/pkgconfig/ar_srv.pc'
[0.418s] Level 1:colcon.colcon_core.environment:checking '/home/hans/ar/install/ar_srv/lib/python3.10/site-packages'
[0.418s] Level 1:colcon.colcon_core.environment:checking '/home/hans/ar/install/ar_srv/bin'
[0.419s] INFO:colcon.colcon_core.shell:Creating package script '/home/hans/ar/install/ar_srv/share/ar_srv/package.ps1'
[0.419s] INFO:colcon.colcon_core.shell:Creating package descriptor '/home/hans/ar/install/ar_srv/share/ar_srv/package.dsv'
[0.420s] INFO:colcon.colcon_core.shell:Creating package script '/home/hans/ar/install/ar_srv/share/ar_srv/package.sh'
[0.420s] INFO:colcon.colcon_core.shell:Creating package script '/home/hans/ar/install/ar_srv/share/ar_srv/package.bash'
[0.421s] INFO:colcon.colcon_core.shell:Creating package script '/home/hans/ar/install/ar_srv/share/ar_srv/package.zsh'
[0.421s] Level 1:colcon.colcon_core.environment:create_file_with_runtime_dependencies(/home/hans/ar/install/ar_srv/share/colcon-core/packages/ar_srv)
[0.425s] DEBUG:colcon.colcon_core.event_handler.log_command:Invoked command in '/home/hans/ar/build/master' returned '0': CMAKE_PREFIX_PATH=${CMAKE_PREFIX_PATH}:/opt/ros/humble /usr/bin/cmake --build /home/hans/ar/build/master -- -j12 -l12
[0.426s] DEBUG:colcon.colcon_core.event_handler.log_command:Invoking command in '/home/hans/ar/build/master': CMAKE_PREFIX_PATH=${CMAKE_PREFIX_PATH}:/opt/ros/humble /usr/bin/cmake --install /home/hans/ar/build/master
[0.426s] DEBUG:colcon.colcon_core.event_handler.log_command:Invoked command in '/home/hans/ar/build/ar_moveit_config' returned '0': CMAKE_PREFIX_PATH=${CMAKE_PREFIX_PATH}:/opt/ros/humble /usr/bin/cmake --build /home/hans/ar/build/ar_moveit_config -- -j12 -l12
[0.427s] DEBUG:colcon.colcon_core.event_handler.log_command:Invoking command in '/home/hans/ar/build/ar_moveit_config': CMAKE_PREFIX_PATH=${CMAKE_PREFIX_PATH}:/opt/ros/humble /usr/bin/cmake --install /home/hans/ar/build/ar_moveit_config
[0.435s] Level 1:colcon.colcon_core.environment:create_environment_scripts_only(ar_comm)
[0.436s] Level 1:colcon.colcon_core.environment:checking '/home/hans/ar/install/ar_comm' for CMake module files
[0.437s] DEBUG:colcon.colcon_core.event_handler.log_command:Invoked command in '/home/hans/ar/build/ar_comm' returned '0': CMAKE_PREFIX_PATH=${CMAKE_PREFIX_PATH}:/opt/ros/humble /usr/bin/cmake --install /home/hans/ar/build/ar_comm
[0.437s] Level 1:colcon.colcon_core.environment:checking '/home/hans/ar/install/ar_comm' for CMake config files
[0.437s] Level 1:colcon.colcon_core.shell:create_environment_hook('ar_comm', 'cmake_prefix_path')
[0.437s] INFO:colcon.colcon_core.shell:Creating environment hook '/home/hans/ar/install/ar_comm/share/ar_comm/hook/cmake_prefix_path.ps1'
[0.438s] INFO:colcon.colcon_core.shell:Creating environment descriptor '/home/hans/ar/install/ar_comm/share/ar_comm/hook/cmake_prefix_path.dsv'
[0.438s] INFO:colcon.colcon_core.shell:Creating environment hook '/home/hans/ar/install/ar_comm/share/ar_comm/hook/cmake_prefix_path.sh'
[0.439s] Level 1:colcon.colcon_core.environment:checking '/home/hans/ar/install/ar_comm/bin'
[0.439s] Level 1:colcon.colcon_core.environment:checking '/home/hans/ar/install/ar_comm/lib/pkgconfig/ar_comm.pc'
[0.439s] Level 1:colcon.colcon_core.environment:checking '/home/hans/ar/install/ar_comm/lib/python3.10/site-packages'
[0.439s] Level 1:colcon.colcon_core.environment:checking '/home/hans/ar/install/ar_comm/bin'
[0.440s] INFO:colcon.colcon_core.shell:Creating package script '/home/hans/ar/install/ar_comm/share/ar_comm/package.ps1'
[0.441s] INFO:colcon.colcon_core.shell:Creating package descriptor '/home/hans/ar/install/ar_comm/share/ar_comm/package.dsv'
[0.442s] INFO:colcon.colcon_core.shell:Creating package script '/home/hans/ar/install/ar_comm/share/ar_comm/package.sh'
[0.442s] INFO:colcon.colcon_core.shell:Creating package script '/home/hans/ar/install/ar_comm/share/ar_comm/package.bash'
[0.443s] INFO:colcon.colcon_core.shell:Creating package script '/home/hans/ar/install/ar_comm/share/ar_comm/package.zsh'
[0.444s] Level 1:colcon.colcon_core.environment:create_file_with_runtime_dependencies(/home/hans/ar/install/ar_comm/share/colcon-core/packages/ar_comm)
[0.445s] Level 1:colcon.colcon_core.environment:create_environment_scripts_only(ar_comm)
[0.445s] Level 1:colcon.colcon_core.environment:checking '/home/hans/ar/install/ar_comm' for CMake module files
[0.446s] Level 1:colcon.colcon_core.environment:checking '/home/hans/ar/install/ar_comm' for CMake config files
[0.446s] Level 1:colcon.colcon_core.shell:create_environment_hook('ar_comm', 'cmake_prefix_path')
[0.447s] INFO:colcon.colcon_core.shell:Creating environment hook '/home/hans/ar/install/ar_comm/share/ar_comm/hook/cmake_prefix_path.ps1'
[0.447s] INFO:colcon.colcon_core.shell:Creating environment descriptor '/home/hans/ar/install/ar_comm/share/ar_comm/hook/cmake_prefix_path.dsv'
[0.448s] INFO:colcon.colcon_core.shell:Creating environment hook '/home/hans/ar/install/ar_comm/share/ar_comm/hook/cmake_prefix_path.sh'
[0.448s] Level 1:colcon.colcon_core.environment:checking '/home/hans/ar/install/ar_comm/bin'
[0.448s] Level 1:colcon.colcon_core.environment:checking '/home/hans/ar/install/ar_comm/lib/pkgconfig/ar_comm.pc'
[0.449s] Level 1:colcon.colcon_core.environment:checking '/home/hans/ar/install/ar_comm/lib/python3.10/site-packages'
[0.449s] Level 1:colcon.colcon_core.environment:checking '/home/hans/ar/install/ar_comm/bin'
[0.449s] INFO:colcon.colcon_core.shell:Creating package script '/home/hans/ar/install/ar_comm/share/ar_comm/package.ps1'
[0.451s] INFO:colcon.colcon_core.shell:Creating package descriptor '/home/hans/ar/install/ar_comm/share/ar_comm/package.dsv'
[0.451s] INFO:colcon.colcon_core.shell:Creating package script '/home/hans/ar/install/ar_comm/share/ar_comm/package.sh'
[0.451s] INFO:colcon.colcon_core.shell:Creating package script '/home/hans/ar/install/ar_comm/share/ar_comm/package.bash'
[0.452s] INFO:colcon.colcon_core.shell:Creating package script '/home/hans/ar/install/ar_comm/share/ar_comm/package.zsh'
[0.452s] Level 1:colcon.colcon_core.environment:create_file_with_runtime_dependencies(/home/hans/ar/install/ar_comm/share/colcon-core/packages/ar_comm)
[0.453s] Level 1:colcon.colcon_core.environment:create_environment_scripts_only(master)
[0.454s] Level 1:colcon.colcon_core.environment:checking '/home/hans/ar/install/master' for CMake module files
[0.454s] DEBUG:colcon.colcon_core.event_handler.log_command:Invoked command in '/home/hans/ar/build/master' returned '0': CMAKE_PREFIX_PATH=${CMAKE_PREFIX_PATH}:/opt/ros/humble /usr/bin/cmake --install /home/hans/ar/build/master
[0.454s] Level 1:colcon.colcon_core.environment:checking '/home/hans/ar/install/master' for CMake config files
[0.455s] Level 1:colcon.colcon_core.shell:create_environment_hook('master', 'cmake_prefix_path')
[0.455s] INFO:colcon.colcon_core.shell:Creating environment hook '/home/hans/ar/install/master/share/master/hook/cmake_prefix_path.ps1'
[0.455s] INFO:colcon.colcon_core.shell:Creating environment descriptor '/home/hans/ar/install/master/share/master/hook/cmake_prefix_path.dsv'
[0.455s] INFO:colcon.colcon_core.shell:Creating environment hook '/home/hans/ar/install/master/share/master/hook/cmake_prefix_path.sh'
[0.456s] Level 1:colcon.colcon_core.environment:checking '/home/hans/ar/install/master/bin'
[0.456s] Level 1:colcon.colcon_core.environment:checking '/home/hans/ar/install/master/lib/pkgconfig/master.pc'
[0.456s] Level 1:colcon.colcon_core.environment:checking '/home/hans/ar/install/master/lib/python3.10/site-packages'
[0.456s] Level 1:colcon.colcon_core.environment:checking '/home/hans/ar/install/master/bin'
[0.457s] INFO:colcon.colcon_core.shell:Creating package script '/home/hans/ar/install/master/share/master/package.ps1'
[0.457s] INFO:colcon.colcon_core.shell:Creating package descriptor '/home/hans/ar/install/master/share/master/package.dsv'
[0.457s] INFO:colcon.colcon_core.shell:Creating package script '/home/hans/ar/install/master/share/master/package.sh'
[0.458s] INFO:colcon.colcon_core.shell:Creating package script '/home/hans/ar/install/master/share/master/package.bash'
[0.458s] INFO:colcon.colcon_core.shell:Creating package script '/home/hans/ar/install/master/share/master/package.zsh'
[0.458s] Level 1:colcon.colcon_core.environment:create_file_with_runtime_dependencies(/home/hans/ar/install/master/share/colcon-core/packages/master)
[0.459s] Level 1:colcon.colcon_core.environment:create_environment_scripts_only(master)
[0.459s] Level 1:colcon.colcon_core.environment:checking '/home/hans/ar/install/master' for CMake module files
[0.459s] Level 1:colcon.colcon_core.environment:checking '/home/hans/ar/install/master' for CMake config files
[0.460s] Level 1:colcon.colcon_core.shell:create_environment_hook('master', 'cmake_prefix_path')
[0.460s] INFO:colcon.colcon_core.shell:Creating environment hook '/home/hans/ar/install/master/share/master/hook/cmake_prefix_path.ps1'
[0.460s] INFO:colcon.colcon_core.shell:Creating environment descriptor '/home/hans/ar/install/master/share/master/hook/cmake_prefix_path.dsv'
[0.461s] INFO:colcon.colcon_core.shell:Creating environment hook '/home/hans/ar/install/master/share/master/hook/cmake_prefix_path.sh'
[0.461s] Level 1:colcon.colcon_core.environment:checking '/home/hans/ar/install/master/bin'
[0.461s] Level 1:colcon.colcon_core.environment:checking '/home/hans/ar/install/master/lib/pkgconfig/master.pc'
[0.461s] Level 1:colcon.colcon_core.environment:checking '/home/hans/ar/install/master/lib/python3.10/site-packages'
[0.461s] Level 1:colcon.colcon_core.environment:checking '/home/hans/ar/install/master/bin'
[0.462s] INFO:colcon.colcon_core.shell:Creating package script '/home/hans/ar/install/master/share/master/package.ps1'
[0.462s] INFO:colcon.colcon_core.shell:Creating package descriptor '/home/hans/ar/install/master/share/master/package.dsv'
[0.462s] INFO:colcon.colcon_core.shell:Creating package script '/home/hans/ar/install/master/share/master/package.sh'
[0.463s] INFO:colcon.colcon_core.shell:Creating package script '/home/hans/ar/install/master/share/master/package.bash'
[0.463s] INFO:colcon.colcon_core.shell:Creating package script '/home/hans/ar/install/master/share/master/package.zsh'
[0.463s] Level 1:colcon.colcon_core.environment:create_file_with_runtime_dependencies(/home/hans/ar/install/master/share/colcon-core/packages/master)
[0.464s] Level 1:colcon.colcon_core.environment:create_environment_scripts_only(ar_moveit_config)
[0.464s] Level 1:colcon.colcon_core.environment:checking '/home/hans/ar/install/ar_moveit_config' for CMake module files
[0.464s] Level 1:colcon.colcon_core.environment:checking '/home/hans/ar/install/ar_moveit_config' for CMake config files
[0.465s] Level 1:colcon.colcon_core.shell:create_environment_hook('ar_moveit_config', 'cmake_prefix_path')
[0.465s] INFO:colcon.colcon_core.shell:Creating environment hook '/home/hans/ar/install/ar_moveit_config/share/ar_moveit_config/hook/cmake_prefix_path.ps1'
[0.465s] INFO:colcon.colcon_core.shell:Creating environment descriptor '/home/hans/ar/install/ar_moveit_config/share/ar_moveit_config/hook/cmake_prefix_path.dsv'
[0.466s] INFO:colcon.colcon_core.shell:Creating environment hook '/home/hans/ar/install/ar_moveit_config/share/ar_moveit_config/hook/cmake_prefix_path.sh'
[0.467s] Level 1:colcon.colcon_core.environment:checking '/home/hans/ar/install/ar_moveit_config/bin'
[0.467s] Level 1:colcon.colcon_core.environment:checking '/home/hans/ar/install/ar_moveit_config/lib/pkgconfig/ar_moveit_config.pc'
[0.467s] Level 1:colcon.colcon_core.environment:checking '/home/hans/ar/install/ar_moveit_config/lib/python3.10/site-packages'
[0.467s] Level 1:colcon.colcon_core.environment:checking '/home/hans/ar/install/ar_moveit_config/bin'
[0.468s] INFO:colcon.colcon_core.shell:Creating package script '/home/hans/ar/install/ar_moveit_config/share/ar_moveit_config/package.ps1'
[0.468s] INFO:colcon.colcon_core.shell:Creating package descriptor '/home/hans/ar/install/ar_moveit_config/share/ar_moveit_config/package.dsv'
[0.469s] INFO:colcon.colcon_core.shell:Creating package script '/home/hans/ar/install/ar_moveit_config/share/ar_moveit_config/package.sh'
[0.469s] INFO:colcon.colcon_core.shell:Creating package script '/home/hans/ar/install/ar_moveit_config/share/ar_moveit_config/package.bash'
[0.469s] INFO:colcon.colcon_core.shell:Creating package script '/home/hans/ar/install/ar_moveit_config/share/ar_moveit_config/package.zsh'
[0.467s] DEBUG:colcon.colcon_core.event_handler.log_command:Invoked command in '/home/hans/ar/build/ar_moveit_config' returned '0': CMAKE_PREFIX_PATH=${CMAKE_PREFIX_PATH}:/opt/ros/humble /usr/bin/cmake --install /home/hans/ar/build/ar_moveit_config
[0.469s] Level 1:colcon.colcon_core.environment:create_file_with_runtime_dependencies(/home/hans/ar/install/ar_moveit_config/share/colcon-core/packages/ar_moveit_config)
[0.470s] Level 1:colcon.colcon_core.environment:create_environment_scripts_only(ar_moveit_config)
[0.470s] Level 1:colcon.colcon_core.environment:checking '/home/hans/ar/install/ar_moveit_config' for CMake module files
[0.471s] Level 1:colcon.colcon_core.environment:checking '/home/hans/ar/install/ar_moveit_config' for CMake config files
[0.471s] Level 1:colcon.colcon_core.shell:create_environment_hook('ar_moveit_config', 'cmake_prefix_path')
[0.471s] INFO:colcon.colcon_core.shell:Creating environment hook '/home/hans/ar/install/ar_moveit_config/share/ar_moveit_config/hook/cmake_prefix_path.ps1'
[0.472s] INFO:colcon.colcon_core.shell:Creating environment descriptor '/home/hans/ar/install/ar_moveit_config/share/ar_moveit_config/hook/cmake_prefix_path.dsv'
[0.472s] INFO:colcon.colcon_core.shell:Creating environment hook '/home/hans/ar/install/ar_moveit_config/share/ar_moveit_config/hook/cmake_prefix_path.sh'
[0.472s] Level 1:colcon.colcon_core.environment:checking '/home/hans/ar/install/ar_moveit_config/bin'
[0.472s] Level 1:colcon.colcon_core.environment:checking '/home/hans/ar/install/ar_moveit_config/lib/pkgconfig/ar_moveit_config.pc'
[0.473s] Level 1:colcon.colcon_core.environment:checking '/home/hans/ar/install/ar_moveit_config/lib/python3.10/site-packages'
[0.473s] Level 1:colcon.colcon_core.environment:checking '/home/hans/ar/install/ar_moveit_config/bin'
[0.473s] INFO:colcon.colcon_core.shell:Creating package script '/home/hans/ar/install/ar_moveit_config/share/ar_moveit_config/package.ps1'
[0.473s] INFO:colcon.colcon_core.shell:Creating package descriptor '/home/hans/ar/install/ar_moveit_config/share/ar_moveit_config/package.dsv'
[0.474s] INFO:colcon.colcon_core.shell:Creating package script '/home/hans/ar/install/ar_moveit_config/share/ar_moveit_config/package.sh'
[0.474s] INFO:colcon.colcon_core.shell:Creating package script '/home/hans/ar/install/ar_moveit_config/share/ar_moveit_config/package.bash'
[0.474s] INFO:colcon.colcon_core.shell:Creating package script '/home/hans/ar/install/ar_moveit_config/share/ar_moveit_config/package.zsh'
[0.475s] Level 1:colcon.colcon_core.environment:create_file_with_runtime_dependencies(/home/hans/ar/install/ar_moveit_config/share/colcon-core/packages/ar_moveit_config)
[0.736s] DEBUG:colcon.colcon_core.event_handler.log_command:Invoked command in '/home/hans/ar/build/ar_utils' returned '0': CMAKE_PREFIX_PATH=${CMAKE_PREFIX_PATH}:/opt/ros/humble /usr/bin/cmake --build /home/hans/ar/build/ar_utils -- -j12 -l12
[0.738s] DEBUG:colcon.colcon_core.event_handler.log_command:Invoking command in '/home/hans/ar/build/ar_utils': CMAKE_PREFIX_PATH=${CMAKE_PREFIX_PATH}:/opt/ros/humble /usr/bin/cmake --install /home/hans/ar/build/ar_utils
[0.759s] Level 1:colcon.colcon_core.environment:create_environment_scripts_only(ar_utils)
[0.760s] Level 1:colcon.colcon_core.environment:checking '/home/hans/ar/install/ar_utils' for CMake module files
[0.760s] DEBUG:colcon.colcon_core.event_handler.log_command:Invoked command in '/home/hans/ar/build/ar_utils' returned '0': CMAKE_PREFIX_PATH=${CMAKE_PREFIX_PATH}:/opt/ros/humble /usr/bin/cmake --install /home/hans/ar/build/ar_utils
[0.760s] Level 1:colcon.colcon_core.environment:checking '/home/hans/ar/install/ar_utils' for CMake config files
[0.761s] Level 1:colcon.colcon_core.shell:create_environment_hook('ar_utils', 'cmake_prefix_path')
[0.761s] INFO:colcon.colcon_core.shell:Creating environment hook '/home/hans/ar/install/ar_utils/share/ar_utils/hook/cmake_prefix_path.ps1'
[0.762s] INFO:colcon.colcon_core.shell:Creating environment descriptor '/home/hans/ar/install/ar_utils/share/ar_utils/hook/cmake_prefix_path.dsv'
[0.762s] INFO:colcon.colcon_core.shell:Creating environment hook '/home/hans/ar/install/ar_utils/share/ar_utils/hook/cmake_prefix_path.sh'
[0.762s] Level 1:colcon.colcon_core.environment:checking '/home/hans/ar/install/ar_utils/lib'
[0.763s] Level 1:colcon.colcon_core.shell:create_environment_hook('ar_utils', 'ld_library_path_lib')
[0.763s] INFO:colcon.colcon_core.shell:Creating environment hook '/home/hans/ar/install/ar_utils/share/ar_utils/hook/ld_library_path_lib.ps1'
[0.764s] INFO:colcon.colcon_core.shell:Creating environment descriptor '/home/hans/ar/install/ar_utils/share/ar_utils/hook/ld_library_path_lib.dsv'
[0.764s] INFO:colcon.colcon_core.shell:Creating environment hook '/home/hans/ar/install/ar_utils/share/ar_utils/hook/ld_library_path_lib.sh'
[0.764s] Level 1:colcon.colcon_core.environment:checking '/home/hans/ar/install/ar_utils/bin'
[0.764s] Level 1:colcon.colcon_core.environment:checking '/home/hans/ar/install/ar_utils/lib/pkgconfig/ar_utils.pc'
[0.764s] Level 1:colcon.colcon_core.environment:checking '/home/hans/ar/install/ar_utils/lib/python3.10/site-packages'
[0.765s] Level 1:colcon.colcon_core.environment:checking '/home/hans/ar/install/ar_utils/bin'
[0.765s] INFO:colcon.colcon_core.shell:Creating package script '/home/hans/ar/install/ar_utils/share/ar_utils/package.ps1'
[0.765s] INFO:colcon.colcon_core.shell:Creating package descriptor '/home/hans/ar/install/ar_utils/share/ar_utils/package.dsv'
[0.766s] INFO:colcon.colcon_core.shell:Creating package script '/home/hans/ar/install/ar_utils/share/ar_utils/package.sh'
[0.766s] INFO:colcon.colcon_core.shell:Creating package script '/home/hans/ar/install/ar_utils/share/ar_utils/package.bash'
[0.766s] INFO:colcon.colcon_core.shell:Creating package script '/home/hans/ar/install/ar_utils/share/ar_utils/package.zsh'
[0.766s] Level 1:colcon.colcon_core.environment:create_file_with_runtime_dependencies(/home/hans/ar/install/ar_utils/share/colcon-core/packages/ar_utils)
[0.767s] Level 1:colcon.colcon_core.environment:create_environment_scripts_only(ar_utils)
[0.767s] Level 1:colcon.colcon_core.environment:checking '/home/hans/ar/install/ar_utils' for CMake module files
[0.768s] Level 1:colcon.colcon_core.environment:checking '/home/hans/ar/install/ar_utils' for CMake config files
[0.768s] Level 1:colcon.colcon_core.shell:create_environment_hook('ar_utils', 'cmake_prefix_path')
[0.768s] INFO:colcon.colcon_core.shell:Creating environment hook '/home/hans/ar/install/ar_utils/share/ar_utils/hook/cmake_prefix_path.ps1'
[0.769s] INFO:colcon.colcon_core.shell:Creating environment descriptor '/home/hans/ar/install/ar_utils/share/ar_utils/hook/cmake_prefix_path.dsv'
[0.769s] INFO:colcon.colcon_core.shell:Creating environment hook '/home/hans/ar/install/ar_utils/share/ar_utils/hook/cmake_prefix_path.sh'
[0.769s] Level 1:colcon.colcon_core.environment:checking '/home/hans/ar/install/ar_utils/lib'
[0.769s] Level 1:colcon.colcon_core.shell:create_environment_hook('ar_utils', 'ld_library_path_lib')
[0.770s] INFO:colcon.colcon_core.shell:Creating environment hook '/home/hans/ar/install/ar_utils/share/ar_utils/hook/ld_library_path_lib.ps1'
[0.770s] INFO:colcon.colcon_core.shell:Creating environment descriptor '/home/hans/ar/install/ar_utils/share/ar_utils/hook/ld_library_path_lib.dsv'
[0.771s] INFO:colcon.colcon_core.shell:Creating environment hook '/home/hans/ar/install/ar_utils/share/ar_utils/hook/ld_library_path_lib.sh'
[0.771s] Level 1:colcon.colcon_core.environment:checking '/home/hans/ar/install/ar_utils/bin'
[0.771s] Level 1:colcon.colcon_core.environment:checking '/home/hans/ar/install/ar_utils/lib/pkgconfig/ar_utils.pc'
[0.771s] Level 1:colcon.colcon_core.environment:checking '/home/hans/ar/install/ar_utils/lib/python3.10/site-packages'
[0.771s] Level 1:colcon.colcon_core.environment:checking '/home/hans/ar/install/ar_utils/bin'
[0.772s] INFO:colcon.colcon_core.shell:Creating package script '/home/hans/ar/install/ar_utils/share/ar_utils/package.ps1'
[0.772s] INFO:colcon.colcon_core.shell:Creating package descriptor '/home/hans/ar/install/ar_utils/share/ar_utils/package.dsv'
[0.773s] INFO:colcon.colcon_core.shell:Creating package script '/home/hans/ar/install/ar_utils/share/ar_utils/package.sh'
[0.773s] INFO:colcon.colcon_core.shell:Creating package script '/home/hans/ar/install/ar_utils/share/ar_utils/package.bash'
[0.774s] INFO:colcon.colcon_core.shell:Creating package script '/home/hans/ar/install/ar_utils/share/ar_utils/package.zsh'
[0.774s] Level 1:colcon.colcon_core.environment:create_file_with_runtime_dependencies(/home/hans/ar/install/ar_utils/share/colcon-core/packages/ar_utils)
[0.774s] INFO:colcon.colcon_ros.task.ament_cmake.build:Building ROS package in '/home/hans/ar/ar_src/utilities/ar_computation' with build type 'ament_cmake'
[0.774s] INFO:colcon.colcon_cmake.task.cmake.build:Building CMake package in '/home/hans/ar/ar_src/utilities/ar_computation'
[0.775s] INFO:colcon.colcon_core.shell:Skip shell extension 'powershell' for command environment: Not usable outside of PowerShell
[0.775s] DEBUG:colcon.colcon_core.shell:Skip shell extension 'dsv' for command environment
[0.797s] DEBUG:colcon.colcon_core.event_handler.log_command:Invoking command in '/home/hans/ar/build/ar_computation': CMAKE_PREFIX_PATH=/home/hans/ar/install/ar_utils:/home/hans/ar/install/ar_computation:/home/hans/ar/install/ar_msgs:/opt/ros/humble /usr/bin/cmake /home/hans/ar/ar_src/utilities/ar_computation -DCMAKE_INSTALL_PREFIX=/home/hans/ar/install/ar_computation
[0.988s] DEBUG:colcon.colcon_core.event_handler.log_command:Invoked command in '/home/hans/ar/build/ar_msgs' returned '0': CMAKE_PREFIX_PATH=${CMAKE_PREFIX_PATH}:/opt/ros/humble /usr/bin/cmake --build /home/hans/ar/build/ar_msgs -- -j12 -l12
[0.990s] DEBUG:colcon.colcon_core.event_handler.log_command:Invoking command in '/home/hans/ar/build/ar_msgs': CMAKE_PREFIX_PATH=${CMAKE_PREFIX_PATH}:/opt/ros/humble /usr/bin/cmake --install /home/hans/ar/build/ar_msgs
[0.991s] DEBUG:colcon.colcon_core.event_handler.log_command:Invoked command in '/home/hans/ar/build/ar_action' returned '0': CMAKE_PREFIX_PATH=${CMAKE_PREFIX_PATH}:/opt/ros/humble /usr/bin/cmake --build /home/hans/ar/build/ar_action -- -j12 -l12
[0.992s] DEBUG:colcon.colcon_core.event_handler.log_command:Invoking command in '/home/hans/ar/build/ar_action': CMAKE_PREFIX_PATH=${CMAKE_PREFIX_PATH}:/opt/ros/humble /usr/bin/cmake --install /home/hans/ar/build/ar_action
[1.070s] Level 1:colcon.colcon_core.environment:create_environment_scripts_only(ar_msgs)
[1.071s] Level 1:colcon.colcon_core.environment:checking '/home/hans/ar/install/ar_msgs' for CMake module files
[1.071s] DEBUG:colcon.colcon_core.event_handler.log_command:Invoked command in '/home/hans/ar/build/ar_msgs' returned '0': CMAKE_PREFIX_PATH=${CMAKE_PREFIX_PATH}:/opt/ros/humble /usr/bin/cmake --install /home/hans/ar/build/ar_msgs
[1.072s] Level 1:colcon.colcon_core.environment:checking '/home/hans/ar/install/ar_msgs' for CMake config files
[1.073s] Level 1:colcon.colcon_core.shell:create_environment_hook('ar_msgs', 'cmake_prefix_path')
[1.073s] INFO:colcon.colcon_core.shell:Creating environment hook '/home/hans/ar/install/ar_msgs/share/ar_msgs/hook/cmake_prefix_path.ps1'
[1.074s] INFO:colcon.colcon_core.shell:Creating environment descriptor '/home/hans/ar/install/ar_msgs/share/ar_msgs/hook/cmake_prefix_path.dsv'
[1.075s] INFO:colcon.colcon_core.shell:Creating environment hook '/home/hans/ar/install/ar_msgs/share/ar_msgs/hook/cmake_prefix_path.sh'
[1.076s] Level 1:colcon.colcon_core.environment:checking '/home/hans/ar/install/ar_msgs/lib'
[1.076s] Level 1:colcon.colcon_core.shell:create_environment_hook('ar_msgs', 'ld_library_path_lib')
[1.076s] INFO:colcon.colcon_core.shell:Creating environment hook '/home/hans/ar/install/ar_msgs/share/ar_msgs/hook/ld_library_path_lib.ps1'
[1.077s] INFO:colcon.colcon_core.shell:Creating environment descriptor '/home/hans/ar/install/ar_msgs/share/ar_msgs/hook/ld_library_path_lib.dsv'
[1.078s] INFO:colcon.colcon_core.shell:Creating environment hook '/home/hans/ar/install/ar_msgs/share/ar_msgs/hook/ld_library_path_lib.sh'
[1.079s] Level 1:colcon.colcon_core.environment:checking '/home/hans/ar/install/ar_msgs/bin'
[1.079s] Level 1:colcon.colcon_core.environment:checking '/home/hans/ar/install/ar_msgs/lib/pkgconfig/ar_msgs.pc'
[1.079s] Level 1:colcon.colcon_core.environment:checking '/home/hans/ar/install/ar_msgs/lib/python3.10/site-packages'
[1.079s] Level 1:colcon.colcon_core.environment:checking '/home/hans/ar/install/ar_msgs/bin'
[1.080s] INFO:colcon.colcon_core.shell:Creating package script '/home/hans/ar/install/ar_msgs/share/ar_msgs/package.ps1'
[1.080s] INFO:colcon.colcon_core.shell:Creating package descriptor '/home/hans/ar/install/ar_msgs/share/ar_msgs/package.dsv'
[1.081s] INFO:colcon.colcon_core.shell:Creating package script '/home/hans/ar/install/ar_msgs/share/ar_msgs/package.sh'
[1.081s] INFO:colcon.colcon_core.shell:Creating package script '/home/hans/ar/install/ar_msgs/share/ar_msgs/package.bash'
[1.082s] INFO:colcon.colcon_core.shell:Creating package script '/home/hans/ar/install/ar_msgs/share/ar_msgs/package.zsh'
[1.082s] Level 1:colcon.colcon_core.environment:create_file_with_runtime_dependencies(/home/hans/ar/install/ar_msgs/share/colcon-core/packages/ar_msgs)
[1.083s] Level 1:colcon.colcon_core.environment:create_environment_scripts_only(ar_msgs)
[1.083s] Level 1:colcon.colcon_core.environment:checking '/home/hans/ar/install/ar_msgs' for CMake module files
[1.084s] Level 1:colcon.colcon_core.environment:checking '/home/hans/ar/install/ar_msgs' for CMake config files
[1.084s] Level 1:colcon.colcon_core.shell:create_environment_hook('ar_msgs', 'cmake_prefix_path')
[1.084s] INFO:colcon.colcon_core.shell:Creating environment hook '/home/hans/ar/install/ar_msgs/share/ar_msgs/hook/cmake_prefix_path.ps1'
[1.084s] INFO:colcon.colcon_core.shell:Creating environment descriptor '/home/hans/ar/install/ar_msgs/share/ar_msgs/hook/cmake_prefix_path.dsv'
[1.085s] INFO:colcon.colcon_core.shell:Creating environment hook '/home/hans/ar/install/ar_msgs/share/ar_msgs/hook/cmake_prefix_path.sh'
[1.085s] Level 1:colcon.colcon_core.environment:checking '/home/hans/ar/install/ar_msgs/lib'
[1.085s] Level 1:colcon.colcon_core.shell:create_environment_hook('ar_msgs', 'ld_library_path_lib')
[1.085s] INFO:colcon.colcon_core.shell:Creating environment hook '/home/hans/ar/install/ar_msgs/share/ar_msgs/hook/ld_library_path_lib.ps1'
[1.086s] INFO:colcon.colcon_core.shell:Creating environment descriptor '/home/hans/ar/install/ar_msgs/share/ar_msgs/hook/ld_library_path_lib.dsv'
[1.086s] INFO:colcon.colcon_core.shell:Creating environment hook '/home/hans/ar/install/ar_msgs/share/ar_msgs/hook/ld_library_path_lib.sh'
[1.086s] Level 1:colcon.colcon_core.environment:checking '/home/hans/ar/install/ar_msgs/bin'
[1.086s] Level 1:colcon.colcon_core.environment:checking '/home/hans/ar/install/ar_msgs/lib/pkgconfig/ar_msgs.pc'
[1.086s] Level 1:colcon.colcon_core.environment:checking '/home/hans/ar/install/ar_msgs/lib/python3.10/site-packages'
[1.087s] Level 1:colcon.colcon_core.environment:checking '/home/hans/ar/install/ar_msgs/bin'
[1.087s] INFO:colcon.colcon_core.shell:Creating package script '/home/hans/ar/install/ar_msgs/share/ar_msgs/package.ps1'
[1.087s] INFO:colcon.colcon_core.shell:Creating package descriptor '/home/hans/ar/install/ar_msgs/share/ar_msgs/package.dsv'
[1.088s] INFO:colcon.colcon_core.shell:Creating package script '/home/hans/ar/install/ar_msgs/share/ar_msgs/package.sh'
[1.088s] INFO:colcon.colcon_core.shell:Creating package script '/home/hans/ar/install/ar_msgs/share/ar_msgs/package.bash'
[1.088s] INFO:colcon.colcon_core.shell:Creating package script '/home/hans/ar/install/ar_msgs/share/ar_msgs/package.zsh'
[1.089s] Level 1:colcon.colcon_core.environment:create_file_with_runtime_dependencies(/home/hans/ar/install/ar_msgs/share/colcon-core/packages/ar_msgs)
[1.089s] INFO:colcon.colcon_ros.task.ament_cmake.build:Building ROS package in '/home/hans/ar/ar_src/communication/devices' with build type 'ament_cmake'
[1.090s] INFO:colcon.colcon_cmake.task.cmake.build:Building CMake package in '/home/hans/ar/ar_src/communication/devices'
[1.090s] INFO:colcon.colcon_core.shell:Skip shell extension 'powershell' for command environment: Not usable outside of PowerShell
[1.090s] DEBUG:colcon.colcon_core.shell:Skip shell extension 'dsv' for command environment
[1.094s] Level 1:colcon.colcon_core.environment:create_environment_scripts_only(ar_action)
[1.094s] Level 1:colcon.colcon_core.environment:checking '/home/hans/ar/install/ar_action' for CMake module files
[1.095s] DEBUG:colcon.colcon_core.event_handler.log_command:Invoked command in '/home/hans/ar/build/ar_action' returned '0': CMAKE_PREFIX_PATH=${CMAKE_PREFIX_PATH}:/opt/ros/humble /usr/bin/cmake --install /home/hans/ar/build/ar_action
[1.095s] Level 1:colcon.colcon_core.environment:checking '/home/hans/ar/install/ar_action' for CMake config files
[1.096s] Level 1:colcon.colcon_core.shell:create_environment_hook('ar_action', 'cmake_prefix_path')
[1.096s] INFO:colcon.colcon_core.shell:Creating environment hook '/home/hans/ar/install/ar_action/share/ar_action/hook/cmake_prefix_path.ps1'
[1.096s] INFO:colcon.colcon_core.shell:Creating environment descriptor '/home/hans/ar/install/ar_action/share/ar_action/hook/cmake_prefix_path.dsv'
[1.097s] INFO:colcon.colcon_core.shell:Creating environment hook '/home/hans/ar/install/ar_action/share/ar_action/hook/cmake_prefix_path.sh'
[1.097s] Level 1:colcon.colcon_core.environment:checking '/home/hans/ar/install/ar_action/lib'
[1.097s] Level 1:colcon.colcon_core.shell:create_environment_hook('ar_action', 'ld_library_path_lib')
[1.097s] INFO:colcon.colcon_core.shell:Creating environment hook '/home/hans/ar/install/ar_action/share/ar_action/hook/ld_library_path_lib.ps1'
[1.098s] INFO:colcon.colcon_core.shell:Creating environment descriptor '/home/hans/ar/install/ar_action/share/ar_action/hook/ld_library_path_lib.dsv'
[1.098s] INFO:colcon.colcon_core.shell:Creating environment hook '/home/hans/ar/install/ar_action/share/ar_action/hook/ld_library_path_lib.sh'
[1.098s] Level 1:colcon.colcon_core.environment:checking '/home/hans/ar/install/ar_action/bin'
[1.098s] Level 1:colcon.colcon_core.environment:checking '/home/hans/ar/install/ar_action/lib/pkgconfig/ar_action.pc'
[1.099s] Level 1:colcon.colcon_core.environment:checking '/home/hans/ar/install/ar_action/lib/python3.10/site-packages'
[1.099s] Level 1:colcon.colcon_core.environment:checking '/home/hans/ar/install/ar_action/bin'
[1.099s] INFO:colcon.colcon_core.shell:Creating package script '/home/hans/ar/install/ar_action/share/ar_action/package.ps1'
[1.099s] INFO:colcon.colcon_core.shell:Creating package descriptor '/home/hans/ar/install/ar_action/share/ar_action/package.dsv'
[1.100s] INFO:colcon.colcon_core.shell:Creating package script '/home/hans/ar/install/ar_action/share/ar_action/package.sh'
[1.100s] INFO:colcon.colcon_core.shell:Creating package script '/home/hans/ar/install/ar_action/share/ar_action/package.bash'
[1.100s] INFO:colcon.colcon_core.shell:Creating package script '/home/hans/ar/install/ar_action/share/ar_action/package.zsh'
[1.101s] Level 1:colcon.colcon_core.environment:create_file_with_runtime_dependencies(/home/hans/ar/install/ar_action/share/colcon-core/packages/ar_action)
[1.101s] Level 1:colcon.colcon_core.environment:create_environment_scripts_only(ar_action)
[1.101s] Level 1:colcon.colcon_core.environment:checking '/home/hans/ar/install/ar_action' for CMake module files
[1.102s] Level 1:colcon.colcon_core.environment:checking '/home/hans/ar/install/ar_action' for CMake config files
[1.102s] Level 1:colcon.colcon_core.shell:create_environment_hook('ar_action', 'cmake_prefix_path')
[1.102s] INFO:colcon.colcon_core.shell:Creating environment hook '/home/hans/ar/install/ar_action/share/ar_action/hook/cmake_prefix_path.ps1'
[1.103s] INFO:colcon.colcon_core.shell:Creating environment descriptor '/home/hans/ar/install/ar_action/share/ar_action/hook/cmake_prefix_path.dsv'
[1.103s] INFO:colcon.colcon_core.shell:Creating environment hook '/home/hans/ar/install/ar_action/share/ar_action/hook/cmake_prefix_path.sh'
[1.104s] Level 1:colcon.colcon_core.environment:checking '/home/hans/ar/install/ar_action/lib'
[1.104s] Level 1:colcon.colcon_core.shell:create_environment_hook('ar_action', 'ld_library_path_lib')
[1.104s] INFO:colcon.colcon_core.shell:Creating environment hook '/home/hans/ar/install/ar_action/share/ar_action/hook/ld_library_path_lib.ps1'
[1.104s] INFO:colcon.colcon_core.shell:Creating environment descriptor '/home/hans/ar/install/ar_action/share/ar_action/hook/ld_library_path_lib.dsv'
[1.104s] INFO:colcon.colcon_core.shell:Creating environment hook '/home/hans/ar/install/ar_action/share/ar_action/hook/ld_library_path_lib.sh'
[1.105s] Level 1:colcon.colcon_core.environment:checking '/home/hans/ar/install/ar_action/bin'
[1.105s] Level 1:colcon.colcon_core.environment:checking '/home/hans/ar/install/ar_action/lib/pkgconfig/ar_action.pc'
[1.105s] Level 1:colcon.colcon_core.environment:checking '/home/hans/ar/install/ar_action/lib/python3.10/site-packages'
[1.105s] Level 1:colcon.colcon_core.environment:checking '/home/hans/ar/install/ar_action/bin'
[1.105s] INFO:colcon.colcon_core.shell:Creating package script '/home/hans/ar/install/ar_action/share/ar_action/package.ps1'
[1.106s] INFO:colcon.colcon_core.shell:Creating package descriptor '/home/hans/ar/install/ar_action/share/ar_action/package.dsv'
[1.106s] INFO:colcon.colcon_core.shell:Creating package script '/home/hans/ar/install/ar_action/share/ar_action/package.sh'
[1.106s] INFO:colcon.colcon_core.shell:Creating package script '/home/hans/ar/install/ar_action/share/ar_action/package.bash'
[1.107s] INFO:colcon.colcon_core.shell:Creating package script '/home/hans/ar/install/ar_action/share/ar_action/package.zsh'
[1.108s] Level 1:colcon.colcon_core.environment:create_file_with_runtime_dependencies(/home/hans/ar/install/ar_action/share/colcon-core/packages/ar_action)
[1.110s] DEBUG:colcon.colcon_core.event_handler.log_command:Invoking command in '/home/hans/ar/build/devices': CMAKE_PREFIX_PATH=/home/hans/ar/install/ar_msgs:/home/hans/ar/install/ar_computation:/home/hans/ar/install/ar_utils:/opt/ros/humble LD_LIBRARY_PATH=/home/hans/ar/install/ar_msgs/lib:/home/hans/ar/install/ar_utils/lib:/tmp/.mount_Cursor8umhqv/usr/lib/:/tmp/.mount_Cursor8umhqv/usr/lib32/:/tmp/.mount_Cursor8umhqv/usr/lib64/:/tmp/.mount_Cursor8umhqv/lib/:/tmp/.mount_Cursor8umhqv/lib/i386-linux-gnu/:/tmp/.mount_Cursor8umhqv/lib/x86_64-linux-gnu/:/tmp/.mount_Cursor8umhqv/lib/aarch64-linux-gnu/:/tmp/.mount_Cursor8umhqv/lib32/:/tmp/.mount_Cursor8umhqv/lib64/:/opt/ros/humble/opt/rviz_ogre_vendor/lib:/opt/ros/humble/lib/x86_64-linux-gnu:/opt/ros/humble/lib /usr/bin/cmake /home/hans/ar/ar_src/communication/devices -DCMAKE_INSTALL_PREFIX=/home/hans/ar/install/devices
[1.542s] DEBUG:colcon.colcon_core.event_handler.log_command:Invoked command in '/home/hans/ar/build/devices' returned '1': CMAKE_PREFIX_PATH=/home/hans/ar/install/ar_msgs:/home/hans/ar/install/ar_computation:/home/hans/ar/install/ar_utils:/opt/ros/humble LD_LIBRARY_PATH=/home/hans/ar/install/ar_msgs/lib:/home/hans/ar/install/ar_utils/lib:/tmp/.mount_Cursor8umhqv/usr/lib/:/tmp/.mount_Cursor8umhqv/usr/lib32/:/tmp/.mount_Cursor8umhqv/usr/lib64/:/tmp/.mount_Cursor8umhqv/lib/:/tmp/.mount_Cursor8umhqv/lib/i386-linux-gnu/:/tmp/.mount_Cursor8umhqv/lib/x86_64-linux-gnu/:/tmp/.mount_Cursor8umhqv/lib/aarch64-linux-gnu/:/tmp/.mount_Cursor8umhqv/lib32/:/tmp/.mount_Cursor8umhqv/lib64/:/opt/ros/humble/opt/rviz_ogre_vendor/lib:/opt/ros/humble/lib/x86_64-linux-gnu:/opt/ros/humble/lib /usr/bin/cmake /home/hans/ar/ar_src/communication/devices -DCMAKE_INSTALL_PREFIX=/home/hans/ar/install/devices
[1.557s] Level 1:colcon.colcon_core.environment:create_environment_scripts_only(devices)
[1.557s] Level 1:colcon.colcon_core.environment:checking '/home/hans/ar/install/devices' for CMake module files
[1.558s] Level 1:colcon.colcon_core.environment:checking '/home/hans/ar/install/devices' for CMake config files
[1.558s] Level 1:colcon.colcon_core.environment:checking '/home/hans/ar/install/devices/bin'
[1.558s] Level 1:colcon.colcon_core.environment:checking '/home/hans/ar/install/devices/lib/pkgconfig/devices.pc'
[1.558s] Level 1:colcon.colcon_core.environment:checking '/home/hans/ar/install/devices/lib/python3.10/site-packages'
[1.558s] Level 1:colcon.colcon_core.environment:checking '/home/hans/ar/install/devices/bin'
[1.559s] INFO:colcon.colcon_core.shell:Creating package script '/home/hans/ar/install/devices/share/devices/package.ps1'
[1.559s] INFO:colcon.colcon_core.shell:Creating package descriptor '/home/hans/ar/install/devices/share/devices/package.dsv'
[1.559s] INFO:colcon.colcon_core.shell:Creating package script '/home/hans/ar/install/devices/share/devices/package.sh'
[1.560s] INFO:colcon.colcon_core.shell:Creating package script '/home/hans/ar/install/devices/share/devices/package.bash'
[1.560s] INFO:colcon.colcon_core.shell:Creating package script '/home/hans/ar/install/devices/share/devices/package.zsh'
[1.560s] Level 1:colcon.colcon_core.environment:create_file_with_runtime_dependencies(/home/hans/ar/install/devices/share/colcon-core/packages/devices)
[2.165s] DEBUG:colcon.colcon_parallel_executor.executor.parallel:closing loop
[2.166s] DEBUG:colcon.colcon_parallel_executor.executor.parallel:loop closed
[2.166s] DEBUG:colcon.colcon_parallel_executor.executor.parallel:run_until_complete finished with '1'
[2.166s] DEBUG:colcon.colcon_core.event_reactor:joining thread
[2.171s] INFO:colcon.colcon_core.plugin_system:Skipping extension 'colcon_notification.desktop_notification.terminal_notifier': Not used on non-Darwin systems
[2.171s] INFO:colcon.colcon_core.plugin_system:Skipping extension 'colcon_notification.desktop_notification.win32': Not used on non-Windows systems
[2.171s] INFO:colcon.colcon_notification.desktop_notification:Sending desktop notification using 'notify2'
[2.177s] DEBUG:colcon.colcon_core.event_reactor:joined thread
[2.178s] INFO:colcon.colcon_core.shell:Creating prefix script '/home/hans/ar/install/local_setup.ps1'
[2.179s] INFO:colcon.colcon_core.shell:Creating prefix util module '/home/hans/ar/install/_local_setup_util_ps1.py'
[2.180s] INFO:colcon.colcon_core.shell:Creating prefix chain script '/home/hans/ar/install/setup.ps1'
[2.180s] INFO:colcon.colcon_core.shell:Creating prefix script '/home/hans/ar/install/local_setup.sh'
[2.181s] INFO:colcon.colcon_core.shell:Creating prefix util module '/home/hans/ar/install/_local_setup_util_sh.py'
[2.181s] INFO:colcon.colcon_core.shell:Creating prefix chain script '/home/hans/ar/install/setup.sh'
[2.182s] INFO:colcon.colcon_core.shell:Creating prefix script '/home/hans/ar/install/local_setup.bash'
[2.182s] INFO:colcon.colcon_core.shell:Creating prefix chain script '/home/hans/ar/install/setup.bash'
[2.183s] INFO:colcon.colcon_core.shell:Creating prefix script '/home/hans/ar/install/local_setup.zsh'
[2.183s] INFO:colcon.colcon_core.shell:Creating prefix chain script '/home/hans/ar/install/setup.zsh'
