[0.035s] Invoking command in '/home/hans/ar/build/ar_scene': CMAKE_PREFIX_PATH=/opt/ros/humble /usr/bin/cmake /home/hans/ar/ar_src/command/ar_scene -DCMAKE_INSTALL_PREFIX=/home/hans/ar/install/ar_scene
[1.824s] -- The C compiler identification is GNU 11.4.0
[1.824s] -- The CXX compiler identification is GNU 11.4.0
[1.824s] -- Detecting C compiler ABI info
[1.824s] -- Detecting C compiler ABI info - done
[1.824s] -- Check for working C compiler: /usr/bin/cc - skipped
[1.824s] -- Detecting C compile features
[1.824s] -- Detecting C compile features - done
[1.824s] -- Detecting CXX compiler ABI info
[1.824s] -- Detecting CXX compiler ABI info - done
[1.824s] -- Check for working CXX compiler: /usr/bin/c++ - skipped
[1.824s] -- Detecting CXX compile features
[1.824s] -- Detecting CXX compile features - done
[1.824s] -- Found ament_cmake: 1.3.11 (/opt/ros/humble/share/ament_cmake/cmake)
[1.824s] -- Found Python3: /usr/bin/python3 (found version "3.10.12") found components: Interpreter 
[1.824s] -- Found rclcpp: 16.0.12 (/opt/ros/humble/share/rclcpp/cmake)
[1.824s] -- Found rosidl_generator_c: 3.1.6 (/opt/ros/humble/share/rosidl_generator_c/cmake)
[1.824s] -- Found rosidl_adapter: 3.1.6 (/opt/ros/humble/share/rosidl_adapter/cmake)
[1.824s] -- Found rosidl_generator_cpp: 3.1.6 (/opt/ros/humble/share/rosidl_generator_cpp/cmake)
[1.824s] -- Using all available rosidl_typesupport_c: rosidl_typesupport_fastrtps_c;rosidl_typesupport_introspection_c
[1.824s] -- Using all available rosidl_typesupport_cpp: rosidl_typesupport_fastrtps_cpp;rosidl_typesupport_introspection_cpp
[1.839s] -- Found rmw_implementation_cmake: 6.1.2 (/opt/ros/humble/share/rmw_implementation_cmake/cmake)
[1.841s] -- Found rmw_fastrtps_cpp: 6.2.7 (/opt/ros/humble/share/rmw_fastrtps_cpp/cmake)
[2.145s] -- Found OpenSSL: /usr/lib/x86_64-linux-gnu/libcrypto.so (found version "3.0.2")  
[2.181s] -- Found FastRTPS: /opt/ros/humble/include  
[2.255s] -- Using RMW implementation 'rmw_fastrtps_cpp' as default
[2.265s] -- Looking for pthread.h
[2.493s] -- Looking for pthread.h - found
[2.494s] -- Performing Test CMAKE_HAVE_LIBC_PTHREAD
[2.764s] -- Performing Test CMAKE_HAVE_LIBC_PTHREAD - Success
[2.768s] -- Found Threads: TRUE  
[2.830s] -- Found ament_lint_auto: 0.12.12 (/opt/ros/humble/share/ament_lint_auto/cmake)
[2.951s] -- Added test 'cppcheck' to perform static code analysis on C / C++ code
[2.951s] -- Configured cppcheck include dirs: 
[2.951s] -- Configured cppcheck exclude dirs and/or files: 
[2.951s] -- Added test 'lint_cmake' to check CMake code style
[2.951s] -- Added test 'uncrustify' to check C / C++ code style
[2.951s] -- Configured uncrustify additional arguments: 
[2.951s] -- Added test 'xmllint' to check XML markup files
[2.954s] -- Configuring done
[2.969s] -- Generating done
[2.969s] -- Build files have been written to: /home/hans/ar/build/ar_scene
[3.047s] Invoked command in '/home/hans/ar/build/ar_scene' returned '0': CMAKE_PREFIX_PATH=/opt/ros/humble /usr/bin/cmake /home/hans/ar/ar_src/command/ar_scene -DCMAKE_INSTALL_PREFIX=/home/hans/ar/install/ar_scene
[3.048s] Invoking command in '/home/hans/ar/build/ar_scene': CMAKE_PREFIX_PATH=/opt/ros/humble /usr/bin/cmake --build /home/hans/ar/build/ar_scene -- -j12 -l12
[3.224s] Invoked command in '/home/hans/ar/build/ar_scene' returned '0': CMAKE_PREFIX_PATH=/opt/ros/humble /usr/bin/cmake --build /home/hans/ar/build/ar_scene -- -j12 -l12
[3.225s] Invoking command in '/home/hans/ar/build/ar_scene': CMAKE_PREFIX_PATH=/opt/ros/humble /usr/bin/cmake --install /home/hans/ar/build/ar_scene
[3.244s] -- Install configuration: ""
[3.244s] -- Installing: /home/hans/ar/install/ar_scene/share/ament_index/resource_index/package_run_dependencies/ar_scene
[3.244s] -- Installing: /home/hans/ar/install/ar_scene/share/ament_index/resource_index/parent_prefix_path/ar_scene
[3.244s] -- Installing: /home/hans/ar/install/ar_scene/share/ar_scene/environment/ament_prefix_path.sh
[3.244s] -- Installing: /home/hans/ar/install/ar_scene/share/ar_scene/environment/ament_prefix_path.dsv
[3.244s] -- Installing: /home/hans/ar/install/ar_scene/share/ar_scene/environment/path.sh
[3.244s] -- Installing: /home/hans/ar/install/ar_scene/share/ar_scene/environment/path.dsv
[3.244s] -- Installing: /home/hans/ar/install/ar_scene/share/ar_scene/local_setup.bash
[3.244s] -- Installing: /home/hans/ar/install/ar_scene/share/ar_scene/local_setup.sh
[3.244s] -- Installing: /home/hans/ar/install/ar_scene/share/ar_scene/local_setup.zsh
[3.245s] -- Installing: /home/hans/ar/install/ar_scene/share/ar_scene/local_setup.dsv
[3.245s] -- Installing: /home/hans/ar/install/ar_scene/share/ar_scene/package.dsv
[3.245s] -- Installing: /home/hans/ar/install/ar_scene/share/ament_index/resource_index/packages/ar_scene
[3.245s] -- Installing: /home/hans/ar/install/ar_scene/share/ar_scene/cmake/ar_sceneConfig.cmake
[3.245s] -- Installing: /home/hans/ar/install/ar_scene/share/ar_scene/cmake/ar_sceneConfig-version.cmake
[3.245s] -- Installing: /home/hans/ar/install/ar_scene/share/ar_scene/package.xml
[3.268s] Invoked command in '/home/hans/ar/build/ar_scene' returned '0': CMAKE_PREFIX_PATH=/opt/ros/humble /usr/bin/cmake --install /home/hans/ar/build/ar_scene
