[0mar_control: You did not request a specific build type: Choosing 'Release' for maximum performance[0m
In file included from [01m[K/home/hans/ar/ar_src/command/ar_control/test/ar_control_client_server_test.cpp:1[m[K:
[01m[K/home/hans/ar/ar_src/command/ar_control/include/ar_control_client.h:15:10:[m[K [01;31m[Kfatal error: [m[Krclcpp_components/register_node_macro.hpp: No such file or directory
   15 | #include [01;31m[K"rclcpp_components/register_node_macro.hpp"[m[K
      |          [01;31m[K^~~~~~~~~~~~~~~~~~~~~~~~~~~~~~~~~~~~~~~~~~~[m[K
compilation terminated.
gmake[2]: *** [CMakeFiles/ar_control_client_server_test.dir/build.make:76: CMakeFiles/ar_control_client_server_test.dir/test/ar_control_client_server_test.cpp.o] Error 1
gmake[1]: *** [CMakeFiles/Makefile2:221: CMakeFiles/ar_control_client_server_test.dir/all] Error 2
gmake[1]: *** Waiting for unfinished jobs....
In file included from [01m[K/home/hans/ar/ar_src/command/ar_control/src/ar_control_client.cpp:1[m[K:
[01m[K/home/hans/ar/ar_src/command/ar_control/include/ar_control_client.h:31:126:[m[K [01;31m[Kerror: [m[Kexpected ‘[01m[K;[m[K’ at end of member declaration
   31 |                                                                    const rclcpp::NodeOptions& options = rclcpp::NodeOptions()[01;31m[K)[m[K
      |                                                                                                                              [01;31m[K^[m[K
      |                                                                                                                               [32m[K;[m[K
In file included from [01m[K/home/hans/ar/ar_src/command/ar_control/src/ar_control_client.cpp:1[m[K:
[01m[K/home/hans/ar/ar_src/command/ar_control/include/ar_control_client.h:31:126:[m[K [01;31m[Kerror: [m[Kexpected ‘[01m[K;[m[K’ at end of member declaration
   31 |                                           const rclcpp::NodeOptions& options = rclcpp::NodeOptions()[01;31m[K)[m[K
      |                                                                                                     [01;31m[K^[m[K
      |                                                                                                      [32m[K;[m[K
In file included from [01m[K/home/hans/ar/ar_src/command/ar_control/src/ar_control_client.cpp:1[m[K:
[01m[K/home/hans/ar/ar_src/command/ar_control/include/ar_control_client.h:31:126:[m[K [01;31m[Kerror: [m[Kexpected ‘[01m[K;[m[K’ at end of member declaration
   31 |                                                                    const rclcpp::NodeOptions& options = rclcpp::NodeOptions()[01;31m[K)[m[K
      |                                                                                                                              [01;31m[K^[m[K
      |                                                                                                                               [32m[K;[m[K
gmake[2]: *** [CMakeFiles/ar_control_server.dir/build.make:76: CMakeFiles/ar_control_server.dir/src/ar_control_client.cpp.o] Error 1
gmake[2]: *** Waiting for unfinished jobs....
gmake[2]: *** [CMakeFiles/ar_control.dir/build.make:76: CMakeFiles/ar_control.dir/src/ar_control_client.cpp.o] Error 1
gmake[2]: *** Waiting for unfinished jobs....
gmake[2]: *** [CMakeFiles/ar_control_client.dir/build.make:76: CMakeFiles/ar_control_client.dir/src/ar_control_client.cpp.o] Error 1
gmake[1]: *** [CMakeFiles/Makefile2:195: CMakeFiles/ar_control_client.dir/all] Error 2
In file included from [01m[K/home/hans/ar/ar_src/command/ar_control/src/ar_control_server.cpp:4[m[K:
[01m[K/home/hans/ar/ar_src/command/ar_control/include/ar_hardware_interface.h:37:17:[m[K [01;31m[Kerror: [m[K‘[01m[KArDrives[m[K’ does not name a type
   37 |                 [01;31m[KArDrives[m[K ar_drives;
      |                 [01;31m[K^~~~~~~~[m[K
[01m[K/home/hans/ar/ar_src/command/ar_control/include/ar_hardware_interface.h:45:17:[m[K [01;31m[Kerror: [m[K‘[01m[Kar_master[m[K’ does not name a type
   45 |                 [01;31m[Kar_master[m[K::Protocol* protocol_manager_;
      |                 [01;31m[K^~~~~~~~~[m[K
[01m[K/home/hans/ar/ar_src/command/ar_control/src/ar_control_server.cpp:[m[K In member function ‘[01m[Kvoid ar_control::ArControlServer::incomingDisplayTrajectory(moveit_msgs::msg::DisplayTrajectory_<std::allocator<void> >::ConstSharedPtr)[m[K’:
[01m[K/home/hans/ar/ar_src/command/ar_control/src/ar_control_server.cpp:32:24:[m[K [01;31m[Kerror: [m[K‘[01m[Kclass ar_control::ArHardwareInterface[m[K’ has no member named ‘[01m[Kmove[m[K’
   32 |                 robot->[01;31m[Kmove[m[K("", msg->trajectory[0].joint_trajectory, status);
      |                        [01;31m[K^~~~[m[K
[01m[K/home/hans/ar/ar_src/command/ar_control/src/ar_control_server.cpp:[m[K In member function ‘[01m[Kvoid ar_control::ArControlServer::execute(std::shared_ptr<rclcpp_action::ServerGoalHandle<ar_action::action::ArControl> >)[m[K’:
[01m[K/home/hans/ar/ar_src/command/ar_control/src/ar_control_server.cpp:92:52:[m[K [01;31m[Kerror: [m[K‘[01m[KSUCCESS[m[K’ is not a member of ‘[01m[Kar_control::ControlErrorCode[m[K’
   92 |                         status = ControlErrorCode::[01;31m[KSUCCESS[m[K;
      |                                                    [01;31m[K^~~~~~~[m[K
[01m[K/home/hans/ar/ar_src/command/ar_control/src/ar_control_server.cpp:99:40:[m[K [01;31m[Kerror: [m[K‘[01m[Kclass ar_control::ArHardwareInterface[m[K’ has no member named ‘[01m[Kmove[m[K’
   99 |                                 robot->[01;31m[Kmove[m[K(goal->planning_group, goal->trajectory, status);
      |                                        [01;31m[K^~~~[m[K
[01m[K/home/hans/ar/ar_src/command/ar_control/src/ar_control_server.cpp:102:60:[m[K [01;31m[Kerror: [m[K‘[01m[KSUCCESS[m[K’ is not a member of ‘[01m[Kar_control::ControlErrorCode[m[K’
  102 |                                 status = ControlErrorCode::[01;31m[KSUCCESS[m[K;
      |                                                            [01;31m[K^~~~~~~[m[K
In file included from [01m[K/home/hans/ar/ar_src/command/ar_control/src/ar_hardware_interface.cpp:1[m[K:
[01m[K/home/hans/ar/ar_src/command/ar_control/include/ar_hardware_interface.h:37:17:[m[K [01;31m[Kerror: [m[K‘[01m[KArDrives[m[K’ does not name a type
   37 |                 [01;31m[KArDrives[m[K ar_drives;
      |                 [01;31m[K^~~~~~~~[m[K
[01m[K/home/hans/ar/ar_src/command/ar_control/include/ar_hardware_interface.h:45:17:[m[K [01;31m[Kerror: [m[K‘[01m[Kar_master[m[K’ does not name a type
   45 |                 [01;31m[Kar_master[m[K::Protocol* protocol_manager_;
      |                 [01;31m[K^~~~~~~~~[m[K
[01m[K/home/hans/ar/ar_src/command/ar_control/src/ar_hardware_interface.cpp:[m[K In constructor ‘[01m[Kar_control::ArHardwareInterface::ArHardwareInterface(bool, bool)[m[K’:
[01m[K/home/hans/ar/ar_src/command/ar_control/src/ar_hardware_interface.cpp:25:9:[m[K [01;31m[Kerror: [m[K‘[01m[Kar_hardware_interface_node_[m[K’ was not declared in this scope; did you mean ‘[01m[KArHardwareInterface[m[K’?
   25 |         [01;31m[Kar_hardware_interface_node_[m[K = rclcpp::Node::make_shared("ar_hardware_interface_node",
      |         [01;31m[K^~~~~~~~~~~~~~~~~~~~~~~~~~~[m[K
      |         [32m[KArHardwareInterface[m[K
[01m[K/home/hans/ar/ar_src/command/ar_control/src/ar_hardware_interface.cpp:26:88:[m[K [01;31m[Kerror: [m[K‘[01m[Kautomatically_declare_parameters_from_overrides[m[K’ was not declared in this scope
   26 |                                                                 rclcpp::NodeOptions(), [01;31m[Kautomatically_declare_parameters_from_overrides[m[K(true));
      |                                                                                        [01;31m[K^~~~~~~~~~~~~~~~~~~~~~~~~~~~~~~~~~~~~~~~~~~~~~~[m[K
In file included from [01m[K/opt/ros/humble/include/rclcpp/rclcpp/client.hpp:40[m[K,
                 from [01m[K/opt/ros/humble/include/rclcpp/rclcpp/callback_group.hpp:24[m[K,
                 from [01m[K/opt/ros/humble/include/rclcpp/rclcpp/any_executable.hpp:20[m[K,
                 from [01m[K/opt/ros/humble/include/rclcpp/rclcpp/memory_strategy.hpp:25[m[K,
                 from [01m[K/opt/ros/humble/include/rclcpp/rclcpp/memory_strategies.hpp:18[m[K,
                 from [01m[K/opt/ros/humble/include/rclcpp/rclcpp/executor_options.hpp:20[m[K,
                 from [01m[K/opt/ros/humble/include/rclcpp/rclcpp/executor.hpp:37[m[K,
                 from [01m[K/opt/ros/humble/include/rclcpp/rclcpp/executors/multi_threaded_executor.hpp:25[m[K,
                 from [01m[K/opt/ros/humble/include/rclcpp/rclcpp/executors.hpp:21[m[K,
                 from [01m[K/opt/ros/humble/include/rclcpp/rclcpp/rclcpp.hpp:155[m[K,
                 from [01m[K/home/hans/ar/ar_src/command/ar_control/include/ar_control_server.h:12[m[K,
                 from [01m[K/home/hans/ar/ar_src/command/ar_control/include/ar_hardware_interface.h:11[m[K,
                 from [01m[K/home/hans/ar/ar_src/command/ar_control/src/ar_hardware_interface.cpp:1[m[K:
[01m[K/home/hans/ar/ar_src/command/ar_control/src/ar_hardware_interface.cpp:30:13:[m[K [01;31m[Kerror: [m[Ktemplate argument 1 is invalid
   30 |             [01;31m[KRCLCPP_ERROR[m[K(ar_hardware_interface_node_->get_logger(), "Parameter 'robot_description' not found.");
      |             [01;31m[K^~~~~~~~~~~~[m[K
[01m[K/home/hans/ar/ar_src/command/ar_control/src/ar_hardware_interface.cpp:30:13:[m[K [01;31m[Kerror: [m[Ktemplate argument 1 is invalid
   30 |             [01;31m[KRCLCPP_ERROR[m[K(ar_hardware_interface_node_->get_logger(), "Parameter 'robot_description' not found.");
      |             [01;31m[K^~~~~~~~~~~~[m[K
[01m[K/home/hans/ar/ar_src/command/ar_control/src/ar_hardware_interface.cpp:30:13:[m[K [01;31m[Kerror: [m[Ktemplate argument 1 is invalid
   30 |             [01;31m[KRCLCPP_ERROR[m[K(ar_hardware_interface_node_->get_logger(), "Parameter 'robot_description' not found.");
      |             [01;31m[K^~~~~~~~~~~~[m[K
[01m[K/home/hans/ar/ar_src/command/ar_control/src/ar_hardware_interface.cpp:35:13:[m[K [01;31m[Kerror: [m[Ktemplate argument 1 is invalid
   35 |             [01;31m[KRCLCPP_ERROR[m[K(ar_hardware_interface_node_->get_logger(), "Failed to parse URDF model.");
      |             [01;31m[K^~~~~~~~~~~~[m[K
[01m[K/home/hans/ar/ar_src/command/ar_control/src/ar_hardware_interface.cpp:35:13:[m[K [01;31m[Kerror: [m[Ktemplate argument 1 is invalid
   35 |             [01;31m[KRCLCPP_ERROR[m[K(ar_hardware_interface_node_->get_logger(), "Failed to parse URDF model.");
      |             [01;31m[K^~~~~~~~~~~~[m[K
[01m[K/home/hans/ar/ar_src/command/ar_control/src/ar_hardware_interface.cpp:35:13:[m[K [01;31m[Kerror: [m[Ktemplate argument 1 is invalid
   35 |             [01;31m[KRCLCPP_ERROR[m[K(ar_hardware_interface_node_->get_logger(), "Failed to parse URDF model.");
      |             [01;31m[K^~~~~~~~~~~~[m[K
[01m[K/home/hans/ar/ar_src/command/ar_control/src/ar_hardware_interface.cpp:[m[K In member function ‘[01m[Kvoid ar_control::ArHardwareInterface::shutdown()[m[K’:
[01m[K/home/hans/ar/ar_src/command/ar_control/src/ar_hardware_interface.cpp:54:27:[m[K [01;31m[Kerror: [m[K‘[01m[Kdrives[m[K’ was not declared in this scope; did you mean ‘[01m[Kdrive[m[K’?
   54 |         for (auto drive : [01;31m[Kdrives[m[K)
      |                           [01;31m[K^~~~~~[m[K
      |                           [32m[Kdrive[m[K
[01m[K/home/hans/ar/ar_src/command/ar_control/src/ar_hardware_interface.cpp:[m[K In member function ‘[01m[Kvoid ar_control::ArHardwareInterface::readConfigFromYaml(std::string)[m[K’:
[01m[K/home/hans/ar/ar_src/command/ar_control/src/ar_hardware_interface.cpp:95:13:[m[K [01;31m[Kerror: [m[K‘[01m[KDriveParameters[m[K’ was not declared in this scope
   95 |             [01;31m[KDriveParameters[m[K driveParams;
      |             [01;31m[K^~~~~~~~~~~~~~~[m[K
[01m[K/home/hans/ar/ar_src/command/ar_control/src/ar_hardware_interface.cpp:97:13:[m[K [01;31m[Kerror: [m[K‘[01m[KdriveParams[m[K’ was not declared in this scope
   97 |             [01;31m[KdriveParams[m[K.drive_id = stringToId(drive_id);
      |             [01;31m[K^~~~~~~~~~~[m[K
[01m[K/home/hans/ar/ar_src/command/ar_control/src/ar_hardware_interface.cpp:97:36:[m[K [01;31m[Kerror: [m[K‘[01m[KstringToId[m[K’ was not declared in this scope; did you mean ‘[01m[Kar_utils::stringToId[m[K’?
   97 |             driveParams.drive_id = [01;31m[KstringToId[m[K(drive_id);
      |                                    [01;31m[K^~~~~~~~~~[m[K
      |                                    [32m[Kar_utils::stringToId[m[K
In file included from [01m[K/home/hans/ar/ar_src/command/ar_control/include/ar_control_server.h:19[m[K,
                 from [01m[K/home/hans/ar/ar_src/command/ar_control/include/ar_hardware_interface.h:11[m[K,
                 from [01m[K/home/hans/ar/ar_src/command/ar_control/src/ar_hardware_interface.cpp:1[m[K:
[01m[K/home/hans/ar/install/ar_utils/include/ar_utils.h:31:13:[m[K [01;36m[Knote: [m[K‘[01m[Kar_utils::stringToId[m[K’ declared here
   31 |         int [01;36m[KstringToId[m[K(std::string str);
      |             [01;36m[K^~~~~~~~~~[m[K
[01m[K/home/hans/ar/ar_src/command/ar_control/src/ar_hardware_interface.cpp:101:39:[m[K [01;31m[Kerror: [m[K‘[01m[KNO_COMM[m[K’ was not declared in this scope; did you mean ‘[01m[KECOMM[m[K’?
  101 |                 driveParams.port_id = [01;31m[KNO_COMM[m[K;
      |                                       [01;31m[K^~~~~~~[m[K
      |                                       [32m[KECOMM[m[K
[01m[K/home/hans/ar/ar_src/command/ar_control/src/ar_hardware_interface.cpp:103:45:[m[K [01;31m[Kerror: [m[K‘[01m[KPORT_UART[m[K’ was not declared in this scope
  103 |             else if (driveParams.port_id == [01;31m[KPORT_UART[m[K)
      |                                             [01;31m[K^~~~~~~~~[m[K
[01m[K/home/hans/ar/ar_src/command/ar_control/src/ar_hardware_interface.cpp:107:45:[m[K [01;31m[Kerror: [m[K‘[01m[KPORT_CAN[m[K’ was not declared in this scope
  107 |             else if (driveParams.port_id == [01;31m[KPORT_CAN[m[K)
      |                                             [01;31m[K^~~~~~~~[m[K
In file included from [01m[K/opt/ros/humble/include/rclcpp/rclcpp/client.hpp:40[m[K,
                 from [01m[K/opt/ros/humble/include/rclcpp/rclcpp/callback_group.hpp:24[m[K,
                 from [01m[K/opt/ros/humble/include/rclcpp/rclcpp/any_executable.hpp:20[m[K,
                 from [01m[K/opt/ros/humble/include/rclcpp/rclcpp/memory_strategy.hpp:25[m[K,
                 from [01m[K/opt/ros/humble/include/rclcpp/rclcpp/memory_strategies.hpp:18[m[K,
                 from [01m[K/opt/ros/humble/include/rclcpp/rclcpp/executor_options.hpp:20[m[K,
                 from [01m[K/opt/ros/humble/include/rclcpp/rclcpp/executor.hpp:37[m[K,
                 from [01m[K/opt/ros/humble/include/rclcpp/rclcpp/executors/multi_threaded_executor.hpp:25[m[K,
                 from [01m[K/opt/ros/humble/include/rclcpp/rclcpp/executors.hpp:21[m[K,
                 from [01m[K/opt/ros/humble/include/rclcpp/rclcpp/rclcpp.hpp:155[m[K,
                 from [01m[K/home/hans/ar/ar_src/command/ar_control/include/ar_control_server.h:12[m[K,
                 from [01m[K/home/hans/ar/ar_src/command/ar_control/include/ar_hardware_interface.h:11[m[K,
                 from [01m[K/home/hans/ar/ar_src/command/ar_control/src/ar_hardware_interface.cpp:1[m[K:
[01m[K/home/hans/ar/ar_src/command/ar_control/src/ar_hardware_interface.cpp:113:30:[m[K [01;31m[Kerror: [m[K‘[01m[Kar_hardware_interface_node_[m[K’ was not declared in this scope; did you mean ‘[01m[KArHardwareInterface[m[K’?
  113 |                 RCLCPP_ERROR([01;31m[Kar_hardware_interface_node_[m[K->get_logger(), "Invalid port ID: %d", driveParams.port_id);
      |                              [01;31m[K^~~~~~~~~~~~~~~~~~~~~~~~~~~[m[K
[01m[K/home/hans/ar/ar_src/command/ar_control/src/ar_hardware_interface.cpp:113:17:[m[K [01;31m[Kerror: [m[Ktemplate argument 1 is invalid
  113 |                 [01;31m[KRCLCPP_ERROR[m[K(ar_hardware_interface_node_->get_logger(), "Invalid port ID: %d", driveParams.port_id);
      |                 [01;31m[K^~~~~~~~~~~~[m[K
[01m[K/home/hans/ar/ar_src/command/ar_control/src/ar_hardware_interface.cpp:113:17:[m[K [01;31m[Kerror: [m[Ktemplate argument 1 is invalid
  113 |                 [01;31m[KRCLCPP_ERROR[m[K(ar_hardware_interface_node_->get_logger(), "Invalid port ID: %d", driveParams.port_id);
      |                 [01;31m[K^~~~~~~~~~~~[m[K
[01m[K/home/hans/ar/ar_src/command/ar_control/src/ar_hardware_interface.cpp:113:17:[m[K [01;31m[Kerror: [m[Ktemplate argument 1 is invalid
  113 |                 [01;31m[KRCLCPP_ERROR[m[K(ar_hardware_interface_node_->get_logger(), "Invalid port ID: %d", driveParams.port_id);
      |                 [01;31m[K^~~~~~~~~~~~[m[K
[01m[K/home/hans/ar/ar_src/command/ar_control/src/ar_hardware_interface.cpp:117:17:[m[K [01;31m[Kerror: [m[K‘[01m[KJointParameters[m[K’ was not declared in this scope
  117 |                 [01;31m[KJointParameters[m[K jointParams;
      |                 [01;31m[K^~~~~~~~~~~~~~~[m[K
[01m[K/home/hans/ar/ar_src/command/ar_control/src/ar_hardware_interface.cpp:118:17:[m[K [01;31m[Kerror: [m[K‘[01m[KjointParams[m[K’ was not declared in this scope
  118 |                 [01;31m[KjointParams[m[K.joint_name = jt->first.as<std::string>();
      |                 [01;31m[K^~~~~~~~~~~[m[K
[01m[K/home/hans/ar/ar_src/command/ar_control/src/ar_hardware_interface.cpp:132:13:[m[K [01;31m[Kerror: [m[K‘[01m[Kar_drives[m[K’ was not declared in this scope; did you mean ‘[01m[Kdrives[m[K’?
  132 |             [01;31m[Kar_drives[m[K.drive_parameters.push_back(driveParams);
      |             [01;31m[K^~~~~~~~~[m[K
      |             [32m[Kdrives[m[K
[01m[K/home/hans/ar/ar_src/command/ar_control/src/ar_hardware_interface.cpp:135:19:[m[K [01;31m[Kerror: [m[K‘[01m[Kar_drives[m[K’ was not declared in this scope; did you mean ‘[01m[Kdrives[m[K’?
  135 |         std::sort([01;31m[Kar_drives[m[K.drive_parameters.begin(), ar_drives.drive_parameters.end(),
      |                   [01;31m[K^~~~~~~~~[m[K
      |                   [32m[Kdrives[m[K
In file included from [01m[K/home/hans/ar/ar_src/command/ar_control/src/ar_control_server.cpp:4[m[K:
[01m[K/home/hans/ar/ar_src/command/ar_control/include/ar_hardware_interface.h:37:17:[m[K [01;31m[Kerror: [m[K‘[01m[KArDrives[m[K’ does not name a type
   37 |                 [01;31m[KArDrives[m[K ar_drives;
      |                 [01;31m[K^~~~~~~~[m[K
In file included from [01m[K/home/hans/ar/ar_src/command/ar_control/src/ar_hardware_interface.cpp:1[m[K:
[01m[K/home/hans/ar/ar_src/command/ar_control/include/ar_hardware_interface.h:37:17:[m[K [01;31m[Kerror: [m[K‘[01m[KArDrives[m[K’ does not name a type
   37 |                 [01;31m[KArDrives[m[K ar_drives;
      |                 [01;31m[K^~~~~~~~[m[K
[01m[K/home/hans/ar/ar_src/command/ar_control/include/ar_hardware_interface.h:45:17:[m[K [01;31m[Kerror: [m[K‘[01m[Kar_master[m[K’ does not name a type
   45 |                 [01;31m[Kar_master[m[K::Protocol* protocol_manager_;
      |                 [01;31m[K^~~~~~~~~[m[K
[01m[K/home/hans/ar/ar_src/command/ar_control/include/ar_hardware_interface.h:45:17:[m[K [01;31m[Kerror: [m[K‘[01m[Kar_master[m[K’ does not name a type
   45 |                 [01;31m[Kar_master[m[K::Protocol* protocol_manager_;
      |                 [01;31m[K^~~~~~~~~[m[K
[01m[K/home/hans/ar/ar_src/command/ar_control/src/ar_control_server.cpp:[m[K In member function ‘[01m[Kvoid ar_control::ArControlServer::incomingDisplayTrajectory(moveit_msgs::msg::DisplayTrajectory_<std::allocator<void> >::ConstSharedPtr)[m[K’:
[01m[K/home/hans/ar/ar_src/command/ar_control/src/ar_control_server.cpp:32:24:[m[K [01;31m[Kerror: [m[K‘[01m[Kclass ar_control::ArHardwareInterface[m[K’ has no member named ‘[01m[Kmove[m[K’
   32 |                 robot->[01;31m[Kmove[m[K("", msg->trajectory[0].joint_trajectory, status);
      |                        [01;31m[K^~~~[m[K
[01m[K/home/hans/ar/ar_src/command/ar_control/src/ar_hardware_interface.cpp:[m[K In constructor ‘[01m[Kar_control::ArHardwareInterface::ArHardwareInterface(bool, bool)[m[K’:
[01m[K/home/hans/ar/ar_src/command/ar_control/src/ar_hardware_interface.cpp:25:9:[m[K [01;31m[Kerror: [m[K‘[01m[Kar_hardware_interface_node_[m[K’ was not declared in this scope; did you mean ‘[01m[KArHardwareInterface[m[K’?
   25 |         [01;31m[Kar_hardware_interface_node_[m[K = rclcpp::Node::make_shared("ar_hardware_interface_node",
      |         [01;31m[K^~~~~~~~~~~~~~~~~~~~~~~~~~~[m[K
      |         [32m[KArHardwareInterface[m[K
[01m[K/home/hans/ar/ar_src/command/ar_control/src/ar_control_server.cpp:[m[K In member function ‘[01m[Kvoid ar_control::ArControlServer::execute(std::shared_ptr<rclcpp_action::ServerGoalHandle<ar_action::action::ArControl> >)[m[K’:
[01m[K/home/hans/ar/ar_src/command/ar_control/src/ar_control_server.cpp:92:52:[m[K [01;31m[Kerror: [m[K‘[01m[KSUCCESS[m[K’ is not a member of ‘[01m[Kar_control::ControlErrorCode[m[K’
   92 |                         status = ControlErrorCode::[01;31m[KSUCCESS[m[K;
      |                                                    [01;31m[K^~~~~~~[m[K
[01m[K/home/hans/ar/ar_src/command/ar_control/src/ar_control_server.cpp:99:40:[m[K [01;31m[Kerror: [m[K‘[01m[Kclass ar_control::ArHardwareInterface[m[K’ has no member named ‘[01m[Kmove[m[K’
   99 |                                 robot->[01;31m[Kmove[m[K(goal->planning_group, goal->trajectory, status);
      |                                        [01;31m[K^~~~[m[K
[01m[K/home/hans/ar/ar_src/command/ar_control/src/ar_control_server.cpp:102:60:[m[K [01;31m[Kerror: [m[K‘[01m[KSUCCESS[m[K’ is not a member of ‘[01m[Kar_control::ControlErrorCode[m[K’
  102 |                                 status = ControlErrorCode::[01;31m[KSUCCESS[m[K;
      |                                                            [01;31m[K^~~~~~~[m[K
[01m[K/home/hans/ar/ar_src/command/ar_control/src/ar_hardware_interface.cpp:26:88:[m[K [01;31m[Kerror: [m[K‘[01m[Kautomatically_declare_parameters_from_overrides[m[K’ was not declared in this scope
   26 |                                                                 rclcpp::NodeOptions(), [01;31m[Kautomatically_declare_parameters_from_overrides[m[K(true));
      |                                                                                        [01;31m[K^~~~~~~~~~~~~~~~~~~~~~~~~~~~~~~~~~~~~~~~~~~~~~~[m[K
In file included from [01m[K/opt/ros/humble/include/rclcpp/rclcpp/client.hpp:40[m[K,
                 from [01m[K/opt/ros/humble/include/rclcpp/rclcpp/callback_group.hpp:24[m[K,
                 from [01m[K/opt/ros/humble/include/rclcpp/rclcpp/any_executable.hpp:20[m[K,
                 from [01m[K/opt/ros/humble/include/rclcpp/rclcpp/memory_strategy.hpp:25[m[K,
                 from [01m[K/opt/ros/humble/include/rclcpp/rclcpp/memory_strategies.hpp:18[m[K,
                 from [01m[K/opt/ros/humble/include/rclcpp/rclcpp/executor_options.hpp:20[m[K,
                 from [01m[K/opt/ros/humble/include/rclcpp/rclcpp/executor.hpp:37[m[K,
                 from [01m[K/opt/ros/humble/include/rclcpp/rclcpp/executors/multi_threaded_executor.hpp:25[m[K,
                 from [01m[K/opt/ros/humble/include/rclcpp/rclcpp/executors.hpp:21[m[K,
                 from [01m[K/opt/ros/humble/include/rclcpp/rclcpp/rclcpp.hpp:155[m[K,
                 from [01m[K/home/hans/ar/ar_src/command/ar_control/include/ar_control_server.h:12[m[K,
                 from [01m[K/home/hans/ar/ar_src/command/ar_control/include/ar_hardware_interface.h:11[m[K,
                 from [01m[K/home/hans/ar/ar_src/command/ar_control/src/ar_hardware_interface.cpp:1[m[K:
[01m[K/home/hans/ar/ar_src/command/ar_control/src/ar_hardware_interface.cpp:30:13:[m[K [01;31m[Kerror: [m[Ktemplate argument 1 is invalid
   30 |             [01;31m[KRCLCPP_ERROR[m[K(ar_hardware_interface_node_->get_logger(), "Parameter 'robot_description' not found.");
      |             [01;31m[K^~~~~~~~~~~~[m[K
[01m[K/home/hans/ar/ar_src/command/ar_control/src/ar_hardware_interface.cpp:30:13:[m[K [01;31m[Kerror: [m[Ktemplate argument 1 is invalid
   30 |             [01;31m[KRCLCPP_ERROR[m[K(ar_hardware_interface_node_->get_logger(), "Parameter 'robot_description' not found.");
      |             [01;31m[K^~~~~~~~~~~~[m[K
[01m[K/home/hans/ar/ar_src/command/ar_control/src/ar_hardware_interface.cpp:30:13:[m[K [01;31m[Kerror: [m[Ktemplate argument 1 is invalid
   30 |             [01;31m[KRCLCPP_ERROR[m[K(ar_hardware_interface_node_->get_logger(), "Parameter 'robot_description' not found.");
      |             [01;31m[K^~~~~~~~~~~~[m[K
[01m[K/home/hans/ar/ar_src/command/ar_control/src/ar_hardware_interface.cpp:35:13:[m[K [01;31m[Kerror: [m[Ktemplate argument 1 is invalid
   35 |             [01;31m[KRCLCPP_ERROR[m[K(ar_hardware_interface_node_->get_logger(), "Failed to parse URDF model.");
      |             [01;31m[K^~~~~~~~~~~~[m[K
[01m[K/home/hans/ar/ar_src/command/ar_control/src/ar_hardware_interface.cpp:35:13:[m[K [01;31m[Kerror: [m[Ktemplate argument 1 is invalid
   35 |             [01;31m[KRCLCPP_ERROR[m[K(ar_hardware_interface_node_->get_logger(), "Failed to parse URDF model.");
      |             [01;31m[K^~~~~~~~~~~~[m[K
[01m[K/home/hans/ar/ar_src/command/ar_control/src/ar_hardware_interface.cpp:35:13:[m[K [01;31m[Kerror: [m[Ktemplate argument 1 is invalid
   35 |             [01;31m[KRCLCPP_ERROR[m[K(ar_hardware_interface_node_->get_logger(), "Failed to parse URDF model.");
      |             [01;31m[K^~~~~~~~~~~~[m[K
[01m[K/home/hans/ar/ar_src/command/ar_control/src/ar_hardware_interface.cpp:[m[K In member function ‘[01m[Kvoid ar_control::ArHardwareInterface::shutdown()[m[K’:
[01m[K/home/hans/ar/ar_src/command/ar_control/src/ar_hardware_interface.cpp:54:27:[m[K [01;31m[Kerror: [m[K‘[01m[Kdrives[m[K’ was not declared in this scope; did you mean ‘[01m[Kdrive[m[K’?
   54 |         for (auto drive : [01;31m[Kdrives[m[K)
      |                           [01;31m[K^~~~~~[m[K
      |                           [32m[Kdrive[m[K
[01m[K/home/hans/ar/ar_src/command/ar_control/src/ar_hardware_interface.cpp:[m[K In member function ‘[01m[Kvoid ar_control::ArHardwareInterface::readConfigFromYaml(std::string)[m[K’:
[01m[K/home/hans/ar/ar_src/command/ar_control/src/ar_hardware_interface.cpp:95:13:[m[K [01;31m[Kerror: [m[K‘[01m[KDriveParameters[m[K’ was not declared in this scope
   95 |             [01;31m[KDriveParameters[m[K driveParams;
      |             [01;31m[K^~~~~~~~~~~~~~~[m[K
[01m[K/home/hans/ar/ar_src/command/ar_control/src/ar_hardware_interface.cpp:97:13:[m[K [01;31m[Kerror: [m[K‘[01m[KdriveParams[m[K’ was not declared in this scope
   97 |             [01;31m[KdriveParams[m[K.drive_id = stringToId(drive_id);
      |             [01;31m[K^~~~~~~~~~~[m[K
[01m[K/home/hans/ar/ar_src/command/ar_control/src/ar_hardware_interface.cpp:97:36:[m[K [01;31m[Kerror: [m[K‘[01m[KstringToId[m[K’ was not declared in this scope; did you mean ‘[01m[Kar_utils::stringToId[m[K’?
   97 |             driveParams.drive_id = [01;31m[KstringToId[m[K(drive_id);
      |                                    [01;31m[K^~~~~~~~~~[m[K
      |                                    [32m[Kar_utils::stringToId[m[K
In file included from [01m[K/home/hans/ar/ar_src/command/ar_control/include/ar_control_server.h:19[m[K,
                 from [01m[K/home/hans/ar/ar_src/command/ar_control/include/ar_hardware_interface.h:11[m[K,
                 from [01m[K/home/hans/ar/ar_src/command/ar_control/src/ar_hardware_interface.cpp:1[m[K:
[01m[K/home/hans/ar/install/ar_utils/include/ar_utils.h:31:13:[m[K [01;36m[Knote: [m[K‘[01m[Kar_utils::stringToId[m[K’ declared here
   31 |         int [01;36m[KstringToId[m[K(std::string str);
      |             [01;36m[K^~~~~~~~~~[m[K
[01m[K/home/hans/ar/ar_src/command/ar_control/src/ar_hardware_interface.cpp:101:39:[m[K [01;31m[Kerror: [m[K‘[01m[KNO_COMM[m[K’ was not declared in this scope; did you mean ‘[01m[KECOMM[m[K’?
  101 |                 driveParams.port_id = [01;31m[KNO_COMM[m[K;
      |                                       [01;31m[K^~~~~~~[m[K
      |                                       [32m[KECOMM[m[K
[01m[K/home/hans/ar/ar_src/command/ar_control/src/ar_hardware_interface.cpp:103:45:[m[K [01;31m[Kerror: [m[K‘[01m[KPORT_UART[m[K’ was not declared in this scope
  103 |             else if (driveParams.port_id == [01;31m[KPORT_UART[m[K)
      |                                             [01;31m[K^~~~~~~~~[m[K
[01m[K/home/hans/ar/ar_src/command/ar_control/src/ar_hardware_interface.cpp:107:45:[m[K [01;31m[Kerror: [m[K‘[01m[KPORT_CAN[m[K’ was not declared in this scope
  107 |             else if (driveParams.port_id == [01;31m[KPORT_CAN[m[K)
      |                                             [01;31m[K^~~~~~~~[m[K
In file included from [01m[K/opt/ros/humble/include/rclcpp/rclcpp/client.hpp:40[m[K,
                 from [01m[K/opt/ros/humble/include/rclcpp/rclcpp/callback_group.hpp:24[m[K,
                 from [01m[K/opt/ros/humble/include/rclcpp/rclcpp/any_executable.hpp:20[m[K,
                 from [01m[K/opt/ros/humble/include/rclcpp/rclcpp/memory_strategy.hpp:25[m[K,
                 from [01m[K/opt/ros/humble/include/rclcpp/rclcpp/memory_strategies.hpp:18[m[K,
                 from [01m[K/opt/ros/humble/include/rclcpp/rclcpp/executor_options.hpp:20[m[K,
                 from [01m[K/opt/ros/humble/include/rclcpp/rclcpp/executor.hpp:37[m[K,
                 from [01m[K/opt/ros/humble/include/rclcpp/rclcpp/executors/multi_threaded_executor.hpp:25[m[K,
                 from [01m[K/opt/ros/humble/include/rclcpp/rclcpp/executors.hpp:21[m[K,
                 from [01m[K/opt/ros/humble/include/rclcpp/rclcpp/rclcpp.hpp:155[m[K,
                 from [01m[K/home/hans/ar/ar_src/command/ar_control/include/ar_control_server.h:12[m[K,
                 from [01m[K/home/hans/ar/ar_src/command/ar_control/include/ar_hardware_interface.h:11[m[K,
                 from [01m[K/home/hans/ar/ar_src/command/ar_control/src/ar_hardware_interface.cpp:1[m[K:
[01m[K/home/hans/ar/ar_src/command/ar_control/src/ar_hardware_interface.cpp:113:30:[m[K [01;31m[Kerror: [m[K‘[01m[Kar_hardware_interface_node_[m[K’ was not declared in this scope; did you mean ‘[01m[KArHardwareInterface[m[K’?
  113 |                 RCLCPP_ERROR([01;31m[Kar_hardware_interface_node_[m[K->get_logger(), "Invalid port ID: %d", driveParams.port_id);
      |                              [01;31m[K^~~~~~~~~~~~~~~~~~~~~~~~~~~[m[K
[01m[K/home/hans/ar/ar_src/command/ar_control/src/ar_hardware_interface.cpp:113:17:[m[K [01;31m[Kerror: [m[Ktemplate argument 1 is invalid
  113 |                 [01;31m[KRCLCPP_ERROR[m[K(ar_hardware_interface_node_->get_logger(), "Invalid port ID: %d", driveParams.port_id);
      |                 [01;31m[K^~~~~~~~~~~~[m[K
[01m[K/home/hans/ar/ar_src/command/ar_control/src/ar_hardware_interface.cpp:113:17:[m[K [01;31m[Kerror: [m[Ktemplate argument 1 is invalid
  113 |                 [01;31m[KRCLCPP_ERROR[m[K(ar_hardware_interface_node_->get_logger(), "Invalid port ID: %d", driveParams.port_id);
      |                 [01;31m[K^~~~~~~~~~~~[m[K
[01m[K/home/hans/ar/ar_src/command/ar_control/src/ar_hardware_interface.cpp:113:17:[m[K [01;31m[Kerror: [m[Ktemplate argument 1 is invalid
  113 |                 [01;31m[KRCLCPP_ERROR[m[K(ar_hardware_interface_node_->get_logger(), "Invalid port ID: %d", driveParams.port_id);
      |                 [01;31m[K^~~~~~~~~~~~[m[K
[01m[K/home/hans/ar/ar_src/command/ar_control/src/ar_hardware_interface.cpp:117:17:[m[K [01;31m[Kerror: [m[K‘[01m[KJointParameters[m[K’ was not declared in this scope
  117 |                 [01;31m[KJointParameters[m[K jointParams;
      |                 [01;31m[K^~~~~~~~~~~~~~~[m[K
[01m[K/home/hans/ar/ar_src/command/ar_control/src/ar_hardware_interface.cpp:118:17:[m[K [01;31m[Kerror: [m[K‘[01m[KjointParams[m[K’ was not declared in this scope
  118 |                 [01;31m[KjointParams[m[K.joint_name = jt->first.as<std::string>();
      |                 [01;31m[K^~~~~~~~~~~[m[K
[01m[K/home/hans/ar/ar_src/command/ar_control/src/ar_hardware_interface.cpp:132:13:[m[K [01;31m[Kerror: [m[K‘[01m[Kar_drives[m[K’ was not declared in this scope; did you mean ‘[01m[Kdrives[m[K’?
  132 |             [01;31m[Kar_drives[m[K.drive_parameters.push_back(driveParams);
      |             [01;31m[K^~~~~~~~~[m[K
      |             [32m[Kdrives[m[K
[01m[K/home/hans/ar/ar_src/command/ar_control/src/ar_hardware_interface.cpp:135:19:[m[K [01;31m[Kerror: [m[K‘[01m[Kar_drives[m[K’ was not declared in this scope; did you mean ‘[01m[Kdrives[m[K’?
  135 |         std::sort([01;31m[Kar_drives[m[K.drive_parameters.begin(), ar_drives.drive_parameters.end(),
      |                   [01;31m[K^~~~~~~~~[m[K
      |                   [32m[Kdrives[m[K
In file included from [01m[K/home/hans/ar/ar_src/command/ar_control/include/ar_system.hpp:30[m[K,
                 from [01m[K/home/hans/ar/ar_src/command/ar_control/src/ar_system.cpp:15[m[K:
[01m[K/home/hans/ar/ar_src/command/ar_control/include/ar_hardware_interface.h:37:17:[m[K [01;31m[Kerror: [m[K‘[01m[KArDrives[m[K’ does not name a type
   37 |                 [01;31m[KArDrives[m[K ar_drives;
      |                 [01;31m[K^~~~~~~~[m[K
In file included from [01m[K/home/hans/ar/ar_src/command/ar_control/include/ar_system.hpp:30[m[K,
                 from [01m[K/home/hans/ar/ar_src/command/ar_control/src/ar_system.cpp:15[m[K:
[01m[K/home/hans/ar/ar_src/command/ar_control/include/ar_hardware_interface.h:37:17:[m[K [01;31m[Kerror: [m[K‘[01m[KArDrives[m[K’ does not name a type
   37 |                 [01;31m[KArDrives[m[K ar_drives;
      |                 [01;31m[K^~~~~~~~[m[K
[01m[K/home/hans/ar/ar_src/command/ar_control/include/ar_hardware_interface.h:45:17:[m[K [01;31m[Kerror: [m[K‘[01m[Kar_master[m[K’ does not name a type
   45 |                 [01;31m[Kar_master[m[K::Protocol* protocol_manager_;
      |                 [01;31m[K^~~~~~~~~[m[K
[01m[K/home/hans/ar/ar_src/command/ar_control/include/ar_hardware_interface.h:45:17:[m[K [01;31m[Kerror: [m[K‘[01m[Kar_master[m[K’ does not name a type
   45 |                 [01;31m[Kar_master[m[K::Protocol* protocol_manager_;
      |                 [01;31m[K^~~~~~~~~[m[K
In file included from [01m[K/opt/ros/humble/include/rclcpp/rclcpp/logging.hpp:24[m[K,
                 from [01m[K/opt/ros/humble/include/rclcpp/rclcpp/client.hpp:40[m[K,
                 from [01m[K/opt/ros/humble/include/rclcpp/rclcpp/callback_group.hpp:24[m[K,
                 from [01m[K/opt/ros/humble/include/rclcpp/rclcpp/any_executable.hpp:20[m[K,
                 from [01m[K/opt/ros/humble/include/rclcpp/rclcpp/memory_strategy.hpp:25[m[K,
                 from [01m[K/opt/ros/humble/include/rclcpp/rclcpp/memory_strategies.hpp:18[m[K,
                 from [01m[K/opt/ros/humble/include/rclcpp/rclcpp/executor_options.hpp:20[m[K,
                 from [01m[K/opt/ros/humble/include/rclcpp/rclcpp/executor.hpp:37[m[K,
                 from [01m[K/opt/ros/humble/include/rclcpp/rclcpp/executors/multi_threaded_executor.hpp:25[m[K,
                 from [01m[K/opt/ros/humble/include/rclcpp/rclcpp/executors.hpp:21[m[K,
                 from [01m[K/opt/ros/humble/include/rclcpp/rclcpp/rclcpp.hpp:155[m[K,
                 from [01m[K/home/hans/ar/ar_src/command/ar_control/include/ar_control_server.h:12[m[K,
                 from [01m[K/home/hans/ar/ar_src/command/ar_control/include/ar_hardware_interface.h:11[m[K,
                 from [01m[K/home/hans/ar/ar_src/command/ar_control/include/ar_system.hpp:30[m[K,
                 from [01m[K/home/hans/ar/ar_src/command/ar_control/src/ar_system.cpp:15[m[K:
[01m[K/home/hans/ar/ar_src/command/ar_control/src/ar_system.cpp:[m[K In member function ‘[01m[Kvirtual CallbackReturn ar_control::ArSystemHardware::on_init(const hardware_interface::HardwareInfo&)[m[K’:
[01m[K/home/hans/ar/ar_src/command/ar_control/src/ar_system.cpp:49:69:[m[K [01;35m[Kwarning: [m[Kformat ‘[01m[K%s[m[K’ expects argument of type ‘[01m[Kchar*[m[K’, but argument 6 has type ‘[01m[Kint[m[K’ [[01;35m[K]8;;https://gcc.gnu.org/onlinedocs/gcc/Warning-Options.html#index-Wformat=-Wformat=]8;;[m[K]
   49 |                 RCLCPP_WARN(rclcpp::get_logger("ArSystemHardware"), [01;35m[K"Init robot: %s, sim: %s (is_simulation=%d), ui: %s (is_ui=%d)"[m[K,
      |                                                                     [01;35m[K^~~~~~~~~~~~~~~~~~~~~~~~~~~~~~~~~~~~~~~~~~~~~~~~~~~~~~~~~~~~~~~[m[K
   50 |                                 info_.hardware_parameters["sim"].c_str(), [32m[Kis_simulation[m[K, info_.hardware_parameters["ui"].c_str(), is_ui);
      |                                                                           [32m[K~~~~~~~~~~~~~[m[K
      |                                                                           [32m[K|[m[K
      |                                                                           [32m[Kint[m[K
[01m[K/home/hans/ar/ar_src/command/ar_control/src/ar_system.cpp:49:92:[m[K [01;36m[Knote: [m[Kformat string is defined here
   49 |                 RCLCPP_WARN(rclcpp::get_logger("ArSystemHardware"), "Init robot: %s, sim: [01;36m[K%s[m[K (is_simulation=%d), ui: %s (is_ui=%d)",
      |                                                                                           [01;36m[K~^[m[K
      |                                                                                            [01;36m[K|[m[K
      |                                                                                            [01;36m[Kchar*[m[K
      |                                                                                           [32m[K%d[m[K
In file included from [01m[K/opt/ros/humble/include/rclcpp/rclcpp/logging.hpp:24[m[K,
                 from [01m[K/opt/ros/humble/include/rclcpp/rclcpp/client.hpp:40[m[K,
                 from [01m[K/opt/ros/humble/include/rclcpp/rclcpp/callback_group.hpp:24[m[K,
                 from [01m[K/opt/ros/humble/include/rclcpp/rclcpp/any_executable.hpp:20[m[K,
                 from [01m[K/opt/ros/humble/include/rclcpp/rclcpp/memory_strategy.hpp:25[m[K,
                 from [01m[K/opt/ros/humble/include/rclcpp/rclcpp/memory_strategies.hpp:18[m[K,
                 from [01m[K/opt/ros/humble/include/rclcpp/rclcpp/executor_options.hpp:20[m[K,
                 from [01m[K/opt/ros/humble/include/rclcpp/rclcpp/executor.hpp:37[m[K,
                 from [01m[K/opt/ros/humble/include/rclcpp/rclcpp/executors/multi_threaded_executor.hpp:25[m[K,
                 from [01m[K/opt/ros/humble/include/rclcpp/rclcpp/executors.hpp:21[m[K,
                 from [01m[K/opt/ros/humble/include/rclcpp/rclcpp/rclcpp.hpp:155[m[K,
                 from [01m[K/home/hans/ar/ar_src/command/ar_control/include/ar_control_server.h:12[m[K,
                 from [01m[K/home/hans/ar/ar_src/command/ar_control/include/ar_hardware_interface.h:11[m[K,
                 from [01m[K/home/hans/ar/ar_src/command/ar_control/include/ar_system.hpp:30[m[K,
                 from [01m[K/home/hans/ar/ar_src/command/ar_control/src/ar_system.cpp:15[m[K:
[01m[K/home/hans/ar/ar_src/command/ar_control/src/ar_system.cpp:49:69:[m[K [01;35m[Kwarning: [m[Kformat ‘[01m[K%d[m[K’ expects argument of type ‘[01m[Kint[m[K’, but argument 7 has type ‘[01m[Kconst char*[m[K’ [[01;35m[K]8;;https://gcc.gnu.org/onlinedocs/gcc/Warning-Options.html#index-Wformat=-Wformat=]8;;[m[K]
   49 |                 RCLCPP_WARN(rclcpp::get_logger("ArSystemHardware"), [01;35m[K"Init robot: %s, sim: %s (is_simulation=%d), ui: %s (is_ui=%d)"[m[K,
      |                                                                     [01;35m[K^~~~~~~~~~~~~~~~~~~~~~~~~~~~~~~~~~~~~~~~~~~~~~~~~~~~~~~~~~~~~~~[m[K
   50 |                                 info_.hardware_parameters["sim"].c_str(), is_simulation, [32m[Kinfo_.hardware_parameters["ui"].c_str()[m[K, is_ui);
      |                                                                                          [32m[K~~~~~~~~~~~~~~~~~~~~~~~~~~~~~~~~~~~~~~~[m[K
      |                                                                                                                               [32m[K|[m[K
      |                                                                                                                               [32m[Kconst char*[m[K
[01m[K/home/hans/ar/ar_src/command/ar_control/src/ar_system.cpp:49:110:[m[K [01;36m[Knote: [m[Kformat string is defined here
   49 |                 RCLCPP_WARN(rclcpp::get_logger("ArSystemHardware"), "Init robot: %s, sim: %s (is_simulation=[01;36m[K%d[m[K), ui: %s (is_ui=%d)",
      |                                                                                                             [01;36m[K~^[m[K
      |                                                                                                              [01;36m[K|[m[K
      |                                                                                                              [01;36m[Kint[m[K
      |                                                                                                             [32m[K%s[m[K
In file included from [01m[K/opt/ros/humble/include/rclcpp/rclcpp/logging.hpp:24[m[K,
                 from [01m[K/opt/ros/humble/include/rclcpp/rclcpp/client.hpp:40[m[K,
                 from [01m[K/opt/ros/humble/include/rclcpp/rclcpp/callback_group.hpp:24[m[K,
                 from [01m[K/opt/ros/humble/include/rclcpp/rclcpp/any_executable.hpp:20[m[K,
                 from [01m[K/opt/ros/humble/include/rclcpp/rclcpp/memory_strategy.hpp:25[m[K,
                 from [01m[K/opt/ros/humble/include/rclcpp/rclcpp/memory_strategies.hpp:18[m[K,
                 from [01m[K/opt/ros/humble/include/rclcpp/rclcpp/executor_options.hpp:20[m[K,
                 from [01m[K/opt/ros/humble/include/rclcpp/rclcpp/executor.hpp:37[m[K,
                 from [01m[K/opt/ros/humble/include/rclcpp/rclcpp/executors/multi_threaded_executor.hpp:25[m[K,
                 from [01m[K/opt/ros/humble/include/rclcpp/rclcpp/executors.hpp:21[m[K,
                 from [01m[K/opt/ros/humble/include/rclcpp/rclcpp/rclcpp.hpp:155[m[K,
                 from [01m[K/home/hans/ar/ar_src/command/ar_control/include/ar_control_server.h:12[m[K,
                 from [01m[K/home/hans/ar/ar_src/command/ar_control/include/ar_hardware_interface.h:11[m[K,
                 from [01m[K/home/hans/ar/ar_src/command/ar_control/include/ar_system.hpp:30[m[K,
                 from [01m[K/home/hans/ar/ar_src/command/ar_control/src/ar_system.cpp:15[m[K:
[01m[K/home/hans/ar/ar_src/command/ar_control/src/ar_system.cpp:49:69:[m[K [01;35m[Kwarning: [m[Kformat ‘[01m[K%s[m[K’ expects argument of type ‘[01m[Kchar*[m[K’, but argument 8 has type ‘[01m[Kint[m[K’ [[01;35m[K]8;;https://gcc.gnu.org/onlinedocs/gcc/Warning-Options.html#index-Wformat=-Wformat=]8;;[m[K]
   49 |                 RCLCPP_WARN(rclcpp::get_logger("ArSystemHardware"), [01;35m[K"Init robot: %s, sim: %s (is_simulation=%d), ui: %s (is_ui=%d)"[m[K,
      |                                                                     [01;35m[K^~~~~~~~~~~~~~~~~~~~~~~~~~~~~~~~~~~~~~~~~~~~~~~~~~~~~~~~~~~~~~~[m[K
   50 |                                 info_.hardware_parameters["sim"].c_str(), is_simulation, info_.hardware_parameters["ui"].c_str(), [32m[Kis_ui[m[K);
      |                                                                                                                                   [32m[K~~~~~[m[K
      |                                                                                                                                   [32m[K|[m[K
      |                                                                                                                                   [32m[Kint[m[K
[01m[K/home/hans/ar/ar_src/command/ar_control/src/ar_system.cpp:49:119:[m[K [01;36m[Knote: [m[Kformat string is defined here
   49 |                 RCLCPP_WARN(rclcpp::get_logger("ArSystemHardware"), "Init robot: %s, sim: %s (is_simulation=%d), ui: [01;36m[K%s[m[K (is_ui=%d)",
      |                                                                                                                      [01;36m[K~^[m[K
      |                                                                                                                       [01;36m[K|[m[K
      |                                                                                                                       [01;36m[Kchar*[m[K
      |                                                                                                                      [32m[K%d[m[K
In file included from [01m[K/opt/ros/humble/include/rclcpp/rclcpp/logging.hpp:24[m[K,
                 from [01m[K/opt/ros/humble/include/rclcpp/rclcpp/client.hpp:40[m[K,
                 from [01m[K/opt/ros/humble/include/rclcpp/rclcpp/callback_group.hpp:24[m[K,
                 from [01m[K/opt/ros/humble/include/rclcpp/rclcpp/any_executable.hpp:20[m[K,
                 from [01m[K/opt/ros/humble/include/rclcpp/rclcpp/memory_strategy.hpp:25[m[K,
                 from [01m[K/opt/ros/humble/include/rclcpp/rclcpp/memory_strategies.hpp:18[m[K,
                 from [01m[K/opt/ros/humble/include/rclcpp/rclcpp/executor_options.hpp:20[m[K,
                 from [01m[K/opt/ros/humble/include/rclcpp/rclcpp/executor.hpp:37[m[K,
                 from [01m[K/opt/ros/humble/include/rclcpp/rclcpp/executors/multi_threaded_executor.hpp:25[m[K,
                 from [01m[K/opt/ros/humble/include/rclcpp/rclcpp/executors.hpp:21[m[K,
                 from [01m[K/opt/ros/humble/include/rclcpp/rclcpp/rclcpp.hpp:155[m[K,
                 from [01m[K/home/hans/ar/ar_src/command/ar_control/include/ar_control_server.h:12[m[K,
                 from [01m[K/home/hans/ar/ar_src/command/ar_control/include/ar_hardware_interface.h:11[m[K,
                 from [01m[K/home/hans/ar/ar_src/command/ar_control/include/ar_system.hpp:30[m[K,
                 from [01m[K/home/hans/ar/ar_src/command/ar_control/src/ar_system.cpp:15[m[K:
[01m[K/home/hans/ar/ar_src/command/ar_control/src/ar_system.cpp:49:69:[m[K [01;35m[Kwarning: [m[Kformat ‘[01m[K%d[m[K’ expects a matching ‘[01m[Kint[m[K’ argument [[01;35m[K]8;;https://gcc.gnu.org/onlinedocs/gcc/Warning-Options.html#index-Wformat=-Wformat=]8;;[m[K]
   49 |                 RCLCPP_WARN(rclcpp::get_logger("ArSystemHardware"), [01;35m[K"Init robot: %s, sim: %s (is_simulation=%d), ui: %s (is_ui=%d)"[m[K,
      |                                                                     [01;35m[K^~~~~~~~~~~~~~~~~~~~~~~~~~~~~~~~~~~~~~~~~~~~~~~~~~~~~~~~~~~~~~~[m[K
[01m[K/home/hans/ar/ar_src/command/ar_control/src/ar_system.cpp:49:129:[m[K [01;36m[Knote: [m[Kformat string is defined here
   49 |                 RCLCPP_WARN(rclcpp::get_logger("ArSystemHardware"), "Init robot: %s, sim: %s (is_simulation=%d), ui: %s (is_ui=[01;36m[K%d[m[K)",
      |                                                                                                                                [01;36m[K~^[m[K
      |                                                                                                                                 [01;36m[K|[m[K
      |                                                                                                                                 [01;36m[Kint[m[K
In file included from [01m[K/opt/ros/humble/include/rclcpp/rclcpp/logging.hpp:24[m[K,
                 from [01m[K/opt/ros/humble/include/rclcpp/rclcpp/client.hpp:40[m[K,
                 from [01m[K/opt/ros/humble/include/rclcpp/rclcpp/callback_group.hpp:24[m[K,
                 from [01m[K/opt/ros/humble/include/rclcpp/rclcpp/any_executable.hpp:20[m[K,
                 from [01m[K/opt/ros/humble/include/rclcpp/rclcpp/memory_strategy.hpp:25[m[K,
                 from [01m[K/opt/ros/humble/include/rclcpp/rclcpp/memory_strategies.hpp:18[m[K,
                 from [01m[K/opt/ros/humble/include/rclcpp/rclcpp/executor_options.hpp:20[m[K,
                 from [01m[K/opt/ros/humble/include/rclcpp/rclcpp/executor.hpp:37[m[K,
                 from [01m[K/opt/ros/humble/include/rclcpp/rclcpp/executors/multi_threaded_executor.hpp:25[m[K,
                 from [01m[K/opt/ros/humble/include/rclcpp/rclcpp/executors.hpp:21[m[K,
                 from [01m[K/opt/ros/humble/include/rclcpp/rclcpp/rclcpp.hpp:155[m[K,
                 from [01m[K/home/hans/ar/ar_src/command/ar_control/include/ar_control_server.h:12[m[K,
                 from [01m[K/home/hans/ar/ar_src/command/ar_control/include/ar_hardware_interface.h:11[m[K,
                 from [01m[K/home/hans/ar/ar_src/command/ar_control/include/ar_system.hpp:30[m[K,
                 from [01m[K/home/hans/ar/ar_src/command/ar_control/src/ar_system.cpp:15[m[K:
[01m[K/home/hans/ar/ar_src/command/ar_control/src/ar_system.cpp:[m[K In member function ‘[01m[Kvirtual CallbackReturn ar_control::ArSystemHardware::on_init(const hardware_interface::HardwareInfo&)[m[K’:
[01m[K/home/hans/ar/ar_src/command/ar_control/src/ar_system.cpp:49:69:[m[K [01;35m[Kwarning: [m[Kformat ‘[01m[K%s[m[K’ expects argument of type ‘[01m[Kchar*[m[K’, but argument 6 has type ‘[01m[Kint[m[K’ [[01;35m[K]8;;https://gcc.gnu.org/onlinedocs/gcc/Warning-Options.html#index-Wformat=-Wformat=]8;;[m[K]
   49 |                 RCLCPP_WARN(rclcpp::get_logger("ArSystemHardware"), [01;35m[K"Init robot: %s, sim: %s (is_simulation=%d), ui: %s (is_ui=%d)"[m[K,
      |                                                                     [01;35m[K^~~~~~~~~~~~~~~~~~~~~~~~~~~~~~~~~~~~~~~~~~~~~~~~~~~~~~~~~~~~~~~[m[K
   50 |                                 info_.hardware_parameters["sim"].c_str(), [32m[Kis_simulation[m[K, info_.hardware_parameters["ui"].c_str(), is_ui);
      |                                                                           [32m[K~~~~~~~~~~~~~[m[K
      |                                                                           [32m[K|[m[K
      |                                                                           [32m[Kint[m[K
[01m[K/home/hans/ar/ar_src/command/ar_control/src/ar_system.cpp:49:92:[m[K [01;36m[Knote: [m[Kformat string is defined here
   49 |                 RCLCPP_WARN(rclcpp::get_logger("ArSystemHardware"), "Init robot: %s, sim: [01;36m[K%s[m[K (is_simulation=%d), ui: %s (is_ui=%d)",
      |                                                                                           [01;36m[K~^[m[K
      |                                                                                            [01;36m[K|[m[K
      |                                                                                            [01;36m[Kchar*[m[K
      |                                                                                           [32m[K%d[m[K
In file included from [01m[K/opt/ros/humble/include/rclcpp/rclcpp/logging.hpp:24[m[K,
                 from [01m[K/opt/ros/humble/include/rclcpp/rclcpp/client.hpp:40[m[K,
                 from [01m[K/opt/ros/humble/include/rclcpp/rclcpp/callback_group.hpp:24[m[K,
                 from [01m[K/opt/ros/humble/include/rclcpp/rclcpp/any_executable.hpp:20[m[K,
                 from [01m[K/opt/ros/humble/include/rclcpp/rclcpp/memory_strategy.hpp:25[m[K,
                 from [01m[K/opt/ros/humble/include/rclcpp/rclcpp/memory_strategies.hpp:18[m[K,
                 from [01m[K/opt/ros/humble/include/rclcpp/rclcpp/executor_options.hpp:20[m[K,
                 from [01m[K/opt/ros/humble/include/rclcpp/rclcpp/executor.hpp:37[m[K,
                 from [01m[K/opt/ros/humble/include/rclcpp/rclcpp/executors/multi_threaded_executor.hpp:25[m[K,
                 from [01m[K/opt/ros/humble/include/rclcpp/rclcpp/executors.hpp:21[m[K,
                 from [01m[K/opt/ros/humble/include/rclcpp/rclcpp/rclcpp.hpp:155[m[K,
                 from [01m[K/home/hans/ar/ar_src/command/ar_control/include/ar_control_server.h:12[m[K,
                 from [01m[K/home/hans/ar/ar_src/command/ar_control/include/ar_hardware_interface.h:11[m[K,
                 from [01m[K/home/hans/ar/ar_src/command/ar_control/include/ar_system.hpp:30[m[K,
                 from [01m[K/home/hans/ar/ar_src/command/ar_control/src/ar_system.cpp:15[m[K:
[01m[K/home/hans/ar/ar_src/command/ar_control/src/ar_system.cpp:49:69:[m[K [01;35m[Kwarning: [m[Kformat ‘[01m[K%d[m[K’ expects argument of type ‘[01m[Kint[m[K’, but argument 7 has type ‘[01m[Kconst char*[m[K’ [[01;35m[K]8;;https://gcc.gnu.org/onlinedocs/gcc/Warning-Options.html#index-Wformat=-Wformat=]8;;[m[K]
   49 |                 RCLCPP_WARN(rclcpp::get_logger("ArSystemHardware"), [01;35m[K"Init robot: %s, sim: %s (is_simulation=%d), ui: %s (is_ui=%d)"[m[K,
      |                                                                     [01;35m[K^~~~~~~~~~~~~~~~~~~~~~~~~~~~~~~~~~~~~~~~~~~~~~~~~~~~~~~~~~~~~~~[m[K
   50 |                                 info_.hardware_parameters["sim"].c_str(), is_simulation, [32m[Kinfo_.hardware_parameters["ui"].c_str()[m[K, is_ui);
      |                                                                                          [32m[K~~~~~~~~~~~~~~~~~~~~~~~~~~~~~~~~~~~~~~~[m[K
      |                                                                                                                               [32m[K|[m[K
      |                                                                                                                               [32m[Kconst char*[m[K
[01m[K/home/hans/ar/ar_src/command/ar_control/src/ar_system.cpp:49:110:[m[K [01;36m[Knote: [m[Kformat string is defined here
   49 |                 RCLCPP_WARN(rclcpp::get_logger("ArSystemHardware"), "Init robot: %s, sim: %s (is_simulation=[01;36m[K%d[m[K), ui: %s (is_ui=%d)",
      |                                                                                                             [01;36m[K~^[m[K
      |                                                                                                              [01;36m[K|[m[K
      |                                                                                                              [01;36m[Kint[m[K
      |                                                                                                             [32m[K%s[m[K
In file included from [01m[K/opt/ros/humble/include/rclcpp/rclcpp/logging.hpp:24[m[K,
                 from [01m[K/opt/ros/humble/include/rclcpp/rclcpp/client.hpp:40[m[K,
                 from [01m[K/opt/ros/humble/include/rclcpp/rclcpp/callback_group.hpp:24[m[K,
                 from [01m[K/opt/ros/humble/include/rclcpp/rclcpp/any_executable.hpp:20[m[K,
                 from [01m[K/opt/ros/humble/include/rclcpp/rclcpp/memory_strategy.hpp:25[m[K,
                 from [01m[K/opt/ros/humble/include/rclcpp/rclcpp/memory_strategies.hpp:18[m[K,
                 from [01m[K/opt/ros/humble/include/rclcpp/rclcpp/executor_options.hpp:20[m[K,
                 from [01m[K/opt/ros/humble/include/rclcpp/rclcpp/executor.hpp:37[m[K,
                 from [01m[K/opt/ros/humble/include/rclcpp/rclcpp/executors/multi_threaded_executor.hpp:25[m[K,
                 from [01m[K/opt/ros/humble/include/rclcpp/rclcpp/executors.hpp:21[m[K,
                 from [01m[K/opt/ros/humble/include/rclcpp/rclcpp/rclcpp.hpp:155[m[K,
                 from [01m[K/home/hans/ar/ar_src/command/ar_control/include/ar_control_server.h:12[m[K,
                 from [01m[K/home/hans/ar/ar_src/command/ar_control/include/ar_hardware_interface.h:11[m[K,
                 from [01m[K/home/hans/ar/ar_src/command/ar_control/include/ar_system.hpp:30[m[K,
                 from [01m[K/home/hans/ar/ar_src/command/ar_control/src/ar_system.cpp:15[m[K:
[01m[K/home/hans/ar/ar_src/command/ar_control/src/ar_system.cpp:49:69:[m[K [01;35m[Kwarning: [m[Kformat ‘[01m[K%s[m[K’ expects argument of type ‘[01m[Kchar*[m[K’, but argument 8 has type ‘[01m[Kint[m[K’ [[01;35m[K]8;;https://gcc.gnu.org/onlinedocs/gcc/Warning-Options.html#index-Wformat=-Wformat=]8;;[m[K]
   49 |                 RCLCPP_WARN(rclcpp::get_logger("ArSystemHardware"), [01;35m[K"Init robot: %s, sim: %s (is_simulation=%d), ui: %s (is_ui=%d)"[m[K,
      |                                                                     [01;35m[K^~~~~~~~~~~~~~~~~~~~~~~~~~~~~~~~~~~~~~~~~~~~~~~~~~~~~~~~~~~~~~~[m[K
   50 |                                 info_.hardware_parameters["sim"].c_str(), is_simulation, info_.hardware_parameters["ui"].c_str(), [32m[Kis_ui[m[K);
      |                                                                                                                                   [32m[K~~~~~[m[K
      |                                                                                                                                   [32m[K|[m[K
      |                                                                                                                                   [32m[Kint[m[K
[01m[K/home/hans/ar/ar_src/command/ar_control/src/ar_system.cpp:49:119:[m[K [01;36m[Knote: [m[Kformat string is defined here
   49 |                 RCLCPP_WARN(rclcpp::get_logger("ArSystemHardware"), "Init robot: %s, sim: %s (is_simulation=%d), ui: [01;36m[K%s[m[K (is_ui=%d)",
      |                                                                                                                      [01;36m[K~^[m[K
      |                                                                                                                       [01;36m[K|[m[K
      |                                                                                                                       [01;36m[Kchar*[m[K
      |                                                                                                                      [32m[K%d[m[K
In file included from [01m[K/opt/ros/humble/include/rclcpp/rclcpp/logging.hpp:24[m[K,
                 from [01m[K/opt/ros/humble/include/rclcpp/rclcpp/client.hpp:40[m[K,
                 from [01m[K/opt/ros/humble/include/rclcpp/rclcpp/callback_group.hpp:24[m[K,
                 from [01m[K/opt/ros/humble/include/rclcpp/rclcpp/any_executable.hpp:20[m[K,
                 from [01m[K/opt/ros/humble/include/rclcpp/rclcpp/memory_strategy.hpp:25[m[K,
                 from [01m[K/opt/ros/humble/include/rclcpp/rclcpp/memory_strategies.hpp:18[m[K,
                 from [01m[K/opt/ros/humble/include/rclcpp/rclcpp/executor_options.hpp:20[m[K,
                 from [01m[K/opt/ros/humble/include/rclcpp/rclcpp/executor.hpp:37[m[K,
                 from [01m[K/opt/ros/humble/include/rclcpp/rclcpp/executors/multi_threaded_executor.hpp:25[m[K,
                 from [01m[K/opt/ros/humble/include/rclcpp/rclcpp/executors.hpp:21[m[K,
                 from [01m[K/opt/ros/humble/include/rclcpp/rclcpp/rclcpp.hpp:155[m[K,
                 from [01m[K/home/hans/ar/ar_src/command/ar_control/include/ar_control_server.h:12[m[K,
                 from [01m[K/home/hans/ar/ar_src/command/ar_control/include/ar_hardware_interface.h:11[m[K,
                 from [01m[K/home/hans/ar/ar_src/command/ar_control/include/ar_system.hpp:30[m[K,
                 from [01m[K/home/hans/ar/ar_src/command/ar_control/src/ar_system.cpp:15[m[K:
[01m[K/home/hans/ar/ar_src/command/ar_control/src/ar_system.cpp:49:69:[m[K [01;35m[Kwarning: [m[Kformat ‘[01m[K%d[m[K’ expects a matching ‘[01m[Kint[m[K’ argument [[01;35m[K]8;;https://gcc.gnu.org/onlinedocs/gcc/Warning-Options.html#index-Wformat=-Wformat=]8;;[m[K]
   49 |                 RCLCPP_WARN(rclcpp::get_logger("ArSystemHardware"), [01;35m[K"Init robot: %s, sim: %s (is_simulation=%d), ui: %s (is_ui=%d)"[m[K,
      |                                                                     [01;35m[K^~~~~~~~~~~~~~~~~~~~~~~~~~~~~~~~~~~~~~~~~~~~~~~~~~~~~~~~~~~~~~~[m[K
[01m[K/home/hans/ar/ar_src/command/ar_control/src/ar_system.cpp:49:129:[m[K [01;36m[Knote: [m[Kformat string is defined here
   49 |                 RCLCPP_WARN(rclcpp::get_logger("ArSystemHardware"), "Init robot: %s, sim: %s (is_simulation=%d), ui: %s (is_ui=[01;36m[K%d[m[K)",
      |                                                                                                                                [01;36m[K~^[m[K
      |                                                                                                                                 [01;36m[K|[m[K
      |                                                                                                                                 [01;36m[Kint[m[K
[01m[K/home/hans/ar/ar_src/command/ar_control/src/ar_system.cpp:[m[K In member function ‘[01m[Kvirtual CallbackReturn ar_control::ArSystemHardware::on_configure(const rclcpp_lifecycle::State&)[m[K’:
[01m[K/home/hans/ar/ar_src/command/ar_control/src/ar_system.cpp:87:41:[m[K [01;31m[Kerror: [m[K‘[01m[Kusing element_type = class ar_control::ArHardwareInterface[m[K’ {aka ‘[01m[Kclass ar_control::ArHardwareInterface[m[K’} has no member named ‘[01m[KgetDrives[m[K’
   87 |                 for(auto drive : robot->[01;31m[KgetDrives[m[K()) {
      |                                         [01;31m[K^~~~~~~~~[m[K
[01m[K/home/hans/ar/ar_src/command/ar_control/src/ar_system.cpp:[m[K In member function ‘[01m[Kvirtual CallbackReturn ar_control::ArSystemHardware::on_configure(const rclcpp_lifecycle::State&)[m[K’:
[01m[K/home/hans/ar/ar_src/command/ar_control/src/ar_system.cpp:87:41:[m[K [01;31m[Kerror: [m[K‘[01m[Kusing element_type = class ar_control::ArHardwareInterface[m[K’ {aka ‘[01m[Kclass ar_control::ArHardwareInterface[m[K’} has no member named ‘[01m[KgetDrives[m[K’
   87 |                 for(auto drive : robot->[01;31m[KgetDrives[m[K()) {
      |                                         [01;31m[K^~~~~~~~~[m[K
[01m[K/home/hans/ar/ar_src/command/ar_control/src/ar_system.cpp:[m[K In member function ‘[01m[Kvirtual std::vector<hardware_interface::StateInterface> ar_control::ArSystemHardware::export_state_interfaces()[m[K’:
[01m[K/home/hans/ar/ar_src/command/ar_control/src/ar_system.cpp:102:41:[m[K [01;31m[Kerror: [m[K‘[01m[Kusing element_type = class ar_control::ArHardwareInterface[m[K’ {aka ‘[01m[Kclass ar_control::ArHardwareInterface[m[K’} has no member named ‘[01m[KgetDrives[m[K’
  102 |                 for(auto drive : robot->[01;31m[KgetDrives[m[K()) {
      |                                         [01;31m[K^~~~~~~~~[m[K
[01m[K/home/hans/ar/ar_src/command/ar_control/src/ar_system.cpp:[m[K In member function ‘[01m[Kvirtual std::vector<hardware_interface::StateInterface> ar_control::ArSystemHardware::export_state_interfaces()[m[K’:
[01m[K/home/hans/ar/ar_src/command/ar_control/src/ar_system.cpp:102:41:[m[K [01;31m[Kerror: [m[K‘[01m[Kusing element_type = class ar_control::ArHardwareInterface[m[K’ {aka ‘[01m[Kclass ar_control::ArHardwareInterface[m[K’} has no member named ‘[01m[KgetDrives[m[K’
  102 |                 for(auto drive : robot->[01;31m[KgetDrives[m[K()) {
      |                                         [01;31m[K^~~~~~~~~[m[K
[01m[K/home/hans/ar/ar_src/command/ar_control/src/ar_system.cpp:[m[K In member function ‘[01m[Kvirtual std::vector<hardware_interface::CommandInterface> ar_control::ArSystemHardware::export_command_interfaces()[m[K’:
[01m[K/home/hans/ar/ar_src/command/ar_control/src/ar_system.cpp:119:41:[m[K [01;31m[Kerror: [m[K‘[01m[Kusing element_type = class ar_control::ArHardwareInterface[m[K’ {aka ‘[01m[Kclass ar_control::ArHardwareInterface[m[K’} has no member named ‘[01m[KgetDrives[m[K’
  119 |                 for(auto drive : robot->[01;31m[KgetDrives[m[K()) {
      |                                         [01;31m[K^~~~~~~~~[m[K
[01m[K/home/hans/ar/ar_src/command/ar_control/src/ar_system.cpp:[m[K In member function ‘[01m[Kvirtual CallbackReturn ar_control::ArSystemHardware::on_activate(const rclcpp_lifecycle::State&)[m[K’:
[01m[K/home/hans/ar/ar_src/command/ar_control/src/ar_system.cpp:136:41:[m[K [01;31m[Kerror: [m[K‘[01m[Kusing element_type = class ar_control::ArHardwareInterface[m[K’ {aka ‘[01m[Kclass ar_control::ArHardwareInterface[m[K’} has no member named ‘[01m[KgetDrives[m[K’
  136 |                 for(auto drive : robot->[01;31m[KgetDrives[m[K()) {
      |                                         [01;31m[K^~~~~~~~~[m[K
[01m[K/home/hans/ar/ar_src/command/ar_control/src/ar_system.cpp:[m[K In member function ‘[01m[Kvirtual hardware_interface::return_type ar_control::ArSystemHardware::write(const rclcpp::Time&, const rclcpp::Duration&)[m[K’:
[01m[K/home/hans/ar/ar_src/command/ar_control/src/ar_system.cpp:177:27:[m[K [01;31m[Kerror: [m[K‘[01m[Kusing element_type = class ar_control::ArHardwareInterface[m[K’ {aka ‘[01m[Kclass ar_control::ArHardwareInterface[m[K’} has no member named ‘[01m[Ksoem_drives[m[K’
  177 |                 if(robot->[01;31m[Ksoem_drives[m[K)
      |                           [01;31m[K^~~~~~~~~~~[m[K
[01m[K/home/hans/ar/ar_src/command/ar_control/src/ar_system.cpp:[m[K In member function ‘[01m[Kvirtual std::vector<hardware_interface::CommandInterface> ar_control::ArSystemHardware::export_command_interfaces()[m[K’:
[01m[K/home/hans/ar/ar_src/command/ar_control/src/ar_system.cpp:119:41:[m[K [01;31m[Kerror: [m[K‘[01m[Kusing element_type = class ar_control::ArHardwareInterface[m[K’ {aka ‘[01m[Kclass ar_control::ArHardwareInterface[m[K’} has no member named ‘[01m[KgetDrives[m[K’
  119 |                 for(auto drive : robot->[01;31m[KgetDrives[m[K()) {
      |                                         [01;31m[K^~~~~~~~~[m[K
[01m[K/home/hans/ar/ar_src/command/ar_control/src/ar_system.cpp:[m[K In member function ‘[01m[Kvirtual CallbackReturn ar_control::ArSystemHardware::on_activate(const rclcpp_lifecycle::State&)[m[K’:
[01m[K/home/hans/ar/ar_src/command/ar_control/src/ar_system.cpp:136:41:[m[K [01;31m[Kerror: [m[K‘[01m[Kusing element_type = class ar_control::ArHardwareInterface[m[K’ {aka ‘[01m[Kclass ar_control::ArHardwareInterface[m[K’} has no member named ‘[01m[KgetDrives[m[K’
  136 |                 for(auto drive : robot->[01;31m[KgetDrives[m[K()) {
      |                                         [01;31m[K^~~~~~~~~[m[K
[01m[K/home/hans/ar/ar_src/command/ar_control/src/ar_system.cpp:[m[K In member function ‘[01m[Kvirtual hardware_interface::return_type ar_control::ArSystemHardware::write(const rclcpp::Time&, const rclcpp::Duration&)[m[K’:
[01m[K/home/hans/ar/ar_src/command/ar_control/src/ar_system.cpp:177:27:[m[K [01;31m[Kerror: [m[K‘[01m[Kusing element_type = class ar_control::ArHardwareInterface[m[K’ {aka ‘[01m[Kclass ar_control::ArHardwareInterface[m[K’} has no member named ‘[01m[Ksoem_drives[m[K’
  177 |                 if(robot->[01;31m[Ksoem_drives[m[K)
      |                           [01;31m[K^~~~~~~~~~~[m[K
[01m[K/home/hans/ar/ar_src/command/ar_control/src/ar_system.cpp:178:44:[m[K [01;31m[Kerror: [m[K‘[01m[Kcond[m[K’ was not declared in this scope
  178 |                         pthread_cond_wait(&[01;31m[Kcond[m[K, &lock);
      |                                            [01;31m[K^~~~[m[K
[01m[K/home/hans/ar/ar_src/command/ar_control/src/ar_system.cpp:178:51:[m[K [01;31m[Kerror: [m[K‘[01m[Klock[m[K’ was not declared in this scope; did you mean ‘[01m[Kstd::lock[m[K’?
  178 |                         pthread_cond_wait(&cond, &[01;31m[Klock[m[K);
      |                                                   [01;31m[K^~~~[m[K
      |                                                   [32m[Kstd::lock[m[K
In file included from [01m[K/home/hans/ar/ar_src/command/ar_control/include/ar_control_server.h:10[m[K,
                 from [01m[K/home/hans/ar/ar_src/command/ar_control/include/ar_hardware_interface.h:11[m[K,
                 from [01m[K/home/hans/ar/ar_src/command/ar_control/include/ar_system.hpp:30[m[K,
                 from [01m[K/home/hans/ar/ar_src/command/ar_control/src/ar_system.cpp:15[m[K:
[01m[K/usr/include/c++/11/mutex:591:5:[m[K [01;36m[Knote: [m[K‘[01m[Kstd::lock[m[K’ declared here
  591 |     [01;36m[Klock[m[K(_L1& __l1, _L2& __l2, _L3&... __l3)
      |     [01;36m[K^~~~[m[K
[01m[K/home/hans/ar/ar_src/command/ar_control/src/ar_system.cpp:178:44:[m[K [01;31m[Kerror: [m[K‘[01m[Kcond[m[K’ was not declared in this scope
  178 |                         pthread_cond_wait(&[01;31m[Kcond[m[K, &lock);
      |                                            [01;31m[K^~~~[m[K
[01m[K/home/hans/ar/ar_src/command/ar_control/src/ar_system.cpp:178:51:[m[K [01;31m[Kerror: [m[K‘[01m[Klock[m[K’ was not declared in this scope; did you mean ‘[01m[Kstd::lock[m[K’?
  178 |                         pthread_cond_wait(&cond, &[01;31m[Klock[m[K);
      |                                                   [01;31m[K^~~~[m[K
      |                                                   [32m[Kstd::lock[m[K
In file included from [01m[K/home/hans/ar/ar_src/command/ar_control/include/ar_control_server.h:10[m[K,
                 from [01m[K/home/hans/ar/ar_src/command/ar_control/include/ar_hardware_interface.h:11[m[K,
                 from [01m[K/home/hans/ar/ar_src/command/ar_control/include/ar_system.hpp:30[m[K,
                 from [01m[K/home/hans/ar/ar_src/command/ar_control/src/ar_system.cpp:15[m[K:
[01m[K/usr/include/c++/11/mutex:591:5:[m[K [01;36m[Knote: [m[K‘[01m[Kstd::lock[m[K’ declared here
  591 |     [01;36m[Klock[m[K(_L1& __l1, _L2& __l2, _L3&... __l3)
      |     [01;36m[K^~~~[m[K
gmake[2]: *** [CMakeFiles/ar_control.dir/build.make:104: CMakeFiles/ar_control.dir/src/ar_hardware_interface.cpp.o] Error 1
gmake[2]: *** [CMakeFiles/ar_control_server.dir/build.make:104: CMakeFiles/ar_control_server.dir/src/ar_hardware_interface.cpp.o] Error 1
gmake[2]: *** [CMakeFiles/ar_control_server.dir/build.make:118: CMakeFiles/ar_control_server.dir/src/ar_system.cpp.o] Error 1
gmake[2]: *** [CMakeFiles/ar_control.dir/build.make:118: CMakeFiles/ar_control.dir/src/ar_system.cpp.o] Error 1
gmake[2]: *** [CMakeFiles/ar_control.dir/build.make:90: CMakeFiles/ar_control.dir/src/ar_control_server.cpp.o] Error 1
gmake[1]: *** [CMakeFiles/Makefile2:143: CMakeFiles/ar_control.dir/all] Error 2
gmake[2]: *** [CMakeFiles/ar_control_server.dir/build.make:90: CMakeFiles/ar_control_server.dir/src/ar_control_server.cpp.o] Error 1
gmake[1]: *** [CMakeFiles/Makefile2:169: CMakeFiles/ar_control_server.dir/all] Error 2
gmake: *** [Makefile:146: all] Error 2
