[0.009s] Invoking command in '/home/hans/ar/build/ar_control': CMAKE_PREFIX_PATH=/home/hans/ar/install/master:/home/hans/ar/install/ar_utils:/home/hans/ar/install/ar_comm:/home/hans/ar/install/ar_scene:/home/hans/ar/install/ar_planner_interface:/home/hans/ar/install/ar_msgs:/home/hans/ar/install/ar_moveit_config:/home/hans/ar/install/ar_computation:/home/hans/ar/install/ar_action:/opt/ros/humble /usr/bin/cmake --build /home/hans/ar/build/ar_control -- -j12 -l12
[0.031s] -- Found ament_cmake: 1.3.11 (/opt/ros/humble/share/ament_cmake/cmake)
[0.118s] -- Found moveit_common: 2.5.9 (/opt/ros/humble/share/moveit_common/cmake)
[0.157s] [0mar_control: You did not request a specific build type: Choosing 'Release' for maximum performance[0m
[0.157s] -- Found hardware_interface: 2.50.0 (/opt/ros/humble/share/hardware_interface/cmake)
[0.174s] -- Found rosidl_generator_c: 3.1.6 (/opt/ros/humble/share/rosidl_generator_c/cmake)
[0.175s] -- Found rosidl_adapter: 3.1.6 (/opt/ros/humble/share/rosidl_adapter/cmake)
[0.178s] -- Found rosidl_generator_cpp: 3.1.6 (/opt/ros/humble/share/rosidl_generator_cpp/cmake)
[0.184s] -- Using all available rosidl_typesupport_c: rosidl_typesupport_fastrtps_c;rosidl_typesupport_introspection_c
[0.191s] -- Using all available rosidl_typesupport_cpp: rosidl_typesupport_fastrtps_cpp;rosidl_typesupport_introspection_cpp
[0.292s] -- Found rmw_implementation_cmake: 6.1.2 (/opt/ros/humble/share/rmw_implementation_cmake/cmake)
[0.293s] -- Found rmw_fastrtps_cpp: 6.2.7 (/opt/ros/humble/share/rmw_fastrtps_cpp/cmake)
[0.304s] -- Found TinyXML2 via Config file: TinyXML2_DIR-NOTFOUND
[0.312s] -- Found TinyXML2 via Config file: TinyXML2_DIR-NOTFOUND
[0.326s] -- Found TinyXML2 via Config file: TinyXML2_DIR-NOTFOUND
[0.332s] -- Found TinyXML2 via Config file: TinyXML2_DIR-NOTFOUND
[0.340s] -- Using RMW implementation 'rmw_fastrtps_cpp' as default
[0.364s] -- Found rclcpp_action: 16.0.12 (/opt/ros/humble/share/rclcpp_action/cmake)
[0.369s] -- Found rclcpp_components: 16.0.12 (/opt/ros/humble/share/rclcpp_components/cmake)
[0.378s] -- Found yaml_cpp_vendor: 8.0.2 (/opt/ros/humble/share/yaml_cpp_vendor/cmake)
[0.378s] -- Found urdf: 2.6.1 (/opt/ros/humble/share/urdf/cmake)
[0.381s] -- Found ar_action: 0.0.0 (/home/hans/ar/install/ar_action/share/ar_action/cmake)
[0.406s] -- Found ar_comm: 0.0.0 (/home/hans/ar/install/ar_comm/share/ar_comm/cmake)
[0.406s] -- Found ar_utils: 0.0.0 (/home/hans/ar/install/ar_utils/share/ar_utils/cmake)
[0.419s] -- Found Boost: /usr/lib/x86_64-linux-gnu/cmake/Boost-1.74.0/BoostConfig.cmake (found version "1.74.0") found components: chrono date_time filesystem iostreams program_options regex serialization system thread 
[0.432s] -- Found parameter_traits: 0.4.0 (/opt/ros/humble/share/parameter_traits/cmake)
[0.440s] -- Found Boost: /usr/lib/x86_64-linux-gnu/cmake/Boost-1.74.0/BoostConfig.cmake (found version "1.74.0") found components: filesystem 
[0.463s] -- library: /usr/lib/x86_64-linux-gnu/libcurl.so
[0.485s] -- Ensuring Eigen3 include directory is part of orocos-kdl CMake target
[0.561s] -- Found pilz_industrial_motion_planner: 2.5.9 (/opt/ros/humble/share/pilz_industrial_motion_planner/cmake)
[0.568s] -- Found Boost: /usr/lib/x86_64-linux-gnu/cmake/Boost-1.74.0/BoostConfig.cmake (found version "1.74.0") found components: system filesystem date_time program_options thread 
[0.587s] -- Found Boost: /usr/lib/x86_64-linux-gnu/cmake/Boost-1.74.0/BoostConfig.cmake (found version "1.74.0") found components: system filesystem date_time program_options thread chrono 
[0.601s] -- Found Boost: /usr/lib/x86_64-linux-gnu/cmake/Boost-1.74.0/BoostConfig.cmake (found version "1.74.0") found components: date_time filesystem program_options system thread 
[0.609s] -- Found Boost: /usr/lib/x86_64-linux-gnu/cmake/Boost-1.74.0/BoostConfig.cmake (found version "1.74.0") found components: thread system filesystem regex date_time program_options 
[0.626s] -- Found moveit_planners: 2.5.9 (/opt/ros/humble/share/moveit_planners/cmake)
[0.628s] -- Found pcl_conversions: 2.4.5 (/opt/ros/humble/share/pcl_conversions/cmake)
[0.649s] -- Eigen found (include: /usr/include/eigen3, version: 3.4.0)
[0.669s] -- FLANN found (include: /usr/include, lib: /usr/lib/x86_64-linux-gnu/libflann_cpp.so)
[0.813s] -- OpenNI found (version: 1.5.4.0, include: /usr/include/ni, lib: /usr/lib/libOpenNI.so;libusb::libusb)
[0.819s] -- OpenNI2 found (version: 2.2.0.33, include: /usr/include/openni2, lib: /usr/lib/x86_64-linux-gnu/libOpenNI2.so;libusb::libusb)
[0.922s] -- Eigen found (include: /usr/include/eigen3, version: 3.4.0)
[0.927s] -- OpenNI found (version: 1.5.4.0, include: /usr/include/ni, lib: /usr/lib/libOpenNI.so;libusb::libusb)
[0.932s] -- OpenNI2 found (version: 2.2.0.33, include: /usr/include/openni2, lib: /usr/lib/x86_64-linux-gnu/libOpenNI2.so;libusb::libusb)
[1.031s] -- Found Qhull version 8.0.2
[1.133s] -- OpenNI found (version: 1.5.4.0, include: /usr/include/ni, lib: /usr/lib/libOpenNI.so;libusb::libusb)
[1.235s] -- Found octomap_ros: 0.4.4 (/opt/ros/humble/share/octomap_ros/cmake)
[1.278s] -- Found ament_cmake_gtest: 1.3.11 (/opt/ros/humble/share/ament_cmake_gtest/cmake)
[1.281s] -- Configuring done
[1.418s] -- Generating done
[1.445s] -- Build files have been written to: /home/hans/ar/build/ar_control
[1.484s] [ 14%] [32mBuilding CXX object CMakeFiles/ar_control.dir/src/ar_control_server.cpp.o[0m
[1.484s] [ 14%] [32mBuilding CXX object CMakeFiles/ar_control.dir/src/ar_control_client.cpp.o[0m
[1.484s] [ 42%] [32mBuilding CXX object CMakeFiles/ar_control_client.dir/src/ar_control_client.cpp.o[0m
[1.484s] [ 42%] [32mBuilding CXX object CMakeFiles/ar_control_server.dir/src/ar_control_server.cpp.o[0m
[1.485s] [ 42%] [32mBuilding CXX object CMakeFiles/ar_control_server.dir/src/ar_control_client.cpp.o[0m
[1.485s] [ 42%] [32mBuilding CXX object CMakeFiles/ar_control_client_server_test.dir/test/ar_control_client_server_test.cpp.o[0m
[1.485s] [ 57%] [32mBuilding CXX object CMakeFiles/ar_control_server.dir/src/ar_hardware_interface.cpp.o[0m
[1.485s] [ 57%] [32mBuilding CXX object CMakeFiles/ar_control.dir/src/ar_hardware_interface.cpp.o[0m
[1.485s] [ 64%] [32mBuilding CXX object CMakeFiles/ar_control_server.dir/src/ar_system.cpp.o[0m
[1.485s] [ 71%] [32mBuilding CXX object CMakeFiles/ar_control.dir/src/ar_system.cpp.o[0m
[1.493s] [01m[K/home/hans/ar/ar_src/command/ar_control/src/ar_system.cpp:15:10:[m[K [01;31m[Kfatal error: [m[Kar_control/ar_system.hpp: No such file or directory
[1.493s]    15 | #include [01;31m[K"ar_control/ar_system.hpp"[m[K
[1.494s]       |          [01;31m[K^~~~~~~~~~~~~~~~~~~~~~~~~~[m[K
[1.494s] compilation terminated.
[1.494s] [01m[K/home/hans/ar/ar_src/command/ar_control/src/ar_control_client.cpp:1:10:[m[K [01;31m[Kfatal error: [m[Kar_control/ar_control_client.h: No such file or directory
[1.494s]     1 | #include [01;31m[K<ar_control/ar_control_client.h>[m[K
[1.494s]       |          [01;31m[K^~~~~~~~~~~~~~~~~~~~~~~~~~~~~~~~[m[K
[1.494s] [01m[K/home/hans/ar/ar_src/command/ar_control/src/ar_control_server.cpp:3:10:[m[K [01;31m[Kfatal error: [m[Kar_control/ar_control_server.h: No such file or directory
[1.494s]     3 | #include [01;31m[K<ar_control/ar_control_server.h>[m[K
[1.494s]       |          [01;31m[K^~~~~~~~~~~~~~~~~~~~~~~~~~~~~~~~[m[K
[1.494s] compilation terminated.
[1.494s] [01m[K/home/hans/ar/ar_src/command/ar_control/src/ar_hardware_interface.cpp:1:10:[m[K [01;31m[Kfatal error: [m[Kar_control/ar_hardware_interface.h: No such file or directory
[1.494s]     1 | #include [01;31m[K<ar_control/ar_hardware_interface.h>[m[K
[1.494s]       |          [01;31m[K^~~~~~~~~~~~~~~~~~~~~~~~~~~~~~~~~~~~[m[K
[1.494s] [01m[K/home/hans/ar/ar_src/command/ar_control/src/ar_control_client.cpp:1:10:[m[K [01;31m[Kfatal error: [m[Kar_control/ar_control_client.h: No such file or directory
[1.494s]     1 | #include [01;31m[K<ar_control/ar_control_client.h>[m[K
[1.494s]       |          [01;31m[K^~~~~~~~~~~~~~~~~~~~~~~~~~~~~~~~[m[K
[1.494s] compilation terminated.
[1.494s] compilation terminated.
[1.495s] compilation terminated.
[1.495s] [01m[K/home/hans/ar/ar_src/command/ar_control/src/ar_control_server.cpp:3:10:[m[K [01;31m[Kfatal error: [m[Kar_control/ar_control_server.h: No such file or directory
[1.496s]     3 | #include [01;31m[K<ar_control/ar_control_server.h>[m[K
[1.496s]       |          [01;31m[K^~~~~~~~~~~~~~~~~~~~~~~~~~~~~~~~[m[K
[1.496s] compilation terminated.
[1.496s] [01m[K/home/hans/ar/ar_src/command/ar_control/src/ar_system.cpp:15:10:[m[K [01;31m[Kfatal error: [m[Kar_control/ar_system.hpp: No such file or directory
[1.496s]    15 | #include [01;31m[K"ar_control/ar_system.hpp"[m[K
[1.496s]       |          [01;31m[K^~~~~~~~~~~~~~~~~~~~~~~~~~[m[K
[1.496s] compilation terminated.
[1.496s] [01m[K/home/hans/ar/ar_src/command/ar_control/src/ar_control_client.cpp:1:10:[m[K [01;31m[Kfatal error: [m[Kar_control/ar_control_client.h: No such file or directory
[1.496s]     1 | #include [01;31m[K<ar_control/ar_control_client.h>[m[K
[1.496s]       |          [01;31m[K^~~~~~~~~~~~~~~~~~~~~~~~~~~~~~~~[m[K
[1.496s] compilation terminated.
[1.496s] gmake[2]: *** [CMakeFiles/ar_control_server.dir/build.make:104: CMakeFiles/ar_control_server.dir/src/ar_hardware_interface.cpp.o] Error 1
[1.496s] gmake[2]: *** [CMakeFiles/ar_control.dir/build.make:76: CMakeFiles/ar_control.dir/src/ar_control_client.cpp.o] Error 1
[1.496s] gmake[2]: *** [CMakeFiles/ar_control_client.dir/build.make:76: CMakeFiles/ar_control_client.dir/src/ar_control_client.cpp.o] Error 1
[1.496s] gmake[2]: *** Waiting for unfinished jobs....
[1.497s] gmake[2]: *** Waiting for unfinished jobs....
[1.497s] gmake[2]: *** [CMakeFiles/ar_control.dir/build.make:90: CMakeFiles/ar_control.dir/src/ar_control_server.cpp.o] Error 1
[1.497s] gmake[2]: *** [CMakeFiles/ar_control.dir/build.make:118: CMakeFiles/ar_control.dir/src/ar_system.cpp.o] Error 1
[1.497s] gmake[1]: *** [CMakeFiles/Makefile2:195: CMakeFiles/ar_control_client.dir/all] Error 2
[1.497s] gmake[1]: *** Waiting for unfinished jobs....
[1.497s] gmake[2]: *** [CMakeFiles/ar_control_server.dir/build.make:76: CMakeFiles/ar_control_server.dir/src/ar_control_client.cpp.o] Error 1
[1.497s] gmake[2]: *** [CMakeFiles/ar_control_server.dir/build.make:118: CMakeFiles/ar_control_server.dir/src/ar_system.cpp.o] Error 1
[1.497s] gmake[2]: *** [CMakeFiles/ar_control_server.dir/build.make:90: CMakeFiles/ar_control_server.dir/src/ar_control_server.cpp.o] Error 1
[1.497s] gmake[1]: *** [CMakeFiles/Makefile2:169: CMakeFiles/ar_control_server.dir/all] Error 2
[1.497s] [01m[K/home/hans/ar/ar_src/command/ar_control/src/ar_hardware_interface.cpp:1:10:[m[K [01;31m[Kfatal error: [m[Kar_control/ar_hardware_interface.h: No such file or directory
[1.497s]     1 | #include [01;31m[K<ar_control/ar_hardware_interface.h>[m[K
[1.497s]       |          [01;31m[K^~~~~~~~~~~~~~~~~~~~~~~~~~~~~~~~~~~~[m[K
[1.497s] compilation terminated.
[1.497s] gmake[2]: *** [CMakeFiles/ar_control.dir/build.make:104: CMakeFiles/ar_control.dir/src/ar_hardware_interface.cpp.o] Error 1
[1.497s] gmake[1]: *** [CMakeFiles/Makefile2:143: CMakeFiles/ar_control.dir/all] Error 2
[1.760s] In file included from [01m[K/home/hans/ar/ar_src/command/ar_control/test/ar_control_client_server_test.cpp:1[m[K:
[1.760s] [01m[K/home/hans/ar/ar_src/command/ar_control/include/ar_control_client.h:15:10:[m[K [01;31m[Kfatal error: [m[Krclcpp_components/register_node_macro.hpp: No such file or directory
[1.760s]    15 | #include [01;31m[K"rclcpp_components/register_node_macro.hpp"[m[K
[1.760s]       |          [01;31m[K^~~~~~~~~~~~~~~~~~~~~~~~~~~~~~~~~~~~~~~~~~~[m[K
[1.761s] compilation terminated.
[1.771s] gmake[2]: *** [CMakeFiles/ar_control_client_server_test.dir/build.make:76: CMakeFiles/ar_control_client_server_test.dir/test/ar_control_client_server_test.cpp.o] Error 1
[1.771s] gmake[1]: *** [CMakeFiles/Makefile2:221: CMakeFiles/ar_control_client_server_test.dir/all] Error 2
[1.772s] gmake: *** [Makefile:146: all] Error 2
[1.774s] Invoked command in '/home/hans/ar/build/ar_control' returned '2': CMAKE_PREFIX_PATH=/home/hans/ar/install/master:/home/hans/ar/install/ar_utils:/home/hans/ar/install/ar_comm:/home/hans/ar/install/ar_scene:/home/hans/ar/install/ar_planner_interface:/home/hans/ar/install/ar_msgs:/home/hans/ar/install/ar_moveit_config:/home/hans/ar/install/ar_computation:/home/hans/ar/install/ar_action:/opt/ros/humble /usr/bin/cmake --build /home/hans/ar/build/ar_control -- -j12 -l12
