[0.008s] Invoking command in '/home/hans/ar/build/ar_utils': CMAKE_PREFIX_PATH=/opt/ros/humble /usr/bin/cmake /home/hans/ar/utilities/ar_utils -DCMAKE_INSTALL_PREFIX=/home/hans/ar/install/ar_utils
[0.017s] -- Found ament_cmake: 1.3.11 (/opt/ros/humble/share/ament_cmake/cmake)
[0.097s] -- Found yaml_cpp_vendor: 8.0.2 (/opt/ros/humble/share/yaml_cpp_vendor/cmake)
[0.097s] -- Found rclcpp: 16.0.12 (/opt/ros/humble/share/rclcpp/cmake)
[0.115s] -- Found rosidl_generator_c: 3.1.6 (/opt/ros/humble/share/rosidl_generator_c/cmake)
[0.116s] -- Found rosidl_adapter: 3.1.6 (/opt/ros/humble/share/rosidl_adapter/cmake)
[0.119s] -- Found rosidl_generator_cpp: 3.1.6 (/opt/ros/humble/share/rosidl_generator_cpp/cmake)
[0.124s] -- Using all available rosidl_typesupport_c: rosidl_typesupport_fastrtps_c;rosidl_typesupport_introspection_c
[0.131s] -- Using all available rosidl_typesupport_cpp: rosidl_typesupport_fastrtps_cpp;rosidl_typesupport_introspection_cpp
[0.150s] -- Found rmw_implementation_cmake: 6.1.2 (/opt/ros/humble/share/rmw_implementation_cmake/cmake)
[0.150s] -- Found rmw_fastrtps_cpp: 6.2.7 (/opt/ros/humble/share/rmw_fastrtps_cpp/cmake)
[0.224s] -- Using RMW implementation 'rmw_fastrtps_cpp' as default
[0.252s] -- Found rclcpp_lifecycle: 16.0.12 (/opt/ros/humble/share/rclcpp_lifecycle/cmake)
[0.266s] -- Found Boost: /usr/lib/x86_64-linux-gnu/cmake/Boost-1.74.0/BoostConfig.cmake (found version "1.74.0") found components: system filesystem date_time thread 
[0.267s] -- Found moveit_core: 2.5.9 (/opt/ros/humble/share/moveit_core/cmake)
[0.273s] -- Found Boost: /usr/lib/x86_64-linux-gnu/cmake/Boost-1.74.0/BoostConfig.cmake (found version "1.74.0") found components: chrono date_time filesystem iostreams program_options regex serialization system thread 
[0.288s] -- Found parameter_traits: 0.4.0 (/opt/ros/humble/share/parameter_traits/cmake)
[0.296s] -- Found Boost: /usr/lib/x86_64-linux-gnu/cmake/Boost-1.74.0/BoostConfig.cmake (found version "1.74.0") found components: filesystem 
[0.326s] -- library: /usr/lib/x86_64-linux-gnu/libcurl.so
[0.359s] -- Ensuring Eigen3 include directory is part of orocos-kdl CMake target
[0.535s] -- Configuring done
[0.539s] [31mCMake Error at CMakeLists.txt:48 (add_library):
[0.539s]   Cannot find source file:
[0.539s] 
[0.539s]     src/ar_serializer.cpp
[0.539s] 
[0.539s]   Tried extensions .c .C .c++ .cc .cpp .cxx .cu .mpp .m .M .mm .ixx .cppm .h
[0.539s]   .hh .h++ .hm .hpp .hxx .in .txx .f .F .for .f77 .f90 .f95 .f03 .hip .ispc
[0.539s] 
[0.539s] [0m
[0.540s] [31mCMake Error at CMakeLists.txt:71 (add_executable):
[0.540s]   Cannot find source file:
[0.540s] 
[0.540s]     src/test/test_log.cpp
[0.540s] 
[0.540s]   Tried extensions .c .C .c++ .cc .cpp .cxx .cu .mpp .m .M .mm .ixx .cppm .h
[0.541s]   .hh .h++ .hm .hpp .hxx .in .txx .f .F .for .f77 .f90 .f95 .f03 .hip .ispc
[0.541s] 
[0.541s] [0m
[0.541s] [31mCMake Error at CMakeLists.txt:48 (add_library):
[0.541s]   No SOURCES given to target: ar_utils
[0.541s] 
[0.541s] [0m
[0.541s] [31mCMake Error at CMakeLists.txt:71 (add_executable):
[0.541s]   No SOURCES given to target: test_log
[0.541s] 
[0.541s] [0m
[0.541s] [0mCMake Generate step failed.  Build files cannot be regenerated correctly.[0m
[0.551s] Invoked command in '/home/hans/ar/build/ar_utils' returned '1': CMAKE_PREFIX_PATH=/opt/ros/humble /usr/bin/cmake /home/hans/ar/utilities/ar_utils -DCMAKE_INSTALL_PREFIX=/home/hans/ar/install/ar_utils
