[0.010s] Invoking command in '/home/hans/ar/build/ar_control': CMAKE_PREFIX_PATH=/home/hans/ar/install/master:/home/hans/ar/install/ar_utils:/home/hans/ar/install/ar_comm:/home/hans/ar/install/ar_scene:/home/hans/ar/install/ar_planner_interface:/home/hans/ar/install/ar_msgs:/home/hans/ar/install/ar_moveit_config:/home/hans/ar/install/ar_computation:/home/hans/ar/install/ar_action:/opt/ros/humble /usr/bin/cmake --build /home/hans/ar/build/ar_control -- -j12 -l12
[0.062s] [ 28%] [32mBuilding CXX object CMakeFiles/ar_control.dir/src/ar_control_client.cpp.o[0m
[0.063s] [ 28%] [32mBuilding CXX object CMakeFiles/ar_control_server.dir/src/ar_control_server.cpp.o[0m
[0.063s] [ 28%] [32mBuilding CXX object CMakeFiles/ar_control_server.dir/src/ar_hardware_interface.cpp.o[0m
[0.063s] [ 35%] [32mBuilding CXX object CMakeFiles/ar_control.dir/src/ar_system.cpp.o[0m
[0.063s] [ 42%] [32mBuilding CXX object CMakeFiles/ar_control_client.dir/src/ar_control_client.cpp.o[0m
[0.063s] [ 50%] [32mBuilding CXX object CMakeFiles/ar_control_client_server_test.dir/test/ar_control_client_server_test.cpp.o[0m
[0.063s] [ 57%] [32mBuilding CXX object CMakeFiles/ar_control.dir/src/ar_control_server.cpp.o[0m
[0.063s] [ 64%] [32mBuilding CXX object CMakeFiles/ar_control_server.dir/src/ar_control_client.cpp.o[0m
[0.063s] [ 64%] [32mBuilding CXX object CMakeFiles/ar_control.dir/src/ar_hardware_interface.cpp.o[0m
[0.070s] [ 71%] [32mBuilding CXX object CMakeFiles/ar_control_server.dir/src/ar_system.cpp.o[0m
[0.364s] In file included from [01m[K/home/hans/ar/ar_src/command/ar_control/src/ar_system.cpp:15[m[K:
[0.364s] [01m[K/home/hans/ar/ar_src/command/ar_control/include/ar_system.hpp:29:10:[m[K [01;31m[Kfatal error: [m[Kar_control/visibility_control.h: No such file or directory
[0.364s]    29 | #include [01;31m[K"ar_control/visibility_control.h"[m[K
[0.364s]       |          [01;31m[K^~~~~~~~~~~~~~~~~~~~~~~~~~~~~~~~~[m[K
[0.364s] compilation terminated.
[0.367s] gmake[2]: *** [CMakeFiles/ar_control.dir/build.make:118: CMakeFiles/ar_control.dir/src/ar_system.cpp.o] Error 1
[0.367s] gmake[2]: *** Waiting for unfinished jobs....
[0.375s] In file included from [01m[K/home/hans/ar/ar_src/command/ar_control/src/ar_system.cpp:15[m[K:
[0.375s] [01m[K/home/hans/ar/ar_src/command/ar_control/include/ar_system.hpp:29:10:[m[K [01;31m[Kfatal error: [m[Kar_control/visibility_control.h: No such file or directory
[0.375s]    29 | #include [01;31m[K"ar_control/visibility_control.h"[m[K
[0.375s]       |          [01;31m[K^~~~~~~~~~~~~~~~~~~~~~~~~~~~~~~~~[m[K
[0.375s] compilation terminated.
[0.377s] gmake[2]: *** [CMakeFiles/ar_control_server.dir/build.make:118: CMakeFiles/ar_control_server.dir/src/ar_system.cpp.o] Error 1
[0.377s] gmake[2]: *** Waiting for unfinished jobs....
[0.435s] In file included from [01m[K/home/hans/ar/ar_src/command/ar_control/test/ar_control_client_server_test.cpp:1[m[K:
[0.435s] [01m[K/home/hans/ar/ar_src/command/ar_control/include/ar_control_client.h:15:10:[m[K [01;31m[Kfatal error: [m[Krclcpp_components/register_node_macro.hpp: No such file or directory
[0.435s]    15 | #include [01;31m[K"rclcpp_components/register_node_macro.hpp"[m[K
[0.435s]       |          [01;31m[K^~~~~~~~~~~~~~~~~~~~~~~~~~~~~~~~~~~~~~~~~~~[m[K
[0.435s] compilation terminated.
[0.439s] gmake[2]: *** [CMakeFiles/ar_control_client_server_test.dir/build.make:76: CMakeFiles/ar_control_client_server_test.dir/test/ar_control_client_server_test.cpp.o] Error 1
[0.439s] gmake[1]: *** [CMakeFiles/Makefile2:221: CMakeFiles/ar_control_client_server_test.dir/all] Error 2
[0.439s] gmake[1]: *** Waiting for unfinished jobs....
[0.494s] In file included from [01m[K/home/hans/ar/ar_src/command/ar_control/src/ar_control_client.cpp:1[m[K:
[0.494s] [01m[K/home/hans/ar/ar_src/command/ar_control/include/ar_control_client.h:18:10:[m[K [01;31m[Kfatal error: [m[Kar_control/control_def.h: No such file or directory
[0.494s]    18 | #include [01;31m[K<ar_control/control_def.h>[m[K
[0.494s]       |          [01;31m[K^~~~~~~~~~~~~~~~~~~~~~~~~~[m[K
[0.494s] compilation terminated.
[0.497s] gmake[2]: *** [CMakeFiles/ar_control_client.dir/build.make:76: CMakeFiles/ar_control_client.dir/src/ar_control_client.cpp.o] Error 1
[0.498s] gmake[1]: *** [CMakeFiles/Makefile2:195: CMakeFiles/ar_control_client.dir/all] Error 2
[0.522s] In file included from [01m[K/home/hans/ar/ar_src/command/ar_control/include/ar_hardware_interface.h:11[m[K,
[0.522s]                  from [01m[K/home/hans/ar/ar_src/command/ar_control/src/ar_hardware_interface.cpp:1[m[K:
[0.522s] [01m[K/home/hans/ar/ar_src/command/ar_control/include/ar_control_server.h:20:10:[m[K [01;31m[Kfatal error: [m[Kar_control/control_def.h: No such file or directory
[0.522s]    20 | #include [01;31m[K<ar_control/control_def.h>[m[K
[0.522s]       |          [01;31m[K^~~~~~~~~~~~~~~~~~~~~~~~~~[m[K
[0.522s] compilation terminated.
[0.522s] gmake[2]: *** [CMakeFiles/ar_control_server.dir/build.make:104: CMakeFiles/ar_control_server.dir/src/ar_hardware_interface.cpp.o] Error 1
[0.532s] In file included from [01m[K/home/hans/ar/ar_src/command/ar_control/src/ar_control_server.cpp:3[m[K:
[0.532s] [01m[K/home/hans/ar/ar_src/command/ar_control/include/ar_control_server.h:20:10:[m[K [01;31m[Kfatal error: [m[Kar_control/control_def.h: No such file or directory
[0.532s]    20 | #include [01;31m[K<ar_control/control_def.h>[m[K
[0.532s]       |          [01;31m[K^~~~~~~~~~~~~~~~~~~~~~~~~~[m[K
[0.532s] compilation terminated.
[0.532s] In file included from [01m[K/home/hans/ar/ar_src/command/ar_control/src/ar_control_client.cpp:1[m[K:
[0.532s] [01m[K/home/hans/ar/ar_src/command/ar_control/include/ar_control_client.h:18:10:[m[K [01;31m[Kfatal error: [m[Kar_control/control_def.h: No such file or directory
[0.532s]    18 | #include [01;31m[K<ar_control/control_def.h>[m[K
[0.532s]       |          [01;31m[K^~~~~~~~~~~~~~~~~~~~~~~~~~[m[K
[0.532s] compilation terminated.
[0.535s] gmake[2]: *** [CMakeFiles/ar_control_server.dir/build.make:76: CMakeFiles/ar_control_server.dir/src/ar_control_client.cpp.o] Error 1
[0.536s] gmake[2]: *** [CMakeFiles/ar_control_server.dir/build.make:90: CMakeFiles/ar_control_server.dir/src/ar_control_server.cpp.o] Error 1
[0.537s] gmake[1]: *** [CMakeFiles/Makefile2:169: CMakeFiles/ar_control_server.dir/all] Error 2
[0.543s] In file included from [01m[K/home/hans/ar/ar_src/command/ar_control/src/ar_control_client.cpp:1[m[K:
[0.543s] [01m[K/home/hans/ar/ar_src/command/ar_control/include/ar_control_client.h:18:10:[m[K [01;31m[Kfatal error: [m[Kar_control/control_def.h: No such file or directory
[0.543s]    18 | #include [01;31m[K<ar_control/control_def.h>[m[K
[0.543s]       |          [01;31m[K^~~~~~~~~~~~~~~~~~~~~~~~~~[m[K
[0.543s] compilation terminated.
[0.546s] gmake[2]: *** [CMakeFiles/ar_control.dir/build.make:76: CMakeFiles/ar_control.dir/src/ar_control_client.cpp.o] Error 1
[0.574s] In file included from [01m[K/home/hans/ar/ar_src/command/ar_control/include/ar_hardware_interface.h:11[m[K,
[0.574s]                  from [01m[K/home/hans/ar/ar_src/command/ar_control/src/ar_hardware_interface.cpp:1[m[K:
[0.574s] [01m[K/home/hans/ar/ar_src/command/ar_control/include/ar_control_server.h:20:10:[m[K [01;31m[Kfatal error: [m[Kar_control/control_def.h: No such file or directory
[0.574s]    20 | #include [01;31m[K<ar_control/control_def.h>[m[K
[0.574s]       |          [01;31m[K^~~~~~~~~~~~~~~~~~~~~~~~~~[m[K
[0.574s] In file included from [01m[K/home/hans/ar/ar_src/command/ar_control/src/ar_control_server.cpp:3[m[K:
[0.575s] [01m[K/home/hans/ar/ar_src/command/ar_control/include/ar_control_server.h:20:10:[m[K [01;31m[Kfatal error: [m[Kar_control/control_def.h: No such file or directory
[0.575s]    20 | #include [01;31m[K<ar_control/control_def.h>[m[K
[0.575s]       |          [01;31m[K^~~~~~~~~~~~~~~~~~~~~~~~~~[m[K
[0.575s] compilation terminated.
[0.575s] compilation terminated.
[0.578s] gmake[2]: *** [CMakeFiles/ar_control.dir/build.make:90: CMakeFiles/ar_control.dir/src/ar_control_server.cpp.o] Error 1
[0.578s] gmake[2]: *** [CMakeFiles/ar_control.dir/build.make:104: CMakeFiles/ar_control.dir/src/ar_hardware_interface.cpp.o] Error 1
[0.578s] gmake[1]: *** [CMakeFiles/Makefile2:143: CMakeFiles/ar_control.dir/all] Error 2
[0.578s] gmake: *** [Makefile:146: all] Error 2
[0.580s] Invoked command in '/home/hans/ar/build/ar_control' returned '2': CMAKE_PREFIX_PATH=/home/hans/ar/install/master:/home/hans/ar/install/ar_utils:/home/hans/ar/install/ar_comm:/home/hans/ar/install/ar_scene:/home/hans/ar/install/ar_planner_interface:/home/hans/ar/install/ar_msgs:/home/hans/ar/install/ar_moveit_config:/home/hans/ar/install/ar_computation:/home/hans/ar/install/ar_action:/opt/ros/humble /usr/bin/cmake --build /home/hans/ar/build/ar_control -- -j12 -l12
