[0.036s] Invoking command in '/home/hans/ar/build/master': CMAKE_PREFIX_PATH=${CMAKE_PREFIX_PATH}:/opt/ros/humble /usr/bin/cmake /home/hans/ar/ar_src/communication/master -DCMAKE_INSTALL_PREFIX=/home/hans/ar/install/master
[0.259s] -- The C compiler identification is GNU 11.4.0
[0.478s] -- The CXX compiler identification is GNU 11.4.0
[0.509s] -- Detecting C compiler ABI info
[0.931s] -- Detecting C compiler ABI info - done
[0.936s] -- Check for working C compiler: /usr/bin/cc - skipped
[0.936s] -- Detecting C compile features
[0.937s] -- Detecting C compile features - done
[0.940s] -- Detecting CXX compiler ABI info
[1.319s] -- Detecting CXX compiler ABI info - done
[1.345s] -- Check for working CXX compiler: /usr/bin/c++ - skipped
[1.345s] -- Detecting CXX compile features
[1.345s] -- Detecting CXX compile features - done
[1.352s] -- Found ament_cmake: 1.3.11 (/opt/ros/humble/share/ament_cmake/cmake)
[1.623s] -- Found Python3: /usr/bin/python3 (found version "3.10.12") found components: Interpreter 
[1.746s] -- Found rclcpp: 16.0.12 (/opt/ros/humble/share/rclcpp/cmake)
[1.789s] -- Found rosidl_generator_c: 3.1.6 (/opt/ros/humble/share/rosidl_generator_c/cmake)
[1.794s] -- Found rosidl_adapter: 3.1.6 (/opt/ros/humble/share/rosidl_adapter/cmake)
[1.805s] -- Found rosidl_generator_cpp: 3.1.6 (/opt/ros/humble/share/rosidl_generator_cpp/cmake)
[1.818s] -- Using all available rosidl_typesupport_c: rosidl_typesupport_fastrtps_c;rosidl_typesupport_introspection_c
[1.836s] -- Using all available rosidl_typesupport_cpp: rosidl_typesupport_fastrtps_cpp;rosidl_typesupport_introspection_cpp
[1.887s] -- Found rmw_implementation_cmake: 6.1.2 (/opt/ros/humble/share/rmw_implementation_cmake/cmake)
[1.889s] -- Found rmw_fastrtps_cpp: 6.2.7 (/opt/ros/humble/share/rmw_fastrtps_cpp/cmake)
[2.218s] -- Found OpenSSL: /usr/lib/x86_64-linux-gnu/libcrypto.so (found version "3.0.2")  
[2.265s] -- Found FastRTPS: /opt/ros/humble/include  
[2.335s] -- Using RMW implementation 'rmw_fastrtps_cpp' as default
[2.345s] -- Looking for pthread.h
[2.559s] -- Looking for pthread.h - found
[2.560s] -- Performing Test CMAKE_HAVE_LIBC_PTHREAD
[2.743s] -- Performing Test CMAKE_HAVE_LIBC_PTHREAD - Success
[2.743s] -- Found Threads: TRUE  
[2.794s] -- Found ament_lint_auto: 0.12.12 (/opt/ros/humble/share/ament_lint_auto/cmake)
[2.907s] -- Added test 'lint_cmake' to check CMake code style
[2.907s] -- Added test 'xmllint' to check XML markup files
[2.909s] -- Configuring done
[2.914s] -- Generating done
[2.916s] -- Build files have been written to: /home/hans/ar/build/master
