[0.014s] Invoking command in '/home/hans/ar/build/ar_control': CMAKE_PREFIX_PATH=/home/hans/ar/install/master:/home/hans/ar/install/ar_utils:/home/hans/ar/install/ar_comm:/home/hans/ar/install/ar_scene:/home/hans/ar/install/ar_planner_interface:/home/hans/ar/install/ar_msgs:/home/hans/ar/install/ar_moveit_config:/home/hans/ar/install/ar_computation:/home/hans/ar/install/ar_action:/opt/ros/humble /usr/bin/cmake --build /home/hans/ar/build/ar_control -- -j12 -l12
[0.062s] [  7%] [32mBuilding CXX object CMakeFiles/ar_control_server.dir/src/ar_hardware_interface.cpp.o[0m
[0.062s] [ 14%] [32mBuilding CXX object CMakeFiles/ar_control.dir/src/ar_hardware_interface.cpp.o[0m
[0.062s] [ 21%] [32mBuilding CXX object CMakeFiles/ar_control_server.dir/src/ar_control_client.cpp.o[0m
[0.062s] [ 35%] [32mBuilding CXX object CMakeFiles/ar_control.dir/src/ar_control_client.cpp.o[0m
[0.062s] [ 35%] [32mBuilding CXX object CMakeFiles/ar_control_client.dir/src/ar_control_client.cpp.o[0m
[0.063s] [ 42%] [32mBuilding CXX object CMakeFiles/ar_control.dir/src/ar_system.cpp.o[0m
[0.063s] [ 50%] [32mBuilding CXX object CMakeFiles/ar_control.dir/src/ar_control_server.cpp.o[0m
[0.063s] [ 57%] [32mBuilding CXX object CMakeFiles/ar_control_client_server_test.dir/test/ar_control_client_server_test.cpp.o[0m
[0.065s] [ 64%] [32mBuilding CXX object CMakeFiles/ar_control_server.dir/src/ar_system.cpp.o[0m
[0.066s] [ 71%] [32mBuilding CXX object CMakeFiles/ar_control_server.dir/src/ar_control_server.cpp.o[0m
[0.072s] [01m[K/home/hans/ar/ar_src/command/ar_control/src/ar_control_client.cpp:1:10:[m[K [01;31m[Kfatal error: [m[Kar_control/ar_control_client.h: No such file or directory
[0.073s]     1 | #include [01;31m[K<ar_control/ar_control_client.h>[m[K
[0.073s]       |          [01;31m[K^~~~~~~~~~~~~~~~~~~~~~~~~~~~~~~~[m[K
[0.073s] compilation terminated.
[0.073s] [01m[K/home/hans/ar/ar_src/command/ar_control/src/ar_control_client.cpp:1:10:[m[K [01;31m[Kfatal error: [m[Kar_control/ar_control_client.h: No such file or directory
[0.074s]     1 | #include [01;31m[K<ar_control/ar_control_client.h>[m[K
[0.075s]       |          [01;31m[K^~~~~~~~~~~~~~~~~~~~~~~~~~~~~~~~[m[K
[0.075s] compilation terminated.
[0.075s] gmake[2]: *** [CMakeFiles/ar_control.dir/build.make:76: CMakeFiles/ar_control.dir/src/ar_control_client.cpp.o] Error 1
[0.075s] gmake[2]: *** Waiting for unfinished jobs....
[0.075s] [01m[K/home/hans/ar/ar_src/command/ar_control/src/ar_control_server.cpp:3:10:[m[K [01;31m[Kfatal error: [m[Kar_control/ar_control_server.h: No such file or directory
[0.075s]     3 | #include [01;31m[K<ar_control/ar_control_server.h>[m[K
[0.075s]       |          [01;31m[K^~~~~~~~~~~~~~~~~~~~~~~~~~~~~~~~[m[K
[0.075s] compilation terminated.
[0.075s] gmake[2]: *** [CMakeFiles/ar_control_client.dir/build.make:76: CMakeFiles/ar_control_client.dir/src/ar_control_client.cpp.o] Error 1
[0.076s] gmake[1]: *** [CMakeFiles/Makefile2:195: CMakeFiles/ar_control_client.dir/all] Error 2
[0.076s] gmake[1]: *** Waiting for unfinished jobs....
[0.076s] [01m[K/home/hans/ar/ar_src/command/ar_control/src/ar_hardware_interface.cpp:1:10:[m[K [01;31m[Kfatal error: [m[Kar_control/ar_hardware_interface.h: No such file or directory
[0.076s]     1 | #include [01;31m[K<ar_control/ar_hardware_interface.h>[m[K
[0.076s]       |          [01;31m[K^~~~~~~~~~~~~~~~~~~~~~~~~~~~~~~~~~~~[m[K
[0.076s] compilation terminated.
[0.076s] gmake[2]: *** [CMakeFiles/ar_control.dir/build.make:90: CMakeFiles/ar_control.dir/src/ar_control_server.cpp.o] Error 1
[0.076s] [01m[K/home/hans/ar/ar_src/command/ar_control/src/ar_hardware_interface.cpp:1:10:[m[K [01;31m[Kfatal error: [m[Kar_control/ar_hardware_interface.h: No such file or directory
[0.076s]     1 | #include [01;31m[K<ar_control/ar_hardware_interface.h>[m[K
[0.076s]       |          [01;31m[K^~~~~~~~~~~~~~~~~~~~~~~~~~~~~~~~~~~~[m[K
[0.076s] compilation terminated.
[0.076s] [01m[K/home/hans/ar/ar_src/command/ar_control/src/ar_control_client.cpp:1:10:[m[K [01;31m[Kfatal error: [m[Kar_control/ar_control_client.h: No such file or directory
[0.076s]     1 | #include [01;31m[K<ar_control/ar_control_client.h>[m[K
[0.076s]       |          [01;31m[K^~~~~~~~~~~~~~~~~~~~~~~~~~~~~~~~[m[K
[0.076s] compilation terminated.
[0.076s] gmake[2]: *** [CMakeFiles/ar_control_server.dir/build.make:76: CMakeFiles/ar_control_server.dir/src/ar_control_client.cpp.o] Error 1
[0.076s] gmake[2]: *** Waiting for unfinished jobs....
[0.076s] gmake[2]: *** [CMakeFiles/ar_control_server.dir/build.make:104: CMakeFiles/ar_control_server.dir/src/ar_hardware_interface.cpp.o] Error 1
[0.076s] gmake[2]: *** [CMakeFiles/ar_control.dir/build.make:104: CMakeFiles/ar_control.dir/src/ar_hardware_interface.cpp.o] Error 1
[0.079s] [01m[K/home/hans/ar/ar_src/command/ar_control/src/ar_control_server.cpp:3:10:[m[K [01;31m[Kfatal error: [m[Kar_control/ar_control_server.h: No such file or directory
[0.079s]     3 | #include [01;31m[K<ar_control/ar_control_server.h>[m[K
[0.079s]       |          [01;31m[K^~~~~~~~~~~~~~~~~~~~~~~~~~~~~~~~[m[K
[0.079s] compilation terminated.
[0.080s] gmake[2]: *** [CMakeFiles/ar_control_server.dir/build.make:90: CMakeFiles/ar_control_server.dir/src/ar_control_server.cpp.o] Error 1
[0.309s] In file included from [01m[K/home/hans/ar/ar_src/command/ar_control/src/ar_system.cpp:15[m[K:
[0.309s] [01m[K/home/hans/ar/ar_src/command/ar_control/include/ar_system.hpp:29:10:[m[K [01;31m[Kfatal error: [m[Kar_control/visibility_control.h: No such file or directory
[0.309s]    29 | #include [01;31m[K"ar_control/visibility_control.h"[m[K
[0.309s]       |          [01;31m[K^~~~~~~~~~~~~~~~~~~~~~~~~~~~~~~~~[m[K
[0.309s] In file included from [01m[K/home/hans/ar/ar_src/command/ar_control/src/ar_system.cpp:15[m[K:
[0.309s] [01m[K/home/hans/ar/ar_src/command/ar_control/include/ar_system.hpp:29:10:[m[K [01;31m[Kfatal error: [m[Kar_control/visibility_control.h: No such file or directory
[0.309s]    29 | #include [01;31m[K"ar_control/visibility_control.h"[m[K
[0.309s]       |          [01;31m[K^~~~~~~~~~~~~~~~~~~~~~~~~~~~~~~~~[m[K
[0.309s] compilation terminated.
[0.309s] compilation terminated.
[0.311s] gmake[2]: *** [CMakeFiles/ar_control_server.dir/build.make:118: CMakeFiles/ar_control_server.dir/src/ar_system.cpp.o] Error 1
[0.311s] gmake[2]: *** [CMakeFiles/ar_control.dir/build.make:118: CMakeFiles/ar_control.dir/src/ar_system.cpp.o] Error 1
[0.311s] gmake[1]: *** [CMakeFiles/Makefile2:169: CMakeFiles/ar_control_server.dir/all] Error 2
[0.311s] gmake[1]: *** [CMakeFiles/Makefile2:143: CMakeFiles/ar_control.dir/all] Error 2
[0.371s] In file included from [01m[K/home/hans/ar/ar_src/command/ar_control/test/ar_control_client_server_test.cpp:1[m[K:
[0.372s] [01m[K/home/hans/ar/ar_src/command/ar_control/include/ar_control_client.h:15:10:[m[K [01;31m[Kfatal error: [m[Krclcpp_components/register_node_macro.hpp: No such file or directory
[0.372s]    15 | #include [01;31m[K"rclcpp_components/register_node_macro.hpp"[m[K
[0.372s]       |          [01;31m[K^~~~~~~~~~~~~~~~~~~~~~~~~~~~~~~~~~~~~~~~~~~[m[K
[0.372s] compilation terminated.
[0.375s] gmake[2]: *** [CMakeFiles/ar_control_client_server_test.dir/build.make:76: CMakeFiles/ar_control_client_server_test.dir/test/ar_control_client_server_test.cpp.o] Error 1
[0.376s] gmake[1]: *** [CMakeFiles/Makefile2:221: CMakeFiles/ar_control_client_server_test.dir/all] Error 2
[0.376s] gmake: *** [Makefile:146: all] Error 2
[0.380s] Invoked command in '/home/hans/ar/build/ar_control' returned '2': CMAKE_PREFIX_PATH=/home/hans/ar/install/master:/home/hans/ar/install/ar_utils:/home/hans/ar/install/ar_comm:/home/hans/ar/install/ar_scene:/home/hans/ar/install/ar_planner_interface:/home/hans/ar/install/ar_msgs:/home/hans/ar/install/ar_moveit_config:/home/hans/ar/install/ar_computation:/home/hans/ar/install/ar_action:/opt/ros/humble /usr/bin/cmake --build /home/hans/ar/build/ar_control -- -j12 -l12
