[0.042s] Invoking command in '/home/hans/ar/build/ar_srv': CMAKE_PREFIX_PATH=${CMAKE_PREFIX_PATH}:/opt/ros/humble /usr/bin/cmake --build /home/hans/ar/build/ar_srv -- -j12 -l12
[0.275s] [35m[1mConsolidate compiler generated dependencies of target ar_srv__rosidl_generator_c[0m
[0.357s] [  3%] Built target ar_srv__cpp
[0.385s] [ 12%] Built target ar_srv__rosidl_generator_c
[0.486s] [ 12%] Built target ament_cmake_python_copy_ar_srv
[0.592s] [35m[1mConsolidate compiler generated dependencies of target ar_srv__rosidl_typesupport_fastrtps_cpp[0m
[0.598s] [35m[1mConsolidate compiler generated dependencies of target ar_srv__rosidl_typesupport_introspection_cpp[0m
[0.608s] [35m[1mConsolidate compiler generated dependencies of target ar_srv__rosidl_typesupport_cpp[0m
[0.619s] [35m[1mConsolidate compiler generated dependencies of target ar_srv__rosidl_typesupport_fastrtps_c[0m
[0.632s] [35m[1mConsolidate compiler generated dependencies of target ar_srv__rosidl_typesupport_c[0m
[0.633s] [35m[1mConsolidate compiler generated dependencies of target ar_srv__rosidl_typesupport_introspection_c[0m
[0.769s] [ 25%] Built target ar_srv__rosidl_typesupport_introspection_cpp
[0.769s] [ 32%] Built target ar_srv__rosidl_typesupport_cpp
[0.769s] [ 41%] Built target ar_srv__rosidl_typesupport_fastrtps_cpp
[0.774s] [ 51%] Built target ar_srv__rosidl_typesupport_fastrtps_c
[0.789s] [ 61%] Built target ar_srv__rosidl_typesupport_c
[0.789s] [ 70%] Built target ar_srv__rosidl_typesupport_introspection_c
[0.854s] [ 70%] Built target ar_srv
[0.912s] [ 74%] Built target ar_srv__py
[0.942s] [35m[1mConsolidate compiler generated dependencies of target ar_srv__rosidl_generator_py[0m
[0.976s] running egg_info
[0.976s] writing ar_srv.egg-info/PKG-INFO
[0.976s] writing dependency_links to ar_srv.egg-info/dependency_links.txt
[0.977s] writing top-level names to ar_srv.egg-info/top_level.txt
[0.979s] reading manifest file 'ar_srv.egg-info/SOURCES.txt'
[0.980s] writing manifest file 'ar_srv.egg-info/SOURCES.txt'
[0.988s] [ 80%] Built target ar_srv__rosidl_generator_py
[1.077s] [35m[1mConsolidate compiler generated dependencies of target ar_srv__rosidl_typesupport_introspection_c__pyext[0m
[1.084s] [35m[1mConsolidate compiler generated dependencies of target ar_srv__rosidl_typesupport_c__pyext[0m
[1.085s] [ 80%] Built target ament_cmake_python_build_ar_srv_egg
[1.086s] [35m[1mConsolidate compiler generated dependencies of target ar_srv__rosidl_typesupport_fastrtps_c__pyext[0m
[1.124s] [ 90%] Built target ar_srv__rosidl_typesupport_c__pyext
[1.124s] [ 93%] Built target ar_srv__rosidl_typesupport_introspection_c__pyext
[1.129s] [100%] Built target ar_srv__rosidl_typesupport_fastrtps_c__pyext
[1.145s] Invoked command in '/home/hans/ar/build/ar_srv' returned '0': CMAKE_PREFIX_PATH=${CMAKE_PREFIX_PATH}:/opt/ros/humble /usr/bin/cmake --build /home/hans/ar/build/ar_srv -- -j12 -l12
[1.147s] Invoking command in '/home/hans/ar/build/ar_srv': CMAKE_PREFIX_PATH=${CMAKE_PREFIX_PATH}:/opt/ros/humble /usr/bin/cmake --install /home/hans/ar/build/ar_srv
[1.158s] -- Install configuration: "RelWithDebInfo"
[1.158s] -- Up-to-date: /home/hans/ar/install/ar_srv/share/ament_index/resource_index/rosidl_interfaces/ar_srv
[1.158s] -- Up-to-date: /home/hans/ar/install/ar_srv/include/ar_srv/ar_srv
[1.158s] -- Up-to-date: /home/hans/ar/install/ar_srv/include/ar_srv/ar_srv/srv
[1.158s] -- Up-to-date: /home/hans/ar/install/ar_srv/include/ar_srv/ar_srv/srv/detail
[1.158s] -- Up-to-date: /home/hans/ar/install/ar_srv/include/ar_srv/ar_srv/srv/detail/device__type_support.h
[1.158s] -- Up-to-date: /home/hans/ar/install/ar_srv/include/ar_srv/ar_srv/srv/detail/device__struct.h
[1.158s] -- Up-to-date: /home/hans/ar/install/ar_srv/include/ar_srv/ar_srv/srv/detail/device__functions.c
[1.158s] -- Up-to-date: /home/hans/ar/install/ar_srv/include/ar_srv/ar_srv/srv/detail/device__functions.h
[1.158s] -- Up-to-date: /home/hans/ar/install/ar_srv/include/ar_srv/ar_srv/srv/device.h
[1.158s] -- Up-to-date: /home/hans/ar/install/ar_srv/include/ar_srv/ar_srv/msg
[1.158s] -- Up-to-date: /home/hans/ar/install/ar_srv/include/ar_srv/ar_srv/msg/rosidl_generator_c__visibility_control.h
[1.158s] -- Up-to-date: /home/hans/ar/install/ar_srv/share/ar_srv/environment/library_path.sh
[1.159s] -- Up-to-date: /home/hans/ar/install/ar_srv/share/ar_srv/environment/library_path.dsv
[1.159s] -- Up-to-date: /home/hans/ar/install/ar_srv/lib/libar_srv__rosidl_generator_c.so
[1.159s] -- Up-to-date: /home/hans/ar/install/ar_srv/include/ar_srv/ar_srv
[1.159s] -- Up-to-date: /home/hans/ar/install/ar_srv/include/ar_srv/ar_srv/srv
[1.159s] -- Up-to-date: /home/hans/ar/install/ar_srv/include/ar_srv/ar_srv/srv/detail
[1.159s] -- Up-to-date: /home/hans/ar/install/ar_srv/include/ar_srv/ar_srv/srv/detail/device__rosidl_typesupport_fastrtps_c.h
[1.159s] -- Up-to-date: /home/hans/ar/install/ar_srv/include/ar_srv/ar_srv/msg
[1.159s] -- Up-to-date: /home/hans/ar/install/ar_srv/include/ar_srv/ar_srv/msg/rosidl_typesupport_fastrtps_c__visibility_control.h
[1.159s] -- Up-to-date: /home/hans/ar/install/ar_srv/lib/libar_srv__rosidl_typesupport_fastrtps_c.so
[1.159s] -- Up-to-date: /home/hans/ar/install/ar_srv/include/ar_srv/ar_srv
[1.159s] -- Up-to-date: /home/hans/ar/install/ar_srv/include/ar_srv/ar_srv/srv
[1.159s] -- Up-to-date: /home/hans/ar/install/ar_srv/include/ar_srv/ar_srv/srv/detail
[1.159s] -- Up-to-date: /home/hans/ar/install/ar_srv/include/ar_srv/ar_srv/srv/detail/device__rosidl_typesupport_introspection_c.h
[1.159s] -- Up-to-date: /home/hans/ar/install/ar_srv/include/ar_srv/ar_srv/srv/detail/device__type_support.c
[1.159s] -- Up-to-date: /home/hans/ar/install/ar_srv/include/ar_srv/ar_srv/msg
[1.159s] -- Up-to-date: /home/hans/ar/install/ar_srv/include/ar_srv/ar_srv/msg/rosidl_typesupport_introspection_c__visibility_control.h
[1.159s] -- Up-to-date: /home/hans/ar/install/ar_srv/lib/libar_srv__rosidl_typesupport_introspection_c.so
[1.160s] -- Up-to-date: /home/hans/ar/install/ar_srv/lib/libar_srv__rosidl_typesupport_c.so
[1.160s] -- Up-to-date: /home/hans/ar/install/ar_srv/include/ar_srv/ar_srv
[1.160s] -- Up-to-date: /home/hans/ar/install/ar_srv/include/ar_srv/ar_srv/srv
[1.160s] -- Up-to-date: /home/hans/ar/install/ar_srv/include/ar_srv/ar_srv/srv/detail
[1.160s] -- Up-to-date: /home/hans/ar/install/ar_srv/include/ar_srv/ar_srv/srv/detail/device__type_support.hpp
[1.160s] -- Up-to-date: /home/hans/ar/install/ar_srv/include/ar_srv/ar_srv/srv/detail/device__traits.hpp
[1.160s] -- Up-to-date: /home/hans/ar/install/ar_srv/include/ar_srv/ar_srv/srv/detail/device__builder.hpp
[1.160s] -- Up-to-date: /home/hans/ar/install/ar_srv/include/ar_srv/ar_srv/srv/detail/device__struct.hpp
[1.160s] -- Up-to-date: /home/hans/ar/install/ar_srv/include/ar_srv/ar_srv/srv/device.hpp
[1.160s] -- Up-to-date: /home/hans/ar/install/ar_srv/include/ar_srv/ar_srv/msg
[1.160s] -- Up-to-date: /home/hans/ar/install/ar_srv/include/ar_srv/ar_srv/msg/rosidl_generator_cpp__visibility_control.hpp
[1.160s] -- Up-to-date: /home/hans/ar/install/ar_srv/include/ar_srv/ar_srv
[1.160s] -- Up-to-date: /home/hans/ar/install/ar_srv/include/ar_srv/ar_srv/srv
[1.160s] -- Up-to-date: /home/hans/ar/install/ar_srv/include/ar_srv/ar_srv/srv/detail
[1.161s] -- Up-to-date: /home/hans/ar/install/ar_srv/include/ar_srv/ar_srv/srv/detail/dds_fastrtps
[1.161s] -- Up-to-date: /home/hans/ar/install/ar_srv/include/ar_srv/ar_srv/srv/detail/device__rosidl_typesupport_fastrtps_cpp.hpp
[1.161s] -- Up-to-date: /home/hans/ar/install/ar_srv/include/ar_srv/ar_srv/msg
[1.161s] -- Up-to-date: /home/hans/ar/install/ar_srv/include/ar_srv/ar_srv/msg/rosidl_typesupport_fastrtps_cpp__visibility_control.h
[1.161s] -- Up-to-date: /home/hans/ar/install/ar_srv/lib/libar_srv__rosidl_typesupport_fastrtps_cpp.so
[1.161s] -- Up-to-date: /home/hans/ar/install/ar_srv/include/ar_srv/ar_srv
[1.161s] -- Up-to-date: /home/hans/ar/install/ar_srv/include/ar_srv/ar_srv/srv
[1.161s] -- Up-to-date: /home/hans/ar/install/ar_srv/include/ar_srv/ar_srv/srv/detail
[1.161s] -- Up-to-date: /home/hans/ar/install/ar_srv/include/ar_srv/ar_srv/srv/detail/device__type_support.cpp
[1.161s] -- Up-to-date: /home/hans/ar/install/ar_srv/include/ar_srv/ar_srv/srv/detail/device__rosidl_typesupport_introspection_cpp.hpp
[1.161s] -- Up-to-date: /home/hans/ar/install/ar_srv/lib/libar_srv__rosidl_typesupport_introspection_cpp.so
[1.161s] -- Up-to-date: /home/hans/ar/install/ar_srv/lib/libar_srv__rosidl_typesupport_cpp.so
[1.161s] -- Up-to-date: /home/hans/ar/install/ar_srv/share/ar_srv/environment/pythonpath.sh
[1.161s] -- Up-to-date: /home/hans/ar/install/ar_srv/share/ar_srv/environment/pythonpath.dsv
[1.161s] -- Up-to-date: /home/hans/ar/install/ar_srv/local/lib/python3.10/dist-packages/ar_srv-0.0.0-py3.10.egg-info
[1.162s] -- Installing: /home/hans/ar/install/ar_srv/local/lib/python3.10/dist-packages/ar_srv-0.0.0-py3.10.egg-info/top_level.txt
[1.162s] -- Installing: /home/hans/ar/install/ar_srv/local/lib/python3.10/dist-packages/ar_srv-0.0.0-py3.10.egg-info/PKG-INFO
[1.162s] -- Installing: /home/hans/ar/install/ar_srv/local/lib/python3.10/dist-packages/ar_srv-0.0.0-py3.10.egg-info/SOURCES.txt
[1.162s] -- Installing: /home/hans/ar/install/ar_srv/local/lib/python3.10/dist-packages/ar_srv-0.0.0-py3.10.egg-info/dependency_links.txt
[1.162s] -- Up-to-date: /home/hans/ar/install/ar_srv/local/lib/python3.10/dist-packages/ar_srv
[1.162s] -- Up-to-date: /home/hans/ar/install/ar_srv/local/lib/python3.10/dist-packages/ar_srv/libar_srv__rosidl_generator_py.so
[1.162s] -- Up-to-date: /home/hans/ar/install/ar_srv/local/lib/python3.10/dist-packages/ar_srv/ar_srv_s__rosidl_typesupport_introspection_c.cpython-310-x86_64-linux-gnu.so
[1.162s] -- Up-to-date: /home/hans/ar/install/ar_srv/local/lib/python3.10/dist-packages/ar_srv/ar_srv_s__rosidl_typesupport_c.cpython-310-x86_64-linux-gnu.so
[1.162s] -- Up-to-date: /home/hans/ar/install/ar_srv/local/lib/python3.10/dist-packages/ar_srv/ar_srv_s__rosidl_typesupport_fastrtps_c.cpython-310-x86_64-linux-gnu.so
[1.162s] -- Up-to-date: /home/hans/ar/install/ar_srv/local/lib/python3.10/dist-packages/ar_srv/_ar_srv_s.ep.rosidl_typesupport_introspection_c.c
[1.162s] -- Up-to-date: /home/hans/ar/install/ar_srv/local/lib/python3.10/dist-packages/ar_srv/srv
[1.162s] -- Up-to-date: /home/hans/ar/install/ar_srv/local/lib/python3.10/dist-packages/ar_srv/srv/_device_s.c
[1.162s] -- Up-to-date: /home/hans/ar/install/ar_srv/local/lib/python3.10/dist-packages/ar_srv/srv/__init__.py
[1.162s] -- Up-to-date: /home/hans/ar/install/ar_srv/local/lib/python3.10/dist-packages/ar_srv/srv/_device.py
[1.162s] -- Up-to-date: /home/hans/ar/install/ar_srv/local/lib/python3.10/dist-packages/ar_srv/__init__.py
[1.163s] -- Up-to-date: /home/hans/ar/install/ar_srv/local/lib/python3.10/dist-packages/ar_srv/_ar_srv_s.ep.rosidl_typesupport_fastrtps_c.c
[1.163s] -- Up-to-date: /home/hans/ar/install/ar_srv/local/lib/python3.10/dist-packages/ar_srv/_ar_srv_s.ep.rosidl_typesupport_c.c
[1.191s] Listing '/home/hans/ar/install/ar_srv/local/lib/python3.10/dist-packages/ar_srv'...
[1.191s] Listing '/home/hans/ar/install/ar_srv/local/lib/python3.10/dist-packages/ar_srv/srv'...
[1.196s] -- Up-to-date: /home/hans/ar/install/ar_srv/local/lib/python3.10/dist-packages/ar_srv/ar_srv_s__rosidl_typesupport_fastrtps_c.cpython-310-x86_64-linux-gnu.so
[1.196s] -- Up-to-date: /home/hans/ar/install/ar_srv/local/lib/python3.10/dist-packages/ar_srv/ar_srv_s__rosidl_typesupport_introspection_c.cpython-310-x86_64-linux-gnu.so
[1.196s] -- Up-to-date: /home/hans/ar/install/ar_srv/local/lib/python3.10/dist-packages/ar_srv/ar_srv_s__rosidl_typesupport_c.cpython-310-x86_64-linux-gnu.so
[1.197s] -- Up-to-date: /home/hans/ar/install/ar_srv/lib/libar_srv__rosidl_generator_py.so
[1.197s] -- Up-to-date: /home/hans/ar/install/ar_srv/share/ar_srv/srv/Device.idl
[1.197s] -- Up-to-date: /home/hans/ar/install/ar_srv/share/ar_srv/srv/Device.srv
[1.198s] -- Up-to-date: /home/hans/ar/install/ar_srv/share/ar_srv/srv/Device_Request.msg
[1.198s] -- Up-to-date: /home/hans/ar/install/ar_srv/share/ar_srv/srv/Device_Response.msg
[1.198s] -- Up-to-date: /home/hans/ar/install/ar_srv/share/ament_index/resource_index/package_run_dependencies/ar_srv
[1.198s] -- Up-to-date: /home/hans/ar/install/ar_srv/share/ament_index/resource_index/parent_prefix_path/ar_srv
[1.198s] -- Up-to-date: /home/hans/ar/install/ar_srv/share/ar_srv/environment/ament_prefix_path.sh
[1.198s] -- Up-to-date: /home/hans/ar/install/ar_srv/share/ar_srv/environment/ament_prefix_path.dsv
[1.199s] -- Up-to-date: /home/hans/ar/install/ar_srv/share/ar_srv/environment/path.sh
[1.199s] -- Up-to-date: /home/hans/ar/install/ar_srv/share/ar_srv/environment/path.dsv
[1.199s] -- Up-to-date: /home/hans/ar/install/ar_srv/share/ar_srv/local_setup.bash
[1.199s] -- Up-to-date: /home/hans/ar/install/ar_srv/share/ar_srv/local_setup.sh
[1.199s] -- Up-to-date: /home/hans/ar/install/ar_srv/share/ar_srv/local_setup.zsh
[1.199s] -- Up-to-date: /home/hans/ar/install/ar_srv/share/ar_srv/local_setup.dsv
[1.199s] -- Installing: /home/hans/ar/install/ar_srv/share/ar_srv/package.dsv
[1.199s] -- Up-to-date: /home/hans/ar/install/ar_srv/share/ament_index/resource_index/packages/ar_srv
[1.199s] -- Up-to-date: /home/hans/ar/install/ar_srv/share/ar_srv/cmake/export_ar_srv__rosidl_generator_cExport.cmake
[1.200s] -- Up-to-date: /home/hans/ar/install/ar_srv/share/ar_srv/cmake/export_ar_srv__rosidl_generator_cExport-relwithdebinfo.cmake
[1.200s] -- Up-to-date: /home/hans/ar/install/ar_srv/share/ar_srv/cmake/export_ar_srv__rosidl_typesupport_fastrtps_cExport.cmake
[1.200s] -- Up-to-date: /home/hans/ar/install/ar_srv/share/ar_srv/cmake/export_ar_srv__rosidl_typesupport_fastrtps_cExport-relwithdebinfo.cmake
[1.200s] -- Up-to-date: /home/hans/ar/install/ar_srv/share/ar_srv/cmake/ar_srv__rosidl_typesupport_introspection_cExport.cmake
[1.200s] -- Up-to-date: /home/hans/ar/install/ar_srv/share/ar_srv/cmake/ar_srv__rosidl_typesupport_introspection_cExport-relwithdebinfo.cmake
[1.200s] -- Up-to-date: /home/hans/ar/install/ar_srv/share/ar_srv/cmake/ar_srv__rosidl_typesupport_cExport.cmake
[1.201s] -- Up-to-date: /home/hans/ar/install/ar_srv/share/ar_srv/cmake/ar_srv__rosidl_typesupport_cExport-relwithdebinfo.cmake
[1.201s] -- Up-to-date: /home/hans/ar/install/ar_srv/share/ar_srv/cmake/export_ar_srv__rosidl_generator_cppExport.cmake
[1.201s] -- Up-to-date: /home/hans/ar/install/ar_srv/share/ar_srv/cmake/export_ar_srv__rosidl_typesupport_fastrtps_cppExport.cmake
[1.201s] -- Up-to-date: /home/hans/ar/install/ar_srv/share/ar_srv/cmake/export_ar_srv__rosidl_typesupport_fastrtps_cppExport-relwithdebinfo.cmake
[1.201s] -- Up-to-date: /home/hans/ar/install/ar_srv/share/ar_srv/cmake/ar_srv__rosidl_typesupport_introspection_cppExport.cmake
[1.202s] -- Up-to-date: /home/hans/ar/install/ar_srv/share/ar_srv/cmake/ar_srv__rosidl_typesupport_introspection_cppExport-relwithdebinfo.cmake
[1.202s] -- Up-to-date: /home/hans/ar/install/ar_srv/share/ar_srv/cmake/ar_srv__rosidl_typesupport_cppExport.cmake
[1.202s] -- Up-to-date: /home/hans/ar/install/ar_srv/share/ar_srv/cmake/ar_srv__rosidl_typesupport_cppExport-relwithdebinfo.cmake
[1.202s] -- Up-to-date: /home/hans/ar/install/ar_srv/share/ar_srv/cmake/export_ar_srv__rosidl_generator_pyExport.cmake
[1.202s] -- Up-to-date: /home/hans/ar/install/ar_srv/share/ar_srv/cmake/export_ar_srv__rosidl_generator_pyExport-relwithdebinfo.cmake
[1.202s] -- Up-to-date: /home/hans/ar/install/ar_srv/share/ar_srv/cmake/rosidl_cmake-extras.cmake
[1.202s] -- Up-to-date: /home/hans/ar/install/ar_srv/share/ar_srv/cmake/ament_cmake_export_dependencies-extras.cmake
[1.203s] -- Up-to-date: /home/hans/ar/install/ar_srv/share/ar_srv/cmake/ament_cmake_export_include_directories-extras.cmake
[1.203s] -- Up-to-date: /home/hans/ar/install/ar_srv/share/ar_srv/cmake/ament_cmake_export_libraries-extras.cmake
[1.203s] -- Up-to-date: /home/hans/ar/install/ar_srv/share/ar_srv/cmake/ament_cmake_export_targets-extras.cmake
[1.203s] -- Up-to-date: /home/hans/ar/install/ar_srv/share/ar_srv/cmake/rosidl_cmake_export_typesupport_targets-extras.cmake
[1.203s] -- Up-to-date: /home/hans/ar/install/ar_srv/share/ar_srv/cmake/rosidl_cmake_export_typesupport_libraries-extras.cmake
[1.204s] -- Up-to-date: /home/hans/ar/install/ar_srv/share/ar_srv/cmake/ar_srvConfig.cmake
[1.204s] -- Up-to-date: /home/hans/ar/install/ar_srv/share/ar_srv/cmake/ar_srvConfig-version.cmake
[1.204s] -- Up-to-date: /home/hans/ar/install/ar_srv/share/ar_srv/package.xml
[1.211s] Invoked command in '/home/hans/ar/build/ar_srv' returned '0': CMAKE_PREFIX_PATH=${CMAKE_PREFIX_PATH}:/opt/ros/humble /usr/bin/cmake --install /home/hans/ar/build/ar_srv
