[0.040s] Invoking command in '/home/hans/ar/build/ar_msgs': CMAKE_PREFIX_PATH=${CMAKE_PREFIX_PATH}:/opt/ros/humble /usr/bin/cmake --build /home/hans/ar/build/ar_msgs -- -j12 -l12
[0.253s] [35m[1mConsolidate compiler generated dependencies of target ar_msgs__rosidl_generator_c[0m
[0.320s] [  3%] Built target ar_msgs__cpp
[0.323s] [ 12%] Built target ar_msgs__rosidl_generator_c
[0.366s] [ 12%] Built target ament_cmake_python_copy_ar_msgs
[0.517s] [35m[1mConsolidate compiler generated dependencies of target ar_msgs__rosidl_typesupport_cpp[0m
[0.556s] [35m[1mConsolidate compiler generated dependencies of target ar_msgs__rosidl_typesupport_c[0m
[0.560s] [35m[1mConsolidate compiler generated dependencies of target ar_msgs__rosidl_typesupport_fastrtps_c[0m
[0.564s] [35m[1mConsolidate compiler generated dependencies of target ar_msgs__rosidl_typesupport_introspection_c[0m
[0.570s] [35m[1mConsolidate compiler generated dependencies of target ar_msgs__rosidl_typesupport_fastrtps_cpp[0m
[0.573s] [35m[1mConsolidate compiler generated dependencies of target ar_msgs__rosidl_typesupport_introspection_cpp[0m
[0.726s] [ 22%] Built target ar_msgs__rosidl_typesupport_cpp
[0.746s] [ 32%] Built target ar_msgs__rosidl_typesupport_fastrtps_cpp
[0.759s] [ 41%] Built target ar_msgs__rosidl_typesupport_fastrtps_c
[0.763s] [ 61%] Built target ar_msgs__rosidl_typesupport_introspection_c
[0.763s] [ 64%] Built target ar_msgs__rosidl_typesupport_c
[0.764s] [ 70%] Built target ar_msgs__rosidl_typesupport_introspection_cpp
[0.843s] [ 70%] Built target ar_msgs
[0.902s] [ 74%] Built target ar_msgs__py
[0.927s] [35m[1mConsolidate compiler generated dependencies of target ar_msgs__rosidl_generator_py[0m
[0.959s] [ 80%] Built target ar_msgs__rosidl_generator_py
[0.987s] running egg_info
[0.988s] writing ar_msgs.egg-info/PKG-INFO
[0.989s] writing dependency_links to ar_msgs.egg-info/dependency_links.txt
[0.989s] writing top-level names to ar_msgs.egg-info/top_level.txt
[0.991s] reading manifest file 'ar_msgs.egg-info/SOURCES.txt'
[0.991s] writing manifest file 'ar_msgs.egg-info/SOURCES.txt'
[1.010s] [35m[1mConsolidate compiler generated dependencies of target ar_msgs__rosidl_typesupport_c__pyext[0m
[1.013s] [35m[1mConsolidate compiler generated dependencies of target ar_msgs__rosidl_typesupport_introspection_c__pyext[0m
[1.018s] [35m[1mConsolidate compiler generated dependencies of target ar_msgs__rosidl_typesupport_fastrtps_c__pyext[0m
[1.099s] [ 80%] Built target ament_cmake_python_build_ar_msgs_egg
[1.104s] [ 87%] Built target ar_msgs__rosidl_typesupport_c__pyext
[1.110s] [ 93%] Built target ar_msgs__rosidl_typesupport_fastrtps_c__pyext
[1.112s] [100%] Built target ar_msgs__rosidl_typesupport_introspection_c__pyext
[1.136s] Invoked command in '/home/hans/ar/build/ar_msgs' returned '0': CMAKE_PREFIX_PATH=${CMAKE_PREFIX_PATH}:/opt/ros/humble /usr/bin/cmake --build /home/hans/ar/build/ar_msgs -- -j12 -l12
[1.138s] Invoking command in '/home/hans/ar/build/ar_msgs': CMAKE_PREFIX_PATH=${CMAKE_PREFIX_PATH}:/opt/ros/humble /usr/bin/cmake --install /home/hans/ar/build/ar_msgs
[1.149s] -- Install configuration: ""
[1.149s] -- Up-to-date: /home/hans/ar/install/ar_msgs/share/ament_index/resource_index/rosidl_interfaces/ar_msgs
[1.150s] -- Up-to-date: /home/hans/ar/install/ar_msgs/include/ar_msgs/ar_msgs
[1.150s] -- Up-to-date: /home/hans/ar/install/ar_msgs/include/ar_msgs/ar_msgs/msg
[1.150s] -- Up-to-date: /home/hans/ar/install/ar_msgs/include/ar_msgs/ar_msgs/msg/detail
[1.150s] -- Up-to-date: /home/hans/ar/install/ar_msgs/include/ar_msgs/ar_msgs/msg/detail/joy__struct.h
[1.150s] -- Up-to-date: /home/hans/ar/install/ar_msgs/include/ar_msgs/ar_msgs/msg/detail/joy__type_support.h
[1.150s] -- Up-to-date: /home/hans/ar/install/ar_msgs/include/ar_msgs/ar_msgs/msg/detail/joy__functions.c
[1.150s] -- Up-to-date: /home/hans/ar/install/ar_msgs/include/ar_msgs/ar_msgs/msg/detail/joy__functions.h
[1.150s] -- Up-to-date: /home/hans/ar/install/ar_msgs/include/ar_msgs/ar_msgs/msg/rosidl_generator_c__visibility_control.h
[1.150s] -- Up-to-date: /home/hans/ar/install/ar_msgs/include/ar_msgs/ar_msgs/msg/joy.h
[1.150s] -- Up-to-date: /home/hans/ar/install/ar_msgs/share/ar_msgs/environment/library_path.sh
[1.150s] -- Up-to-date: /home/hans/ar/install/ar_msgs/share/ar_msgs/environment/library_path.dsv
[1.150s] -- Up-to-date: /home/hans/ar/install/ar_msgs/lib/libar_msgs__rosidl_generator_c.so
[1.150s] -- Up-to-date: /home/hans/ar/install/ar_msgs/include/ar_msgs/ar_msgs
[1.150s] -- Up-to-date: /home/hans/ar/install/ar_msgs/include/ar_msgs/ar_msgs/msg
[1.150s] -- Up-to-date: /home/hans/ar/install/ar_msgs/include/ar_msgs/ar_msgs/msg/detail
[1.150s] -- Up-to-date: /home/hans/ar/install/ar_msgs/include/ar_msgs/ar_msgs/msg/detail/joy__rosidl_typesupport_fastrtps_c.h
[1.150s] -- Up-to-date: /home/hans/ar/install/ar_msgs/include/ar_msgs/ar_msgs/msg/rosidl_typesupport_fastrtps_c__visibility_control.h
[1.150s] -- Up-to-date: /home/hans/ar/install/ar_msgs/lib/libar_msgs__rosidl_typesupport_fastrtps_c.so
[1.151s] -- Up-to-date: /home/hans/ar/install/ar_msgs/include/ar_msgs/ar_msgs
[1.151s] -- Up-to-date: /home/hans/ar/install/ar_msgs/include/ar_msgs/ar_msgs/msg
[1.152s] -- Up-to-date: /home/hans/ar/install/ar_msgs/include/ar_msgs/ar_msgs/msg/detail
[1.152s] -- Up-to-date: /home/hans/ar/install/ar_msgs/include/ar_msgs/ar_msgs/msg/detail/joy__rosidl_typesupport_introspection_c.h
[1.152s] -- Up-to-date: /home/hans/ar/install/ar_msgs/include/ar_msgs/ar_msgs/msg/detail/joy__type_support.c
[1.152s] -- Up-to-date: /home/hans/ar/install/ar_msgs/include/ar_msgs/ar_msgs/msg/rosidl_typesupport_introspection_c__visibility_control.h
[1.153s] -- Up-to-date: /home/hans/ar/install/ar_msgs/lib/libar_msgs__rosidl_typesupport_introspection_c.so
[1.154s] -- Up-to-date: /home/hans/ar/install/ar_msgs/lib/libar_msgs__rosidl_typesupport_c.so
[1.154s] -- Up-to-date: /home/hans/ar/install/ar_msgs/include/ar_msgs/ar_msgs
[1.154s] -- Up-to-date: /home/hans/ar/install/ar_msgs/include/ar_msgs/ar_msgs/msg
[1.154s] -- Up-to-date: /home/hans/ar/install/ar_msgs/include/ar_msgs/ar_msgs/msg/detail
[1.154s] -- Up-to-date: /home/hans/ar/install/ar_msgs/include/ar_msgs/ar_msgs/msg/detail/joy__struct.hpp
[1.154s] -- Up-to-date: /home/hans/ar/install/ar_msgs/include/ar_msgs/ar_msgs/msg/detail/joy__traits.hpp
[1.154s] -- Up-to-date: /home/hans/ar/install/ar_msgs/include/ar_msgs/ar_msgs/msg/detail/joy__type_support.hpp
[1.154s] -- Up-to-date: /home/hans/ar/install/ar_msgs/include/ar_msgs/ar_msgs/msg/detail/joy__builder.hpp
[1.154s] -- Up-to-date: /home/hans/ar/install/ar_msgs/include/ar_msgs/ar_msgs/msg/rosidl_generator_cpp__visibility_control.hpp
[1.154s] -- Up-to-date: /home/hans/ar/install/ar_msgs/include/ar_msgs/ar_msgs/msg/joy.hpp
[1.154s] -- Up-to-date: /home/hans/ar/install/ar_msgs/include/ar_msgs/ar_msgs
[1.154s] -- Up-to-date: /home/hans/ar/install/ar_msgs/include/ar_msgs/ar_msgs/msg
[1.154s] -- Up-to-date: /home/hans/ar/install/ar_msgs/include/ar_msgs/ar_msgs/msg/detail
[1.154s] -- Up-to-date: /home/hans/ar/install/ar_msgs/include/ar_msgs/ar_msgs/msg/detail/dds_fastrtps
[1.154s] -- Up-to-date: /home/hans/ar/install/ar_msgs/include/ar_msgs/ar_msgs/msg/detail/joy__rosidl_typesupport_fastrtps_cpp.hpp
[1.154s] -- Up-to-date: /home/hans/ar/install/ar_msgs/include/ar_msgs/ar_msgs/msg/rosidl_typesupport_fastrtps_cpp__visibility_control.h
[1.154s] -- Up-to-date: /home/hans/ar/install/ar_msgs/lib/libar_msgs__rosidl_typesupport_fastrtps_cpp.so
[1.155s] -- Up-to-date: /home/hans/ar/install/ar_msgs/include/ar_msgs/ar_msgs
[1.155s] -- Up-to-date: /home/hans/ar/install/ar_msgs/include/ar_msgs/ar_msgs/msg
[1.155s] -- Up-to-date: /home/hans/ar/install/ar_msgs/include/ar_msgs/ar_msgs/msg/detail
[1.155s] -- Up-to-date: /home/hans/ar/install/ar_msgs/include/ar_msgs/ar_msgs/msg/detail/joy__type_support.cpp
[1.155s] -- Up-to-date: /home/hans/ar/install/ar_msgs/include/ar_msgs/ar_msgs/msg/detail/joy__rosidl_typesupport_introspection_cpp.hpp
[1.155s] -- Up-to-date: /home/hans/ar/install/ar_msgs/lib/libar_msgs__rosidl_typesupport_introspection_cpp.so
[1.155s] -- Up-to-date: /home/hans/ar/install/ar_msgs/lib/libar_msgs__rosidl_typesupport_cpp.so
[1.155s] -- Up-to-date: /home/hans/ar/install/ar_msgs/share/ar_msgs/environment/pythonpath.sh
[1.155s] -- Up-to-date: /home/hans/ar/install/ar_msgs/share/ar_msgs/environment/pythonpath.dsv
[1.155s] -- Up-to-date: /home/hans/ar/install/ar_msgs/local/lib/python3.10/dist-packages/ar_msgs-0.0.0-py3.10.egg-info
[1.155s] -- Installing: /home/hans/ar/install/ar_msgs/local/lib/python3.10/dist-packages/ar_msgs-0.0.0-py3.10.egg-info/top_level.txt
[1.155s] -- Installing: /home/hans/ar/install/ar_msgs/local/lib/python3.10/dist-packages/ar_msgs-0.0.0-py3.10.egg-info/PKG-INFO
[1.156s] -- Installing: /home/hans/ar/install/ar_msgs/local/lib/python3.10/dist-packages/ar_msgs-0.0.0-py3.10.egg-info/SOURCES.txt
[1.156s] -- Installing: /home/hans/ar/install/ar_msgs/local/lib/python3.10/dist-packages/ar_msgs-0.0.0-py3.10.egg-info/dependency_links.txt
[1.156s] -- Up-to-date: /home/hans/ar/install/ar_msgs/local/lib/python3.10/dist-packages/ar_msgs
[1.156s] -- Up-to-date: /home/hans/ar/install/ar_msgs/local/lib/python3.10/dist-packages/ar_msgs/ar_msgs_s__rosidl_typesupport_c.cpython-310-x86_64-linux-gnu.so
[1.156s] -- Up-to-date: /home/hans/ar/install/ar_msgs/local/lib/python3.10/dist-packages/ar_msgs/_ar_msgs_s.ep.rosidl_typesupport_c.c
[1.156s] -- Up-to-date: /home/hans/ar/install/ar_msgs/local/lib/python3.10/dist-packages/ar_msgs/__init__.py
[1.156s] -- Up-to-date: /home/hans/ar/install/ar_msgs/local/lib/python3.10/dist-packages/ar_msgs/ar_msgs_s__rosidl_typesupport_fastrtps_c.cpython-310-x86_64-linux-gnu.so
[1.156s] -- Up-to-date: /home/hans/ar/install/ar_msgs/local/lib/python3.10/dist-packages/ar_msgs/libar_msgs__rosidl_generator_py.so
[1.156s] -- Up-to-date: /home/hans/ar/install/ar_msgs/local/lib/python3.10/dist-packages/ar_msgs/msg
[1.156s] -- Up-to-date: /home/hans/ar/install/ar_msgs/local/lib/python3.10/dist-packages/ar_msgs/msg/_joy_s.c
[1.156s] -- Up-to-date: /home/hans/ar/install/ar_msgs/local/lib/python3.10/dist-packages/ar_msgs/msg/__init__.py
[1.156s] -- Up-to-date: /home/hans/ar/install/ar_msgs/local/lib/python3.10/dist-packages/ar_msgs/msg/_joy.py
[1.156s] -- Up-to-date: /home/hans/ar/install/ar_msgs/local/lib/python3.10/dist-packages/ar_msgs/ar_msgs_s__rosidl_typesupport_introspection_c.cpython-310-x86_64-linux-gnu.so
[1.156s] -- Up-to-date: /home/hans/ar/install/ar_msgs/local/lib/python3.10/dist-packages/ar_msgs/_ar_msgs_s.ep.rosidl_typesupport_introspection_c.c
[1.156s] -- Up-to-date: /home/hans/ar/install/ar_msgs/local/lib/python3.10/dist-packages/ar_msgs/_ar_msgs_s.ep.rosidl_typesupport_fastrtps_c.c
[1.184s] Listing '/home/hans/ar/install/ar_msgs/local/lib/python3.10/dist-packages/ar_msgs'...
[1.184s] Listing '/home/hans/ar/install/ar_msgs/local/lib/python3.10/dist-packages/ar_msgs/msg'...
[1.188s] -- Up-to-date: /home/hans/ar/install/ar_msgs/local/lib/python3.10/dist-packages/ar_msgs/ar_msgs_s__rosidl_typesupport_fastrtps_c.cpython-310-x86_64-linux-gnu.so
[1.188s] -- Up-to-date: /home/hans/ar/install/ar_msgs/local/lib/python3.10/dist-packages/ar_msgs/ar_msgs_s__rosidl_typesupport_introspection_c.cpython-310-x86_64-linux-gnu.so
[1.189s] -- Up-to-date: /home/hans/ar/install/ar_msgs/local/lib/python3.10/dist-packages/ar_msgs/ar_msgs_s__rosidl_typesupport_c.cpython-310-x86_64-linux-gnu.so
[1.189s] -- Up-to-date: /home/hans/ar/install/ar_msgs/lib/libar_msgs__rosidl_generator_py.so
[1.189s] -- Up-to-date: /home/hans/ar/install/ar_msgs/share/ar_msgs/msg/Joy.idl
[1.189s] -- Up-to-date: /home/hans/ar/install/ar_msgs/share/ar_msgs/msg/Joy.msg
[1.189s] -- Up-to-date: /home/hans/ar/install/ar_msgs/share/ament_index/resource_index/package_run_dependencies/ar_msgs
[1.189s] -- Up-to-date: /home/hans/ar/install/ar_msgs/share/ament_index/resource_index/parent_prefix_path/ar_msgs
[1.189s] -- Up-to-date: /home/hans/ar/install/ar_msgs/share/ar_msgs/environment/ament_prefix_path.sh
[1.189s] -- Up-to-date: /home/hans/ar/install/ar_msgs/share/ar_msgs/environment/ament_prefix_path.dsv
[1.189s] -- Up-to-date: /home/hans/ar/install/ar_msgs/share/ar_msgs/environment/path.sh
[1.189s] -- Up-to-date: /home/hans/ar/install/ar_msgs/share/ar_msgs/environment/path.dsv
[1.189s] -- Up-to-date: /home/hans/ar/install/ar_msgs/share/ar_msgs/local_setup.bash
[1.189s] -- Up-to-date: /home/hans/ar/install/ar_msgs/share/ar_msgs/local_setup.sh
[1.190s] -- Up-to-date: /home/hans/ar/install/ar_msgs/share/ar_msgs/local_setup.zsh
[1.190s] -- Up-to-date: /home/hans/ar/install/ar_msgs/share/ar_msgs/local_setup.dsv
[1.190s] -- Installing: /home/hans/ar/install/ar_msgs/share/ar_msgs/package.dsv
[1.190s] -- Up-to-date: /home/hans/ar/install/ar_msgs/share/ament_index/resource_index/packages/ar_msgs
[1.190s] -- Up-to-date: /home/hans/ar/install/ar_msgs/share/ar_msgs/cmake/export_ar_msgs__rosidl_generator_cExport.cmake
[1.190s] -- Up-to-date: /home/hans/ar/install/ar_msgs/share/ar_msgs/cmake/export_ar_msgs__rosidl_generator_cExport-noconfig.cmake
[1.190s] -- Up-to-date: /home/hans/ar/install/ar_msgs/share/ar_msgs/cmake/export_ar_msgs__rosidl_typesupport_fastrtps_cExport.cmake
[1.190s] -- Up-to-date: /home/hans/ar/install/ar_msgs/share/ar_msgs/cmake/export_ar_msgs__rosidl_typesupport_fastrtps_cExport-noconfig.cmake
[1.190s] -- Up-to-date: /home/hans/ar/install/ar_msgs/share/ar_msgs/cmake/ar_msgs__rosidl_typesupport_introspection_cExport.cmake
[1.190s] -- Up-to-date: /home/hans/ar/install/ar_msgs/share/ar_msgs/cmake/ar_msgs__rosidl_typesupport_introspection_cExport-noconfig.cmake
[1.190s] -- Up-to-date: /home/hans/ar/install/ar_msgs/share/ar_msgs/cmake/ar_msgs__rosidl_typesupport_cExport.cmake
[1.190s] -- Up-to-date: /home/hans/ar/install/ar_msgs/share/ar_msgs/cmake/ar_msgs__rosidl_typesupport_cExport-noconfig.cmake
[1.190s] -- Up-to-date: /home/hans/ar/install/ar_msgs/share/ar_msgs/cmake/export_ar_msgs__rosidl_generator_cppExport.cmake
[1.190s] -- Up-to-date: /home/hans/ar/install/ar_msgs/share/ar_msgs/cmake/export_ar_msgs__rosidl_typesupport_fastrtps_cppExport.cmake
[1.190s] -- Up-to-date: /home/hans/ar/install/ar_msgs/share/ar_msgs/cmake/export_ar_msgs__rosidl_typesupport_fastrtps_cppExport-noconfig.cmake
[1.190s] -- Up-to-date: /home/hans/ar/install/ar_msgs/share/ar_msgs/cmake/ar_msgs__rosidl_typesupport_introspection_cppExport.cmake
[1.190s] -- Up-to-date: /home/hans/ar/install/ar_msgs/share/ar_msgs/cmake/ar_msgs__rosidl_typesupport_introspection_cppExport-noconfig.cmake
[1.190s] -- Up-to-date: /home/hans/ar/install/ar_msgs/share/ar_msgs/cmake/ar_msgs__rosidl_typesupport_cppExport.cmake
[1.190s] -- Up-to-date: /home/hans/ar/install/ar_msgs/share/ar_msgs/cmake/ar_msgs__rosidl_typesupport_cppExport-noconfig.cmake
[1.191s] -- Up-to-date: /home/hans/ar/install/ar_msgs/share/ar_msgs/cmake/export_ar_msgs__rosidl_generator_pyExport.cmake
[1.191s] -- Up-to-date: /home/hans/ar/install/ar_msgs/share/ar_msgs/cmake/export_ar_msgs__rosidl_generator_pyExport-noconfig.cmake
[1.191s] -- Up-to-date: /home/hans/ar/install/ar_msgs/share/ar_msgs/cmake/rosidl_cmake-extras.cmake
[1.191s] -- Up-to-date: /home/hans/ar/install/ar_msgs/share/ar_msgs/cmake/ament_cmake_export_dependencies-extras.cmake
[1.191s] -- Up-to-date: /home/hans/ar/install/ar_msgs/share/ar_msgs/cmake/ament_cmake_export_include_directories-extras.cmake
[1.191s] -- Up-to-date: /home/hans/ar/install/ar_msgs/share/ar_msgs/cmake/ament_cmake_export_libraries-extras.cmake
[1.191s] -- Up-to-date: /home/hans/ar/install/ar_msgs/share/ar_msgs/cmake/ament_cmake_export_targets-extras.cmake
[1.191s] -- Up-to-date: /home/hans/ar/install/ar_msgs/share/ar_msgs/cmake/rosidl_cmake_export_typesupport_targets-extras.cmake
[1.191s] -- Up-to-date: /home/hans/ar/install/ar_msgs/share/ar_msgs/cmake/rosidl_cmake_export_typesupport_libraries-extras.cmake
[1.191s] -- Up-to-date: /home/hans/ar/install/ar_msgs/share/ar_msgs/cmake/ar_msgsConfig.cmake
[1.191s] -- Up-to-date: /home/hans/ar/install/ar_msgs/share/ar_msgs/cmake/ar_msgsConfig-version.cmake
[1.191s] -- Up-to-date: /home/hans/ar/install/ar_msgs/share/ar_msgs/package.xml
[1.193s] Invoked command in '/home/hans/ar/build/ar_msgs' returned '0': CMAKE_PREFIX_PATH=${CMAKE_PREFIX_PATH}:/opt/ros/humble /usr/bin/cmake --install /home/hans/ar/build/ar_msgs
