[0.056s] DEBUG:colcon:Command line arguments: ['/usr/bin/colcon', 'build', '--packages-select', 'ar_utils']
[0.056s] DEBUG:colcon:Parsed command line arguments: Namespace(log_base=None, log_level=None, verb_name='build', build_base='build', install_base='install', merge_install=False, symlink_install=False, test_result_base=None, continue_on_error=False, executor='parallel', parallel_workers=12, event_handlers=None, ignore_user_meta=False, metas=['./colcon.meta'], base_paths=['.'], packages_ignore=None, packages_ignore_regex=None, paths=None, packages_up_to=None, packages_up_to_regex=None, packages_above=None, packages_above_and_dependencies=None, packages_above_depth=None, packages_select_by_dep=None, packages_skip_by_dep=None, packages_skip_up_to=None, packages_select_build_failed=False, packages_skip_build_finished=False, packages_select_test_failures=False, packages_skip_test_passed=False, packages_select=['ar_utils'], packages_skip=None, packages_select_regex=None, packages_skip_regex=None, packages_start=None, packages_end=None, allow_overriding=[], cmake_args=None, cmake_target=None, cmake_target_skip_unavailable=False, cmake_clean_cache=False, cmake_clean_first=False, cmake_force_configure=False, ament_cmake_args=None, catkin_cmake_args=None, catkin_skip_building_tests=False, mixin_files=None, mixin=None, verb_parser=<colcon_mixin.mixin.mixin_argument.MixinArgumentDecorator object at 0x702d299633a0>, verb_extension=<colcon_core.verb.build.BuildVerb object at 0x702d29962e30>, main=<bound method BuildVerb.main of <colcon_core.verb.build.BuildVerb object at 0x702d29962e30>>, mixin_verb=('build',))
[0.143s] Level 1:colcon.colcon_core.package_discovery:discover_packages(colcon_meta) check parameters
[0.143s] Level 1:colcon.colcon_core.package_discovery:discover_packages(recursive) check parameters
[0.143s] Level 1:colcon.colcon_core.package_discovery:discover_packages(ignore) check parameters
[0.143s] Level 1:colcon.colcon_core.package_discovery:discover_packages(path) check parameters
[0.143s] Level 1:colcon.colcon_core.package_discovery:discover_packages(colcon_meta) discover
[0.143s] Level 1:colcon.colcon_core.package_discovery:discover_packages(recursive) discover
[0.143s] INFO:colcon.colcon_core.package_discovery:Crawling recursively for packages in '/home/hans/ar'
[0.144s] Level 1:colcon.colcon_core.package_identification:_identify(.) by extensions ['ignore', 'ignore_ament_install']
[0.144s] Level 1:colcon.colcon_core.package_identification:_identify(.) by extension 'ignore'
[0.144s] Level 1:colcon.colcon_core.package_identification:_identify(.) by extension 'ignore_ament_install'
[0.144s] Level 1:colcon.colcon_core.package_identification:_identify(.) by extensions ['colcon_pkg']
[0.144s] Level 1:colcon.colcon_core.package_identification:_identify(.) by extension 'colcon_pkg'
[0.144s] Level 1:colcon.colcon_core.package_identification:_identify(.) by extensions ['colcon_meta']
[0.144s] Level 1:colcon.colcon_core.package_identification:_identify(.) by extension 'colcon_meta'
[0.144s] Level 1:colcon.colcon_core.package_identification:_identify(.) by extensions ['ros']
[0.144s] Level 1:colcon.colcon_core.package_identification:_identify(.) by extension 'ros'
[0.151s] Level 1:colcon.colcon_core.package_identification:_identify(.) by extensions ['cmake', 'python']
[0.151s] Level 1:colcon.colcon_core.package_identification:_identify(.) by extension 'cmake'
[0.151s] Level 1:colcon.colcon_core.package_identification:_identify(.) by extension 'python'
[0.151s] Level 1:colcon.colcon_core.package_identification:_identify(.) by extensions ['python_setup_py']
[0.151s] Level 1:colcon.colcon_core.package_identification:_identify(.) by extension 'python_setup_py'
[0.151s] Level 1:colcon.colcon_core.package_identification:_identify(build) by extensions ['ignore', 'ignore_ament_install']
[0.151s] Level 1:colcon.colcon_core.package_identification:_identify(build) by extension 'ignore'
[0.151s] Level 1:colcon.colcon_core.package_identification:_identify(build) ignored
[0.151s] Level 1:colcon.colcon_core.package_identification:_identify(command) by extensions ['ignore', 'ignore_ament_install']
[0.151s] Level 1:colcon.colcon_core.package_identification:_identify(command) by extension 'ignore'
[0.151s] Level 1:colcon.colcon_core.package_identification:_identify(command) by extension 'ignore_ament_install'
[0.151s] Level 1:colcon.colcon_core.package_identification:_identify(command) by extensions ['colcon_pkg']
[0.151s] Level 1:colcon.colcon_core.package_identification:_identify(command) by extension 'colcon_pkg'
[0.151s] Level 1:colcon.colcon_core.package_identification:_identify(command) by extensions ['colcon_meta']
[0.151s] Level 1:colcon.colcon_core.package_identification:_identify(command) by extension 'colcon_meta'
[0.151s] Level 1:colcon.colcon_core.package_identification:_identify(command) by extensions ['ros']
[0.151s] Level 1:colcon.colcon_core.package_identification:_identify(command) by extension 'ros'
[0.151s] Level 1:colcon.colcon_core.package_identification:_identify(command) by extensions ['cmake', 'python']
[0.151s] Level 1:colcon.colcon_core.package_identification:_identify(command) by extension 'cmake'
[0.151s] Level 1:colcon.colcon_core.package_identification:_identify(command) by extension 'python'
[0.151s] Level 1:colcon.colcon_core.package_identification:_identify(command) by extensions ['python_setup_py']
[0.151s] Level 1:colcon.colcon_core.package_identification:_identify(command) by extension 'python_setup_py'
[0.151s] Level 1:colcon.colcon_core.package_identification:_identify(command/ar_control) by extensions ['ignore', 'ignore_ament_install']
[0.151s] Level 1:colcon.colcon_core.package_identification:_identify(command/ar_control) by extension 'ignore'
[0.151s] Level 1:colcon.colcon_core.package_identification:_identify(command/ar_control) by extension 'ignore_ament_install'
[0.151s] Level 1:colcon.colcon_core.package_identification:_identify(command/ar_control) by extensions ['colcon_pkg']
[0.151s] Level 1:colcon.colcon_core.package_identification:_identify(command/ar_control) by extension 'colcon_pkg'
[0.151s] Level 1:colcon.colcon_core.package_identification:_identify(command/ar_control) by extensions ['colcon_meta']
[0.151s] Level 1:colcon.colcon_core.package_identification:_identify(command/ar_control) by extension 'colcon_meta'
[0.151s] Level 1:colcon.colcon_core.package_identification:_identify(command/ar_control) by extensions ['ros']
[0.151s] Level 1:colcon.colcon_core.package_identification:_identify(command/ar_control) by extension 'ros'
[0.160s] DEBUG:colcon.colcon_core.package_identification:Package 'command/ar_control' with type 'ros.ament_cmake' and name 'ar_control'
[0.160s] Level 1:colcon.colcon_core.package_identification:_identify(command/ar_motion_planner) by extensions ['ignore', 'ignore_ament_install']
[0.160s] Level 1:colcon.colcon_core.package_identification:_identify(command/ar_motion_planner) by extension 'ignore'
[0.160s] Level 1:colcon.colcon_core.package_identification:_identify(command/ar_motion_planner) by extension 'ignore_ament_install'
[0.160s] Level 1:colcon.colcon_core.package_identification:_identify(command/ar_motion_planner) by extensions ['colcon_pkg']
[0.160s] Level 1:colcon.colcon_core.package_identification:_identify(command/ar_motion_planner) by extension 'colcon_pkg'
[0.160s] Level 1:colcon.colcon_core.package_identification:_identify(command/ar_motion_planner) by extensions ['colcon_meta']
[0.160s] Level 1:colcon.colcon_core.package_identification:_identify(command/ar_motion_planner) by extension 'colcon_meta'
[0.160s] Level 1:colcon.colcon_core.package_identification:_identify(command/ar_motion_planner) by extensions ['ros']
[0.160s] Level 1:colcon.colcon_core.package_identification:_identify(command/ar_motion_planner) by extension 'ros'
[0.161s] DEBUG:colcon.colcon_core.package_identification:Failed to parse potential ROS package manifest in'command/ar_motion_planner': Error(s) in package 'command/ar_motion_planner/package.xml':
The manifest contains invalid XML:
no element found: line 1, column 0
[0.161s] Level 1:colcon.colcon_core.package_identification:_identify(command/ar_motion_planner) by extensions ['cmake', 'python']
[0.161s] Level 1:colcon.colcon_core.package_identification:_identify(command/ar_motion_planner) by extension 'cmake'
[0.161s] Level 1:colcon.colcon_core.package_identification:_identify(command/ar_motion_planner) by extension 'python'
[0.161s] DEBUG:colcon.colcon_core.package_identification:Package 'command/ar_motion_planner' with type 'cmake' and name 'ar_motion_planner'
[0.161s] Level 1:colcon.colcon_core.package_identification:_identify(command/ar_planner_interface) by extensions ['ignore', 'ignore_ament_install']
[0.161s] Level 1:colcon.colcon_core.package_identification:_identify(command/ar_planner_interface) by extension 'ignore'
[0.161s] Level 1:colcon.colcon_core.package_identification:_identify(command/ar_planner_interface) by extension 'ignore_ament_install'
[0.161s] Level 1:colcon.colcon_core.package_identification:_identify(command/ar_planner_interface) by extensions ['colcon_pkg']
[0.161s] Level 1:colcon.colcon_core.package_identification:_identify(command/ar_planner_interface) by extension 'colcon_pkg'
[0.161s] Level 1:colcon.colcon_core.package_identification:_identify(command/ar_planner_interface) by extensions ['colcon_meta']
[0.161s] Level 1:colcon.colcon_core.package_identification:_identify(command/ar_planner_interface) by extension 'colcon_meta'
[0.161s] Level 1:colcon.colcon_core.package_identification:_identify(command/ar_planner_interface) by extensions ['ros']
[0.161s] Level 1:colcon.colcon_core.package_identification:_identify(command/ar_planner_interface) by extension 'ros'
[0.162s] DEBUG:colcon.colcon_core.package_identification:Package 'command/ar_planner_interface' with type 'ros.ament_cmake' and name 'ar_planner_interface'
[0.162s] Level 1:colcon.colcon_core.package_identification:_identify(command/ar_scene) by extensions ['ignore', 'ignore_ament_install']
[0.162s] Level 1:colcon.colcon_core.package_identification:_identify(command/ar_scene) by extension 'ignore'
[0.162s] Level 1:colcon.colcon_core.package_identification:_identify(command/ar_scene) by extension 'ignore_ament_install'
[0.162s] Level 1:colcon.colcon_core.package_identification:_identify(command/ar_scene) by extensions ['colcon_pkg']
[0.162s] Level 1:colcon.colcon_core.package_identification:_identify(command/ar_scene) by extension 'colcon_pkg'
[0.162s] Level 1:colcon.colcon_core.package_identification:_identify(command/ar_scene) by extensions ['colcon_meta']
[0.162s] Level 1:colcon.colcon_core.package_identification:_identify(command/ar_scene) by extension 'colcon_meta'
[0.162s] Level 1:colcon.colcon_core.package_identification:_identify(command/ar_scene) by extensions ['ros']
[0.162s] Level 1:colcon.colcon_core.package_identification:_identify(command/ar_scene) by extension 'ros'
[0.162s] DEBUG:colcon.colcon_core.package_identification:Package 'command/ar_scene' with type 'ros.ament_cmake' and name 'ar_scene'
[0.163s] Level 1:colcon.colcon_core.package_identification:_identify(command/ar_servo) by extensions ['ignore', 'ignore_ament_install']
[0.163s] Level 1:colcon.colcon_core.package_identification:_identify(command/ar_servo) by extension 'ignore'
[0.163s] Level 1:colcon.colcon_core.package_identification:_identify(command/ar_servo) ignored
[0.163s] Level 1:colcon.colcon_core.package_identification:_identify(communication) by extensions ['ignore', 'ignore_ament_install']
[0.163s] Level 1:colcon.colcon_core.package_identification:_identify(communication) by extension 'ignore'
[0.163s] Level 1:colcon.colcon_core.package_identification:_identify(communication) by extension 'ignore_ament_install'
[0.163s] Level 1:colcon.colcon_core.package_identification:_identify(communication) by extensions ['colcon_pkg']
[0.163s] Level 1:colcon.colcon_core.package_identification:_identify(communication) by extension 'colcon_pkg'
[0.163s] Level 1:colcon.colcon_core.package_identification:_identify(communication) by extensions ['colcon_meta']
[0.163s] Level 1:colcon.colcon_core.package_identification:_identify(communication) by extension 'colcon_meta'
[0.163s] Level 1:colcon.colcon_core.package_identification:_identify(communication) by extensions ['ros']
[0.163s] Level 1:colcon.colcon_core.package_identification:_identify(communication) by extension 'ros'
[0.163s] Level 1:colcon.colcon_core.package_identification:_identify(communication) by extensions ['cmake', 'python']
[0.163s] Level 1:colcon.colcon_core.package_identification:_identify(communication) by extension 'cmake'
[0.163s] Level 1:colcon.colcon_core.package_identification:_identify(communication) by extension 'python'
[0.163s] Level 1:colcon.colcon_core.package_identification:_identify(communication) by extensions ['python_setup_py']
[0.163s] Level 1:colcon.colcon_core.package_identification:_identify(communication) by extension 'python_setup_py'
[0.163s] Level 1:colcon.colcon_core.package_identification:_identify(communication/commlibs) by extensions ['ignore', 'ignore_ament_install']
[0.163s] Level 1:colcon.colcon_core.package_identification:_identify(communication/commlibs) by extension 'ignore'
[0.163s] Level 1:colcon.colcon_core.package_identification:_identify(communication/commlibs) by extension 'ignore_ament_install'
[0.163s] Level 1:colcon.colcon_core.package_identification:_identify(communication/commlibs) by extensions ['colcon_pkg']
[0.163s] Level 1:colcon.colcon_core.package_identification:_identify(communication/commlibs) by extension 'colcon_pkg'
[0.163s] Level 1:colcon.colcon_core.package_identification:_identify(communication/commlibs) by extensions ['colcon_meta']
[0.163s] Level 1:colcon.colcon_core.package_identification:_identify(communication/commlibs) by extension 'colcon_meta'
[0.163s] Level 1:colcon.colcon_core.package_identification:_identify(communication/commlibs) by extensions ['ros']
[0.163s] Level 1:colcon.colcon_core.package_identification:_identify(communication/commlibs) by extension 'ros'
[0.163s] Level 1:colcon.colcon_core.package_identification:_identify(communication/commlibs) by extensions ['cmake', 'python']
[0.163s] Level 1:colcon.colcon_core.package_identification:_identify(communication/commlibs) by extension 'cmake'
[0.163s] Level 1:colcon.colcon_core.package_identification:_identify(communication/commlibs) by extension 'python'
[0.163s] Level 1:colcon.colcon_core.package_identification:_identify(communication/commlibs) by extensions ['python_setup_py']
[0.163s] Level 1:colcon.colcon_core.package_identification:_identify(communication/commlibs) by extension 'python_setup_py'
[0.163s] Level 1:colcon.colcon_core.package_identification:_identify(communication/commlibs/ar_comm) by extensions ['ignore', 'ignore_ament_install']
[0.163s] Level 1:colcon.colcon_core.package_identification:_identify(communication/commlibs/ar_comm) by extension 'ignore'
[0.163s] Level 1:colcon.colcon_core.package_identification:_identify(communication/commlibs/ar_comm) by extension 'ignore_ament_install'
[0.163s] Level 1:colcon.colcon_core.package_identification:_identify(communication/commlibs/ar_comm) by extensions ['colcon_pkg']
[0.163s] Level 1:colcon.colcon_core.package_identification:_identify(communication/commlibs/ar_comm) by extension 'colcon_pkg'
[0.163s] Level 1:colcon.colcon_core.package_identification:_identify(communication/commlibs/ar_comm) by extensions ['colcon_meta']
[0.163s] Level 1:colcon.colcon_core.package_identification:_identify(communication/commlibs/ar_comm) by extension 'colcon_meta'
[0.163s] Level 1:colcon.colcon_core.package_identification:_identify(communication/commlibs/ar_comm) by extensions ['ros']
[0.163s] Level 1:colcon.colcon_core.package_identification:_identify(communication/commlibs/ar_comm) by extension 'ros'
[0.164s] DEBUG:colcon.colcon_core.package_identification:Package 'communication/commlibs/ar_comm' with type 'ros.ament_cmake' and name 'ar_comm'
[0.164s] Level 1:colcon.colcon_core.package_identification:_identify(communication/commlibs/ar_serial) by extensions ['ignore', 'ignore_ament_install']
[0.164s] Level 1:colcon.colcon_core.package_identification:_identify(communication/commlibs/ar_serial) by extension 'ignore'
[0.164s] Level 1:colcon.colcon_core.package_identification:_identify(communication/commlibs/ar_serial) by extension 'ignore_ament_install'
[0.164s] Level 1:colcon.colcon_core.package_identification:_identify(communication/commlibs/ar_serial) by extensions ['colcon_pkg']
[0.164s] Level 1:colcon.colcon_core.package_identification:_identify(communication/commlibs/ar_serial) by extension 'colcon_pkg'
[0.164s] Level 1:colcon.colcon_core.package_identification:_identify(communication/commlibs/ar_serial) by extensions ['colcon_meta']
[0.164s] Level 1:colcon.colcon_core.package_identification:_identify(communication/commlibs/ar_serial) by extension 'colcon_meta'
[0.164s] Level 1:colcon.colcon_core.package_identification:_identify(communication/commlibs/ar_serial) by extensions ['ros']
[0.164s] Level 1:colcon.colcon_core.package_identification:_identify(communication/commlibs/ar_serial) by extension 'ros'
[0.164s] Level 1:colcon.colcon_core.package_identification:_identify(communication/commlibs/ar_serial) by extensions ['cmake', 'python']
[0.164s] Level 1:colcon.colcon_core.package_identification:_identify(communication/commlibs/ar_serial) by extension 'cmake'
[0.164s] Level 1:colcon.colcon_core.package_identification:_identify(communication/commlibs/ar_serial) by extension 'python'
[0.164s] Level 1:colcon.colcon_core.package_identification:_identify(communication/commlibs/ar_serial) by extensions ['python_setup_py']
[0.164s] Level 1:colcon.colcon_core.package_identification:_identify(communication/commlibs/ar_serial) by extension 'python_setup_py'
[0.164s] Level 1:colcon.colcon_core.package_identification:_identify(communication/commlibs/ar_serial/include) by extensions ['ignore', 'ignore_ament_install']
[0.164s] Level 1:colcon.colcon_core.package_identification:_identify(communication/commlibs/ar_serial/include) by extension 'ignore'
[0.164s] Level 1:colcon.colcon_core.package_identification:_identify(communication/commlibs/ar_serial/include) by extension 'ignore_ament_install'
[0.164s] Level 1:colcon.colcon_core.package_identification:_identify(communication/commlibs/ar_serial/include) by extensions ['colcon_pkg']
[0.164s] Level 1:colcon.colcon_core.package_identification:_identify(communication/commlibs/ar_serial/include) by extension 'colcon_pkg'
[0.164s] Level 1:colcon.colcon_core.package_identification:_identify(communication/commlibs/ar_serial/include) by extensions ['colcon_meta']
[0.164s] Level 1:colcon.colcon_core.package_identification:_identify(communication/commlibs/ar_serial/include) by extension 'colcon_meta'
[0.164s] Level 1:colcon.colcon_core.package_identification:_identify(communication/commlibs/ar_serial/include) by extensions ['ros']
[0.164s] Level 1:colcon.colcon_core.package_identification:_identify(communication/commlibs/ar_serial/include) by extension 'ros'
[0.164s] Level 1:colcon.colcon_core.package_identification:_identify(communication/commlibs/ar_serial/include) by extensions ['cmake', 'python']
[0.164s] Level 1:colcon.colcon_core.package_identification:_identify(communication/commlibs/ar_serial/include) by extension 'cmake'
[0.164s] Level 1:colcon.colcon_core.package_identification:_identify(communication/commlibs/ar_serial/include) by extension 'python'
[0.164s] Level 1:colcon.colcon_core.package_identification:_identify(communication/commlibs/ar_serial/include) by extensions ['python_setup_py']
[0.164s] Level 1:colcon.colcon_core.package_identification:_identify(communication/commlibs/ar_serial/include) by extension 'python_setup_py'
[0.164s] Level 1:colcon.colcon_core.package_identification:_identify(communication/commlibs/ar_serial/src) by extensions ['ignore', 'ignore_ament_install']
[0.164s] Level 1:colcon.colcon_core.package_identification:_identify(communication/commlibs/ar_serial/src) by extension 'ignore'
[0.164s] Level 1:colcon.colcon_core.package_identification:_identify(communication/commlibs/ar_serial/src) by extension 'ignore_ament_install'
[0.164s] Level 1:colcon.colcon_core.package_identification:_identify(communication/commlibs/ar_serial/src) by extensions ['colcon_pkg']
[0.165s] Level 1:colcon.colcon_core.package_identification:_identify(communication/commlibs/ar_serial/src) by extension 'colcon_pkg'
[0.165s] Level 1:colcon.colcon_core.package_identification:_identify(communication/commlibs/ar_serial/src) by extensions ['colcon_meta']
[0.165s] Level 1:colcon.colcon_core.package_identification:_identify(communication/commlibs/ar_serial/src) by extension 'colcon_meta'
[0.165s] Level 1:colcon.colcon_core.package_identification:_identify(communication/commlibs/ar_serial/src) by extensions ['ros']
[0.165s] Level 1:colcon.colcon_core.package_identification:_identify(communication/commlibs/ar_serial/src) by extension 'ros'
[0.165s] Level 1:colcon.colcon_core.package_identification:_identify(communication/commlibs/ar_serial/src) by extensions ['cmake', 'python']
[0.165s] Level 1:colcon.colcon_core.package_identification:_identify(communication/commlibs/ar_serial/src) by extension 'cmake'
[0.165s] Level 1:colcon.colcon_core.package_identification:_identify(communication/commlibs/ar_serial/src) by extension 'python'
[0.165s] Level 1:colcon.colcon_core.package_identification:_identify(communication/commlibs/ar_serial/src) by extensions ['python_setup_py']
[0.165s] Level 1:colcon.colcon_core.package_identification:_identify(communication/commlibs/ar_serial/src) by extension 'python_setup_py'
[0.165s] Level 1:colcon.colcon_core.package_identification:_identify(communication/devices) by extensions ['ignore', 'ignore_ament_install']
[0.165s] Level 1:colcon.colcon_core.package_identification:_identify(communication/devices) by extension 'ignore'
[0.165s] Level 1:colcon.colcon_core.package_identification:_identify(communication/devices) by extension 'ignore_ament_install'
[0.165s] Level 1:colcon.colcon_core.package_identification:_identify(communication/devices) by extensions ['colcon_pkg']
[0.165s] Level 1:colcon.colcon_core.package_identification:_identify(communication/devices) by extension 'colcon_pkg'
[0.165s] Level 1:colcon.colcon_core.package_identification:_identify(communication/devices) by extensions ['colcon_meta']
[0.165s] Level 1:colcon.colcon_core.package_identification:_identify(communication/devices) by extension 'colcon_meta'
[0.165s] Level 1:colcon.colcon_core.package_identification:_identify(communication/devices) by extensions ['ros']
[0.165s] Level 1:colcon.colcon_core.package_identification:_identify(communication/devices) by extension 'ros'
[0.165s] DEBUG:colcon.colcon_core.package_identification:Package 'communication/devices' with type 'ros.ament_cmake' and name 'devices'
[0.165s] Level 1:colcon.colcon_core.package_identification:_identify(communication/master) by extensions ['ignore', 'ignore_ament_install']
[0.165s] Level 1:colcon.colcon_core.package_identification:_identify(communication/master) by extension 'ignore'
[0.165s] Level 1:colcon.colcon_core.package_identification:_identify(communication/master) by extension 'ignore_ament_install'
[0.165s] Level 1:colcon.colcon_core.package_identification:_identify(communication/master) by extensions ['colcon_pkg']
[0.165s] Level 1:colcon.colcon_core.package_identification:_identify(communication/master) by extension 'colcon_pkg'
[0.165s] Level 1:colcon.colcon_core.package_identification:_identify(communication/master) by extensions ['colcon_meta']
[0.165s] Level 1:colcon.colcon_core.package_identification:_identify(communication/master) by extension 'colcon_meta'
[0.165s] Level 1:colcon.colcon_core.package_identification:_identify(communication/master) by extensions ['ros']
[0.165s] Level 1:colcon.colcon_core.package_identification:_identify(communication/master) by extension 'ros'
[0.166s] DEBUG:colcon.colcon_core.package_identification:Package 'communication/master' with type 'ros.ament_cmake' and name 'master'
[0.166s] Level 1:colcon.colcon_core.package_identification:_identify(communication/messages) by extensions ['ignore', 'ignore_ament_install']
[0.166s] Level 1:colcon.colcon_core.package_identification:_identify(communication/messages) by extension 'ignore'
[0.166s] Level 1:colcon.colcon_core.package_identification:_identify(communication/messages) by extension 'ignore_ament_install'
[0.166s] Level 1:colcon.colcon_core.package_identification:_identify(communication/messages) by extensions ['colcon_pkg']
[0.166s] Level 1:colcon.colcon_core.package_identification:_identify(communication/messages) by extension 'colcon_pkg'
[0.166s] Level 1:colcon.colcon_core.package_identification:_identify(communication/messages) by extensions ['colcon_meta']
[0.166s] Level 1:colcon.colcon_core.package_identification:_identify(communication/messages) by extension 'colcon_meta'
[0.166s] Level 1:colcon.colcon_core.package_identification:_identify(communication/messages) by extensions ['ros']
[0.166s] Level 1:colcon.colcon_core.package_identification:_identify(communication/messages) by extension 'ros'
[0.166s] Level 1:colcon.colcon_core.package_identification:_identify(communication/messages) by extensions ['cmake', 'python']
[0.166s] Level 1:colcon.colcon_core.package_identification:_identify(communication/messages) by extension 'cmake'
[0.166s] Level 1:colcon.colcon_core.package_identification:_identify(communication/messages) by extension 'python'
[0.166s] Level 1:colcon.colcon_core.package_identification:_identify(communication/messages) by extensions ['python_setup_py']
[0.166s] Level 1:colcon.colcon_core.package_identification:_identify(communication/messages) by extension 'python_setup_py'
[0.166s] Level 1:colcon.colcon_core.package_identification:_identify(communication/messages/ar_action) by extensions ['ignore', 'ignore_ament_install']
[0.166s] Level 1:colcon.colcon_core.package_identification:_identify(communication/messages/ar_action) by extension 'ignore'
[0.166s] Level 1:colcon.colcon_core.package_identification:_identify(communication/messages/ar_action) ignored
[0.166s] Level 1:colcon.colcon_core.package_identification:_identify(communication/messages/ar_msgs) by extensions ['ignore', 'ignore_ament_install']
[0.166s] Level 1:colcon.colcon_core.package_identification:_identify(communication/messages/ar_msgs) by extension 'ignore'
[0.166s] Level 1:colcon.colcon_core.package_identification:_identify(communication/messages/ar_msgs) by extension 'ignore_ament_install'
[0.166s] Level 1:colcon.colcon_core.package_identification:_identify(communication/messages/ar_msgs) by extensions ['colcon_pkg']
[0.166s] Level 1:colcon.colcon_core.package_identification:_identify(communication/messages/ar_msgs) by extension 'colcon_pkg'
[0.166s] Level 1:colcon.colcon_core.package_identification:_identify(communication/messages/ar_msgs) by extensions ['colcon_meta']
[0.166s] Level 1:colcon.colcon_core.package_identification:_identify(communication/messages/ar_msgs) by extension 'colcon_meta'
[0.166s] Level 1:colcon.colcon_core.package_identification:_identify(communication/messages/ar_msgs) by extensions ['ros']
[0.166s] Level 1:colcon.colcon_core.package_identification:_identify(communication/messages/ar_msgs) by extension 'ros'
[0.167s] DEBUG:colcon.colcon_core.package_identification:Package 'communication/messages/ar_msgs' with type 'ros.ament_cmake' and name 'ar_msgs'
[0.167s] Level 1:colcon.colcon_core.package_identification:_identify(communication/messages/ar_srv) by extensions ['ignore', 'ignore_ament_install']
[0.167s] Level 1:colcon.colcon_core.package_identification:_identify(communication/messages/ar_srv) by extension 'ignore'
[0.167s] Level 1:colcon.colcon_core.package_identification:_identify(communication/messages/ar_srv) ignored
[0.167s] Level 1:colcon.colcon_core.package_identification:_identify(configuration) by extensions ['ignore', 'ignore_ament_install']
[0.167s] Level 1:colcon.colcon_core.package_identification:_identify(configuration) by extension 'ignore'
[0.167s] Level 1:colcon.colcon_core.package_identification:_identify(configuration) by extension 'ignore_ament_install'
[0.167s] Level 1:colcon.colcon_core.package_identification:_identify(configuration) by extensions ['colcon_pkg']
[0.167s] Level 1:colcon.colcon_core.package_identification:_identify(configuration) by extension 'colcon_pkg'
[0.167s] Level 1:colcon.colcon_core.package_identification:_identify(configuration) by extensions ['colcon_meta']
[0.167s] Level 1:colcon.colcon_core.package_identification:_identify(configuration) by extension 'colcon_meta'
[0.167s] Level 1:colcon.colcon_core.package_identification:_identify(configuration) by extensions ['ros']
[0.167s] Level 1:colcon.colcon_core.package_identification:_identify(configuration) by extension 'ros'
[0.167s] DEBUG:colcon.colcon_core.package_identification:Package 'configuration' with type 'ros.ament_cmake' and name 'ar_moveit_config'
[0.167s] Level 1:colcon.colcon_core.package_identification:_identify(install) by extensions ['ignore', 'ignore_ament_install']
[0.168s] Level 1:colcon.colcon_core.package_identification:_identify(install) by extension 'ignore'
[0.168s] Level 1:colcon.colcon_core.package_identification:_identify(install) ignored
[0.168s] Level 1:colcon.colcon_core.package_identification:_identify(log) by extensions ['ignore', 'ignore_ament_install']
[0.168s] Level 1:colcon.colcon_core.package_identification:_identify(log) by extension 'ignore'
[0.168s] Level 1:colcon.colcon_core.package_identification:_identify(log) ignored
[0.168s] Level 1:colcon.colcon_core.package_identification:_identify(utilities) by extensions ['ignore', 'ignore_ament_install']
[0.168s] Level 1:colcon.colcon_core.package_identification:_identify(utilities) by extension 'ignore'
[0.168s] Level 1:colcon.colcon_core.package_identification:_identify(utilities) by extension 'ignore_ament_install'
[0.168s] Level 1:colcon.colcon_core.package_identification:_identify(utilities) by extensions ['colcon_pkg']
[0.168s] Level 1:colcon.colcon_core.package_identification:_identify(utilities) by extension 'colcon_pkg'
[0.168s] Level 1:colcon.colcon_core.package_identification:_identify(utilities) by extensions ['colcon_meta']
[0.168s] Level 1:colcon.colcon_core.package_identification:_identify(utilities) by extension 'colcon_meta'
[0.168s] Level 1:colcon.colcon_core.package_identification:_identify(utilities) by extensions ['ros']
[0.168s] Level 1:colcon.colcon_core.package_identification:_identify(utilities) by extension 'ros'
[0.168s] Level 1:colcon.colcon_core.package_identification:_identify(utilities) by extensions ['cmake', 'python']
[0.168s] Level 1:colcon.colcon_core.package_identification:_identify(utilities) by extension 'cmake'
[0.168s] Level 1:colcon.colcon_core.package_identification:_identify(utilities) by extension 'python'
[0.168s] Level 1:colcon.colcon_core.package_identification:_identify(utilities) by extensions ['python_setup_py']
[0.168s] Level 1:colcon.colcon_core.package_identification:_identify(utilities) by extension 'python_setup_py'
[0.168s] Level 1:colcon.colcon_core.package_identification:_identify(utilities/ar_conputation) by extensions ['ignore', 'ignore_ament_install']
[0.168s] Level 1:colcon.colcon_core.package_identification:_identify(utilities/ar_conputation) by extension 'ignore'
[0.168s] Level 1:colcon.colcon_core.package_identification:_identify(utilities/ar_conputation) by extension 'ignore_ament_install'
[0.168s] Level 1:colcon.colcon_core.package_identification:_identify(utilities/ar_conputation) by extensions ['colcon_pkg']
[0.168s] Level 1:colcon.colcon_core.package_identification:_identify(utilities/ar_conputation) by extension 'colcon_pkg'
[0.168s] Level 1:colcon.colcon_core.package_identification:_identify(utilities/ar_conputation) by extensions ['colcon_meta']
[0.168s] Level 1:colcon.colcon_core.package_identification:_identify(utilities/ar_conputation) by extension 'colcon_meta'
[0.168s] Level 1:colcon.colcon_core.package_identification:_identify(utilities/ar_conputation) by extensions ['ros']
[0.168s] Level 1:colcon.colcon_core.package_identification:_identify(utilities/ar_conputation) by extension 'ros'
[0.169s] DEBUG:colcon.colcon_core.package_identification:Package 'utilities/ar_conputation' with type 'ros.ament_cmake' and name 'ar_conputation'
[0.169s] Level 1:colcon.colcon_core.package_identification:_identify(utilities/ar_utils) by extensions ['ignore', 'ignore_ament_install']
[0.169s] Level 1:colcon.colcon_core.package_identification:_identify(utilities/ar_utils) by extension 'ignore'
[0.169s] Level 1:colcon.colcon_core.package_identification:_identify(utilities/ar_utils) by extension 'ignore_ament_install'
[0.169s] Level 1:colcon.colcon_core.package_identification:_identify(utilities/ar_utils) by extensions ['colcon_pkg']
[0.169s] Level 1:colcon.colcon_core.package_identification:_identify(utilities/ar_utils) by extension 'colcon_pkg'
[0.169s] Level 1:colcon.colcon_core.package_identification:_identify(utilities/ar_utils) by extensions ['colcon_meta']
[0.169s] Level 1:colcon.colcon_core.package_identification:_identify(utilities/ar_utils) by extension 'colcon_meta'
[0.169s] Level 1:colcon.colcon_core.package_identification:_identify(utilities/ar_utils) by extensions ['ros']
[0.169s] Level 1:colcon.colcon_core.package_identification:_identify(utilities/ar_utils) by extension 'ros'
[0.169s] DEBUG:colcon.colcon_core.package_identification:Package 'utilities/ar_utils' with type 'ros.ament_cmake' and name 'ar_utils'
[0.169s] Level 1:colcon.colcon_core.package_discovery:discover_packages(recursive) using defaults
[0.169s] Level 1:colcon.colcon_core.package_discovery:discover_packages(ignore) discover
[0.169s] Level 1:colcon.colcon_core.package_discovery:discover_packages(ignore) using defaults
[0.169s] Level 1:colcon.colcon_core.package_discovery:discover_packages(path) discover
[0.169s] Level 1:colcon.colcon_core.package_discovery:discover_packages(path) using defaults
[0.181s] INFO:colcon.colcon_core.package_selection:Skipping not selected package 'ar_comm' in 'communication/commlibs/ar_comm'
[0.181s] INFO:colcon.colcon_core.package_selection:Skipping not selected package 'ar_conputation' in 'utilities/ar_conputation'
[0.181s] INFO:colcon.colcon_core.package_selection:Skipping not selected package 'ar_motion_planner' in 'command/ar_motion_planner'
[0.181s] INFO:colcon.colcon_core.package_selection:Skipping not selected package 'ar_moveit_config' in 'configuration'
[0.181s] INFO:colcon.colcon_core.package_selection:Skipping not selected package 'ar_msgs' in 'communication/messages/ar_msgs'
[0.181s] INFO:colcon.colcon_core.package_selection:Skipping not selected package 'ar_planner_interface' in 'command/ar_planner_interface'
[0.181s] INFO:colcon.colcon_core.package_selection:Skipping not selected package 'ar_scene' in 'command/ar_scene'
[0.181s] INFO:colcon.colcon_core.package_selection:Skipping not selected package 'devices' in 'communication/devices'
[0.181s] INFO:colcon.colcon_core.package_selection:Skipping not selected package 'master' in 'communication/master'
[0.181s] INFO:colcon.colcon_core.package_selection:Skipping not selected package 'ar_control' in 'command/ar_control'
[0.181s] Level 1:colcon.colcon_core.package_discovery:discover_packages(prefix_path) check parameters
[0.181s] Level 1:colcon.colcon_core.package_discovery:discover_packages(prefix_path) discover
[0.183s] DEBUG:colcon.colcon_installed_package_information.package_discovery:Found 380 installed packages in /opt/ros/humble
[0.184s] Level 1:colcon.colcon_core.package_discovery:discover_packages(prefix_path) using defaults
[0.210s] Level 5:colcon.colcon_core.verb:set package 'ar_utils' build argument 'cmake_args' from command line to 'None'
[0.210s] Level 5:colcon.colcon_core.verb:set package 'ar_utils' build argument 'cmake_target' from command line to 'None'
[0.210s] Level 5:colcon.colcon_core.verb:set package 'ar_utils' build argument 'cmake_target_skip_unavailable' from command line to 'False'
[0.210s] Level 5:colcon.colcon_core.verb:set package 'ar_utils' build argument 'cmake_clean_cache' from command line to 'False'
[0.210s] Level 5:colcon.colcon_core.verb:set package 'ar_utils' build argument 'cmake_clean_first' from command line to 'False'
[0.210s] Level 5:colcon.colcon_core.verb:set package 'ar_utils' build argument 'cmake_force_configure' from command line to 'False'
[0.210s] Level 5:colcon.colcon_core.verb:set package 'ar_utils' build argument 'ament_cmake_args' from command line to 'None'
[0.210s] Level 5:colcon.colcon_core.verb:set package 'ar_utils' build argument 'catkin_cmake_args' from command line to 'None'
[0.210s] Level 5:colcon.colcon_core.verb:set package 'ar_utils' build argument 'catkin_skip_building_tests' from command line to 'False'
[0.210s] DEBUG:colcon.colcon_core.verb:Building package 'ar_utils' with the following arguments: {'ament_cmake_args': None, 'build_base': '/home/hans/ar/build/ar_utils', 'catkin_cmake_args': None, 'catkin_skip_building_tests': False, 'cmake_args': None, 'cmake_clean_cache': False, 'cmake_clean_first': False, 'cmake_force_configure': False, 'cmake_target': None, 'cmake_target_skip_unavailable': False, 'install_base': '/home/hans/ar/install/ar_utils', 'merge_install': False, 'path': '/home/hans/ar/utilities/ar_utils', 'symlink_install': False, 'test_result_base': None}
[0.210s] INFO:colcon.colcon_core.executor:Executing jobs using 'parallel' executor
[0.211s] DEBUG:colcon.colcon_parallel_executor.executor.parallel:run_until_complete
[0.211s] INFO:colcon.colcon_ros.task.ament_cmake.build:Building ROS package in '/home/hans/ar/utilities/ar_utils' with build type 'ament_cmake'
[0.211s] INFO:colcon.colcon_cmake.task.cmake.build:Building CMake package in '/home/hans/ar/utilities/ar_utils'
[0.212s] INFO:colcon.colcon_core.plugin_system:Skipping extension 'colcon_core.shell.bat': Not used on non-Windows systems
[0.212s] INFO:colcon.colcon_core.shell:Skip shell extension 'powershell' for command environment: Not usable outside of PowerShell
[0.212s] DEBUG:colcon.colcon_core.shell:Skip shell extension 'dsv' for command environment
[0.219s] DEBUG:colcon.colcon_core.event_handler.log_command:Invoking command in '/home/hans/ar/build/ar_utils': CMAKE_PREFIX_PATH=/opt/ros/humble /usr/bin/cmake --build /home/hans/ar/build/ar_utils -- -j12 -l12
[2.148s] DEBUG:colcon.colcon_core.event_handler.log_command:Invoked command in '/home/hans/ar/build/ar_utils' returned '2': CMAKE_PREFIX_PATH=/opt/ros/humble /usr/bin/cmake --build /home/hans/ar/build/ar_utils -- -j12 -l12
[2.148s] Level 1:colcon.colcon_core.environment:create_environment_scripts_only(ar_utils)
[2.149s] Level 1:colcon.colcon_core.environment:checking '/home/hans/ar/install/ar_utils' for CMake module files
[2.150s] Level 1:colcon.colcon_core.environment:checking '/home/hans/ar/install/ar_utils' for CMake config files
[2.150s] Level 1:colcon.colcon_core.environment:checking '/home/hans/ar/install/ar_utils/bin'
[2.150s] Level 1:colcon.colcon_core.environment:checking '/home/hans/ar/install/ar_utils/lib/pkgconfig/ar_utils.pc'
[2.150s] Level 1:colcon.colcon_core.environment:checking '/home/hans/ar/install/ar_utils/lib/python3.10/site-packages'
[2.150s] Level 1:colcon.colcon_core.environment:checking '/home/hans/ar/install/ar_utils/bin'
[2.150s] INFO:colcon.colcon_core.shell:Creating package script '/home/hans/ar/install/ar_utils/share/ar_utils/package.ps1'
[2.151s] INFO:colcon.colcon_core.shell:Creating package descriptor '/home/hans/ar/install/ar_utils/share/ar_utils/package.dsv'
[2.151s] INFO:colcon.colcon_core.shell:Creating package script '/home/hans/ar/install/ar_utils/share/ar_utils/package.sh'
[2.152s] INFO:colcon.colcon_core.shell:Creating package script '/home/hans/ar/install/ar_utils/share/ar_utils/package.bash'
[2.152s] INFO:colcon.colcon_core.shell:Creating package script '/home/hans/ar/install/ar_utils/share/ar_utils/package.zsh'
[2.152s] Level 1:colcon.colcon_core.environment:create_file_with_runtime_dependencies(/home/hans/ar/install/ar_utils/share/colcon-core/packages/ar_utils)
[2.163s] DEBUG:colcon.colcon_parallel_executor.executor.parallel:closing loop
[2.163s] DEBUG:colcon.colcon_parallel_executor.executor.parallel:loop closed
[2.163s] DEBUG:colcon.colcon_parallel_executor.executor.parallel:run_until_complete finished with '2'
[2.163s] DEBUG:colcon.colcon_core.event_reactor:joining thread
[2.166s] INFO:colcon.colcon_core.plugin_system:Skipping extension 'colcon_notification.desktop_notification.terminal_notifier': Not used on non-Darwin systems
[2.166s] INFO:colcon.colcon_core.plugin_system:Skipping extension 'colcon_notification.desktop_notification.win32': Not used on non-Windows systems
[2.166s] INFO:colcon.colcon_notification.desktop_notification:Sending desktop notification using 'notify2'
[2.173s] DEBUG:colcon.colcon_core.event_reactor:joined thread
[2.174s] INFO:colcon.colcon_core.shell:Creating prefix script '/home/hans/ar/install/local_setup.ps1'
[2.174s] INFO:colcon.colcon_core.shell:Creating prefix util module '/home/hans/ar/install/_local_setup_util_ps1.py'
[2.175s] INFO:colcon.colcon_core.shell:Creating prefix chain script '/home/hans/ar/install/setup.ps1'
[2.176s] INFO:colcon.colcon_core.shell:Creating prefix script '/home/hans/ar/install/local_setup.sh'
[2.176s] INFO:colcon.colcon_core.shell:Creating prefix util module '/home/hans/ar/install/_local_setup_util_sh.py'
[2.176s] INFO:colcon.colcon_core.shell:Creating prefix chain script '/home/hans/ar/install/setup.sh'
[2.177s] INFO:colcon.colcon_core.shell:Creating prefix script '/home/hans/ar/install/local_setup.bash'
[2.177s] INFO:colcon.colcon_core.shell:Creating prefix chain script '/home/hans/ar/install/setup.bash'
[2.178s] INFO:colcon.colcon_core.shell:Creating prefix script '/home/hans/ar/install/local_setup.zsh'
[2.178s] INFO:colcon.colcon_core.shell:Creating prefix chain script '/home/hans/ar/install/setup.zsh'
