[0.031s] Invoking command in '/home/hans/ar/build/ar_moveit_config': CMAKE_PREFIX_PATH=${CMAKE_PREFIX_PATH}:/opt/ros/humble /usr/bin/cmake /home/hans/ar/ar_src/configuration/ar -DCMAKE_INSTALL_PREFIX=/home/hans/ar/install/ar_moveit_config
[0.265s] -- The C compiler identification is GNU 11.4.0
[0.469s] -- The CXX compiler identification is GNU 11.4.0
[0.506s] -- Detecting C compiler ABI info
[0.944s] -- Detecting C compiler ABI info - done
[0.952s] -- Check for working C compiler: /usr/bin/cc - skipped
[0.953s] -- Detecting C compile features
[0.953s] -- Detecting C compile features - done
[0.955s] -- Detecting CXX compiler ABI info
[1.399s] -- Detecting CXX compiler ABI info - done
[1.408s] -- Check for working CXX compiler: /usr/bin/c++ - skipped
[1.408s] -- Detecting CXX compile features
[1.411s] -- Detecting CXX compile features - done
[1.413s] -- Found ament_cmake: 1.3.11 (/opt/ros/humble/share/ament_cmake/cmake)
[1.659s] -- Found Python3: /usr/bin/python3 (found version "3.10.12") found components: Interpreter 
[1.842s] -- Configuring done
[1.843s] -- Generating done
[1.845s] -- Build files have been written to: /home/hans/ar/build/ar_moveit_config
[1.853s] Invoked command in '/home/hans/ar/build/ar_moveit_config' returned '0': CMAKE_PREFIX_PATH=${CMAKE_PREFIX_PATH}:/opt/ros/humble /usr/bin/cmake /home/hans/ar/ar_src/configuration/ar -DCMAKE_INSTALL_PREFIX=/home/hans/ar/install/ar_moveit_config
[1.859s] Invoking command in '/home/hans/ar/build/ar_moveit_config': CMAKE_PREFIX_PATH=${CMAKE_PREFIX_PATH}:/opt/ros/humble /usr/bin/cmake --build /home/hans/ar/build/ar_moveit_config -- -j12 -l12
[2.782s] Invoked command in '/home/hans/ar/build/ar_moveit_config' returned '0': CMAKE_PREFIX_PATH=${CMAKE_PREFIX_PATH}:/opt/ros/humble /usr/bin/cmake --build /home/hans/ar/build/ar_moveit_config -- -j12 -l12
[2.806s] Invoking command in '/home/hans/ar/build/ar_moveit_config': CMAKE_PREFIX_PATH=${CMAKE_PREFIX_PATH}:/opt/ros/humble /usr/bin/cmake --install /home/hans/ar/build/ar_moveit_config
[2.827s] -- Install configuration: "RelWithDebInfo"
[2.828s] -- Installing: /home/hans/ar/install/ar_moveit_config/share/ar_moveit_config/config
[2.828s] -- Installing: /home/hans/ar/install/ar_moveit_config/share/ar_moveit_config/config/cartesian_limits.yaml
[2.828s] -- Installing: /home/hans/ar/install/ar_moveit_config/share/ar_moveit_config/config/ar_ros_controllers.yaml
[2.829s] -- Installing: /home/hans/ar/install/ar_moveit_config/share/ar_moveit_config/config/ompl_planning.yaml
[2.829s] -- Installing: /home/hans/ar/install/ar_moveit_config/share/ar_moveit_config/config/joint_limits.yaml
[2.829s] -- Installing: /home/hans/ar/install/ar_moveit_config/share/ar_moveit_config/config/ar_config.urdf.xacro
[2.829s] -- Installing: /home/hans/ar/install/ar_moveit_config/share/ar_moveit_config/config/kinematics.yaml
[2.829s] -- Installing: /home/hans/ar/install/ar_moveit_config/share/ar_moveit_config/config/ar_moveit_controllers.yaml
[2.829s] -- Installing: /home/hans/ar/install/ar_moveit_config/share/ar_moveit_config/config/ar_config.srdf.xacro
[2.829s] -- Installing: /home/hans/ar/install/ar_moveit_config/share/ar_moveit_config/launch
[2.829s] -- Installing: /home/hans/ar/install/ar_moveit_config/share/ar_moveit_config/launch/tomobase_moveit.rviz
[2.830s] -- Installing: /home/hans/ar/install/ar_moveit_config/share/ar_moveit_config/launch/view_robot.launch.py
[2.830s] -- Installing: /home/hans/ar/install/ar_moveit_config/share/ar_moveit_config/ros2_control
[2.830s] -- Installing: /home/hans/ar/install/ar_moveit_config/share/ar_moveit_config/ros2_control/ar.ros2_control.xacro
[2.830s] -- Installing: /home/hans/ar/install/ar_moveit_config/share/ar_moveit_config/meshes
[2.830s] -- Installing: /home/hans/ar/install/ar_moveit_config/share/ar_moveit_config/meshes/collisions
[2.830s] -- Installing: /home/hans/ar/install/ar_moveit_config/share/ar_moveit_config/meshes/collisions/link_4.STL
[2.831s] -- Installing: /home/hans/ar/install/ar_moveit_config/share/ar_moveit_config/meshes/collisions/link_3.STL
[2.831s] -- Installing: /home/hans/ar/install/ar_moveit_config/share/ar_moveit_config/meshes/collisions/link_5.STL
[2.836s] -- Installing: /home/hans/ar/install/ar_moveit_config/share/ar_moveit_config/meshes/collisions/link_1.STL
[2.836s] -- Installing: /home/hans/ar/install/ar_moveit_config/share/ar_moveit_config/meshes/collisions/link_2.STL
[2.838s] -- Installing: /home/hans/ar/install/ar_moveit_config/share/ar_moveit_config/meshes/collisions/base_link.STL
[2.838s] -- Installing: /home/hans/ar/install/ar_moveit_config/share/ar_moveit_config/meshes/collisions/link_6.STL
[2.838s] -- Installing: /home/hans/ar/install/ar_moveit_config/share/ar_moveit_config/meshes/visuals
[2.838s] -- Installing: /home/hans/ar/install/ar_moveit_config/share/ar_moveit_config/meshes/visuals/link_4.STL
[2.840s] -- Installing: /home/hans/ar/install/ar_moveit_config/share/ar_moveit_config/meshes/visuals/link_3.STL
[2.840s] -- Installing: /home/hans/ar/install/ar_moveit_config/share/ar_moveit_config/meshes/visuals/link_5.STL
[2.844s] -- Installing: /home/hans/ar/install/ar_moveit_config/share/ar_moveit_config/meshes/visuals/link_1.STL
[2.845s] -- Installing: /home/hans/ar/install/ar_moveit_config/share/ar_moveit_config/meshes/visuals/link_2.STL
[2.846s] -- Installing: /home/hans/ar/install/ar_moveit_config/share/ar_moveit_config/meshes/visuals/base_link.STL
[2.846s] -- Installing: /home/hans/ar/install/ar_moveit_config/share/ar_moveit_config/meshes/visuals/link_6.STL
[2.846s] -- Installing: /home/hans/ar/install/ar_moveit_config/share/ar_moveit_config/urdf
[2.847s] -- Installing: /home/hans/ar/install/ar_moveit_config/share/ar_moveit_config/urdf/ar_base.xacro
[2.847s] -- Installing: /home/hans/ar/install/ar_moveit_config/share/ament_index/resource_index/package_run_dependencies/ar_moveit_config
[2.847s] -- Installing: /home/hans/ar/install/ar_moveit_config/share/ament_index/resource_index/parent_prefix_path/ar_moveit_config
[2.847s] -- Installing: /home/hans/ar/install/ar_moveit_config/share/ar_moveit_config/environment/ament_prefix_path.sh
[2.847s] -- Installing: /home/hans/ar/install/ar_moveit_config/share/ar_moveit_config/environment/ament_prefix_path.dsv
[2.847s] -- Installing: /home/hans/ar/install/ar_moveit_config/share/ar_moveit_config/environment/path.sh
[2.848s] -- Installing: /home/hans/ar/install/ar_moveit_config/share/ar_moveit_config/environment/path.dsv
[2.848s] -- Installing: /home/hans/ar/install/ar_moveit_config/share/ar_moveit_config/local_setup.bash
[2.848s] -- Installing: /home/hans/ar/install/ar_moveit_config/share/ar_moveit_config/local_setup.sh
[2.848s] -- Installing: /home/hans/ar/install/ar_moveit_config/share/ar_moveit_config/local_setup.zsh
[2.848s] -- Installing: /home/hans/ar/install/ar_moveit_config/share/ar_moveit_config/local_setup.dsv
[2.848s] -- Installing: /home/hans/ar/install/ar_moveit_config/share/ar_moveit_config/package.dsv
[2.848s] -- Installing: /home/hans/ar/install/ar_moveit_config/share/ament_index/resource_index/packages/ar_moveit_config
[2.849s] -- Installing: /home/hans/ar/install/ar_moveit_config/share/ar_moveit_config/cmake/ar_moveit_configConfig.cmake
[2.849s] -- Installing: /home/hans/ar/install/ar_moveit_config/share/ar_moveit_config/cmake/ar_moveit_configConfig-version.cmake
[2.849s] -- Installing: /home/hans/ar/install/ar_moveit_config/share/ar_moveit_config/package.xml
