[0.032s] Invoking command in '/home/hans/ar/build/ar_computation': CMAKE_PREFIX_PATH=/opt/ros/humble /usr/bin/cmake /home/hans/ar/ar_src/utilities/ar_computation -DCMAKE_INSTALL_PREFIX=/home/hans/ar/install/ar_computation
[0.366s] -- The C compiler identification is GNU 11.4.0
[0.524s] -- The CXX compiler identification is GNU 11.4.0
[0.540s] -- Detecting C compiler ABI info
[0.902s] -- Detecting C compiler ABI info - done
[0.910s] -- Check for working C compiler: /usr/bin/cc - skipped
[0.911s] -- Detecting C compile features
[0.911s] -- Detecting C compile features - done
[0.913s] -- Detecting CXX compiler ABI info
[1.362s] -- Detecting CXX compiler ABI info - done
[1.366s] -- Check for working CXX compiler: /usr/bin/c++ - skipped
[1.366s] -- Detecting CXX compile features
[1.367s] -- Detecting CXX compile features - done
[1.370s] -- Found ament_cmake: 1.3.11 (/opt/ros/humble/share/ament_cmake/cmake)
[1.610s] -- Found Python3: /usr/bin/python3 (found version "3.10.12") found components: Interpreter 
[1.719s] -- Found rclcpp: 16.0.12 (/opt/ros/humble/share/rclcpp/cmake)
[1.756s] -- Found rosidl_generator_c: 3.1.6 (/opt/ros/humble/share/rosidl_generator_c/cmake)
[1.761s] -- Found rosidl_adapter: 3.1.6 (/opt/ros/humble/share/rosidl_adapter/cmake)
[1.771s] -- Found rosidl_generator_cpp: 3.1.6 (/opt/ros/humble/share/rosidl_generator_cpp/cmake)
[1.777s] -- Using all available rosidl_typesupport_c: rosidl_typesupport_fastrtps_c;rosidl_typesupport_introspection_c
[1.792s] -- Using all available rosidl_typesupport_cpp: rosidl_typesupport_fastrtps_cpp;rosidl_typesupport_introspection_cpp
[1.832s] -- Found rmw_implementation_cmake: 6.1.2 (/opt/ros/humble/share/rmw_implementation_cmake/cmake)
[1.835s] -- Found rmw_fastrtps_cpp: 6.2.7 (/opt/ros/humble/share/rmw_fastrtps_cpp/cmake)
[2.126s] -- Found OpenSSL: /usr/lib/x86_64-linux-gnu/libcrypto.so (found version "3.0.2")  
[2.164s] -- Found FastRTPS: /opt/ros/humble/include  
[2.228s] -- Using RMW implementation 'rmw_fastrtps_cpp' as default
[2.238s] -- Looking for pthread.h
[2.439s] -- Looking for pthread.h - found
[2.439s] -- Performing Test CMAKE_HAVE_LIBC_PTHREAD
[2.708s] -- Performing Test CMAKE_HAVE_LIBC_PTHREAD - Success
[2.708s] -- Found Threads: TRUE  
[2.765s] -- Found ament_lint_auto: 0.12.12 (/opt/ros/humble/share/ament_lint_auto/cmake)
[2.916s] -- Added test 'cppcheck' to perform static code analysis on C / C++ code
[2.916s] -- Configured cppcheck include dirs: 
[2.918s] -- Configured cppcheck exclude dirs and/or files: 
[2.918s] -- Added test 'lint_cmake' to check CMake code style
[2.918s] -- Added test 'uncrustify' to check C / C++ code style
[2.918s] -- Configured uncrustify additional arguments: 
[2.919s] -- Added test 'xmllint' to check XML markup files
[2.923s] -- Configuring done
[2.945s] -- Generating done
[2.945s] -- Build files have been written to: /home/hans/ar/build/ar_computation
[3.051s] Invoked command in '/home/hans/ar/build/ar_computation' returned '0': CMAKE_PREFIX_PATH=/opt/ros/humble /usr/bin/cmake /home/hans/ar/ar_src/utilities/ar_computation -DCMAKE_INSTALL_PREFIX=/home/hans/ar/install/ar_computation
[3.054s] Invoking command in '/home/hans/ar/build/ar_computation': CMAKE_PREFIX_PATH=/opt/ros/humble /usr/bin/cmake --build /home/hans/ar/build/ar_computation -- -j12 -l12
[3.218s] Invoked command in '/home/hans/ar/build/ar_computation' returned '0': CMAKE_PREFIX_PATH=/opt/ros/humble /usr/bin/cmake --build /home/hans/ar/build/ar_computation -- -j12 -l12
[3.219s] Invoking command in '/home/hans/ar/build/ar_computation': CMAKE_PREFIX_PATH=/opt/ros/humble /usr/bin/cmake --install /home/hans/ar/build/ar_computation
[3.237s] -- Install configuration: ""
[3.237s] -- Installing: /home/hans/ar/install/ar_computation/share/ament_index/resource_index/package_run_dependencies/ar_computation
[3.238s] -- Installing: /home/hans/ar/install/ar_computation/share/ament_index/resource_index/parent_prefix_path/ar_computation
[3.239s] -- Installing: /home/hans/ar/install/ar_computation/share/ar_computation/environment/ament_prefix_path.sh
[3.239s] -- Installing: /home/hans/ar/install/ar_computation/share/ar_computation/environment/ament_prefix_path.dsv
[3.239s] -- Installing: /home/hans/ar/install/ar_computation/share/ar_computation/environment/path.sh
[3.239s] -- Installing: /home/hans/ar/install/ar_computation/share/ar_computation/environment/path.dsv
[3.239s] -- Installing: /home/hans/ar/install/ar_computation/share/ar_computation/local_setup.bash
[3.239s] -- Installing: /home/hans/ar/install/ar_computation/share/ar_computation/local_setup.sh
[3.239s] -- Installing: /home/hans/ar/install/ar_computation/share/ar_computation/local_setup.zsh
[3.239s] -- Installing: /home/hans/ar/install/ar_computation/share/ar_computation/local_setup.dsv
[3.239s] -- Installing: /home/hans/ar/install/ar_computation/share/ar_computation/package.dsv
[3.239s] -- Installing: /home/hans/ar/install/ar_computation/share/ament_index/resource_index/packages/ar_computation
[3.239s] -- Installing: /home/hans/ar/install/ar_computation/share/ar_computation/cmake/ar_computationConfig.cmake
[3.242s] -- Installing: /home/hans/ar/install/ar_computation/share/ar_computation/cmake/ar_computationConfig-version.cmake
[3.242s] -- Installing: /home/hans/ar/install/ar_computation/share/ar_computation/package.xml
[3.243s] Invoked command in '/home/hans/ar/build/ar_computation' returned '0': CMAKE_PREFIX_PATH=/opt/ros/humble /usr/bin/cmake --install /home/hans/ar/build/ar_computation
