[0.034s] Invoking command in '/home/hans/ar/build/ar_action': CMAKE_PREFIX_PATH=${CMAKE_PREFIX_PATH}:/opt/ros/humble /usr/bin/cmake --build /home/hans/ar/build/ar_action -- -j12 -l12
[0.082s] [  3%] Built target ar_action__cpp
[0.083s] [ 12%] Built target ar_action__rosidl_generator_c
[0.091s] [ 12%] Built target ament_cmake_python_copy_ar_action
[0.122s] [ 22%] Built target ar_action__rosidl_typesupport_cpp
[0.122s] [ 32%] Built target ar_action__rosidl_typesupport_fastrtps_c
[0.122s] [ 41%] Built target ar_action__rosidl_typesupport_introspection_cpp
[0.123s] [ 51%] Built target ar_action__rosidl_typesupport_introspection_c
[0.123s] [ 61%] Built target ar_action__rosidl_typesupport_c
[0.126s] [ 70%] Built target ar_action__rosidl_typesupport_fastrtps_cpp
[0.142s] [ 70%] Built target ar_action
[0.168s] [ 74%] Built target ar_action__py
[0.182s] [ 80%] Built target ar_action__rosidl_generator_py
[0.201s] [ 87%] Built target ar_action__rosidl_typesupport_introspection_c__pyext
[0.201s] [ 93%] Built target ar_action__rosidl_typesupport_fastrtps_c__pyext
[0.202s] [100%] Built target ar_action__rosidl_typesupport_c__pyext
[0.275s] running egg_info
[0.276s] writing ar_action.egg-info/PKG-INFO
[0.276s] writing dependency_links to ar_action.egg-info/dependency_links.txt
[0.276s] writing top-level names to ar_action.egg-info/top_level.txt
[0.277s] reading manifest file 'ar_action.egg-info/SOURCES.txt'
[0.278s] writing manifest file 'ar_action.egg-info/SOURCES.txt'
[0.299s] [100%] Built target ament_cmake_python_build_ar_action_egg
[0.310s] Invoked command in '/home/hans/ar/build/ar_action' returned '0': CMAKE_PREFIX_PATH=${CMAKE_PREFIX_PATH}:/opt/ros/humble /usr/bin/cmake --build /home/hans/ar/build/ar_action -- -j12 -l12
[0.311s] Invoking command in '/home/hans/ar/build/ar_action': CMAKE_PREFIX_PATH=${CMAKE_PREFIX_PATH}:/opt/ros/humble /usr/bin/cmake --install /home/hans/ar/build/ar_action
[0.318s] -- Install configuration: "RelWithDebInfo"
[0.318s] -- Up-to-date: /home/hans/ar/install/ar_action/share/ament_index/resource_index/rosidl_interfaces/ar_action
[0.318s] -- Up-to-date: /home/hans/ar/install/ar_action/include/ar_action/ar_action
[0.318s] -- Up-to-date: /home/hans/ar/install/ar_action/include/ar_action/ar_action/action
[0.318s] -- Up-to-date: /home/hans/ar/install/ar_action/include/ar_action/ar_action/action/ar_control.h
[0.318s] -- Up-to-date: /home/hans/ar/install/ar_action/include/ar_action/ar_action/action/detail
[0.318s] -- Up-to-date: /home/hans/ar/install/ar_action/include/ar_action/ar_action/action/detail/ar_control__functions.c
[0.319s] -- Up-to-date: /home/hans/ar/install/ar_action/include/ar_action/ar_action/action/detail/ar_control__functions.h
[0.319s] -- Up-to-date: /home/hans/ar/install/ar_action/include/ar_action/ar_action/action/detail/ar_control__struct.h
[0.319s] -- Up-to-date: /home/hans/ar/install/ar_action/include/ar_action/ar_action/action/detail/ar_control__type_support.h
[0.319s] -- Up-to-date: /home/hans/ar/install/ar_action/include/ar_action/ar_action/msg
[0.319s] -- Up-to-date: /home/hans/ar/install/ar_action/include/ar_action/ar_action/msg/rosidl_generator_c__visibility_control.h
[0.319s] -- Up-to-date: /home/hans/ar/install/ar_action/share/ar_action/environment/library_path.sh
[0.319s] -- Up-to-date: /home/hans/ar/install/ar_action/share/ar_action/environment/library_path.dsv
[0.319s] -- Up-to-date: /home/hans/ar/install/ar_action/lib/libar_action__rosidl_generator_c.so
[0.319s] -- Up-to-date: /home/hans/ar/install/ar_action/include/ar_action/ar_action
[0.319s] -- Up-to-date: /home/hans/ar/install/ar_action/include/ar_action/ar_action/action
[0.319s] -- Up-to-date: /home/hans/ar/install/ar_action/include/ar_action/ar_action/action/detail
[0.319s] -- Up-to-date: /home/hans/ar/install/ar_action/include/ar_action/ar_action/action/detail/ar_control__rosidl_typesupport_fastrtps_c.h
[0.319s] -- Up-to-date: /home/hans/ar/install/ar_action/include/ar_action/ar_action/msg
[0.319s] -- Up-to-date: /home/hans/ar/install/ar_action/include/ar_action/ar_action/msg/rosidl_typesupport_fastrtps_c__visibility_control.h
[0.319s] -- Up-to-date: /home/hans/ar/install/ar_action/lib/libar_action__rosidl_typesupport_fastrtps_c.so
[0.319s] -- Up-to-date: /home/hans/ar/install/ar_action/include/ar_action/ar_action
[0.319s] -- Up-to-date: /home/hans/ar/install/ar_action/include/ar_action/ar_action/action
[0.319s] -- Up-to-date: /home/hans/ar/install/ar_action/include/ar_action/ar_action/action/detail
[0.319s] -- Up-to-date: /home/hans/ar/install/ar_action/include/ar_action/ar_action/action/detail/ar_control__type_support.c
[0.319s] -- Up-to-date: /home/hans/ar/install/ar_action/include/ar_action/ar_action/action/detail/ar_control__rosidl_typesupport_introspection_c.h
[0.319s] -- Up-to-date: /home/hans/ar/install/ar_action/include/ar_action/ar_action/msg
[0.319s] -- Up-to-date: /home/hans/ar/install/ar_action/include/ar_action/ar_action/msg/rosidl_typesupport_introspection_c__visibility_control.h
[0.320s] -- Up-to-date: /home/hans/ar/install/ar_action/lib/libar_action__rosidl_typesupport_introspection_c.so
[0.320s] -- Up-to-date: /home/hans/ar/install/ar_action/lib/libar_action__rosidl_typesupport_c.so
[0.320s] -- Up-to-date: /home/hans/ar/install/ar_action/include/ar_action/ar_action
[0.320s] -- Up-to-date: /home/hans/ar/install/ar_action/include/ar_action/ar_action/action
[0.320s] -- Up-to-date: /home/hans/ar/install/ar_action/include/ar_action/ar_action/action/detail
[0.320s] -- Up-to-date: /home/hans/ar/install/ar_action/include/ar_action/ar_action/action/detail/ar_control__traits.hpp
[0.320s] -- Up-to-date: /home/hans/ar/install/ar_action/include/ar_action/ar_action/action/detail/ar_control__type_support.hpp
[0.320s] -- Up-to-date: /home/hans/ar/install/ar_action/include/ar_action/ar_action/action/detail/ar_control__builder.hpp
[0.320s] -- Up-to-date: /home/hans/ar/install/ar_action/include/ar_action/ar_action/action/detail/ar_control__struct.hpp
[0.320s] -- Up-to-date: /home/hans/ar/install/ar_action/include/ar_action/ar_action/action/ar_control.hpp
[0.320s] -- Up-to-date: /home/hans/ar/install/ar_action/include/ar_action/ar_action/msg
[0.320s] -- Up-to-date: /home/hans/ar/install/ar_action/include/ar_action/ar_action/msg/rosidl_generator_cpp__visibility_control.hpp
[0.320s] -- Up-to-date: /home/hans/ar/install/ar_action/include/ar_action/ar_action
[0.320s] -- Up-to-date: /home/hans/ar/install/ar_action/include/ar_action/ar_action/action
[0.320s] -- Up-to-date: /home/hans/ar/install/ar_action/include/ar_action/ar_action/action/detail
[0.320s] -- Up-to-date: /home/hans/ar/install/ar_action/include/ar_action/ar_action/action/detail/ar_control__rosidl_typesupport_fastrtps_cpp.hpp
[0.321s] -- Up-to-date: /home/hans/ar/install/ar_action/include/ar_action/ar_action/action/detail/dds_fastrtps
[0.321s] -- Up-to-date: /home/hans/ar/install/ar_action/include/ar_action/ar_action/msg
[0.321s] -- Up-to-date: /home/hans/ar/install/ar_action/include/ar_action/ar_action/msg/rosidl_typesupport_fastrtps_cpp__visibility_control.h
[0.321s] -- Up-to-date: /home/hans/ar/install/ar_action/lib/libar_action__rosidl_typesupport_fastrtps_cpp.so
[0.321s] -- Up-to-date: /home/hans/ar/install/ar_action/include/ar_action/ar_action
[0.321s] -- Up-to-date: /home/hans/ar/install/ar_action/include/ar_action/ar_action/action
[0.321s] -- Up-to-date: /home/hans/ar/install/ar_action/include/ar_action/ar_action/action/detail
[0.321s] -- Up-to-date: /home/hans/ar/install/ar_action/include/ar_action/ar_action/action/detail/ar_control__rosidl_typesupport_introspection_cpp.hpp
[0.321s] -- Up-to-date: /home/hans/ar/install/ar_action/include/ar_action/ar_action/action/detail/ar_control__type_support.cpp
[0.321s] -- Up-to-date: /home/hans/ar/install/ar_action/lib/libar_action__rosidl_typesupport_introspection_cpp.so
[0.321s] -- Up-to-date: /home/hans/ar/install/ar_action/lib/libar_action__rosidl_typesupport_cpp.so
[0.321s] -- Up-to-date: /home/hans/ar/install/ar_action/share/ar_action/environment/pythonpath.sh
[0.321s] -- Up-to-date: /home/hans/ar/install/ar_action/share/ar_action/environment/pythonpath.dsv
[0.321s] -- Up-to-date: /home/hans/ar/install/ar_action/local/lib/python3.10/dist-packages/ar_action-0.0.0-py3.10.egg-info
[0.321s] -- Installing: /home/hans/ar/install/ar_action/local/lib/python3.10/dist-packages/ar_action-0.0.0-py3.10.egg-info/top_level.txt
[0.321s] -- Installing: /home/hans/ar/install/ar_action/local/lib/python3.10/dist-packages/ar_action-0.0.0-py3.10.egg-info/PKG-INFO
[0.321s] -- Installing: /home/hans/ar/install/ar_action/local/lib/python3.10/dist-packages/ar_action-0.0.0-py3.10.egg-info/SOURCES.txt
[0.321s] -- Installing: /home/hans/ar/install/ar_action/local/lib/python3.10/dist-packages/ar_action-0.0.0-py3.10.egg-info/dependency_links.txt
[0.322s] -- Up-to-date: /home/hans/ar/install/ar_action/local/lib/python3.10/dist-packages/ar_action
[0.322s] -- Up-to-date: /home/hans/ar/install/ar_action/local/lib/python3.10/dist-packages/ar_action/ar_action_s__rosidl_typesupport_c.cpython-310-x86_64-linux-gnu.so
[0.322s] -- Up-to-date: /home/hans/ar/install/ar_action/local/lib/python3.10/dist-packages/ar_action/action
[0.322s] -- Up-to-date: /home/hans/ar/install/ar_action/local/lib/python3.10/dist-packages/ar_action/action/_ar_control.py
[0.322s] -- Up-to-date: /home/hans/ar/install/ar_action/local/lib/python3.10/dist-packages/ar_action/action/_ar_control_s.c
[0.322s] -- Up-to-date: /home/hans/ar/install/ar_action/local/lib/python3.10/dist-packages/ar_action/action/__init__.py
[0.322s] -- Up-to-date: /home/hans/ar/install/ar_action/local/lib/python3.10/dist-packages/ar_action/_ar_action_s.ep.rosidl_typesupport_fastrtps_c.c
[0.322s] -- Up-to-date: /home/hans/ar/install/ar_action/local/lib/python3.10/dist-packages/ar_action/ar_action_s__rosidl_typesupport_fastrtps_c.cpython-310-x86_64-linux-gnu.so
[0.322s] -- Up-to-date: /home/hans/ar/install/ar_action/local/lib/python3.10/dist-packages/ar_action/__init__.py
[0.322s] -- Up-to-date: /home/hans/ar/install/ar_action/local/lib/python3.10/dist-packages/ar_action/libar_action__rosidl_generator_py.so
[0.322s] -- Up-to-date: /home/hans/ar/install/ar_action/local/lib/python3.10/dist-packages/ar_action/ar_action_s__rosidl_typesupport_introspection_c.cpython-310-x86_64-linux-gnu.so
[0.322s] -- Up-to-date: /home/hans/ar/install/ar_action/local/lib/python3.10/dist-packages/ar_action/_ar_action_s.ep.rosidl_typesupport_introspection_c.c
[0.322s] -- Up-to-date: /home/hans/ar/install/ar_action/local/lib/python3.10/dist-packages/ar_action/_ar_action_s.ep.rosidl_typesupport_c.c
[0.342s] Listing '/home/hans/ar/install/ar_action/local/lib/python3.10/dist-packages/ar_action'...
[0.343s] Listing '/home/hans/ar/install/ar_action/local/lib/python3.10/dist-packages/ar_action/action'...
[0.345s] -- Up-to-date: /home/hans/ar/install/ar_action/local/lib/python3.10/dist-packages/ar_action/ar_action_s__rosidl_typesupport_fastrtps_c.cpython-310-x86_64-linux-gnu.so
[0.346s] -- Up-to-date: /home/hans/ar/install/ar_action/local/lib/python3.10/dist-packages/ar_action/ar_action_s__rosidl_typesupport_introspection_c.cpython-310-x86_64-linux-gnu.so
[0.346s] -- Up-to-date: /home/hans/ar/install/ar_action/local/lib/python3.10/dist-packages/ar_action/ar_action_s__rosidl_typesupport_c.cpython-310-x86_64-linux-gnu.so
[0.347s] -- Up-to-date: /home/hans/ar/install/ar_action/lib/libar_action__rosidl_generator_py.so
[0.347s] -- Up-to-date: /home/hans/ar/install/ar_action/share/ar_action/action/ArControl.idl
[0.347s] -- Up-to-date: /home/hans/ar/install/ar_action/share/ar_action/action/ArControl.action
[0.347s] -- Up-to-date: /home/hans/ar/install/ar_action/share/ament_index/resource_index/package_run_dependencies/ar_action
[0.347s] -- Up-to-date: /home/hans/ar/install/ar_action/share/ament_index/resource_index/parent_prefix_path/ar_action
[0.347s] -- Up-to-date: /home/hans/ar/install/ar_action/share/ar_action/environment/ament_prefix_path.sh
[0.347s] -- Up-to-date: /home/hans/ar/install/ar_action/share/ar_action/environment/ament_prefix_path.dsv
[0.347s] -- Up-to-date: /home/hans/ar/install/ar_action/share/ar_action/environment/path.sh
[0.347s] -- Up-to-date: /home/hans/ar/install/ar_action/share/ar_action/environment/path.dsv
[0.347s] -- Up-to-date: /home/hans/ar/install/ar_action/share/ar_action/local_setup.bash
[0.348s] -- Up-to-date: /home/hans/ar/install/ar_action/share/ar_action/local_setup.sh
[0.348s] -- Up-to-date: /home/hans/ar/install/ar_action/share/ar_action/local_setup.zsh
[0.348s] -- Up-to-date: /home/hans/ar/install/ar_action/share/ar_action/local_setup.dsv
[0.348s] -- Installing: /home/hans/ar/install/ar_action/share/ar_action/package.dsv
[0.348s] -- Up-to-date: /home/hans/ar/install/ar_action/share/ament_index/resource_index/packages/ar_action
[0.348s] -- Up-to-date: /home/hans/ar/install/ar_action/share/ar_action/cmake/export_ar_action__rosidl_generator_cExport.cmake
[0.348s] -- Up-to-date: /home/hans/ar/install/ar_action/share/ar_action/cmake/export_ar_action__rosidl_generator_cExport-relwithdebinfo.cmake
[0.348s] -- Up-to-date: /home/hans/ar/install/ar_action/share/ar_action/cmake/export_ar_action__rosidl_typesupport_fastrtps_cExport.cmake
[0.348s] -- Up-to-date: /home/hans/ar/install/ar_action/share/ar_action/cmake/export_ar_action__rosidl_typesupport_fastrtps_cExport-relwithdebinfo.cmake
[0.348s] -- Up-to-date: /home/hans/ar/install/ar_action/share/ar_action/cmake/ar_action__rosidl_typesupport_introspection_cExport.cmake
[0.348s] -- Up-to-date: /home/hans/ar/install/ar_action/share/ar_action/cmake/ar_action__rosidl_typesupport_introspection_cExport-relwithdebinfo.cmake
[0.348s] -- Up-to-date: /home/hans/ar/install/ar_action/share/ar_action/cmake/ar_action__rosidl_typesupport_cExport.cmake
[0.348s] -- Up-to-date: /home/hans/ar/install/ar_action/share/ar_action/cmake/ar_action__rosidl_typesupport_cExport-relwithdebinfo.cmake
[0.348s] -- Up-to-date: /home/hans/ar/install/ar_action/share/ar_action/cmake/export_ar_action__rosidl_generator_cppExport.cmake
[0.348s] -- Up-to-date: /home/hans/ar/install/ar_action/share/ar_action/cmake/export_ar_action__rosidl_typesupport_fastrtps_cppExport.cmake
[0.348s] -- Up-to-date: /home/hans/ar/install/ar_action/share/ar_action/cmake/export_ar_action__rosidl_typesupport_fastrtps_cppExport-relwithdebinfo.cmake
[0.349s] -- Up-to-date: /home/hans/ar/install/ar_action/share/ar_action/cmake/ar_action__rosidl_typesupport_introspection_cppExport.cmake
[0.349s] -- Up-to-date: /home/hans/ar/install/ar_action/share/ar_action/cmake/ar_action__rosidl_typesupport_introspection_cppExport-relwithdebinfo.cmake
[0.349s] -- Up-to-date: /home/hans/ar/install/ar_action/share/ar_action/cmake/ar_action__rosidl_typesupport_cppExport.cmake
[0.349s] -- Up-to-date: /home/hans/ar/install/ar_action/share/ar_action/cmake/ar_action__rosidl_typesupport_cppExport-relwithdebinfo.cmake
[0.349s] -- Up-to-date: /home/hans/ar/install/ar_action/share/ar_action/cmake/export_ar_action__rosidl_generator_pyExport.cmake
[0.349s] -- Up-to-date: /home/hans/ar/install/ar_action/share/ar_action/cmake/export_ar_action__rosidl_generator_pyExport-relwithdebinfo.cmake
[0.349s] -- Up-to-date: /home/hans/ar/install/ar_action/share/ar_action/cmake/rosidl_cmake-extras.cmake
[0.349s] -- Up-to-date: /home/hans/ar/install/ar_action/share/ar_action/cmake/ament_cmake_export_dependencies-extras.cmake
[0.349s] -- Up-to-date: /home/hans/ar/install/ar_action/share/ar_action/cmake/ament_cmake_export_include_directories-extras.cmake
[0.349s] -- Up-to-date: /home/hans/ar/install/ar_action/share/ar_action/cmake/ament_cmake_export_libraries-extras.cmake
[0.349s] -- Up-to-date: /home/hans/ar/install/ar_action/share/ar_action/cmake/ament_cmake_export_targets-extras.cmake
[0.349s] -- Up-to-date: /home/hans/ar/install/ar_action/share/ar_action/cmake/rosidl_cmake_export_typesupport_targets-extras.cmake
[0.349s] -- Up-to-date: /home/hans/ar/install/ar_action/share/ar_action/cmake/rosidl_cmake_export_typesupport_libraries-extras.cmake
[0.349s] -- Up-to-date: /home/hans/ar/install/ar_action/share/ar_action/cmake/ar_actionConfig.cmake
[0.349s] -- Up-to-date: /home/hans/ar/install/ar_action/share/ar_action/cmake/ar_actionConfig-version.cmake
[0.349s] -- Up-to-date: /home/hans/ar/install/ar_action/share/ar_action/package.xml
[0.354s] Invoked command in '/home/hans/ar/build/ar_action' returned '0': CMAKE_PREFIX_PATH=${CMAKE_PREFIX_PATH}:/opt/ros/humble /usr/bin/cmake --install /home/hans/ar/build/ar_action
