[0.045s] Invoking command in '/home/hans/ar/build/ar_scene': CMAKE_PREFIX_PATH=${CMAKE_PREFIX_PATH}:/opt/ros/humble /usr/bin/cmake --build /home/hans/ar/build/ar_scene -- -j12 -l12
[0.199s] Invoked command in '/home/hans/ar/build/ar_scene' returned '0': CMAKE_PREFIX_PATH=${CMAKE_PREFIX_PATH}:/opt/ros/humble /usr/bin/cmake --build /home/hans/ar/build/ar_scene -- -j12 -l12
[0.201s] Invoking command in '/home/hans/ar/build/ar_scene': CMAKE_PREFIX_PATH=${CMAKE_PREFIX_PATH}:/opt/ros/humble /usr/bin/cmake --install /home/hans/ar/build/ar_scene
[0.252s] -- Install configuration: ""
[0.253s] -- Up-to-date: /home/hans/ar/install/ar_scene/share/ament_index/resource_index/package_run_dependencies/ar_scene
[0.255s] -- Up-to-date: /home/hans/ar/install/ar_scene/share/ament_index/resource_index/parent_prefix_path/ar_scene
[0.255s] -- Up-to-date: /home/hans/ar/install/ar_scene/share/ar_scene/environment/ament_prefix_path.sh
[0.255s] -- Up-to-date: /home/hans/ar/install/ar_scene/share/ar_scene/environment/ament_prefix_path.dsv
[0.255s] -- Up-to-date: /home/hans/ar/install/ar_scene/share/ar_scene/environment/path.sh
[0.256s] -- Up-to-date: /home/hans/ar/install/ar_scene/share/ar_scene/environment/path.dsv
[0.256s] -- Up-to-date: /home/hans/ar/install/ar_scene/share/ar_scene/local_setup.bash
[0.256s] -- Up-to-date: /home/hans/ar/install/ar_scene/share/ar_scene/local_setup.sh
[0.257s] -- Up-to-date: /home/hans/ar/install/ar_scene/share/ar_scene/local_setup.zsh
[0.257s] -- Up-to-date: /home/hans/ar/install/ar_scene/share/ar_scene/local_setup.dsv
[0.257s] -- Up-to-date: /home/hans/ar/install/ar_scene/share/ar_scene/package.dsv
[0.257s] -- Up-to-date: /home/hans/ar/install/ar_scene/share/ament_index/resource_index/packages/ar_scene
[0.259s] -- Up-to-date: /home/hans/ar/install/ar_scene/share/ar_scene/cmake/ar_sceneConfig.cmake
[0.260s] -- Up-to-date: /home/hans/ar/install/ar_scene/share/ar_scene/cmake/ar_sceneConfig-version.cmake
[0.260s] -- Up-to-date: /home/hans/ar/install/ar_scene/share/ar_scene/package.xml
[0.290s] Invoked command in '/home/hans/ar/build/ar_scene' returned '0': CMAKE_PREFIX_PATH=${CMAKE_PREFIX_PATH}:/opt/ros/humble /usr/bin/cmake --install /home/hans/ar/build/ar_scene
