[0.028s] Invoking command in '/home/hans/ar/build/devices': CMAKE_PREFIX_PATH=${CMAKE_PREFIX_PATH}:/opt/ros/humble /usr/bin/cmake /home/hans/ar/ar_src/communication/devices -DCMAKE_INSTALL_PREFIX=/home/hans/ar/install/devices
[0.052s] -- Found ament_cmake: 1.3.11 (/opt/ros/humble/share/ament_cmake/cmake)
[0.199s] -- Found rclcpp: 16.0.12 (/opt/ros/humble/share/rclcpp/cmake)
[0.226s] -- Found rosidl_generator_c: 3.1.6 (/opt/ros/humble/share/rosidl_generator_c/cmake)
[0.228s] -- Found rosidl_adapter: 3.1.6 (/opt/ros/humble/share/rosidl_adapter/cmake)
[0.234s] -- Found rosidl_generator_cpp: 3.1.6 (/opt/ros/humble/share/rosidl_generator_cpp/cmake)
[0.244s] -- Using all available rosidl_typesupport_c: rosidl_typesupport_fastrtps_c;rosidl_typesupport_introspection_c
[0.256s] -- Using all available rosidl_typesupport_cpp: rosidl_typesupport_fastrtps_cpp;rosidl_typesupport_introspection_cpp
[0.291s] -- Found rmw_implementation_cmake: 6.1.2 (/opt/ros/humble/share/rmw_implementation_cmake/cmake)
[0.293s] -- Found rmw_fastrtps_cpp: 6.2.7 (/opt/ros/humble/share/rmw_fastrtps_cpp/cmake)
[0.509s] -- Using RMW implementation 'rmw_fastrtps_cpp' as default
[0.582s] -- Configuring incomplete, errors occurred!
[0.582s] See also "/home/hans/ar/build/devices/CMakeFiles/CMakeOutput.log".
[0.582s] [31mCMake Error at CMakeLists.txt:14 (find_package):
[0.582s]   By not providing "Findar_msg.cmake" in CMAKE_MODULE_PATH this project has
[0.582s]   asked CMake to find a package configuration file provided by "ar_msg", but
[0.582s]   CMake did not find one.
[0.582s] 
[0.582s]   Could not find a package configuration file provided by "ar_msg" with any
[0.582s]   of the following names:
[0.582s] 
[0.583s]     ar_msgConfig.cmake
[0.583s]     ar_msg-config.cmake
[0.583s] 
[0.583s]   Add the installation prefix of "ar_msg" to CMAKE_PREFIX_PATH or set
[0.583s]   "ar_msg_DIR" to a directory containing one of the above files.  If "ar_msg"
[0.583s]   provides a separate development package or SDK, be sure it has been
[0.583s]   installed.
[0.583s] 
[0.583s] [0m
[0.595s] Invoked command in '/home/hans/ar/build/devices' returned '1': CMAKE_PREFIX_PATH=${CMAKE_PREFIX_PATH}:/opt/ros/humble /usr/bin/cmake /home/hans/ar/ar_src/communication/devices -DCMAKE_INSTALL_PREFIX=/home/hans/ar/install/devices
