[0.026s] Invoking command in '/home/hans/ar/build/ar_utils': CMAKE_PREFIX_PATH=${CMAKE_PREFIX_PATH}:/opt/ros/humble /usr/bin/cmake --build /home/hans/ar/build/ar_utils -- -j12 -l12
[0.151s] [35m[1mConsolidate compiler generated dependencies of target ar_utils[0m
[0.257s] [ 66%] Built target ar_utils
[0.374s] [35m[1mConsolidate compiler generated dependencies of target test_log[0m
[0.447s] [100%] Built target test_log
[0.462s] Invoked command in '/home/hans/ar/build/ar_utils' returned '0': CMAKE_PREFIX_PATH=${CMAKE_PREFIX_PATH}:/opt/ros/humble /usr/bin/cmake --build /home/hans/ar/build/ar_utils -- -j12 -l12
[0.464s] Invoking command in '/home/hans/ar/build/ar_utils': CMAKE_PREFIX_PATH=${CMAKE_PREFIX_PATH}:/opt/ros/humble /usr/bin/cmake --install /home/hans/ar/build/ar_utils
[0.477s] -- Install configuration: ""
[0.477s] -- Installing: /home/hans/ar/install/ar_utils/share/ar_utils/environment/library_path.sh
[0.477s] -- Installing: /home/hans/ar/install/ar_utils/share/ar_utils/environment/library_path.dsv
[0.478s] -- Installing: /home/hans/ar/install/ar_utils/include
[0.478s] -- Installing: /home/hans/ar/install/ar_utils/include/ar_utils.h
[0.478s] -- Installing: /home/hans/ar/install/ar_utils/include/ar_logging.h
[0.478s] -- Installing: /home/hans/ar/install/ar_utils/include/ar_serializer.h
[0.478s] -- Installing: /home/hans/ar/install/ar_utils/lib/libar_utils.so
[0.480s] -- Set runtime path of "/home/hans/ar/install/ar_utils/lib/libar_utils.so" to ""
[0.480s] -- Installing: /home/hans/ar/install/ar_utils/lib/ar_utils/test_log
[0.480s] -- Set runtime path of "/home/hans/ar/install/ar_utils/lib/ar_utils/test_log" to ""
[0.480s] -- Installing: /home/hans/ar/install/ar_utils/share/ament_index/resource_index/package_run_dependencies/ar_utils
[0.480s] -- Installing: /home/hans/ar/install/ar_utils/share/ament_index/resource_index/parent_prefix_path/ar_utils
[0.481s] -- Installing: /home/hans/ar/install/ar_utils/share/ar_utils/environment/ament_prefix_path.sh
[0.481s] -- Installing: /home/hans/ar/install/ar_utils/share/ar_utils/environment/ament_prefix_path.dsv
[0.481s] -- Installing: /home/hans/ar/install/ar_utils/share/ar_utils/environment/path.sh
[0.481s] -- Installing: /home/hans/ar/install/ar_utils/share/ar_utils/environment/path.dsv
[0.481s] -- Installing: /home/hans/ar/install/ar_utils/share/ar_utils/local_setup.bash
[0.481s] -- Installing: /home/hans/ar/install/ar_utils/share/ar_utils/local_setup.sh
[0.481s] -- Installing: /home/hans/ar/install/ar_utils/share/ar_utils/local_setup.zsh
[0.482s] -- Installing: /home/hans/ar/install/ar_utils/share/ar_utils/local_setup.dsv
[0.482s] -- Installing: /home/hans/ar/install/ar_utils/share/ar_utils/package.dsv
[0.482s] -- Installing: /home/hans/ar/install/ar_utils/share/ament_index/resource_index/packages/ar_utils
[0.482s] -- Installing: /home/hans/ar/install/ar_utils/share/ar_utils/cmake/ar_utilsExport.cmake
[0.482s] -- Installing: /home/hans/ar/install/ar_utils/share/ar_utils/cmake/ar_utilsExport-noconfig.cmake
[0.482s] -- Installing: /home/hans/ar/install/ar_utils/share/ar_utils/cmake/ament_cmake_export_include_directories-extras.cmake
[0.483s] -- Installing: /home/hans/ar/install/ar_utils/share/ar_utils/cmake/ament_cmake_export_targets-extras.cmake
[0.483s] -- Installing: /home/hans/ar/install/ar_utils/share/ar_utils/cmake/ament_cmake_export_dependencies-extras.cmake
[0.483s] -- Installing: /home/hans/ar/install/ar_utils/share/ar_utils/cmake/ar_utilsConfig.cmake
[0.483s] -- Installing: /home/hans/ar/install/ar_utils/share/ar_utils/cmake/ar_utilsConfig-version.cmake
[0.483s] -- Installing: /home/hans/ar/install/ar_utils/share/ar_utils/package.xml
[0.486s] Invoked command in '/home/hans/ar/build/ar_utils' returned '0': CMAKE_PREFIX_PATH=${CMAKE_PREFIX_PATH}:/opt/ros/humble /usr/bin/cmake --install /home/hans/ar/build/ar_utils
