[0.033s] Invoking command in '/home/hans/ar/build/ar_srv': CMAKE_PREFIX_PATH=${CMAKE_PREFIX_PATH}:/opt/ros/humble /usr/bin/cmake --build /home/hans/ar/build/ar_srv -- -j12 -l12
[0.086s] [  3%] Built target ar_srv__cpp
[0.108s] [ 12%] Built target ar_srv__rosidl_generator_c
[0.108s] [ 12%] Built target ament_cmake_python_copy_ar_srv
[0.116s] [ 22%] Built target ar_srv__rosidl_typesupport_fastrtps_cpp
[0.117s] [ 32%] Built target ar_srv__rosidl_typesupport_introspection_cpp
[0.117s] [ 41%] Built target ar_srv__rosidl_typesupport_cpp
[0.126s] [ 51%] Built target ar_srv__rosidl_typesupport_fastrtps_c
[0.126s] [ 61%] Built target ar_srv__rosidl_typesupport_introspection_c
[0.127s] [ 70%] Built target ar_srv__rosidl_typesupport_c
[0.146s] [ 70%] Built target ar_srv
[0.164s] [ 74%] Built target ar_srv__py
[0.184s] [ 80%] Built target ar_srv__rosidl_generator_py
[0.203s] [ 87%] Built target ar_srv__rosidl_typesupport_fastrtps_c__pyext
[0.203s] [ 93%] Built target ar_srv__rosidl_typesupport_c__pyext
[0.204s] [100%] Built target ar_srv__rosidl_typesupport_introspection_c__pyext
[0.281s] running egg_info
[0.281s] writing ar_srv.egg-info/PKG-INFO
[0.281s] writing dependency_links to ar_srv.egg-info/dependency_links.txt
[0.282s] writing top-level names to ar_srv.egg-info/top_level.txt
[0.286s] reading manifest file 'ar_srv.egg-info/SOURCES.txt'
[0.286s] writing manifest file 'ar_srv.egg-info/SOURCES.txt'
[0.314s] [100%] Built target ament_cmake_python_build_ar_srv_egg
[0.327s] Invoked command in '/home/hans/ar/build/ar_srv' returned '0': CMAKE_PREFIX_PATH=${CMAKE_PREFIX_PATH}:/opt/ros/humble /usr/bin/cmake --build /home/hans/ar/build/ar_srv -- -j12 -l12
[0.329s] Invoking command in '/home/hans/ar/build/ar_srv': CMAKE_PREFIX_PATH=${CMAKE_PREFIX_PATH}:/opt/ros/humble /usr/bin/cmake --install /home/hans/ar/build/ar_srv
[0.335s] -- Install configuration: "RelWithDebInfo"
[0.335s] -- Up-to-date: /home/hans/ar/install/ar_srv/share/ament_index/resource_index/rosidl_interfaces/ar_srv
[0.335s] -- Up-to-date: /home/hans/ar/install/ar_srv/include/ar_srv/ar_srv
[0.335s] -- Up-to-date: /home/hans/ar/install/ar_srv/include/ar_srv/ar_srv/srv
[0.335s] -- Up-to-date: /home/hans/ar/install/ar_srv/include/ar_srv/ar_srv/srv/detail
[0.335s] -- Up-to-date: /home/hans/ar/install/ar_srv/include/ar_srv/ar_srv/srv/detail/device__type_support.h
[0.335s] -- Up-to-date: /home/hans/ar/install/ar_srv/include/ar_srv/ar_srv/srv/detail/device__struct.h
[0.335s] -- Up-to-date: /home/hans/ar/install/ar_srv/include/ar_srv/ar_srv/srv/detail/device__functions.c
[0.335s] -- Up-to-date: /home/hans/ar/install/ar_srv/include/ar_srv/ar_srv/srv/detail/device__functions.h
[0.335s] -- Up-to-date: /home/hans/ar/install/ar_srv/include/ar_srv/ar_srv/srv/device.h
[0.335s] -- Up-to-date: /home/hans/ar/install/ar_srv/include/ar_srv/ar_srv/msg
[0.335s] -- Up-to-date: /home/hans/ar/install/ar_srv/include/ar_srv/ar_srv/msg/rosidl_generator_c__visibility_control.h
[0.335s] -- Up-to-date: /home/hans/ar/install/ar_srv/share/ar_srv/environment/library_path.sh
[0.336s] -- Up-to-date: /home/hans/ar/install/ar_srv/share/ar_srv/environment/library_path.dsv
[0.336s] -- Up-to-date: /home/hans/ar/install/ar_srv/lib/libar_srv__rosidl_generator_c.so
[0.336s] -- Up-to-date: /home/hans/ar/install/ar_srv/include/ar_srv/ar_srv
[0.336s] -- Up-to-date: /home/hans/ar/install/ar_srv/include/ar_srv/ar_srv/srv
[0.336s] -- Up-to-date: /home/hans/ar/install/ar_srv/include/ar_srv/ar_srv/srv/detail
[0.336s] -- Up-to-date: /home/hans/ar/install/ar_srv/include/ar_srv/ar_srv/srv/detail/device__rosidl_typesupport_fastrtps_c.h
[0.336s] -- Up-to-date: /home/hans/ar/install/ar_srv/include/ar_srv/ar_srv/msg
[0.336s] -- Up-to-date: /home/hans/ar/install/ar_srv/include/ar_srv/ar_srv/msg/rosidl_typesupport_fastrtps_c__visibility_control.h
[0.336s] -- Up-to-date: /home/hans/ar/install/ar_srv/lib/libar_srv__rosidl_typesupport_fastrtps_c.so
[0.336s] -- Up-to-date: /home/hans/ar/install/ar_srv/include/ar_srv/ar_srv
[0.336s] -- Up-to-date: /home/hans/ar/install/ar_srv/include/ar_srv/ar_srv/srv
[0.336s] -- Up-to-date: /home/hans/ar/install/ar_srv/include/ar_srv/ar_srv/srv/detail
[0.336s] -- Up-to-date: /home/hans/ar/install/ar_srv/include/ar_srv/ar_srv/srv/detail/device__rosidl_typesupport_introspection_c.h
[0.336s] -- Up-to-date: /home/hans/ar/install/ar_srv/include/ar_srv/ar_srv/srv/detail/device__type_support.c
[0.336s] -- Up-to-date: /home/hans/ar/install/ar_srv/include/ar_srv/ar_srv/msg
[0.336s] -- Up-to-date: /home/hans/ar/install/ar_srv/include/ar_srv/ar_srv/msg/rosidl_typesupport_introspection_c__visibility_control.h
[0.336s] -- Up-to-date: /home/hans/ar/install/ar_srv/lib/libar_srv__rosidl_typesupport_introspection_c.so
[0.336s] -- Up-to-date: /home/hans/ar/install/ar_srv/lib/libar_srv__rosidl_typesupport_c.so
[0.336s] -- Up-to-date: /home/hans/ar/install/ar_srv/include/ar_srv/ar_srv
[0.336s] -- Up-to-date: /home/hans/ar/install/ar_srv/include/ar_srv/ar_srv/srv
[0.336s] -- Up-to-date: /home/hans/ar/install/ar_srv/include/ar_srv/ar_srv/srv/detail
[0.336s] -- Up-to-date: /home/hans/ar/install/ar_srv/include/ar_srv/ar_srv/srv/detail/device__type_support.hpp
[0.336s] -- Up-to-date: /home/hans/ar/install/ar_srv/include/ar_srv/ar_srv/srv/detail/device__traits.hpp
[0.337s] -- Up-to-date: /home/hans/ar/install/ar_srv/include/ar_srv/ar_srv/srv/detail/device__builder.hpp
[0.337s] -- Up-to-date: /home/hans/ar/install/ar_srv/include/ar_srv/ar_srv/srv/detail/device__struct.hpp
[0.337s] -- Up-to-date: /home/hans/ar/install/ar_srv/include/ar_srv/ar_srv/srv/device.hpp
[0.337s] -- Up-to-date: /home/hans/ar/install/ar_srv/include/ar_srv/ar_srv/msg
[0.337s] -- Up-to-date: /home/hans/ar/install/ar_srv/include/ar_srv/ar_srv/msg/rosidl_generator_cpp__visibility_control.hpp
[0.337s] -- Up-to-date: /home/hans/ar/install/ar_srv/include/ar_srv/ar_srv
[0.337s] -- Up-to-date: /home/hans/ar/install/ar_srv/include/ar_srv/ar_srv/srv
[0.337s] -- Up-to-date: /home/hans/ar/install/ar_srv/include/ar_srv/ar_srv/srv/detail
[0.337s] -- Up-to-date: /home/hans/ar/install/ar_srv/include/ar_srv/ar_srv/srv/detail/dds_fastrtps
[0.337s] -- Up-to-date: /home/hans/ar/install/ar_srv/include/ar_srv/ar_srv/srv/detail/device__rosidl_typesupport_fastrtps_cpp.hpp
[0.337s] -- Up-to-date: /home/hans/ar/install/ar_srv/include/ar_srv/ar_srv/msg
[0.337s] -- Up-to-date: /home/hans/ar/install/ar_srv/include/ar_srv/ar_srv/msg/rosidl_typesupport_fastrtps_cpp__visibility_control.h
[0.337s] -- Up-to-date: /home/hans/ar/install/ar_srv/lib/libar_srv__rosidl_typesupport_fastrtps_cpp.so
[0.337s] -- Up-to-date: /home/hans/ar/install/ar_srv/include/ar_srv/ar_srv
[0.337s] -- Up-to-date: /home/hans/ar/install/ar_srv/include/ar_srv/ar_srv/srv
[0.337s] -- Up-to-date: /home/hans/ar/install/ar_srv/include/ar_srv/ar_srv/srv/detail
[0.337s] -- Up-to-date: /home/hans/ar/install/ar_srv/include/ar_srv/ar_srv/srv/detail/device__type_support.cpp
[0.337s] -- Up-to-date: /home/hans/ar/install/ar_srv/include/ar_srv/ar_srv/srv/detail/device__rosidl_typesupport_introspection_cpp.hpp
[0.337s] -- Up-to-date: /home/hans/ar/install/ar_srv/lib/libar_srv__rosidl_typesupport_introspection_cpp.so
[0.337s] -- Up-to-date: /home/hans/ar/install/ar_srv/lib/libar_srv__rosidl_typesupport_cpp.so
[0.337s] -- Up-to-date: /home/hans/ar/install/ar_srv/share/ar_srv/environment/pythonpath.sh
[0.337s] -- Up-to-date: /home/hans/ar/install/ar_srv/share/ar_srv/environment/pythonpath.dsv
[0.337s] -- Up-to-date: /home/hans/ar/install/ar_srv/local/lib/python3.10/dist-packages/ar_srv-0.0.0-py3.10.egg-info
[0.337s] -- Installing: /home/hans/ar/install/ar_srv/local/lib/python3.10/dist-packages/ar_srv-0.0.0-py3.10.egg-info/top_level.txt
[0.338s] -- Installing: /home/hans/ar/install/ar_srv/local/lib/python3.10/dist-packages/ar_srv-0.0.0-py3.10.egg-info/PKG-INFO
[0.338s] -- Installing: /home/hans/ar/install/ar_srv/local/lib/python3.10/dist-packages/ar_srv-0.0.0-py3.10.egg-info/SOURCES.txt
[0.338s] -- Installing: /home/hans/ar/install/ar_srv/local/lib/python3.10/dist-packages/ar_srv-0.0.0-py3.10.egg-info/dependency_links.txt
[0.338s] -- Up-to-date: /home/hans/ar/install/ar_srv/local/lib/python3.10/dist-packages/ar_srv
[0.338s] -- Up-to-date: /home/hans/ar/install/ar_srv/local/lib/python3.10/dist-packages/ar_srv/libar_srv__rosidl_generator_py.so
[0.338s] -- Up-to-date: /home/hans/ar/install/ar_srv/local/lib/python3.10/dist-packages/ar_srv/ar_srv_s__rosidl_typesupport_introspection_c.cpython-310-x86_64-linux-gnu.so
[0.338s] -- Up-to-date: /home/hans/ar/install/ar_srv/local/lib/python3.10/dist-packages/ar_srv/ar_srv_s__rosidl_typesupport_c.cpython-310-x86_64-linux-gnu.so
[0.338s] -- Up-to-date: /home/hans/ar/install/ar_srv/local/lib/python3.10/dist-packages/ar_srv/ar_srv_s__rosidl_typesupport_fastrtps_c.cpython-310-x86_64-linux-gnu.so
[0.338s] -- Up-to-date: /home/hans/ar/install/ar_srv/local/lib/python3.10/dist-packages/ar_srv/_ar_srv_s.ep.rosidl_typesupport_introspection_c.c
[0.338s] -- Up-to-date: /home/hans/ar/install/ar_srv/local/lib/python3.10/dist-packages/ar_srv/srv
[0.338s] -- Up-to-date: /home/hans/ar/install/ar_srv/local/lib/python3.10/dist-packages/ar_srv/srv/_device_s.c
[0.338s] -- Up-to-date: /home/hans/ar/install/ar_srv/local/lib/python3.10/dist-packages/ar_srv/srv/__init__.py
[0.338s] -- Up-to-date: /home/hans/ar/install/ar_srv/local/lib/python3.10/dist-packages/ar_srv/srv/_device.py
[0.338s] -- Up-to-date: /home/hans/ar/install/ar_srv/local/lib/python3.10/dist-packages/ar_srv/__init__.py
[0.338s] -- Up-to-date: /home/hans/ar/install/ar_srv/local/lib/python3.10/dist-packages/ar_srv/_ar_srv_s.ep.rosidl_typesupport_fastrtps_c.c
[0.338s] -- Up-to-date: /home/hans/ar/install/ar_srv/local/lib/python3.10/dist-packages/ar_srv/_ar_srv_s.ep.rosidl_typesupport_c.c
[0.359s] Listing '/home/hans/ar/install/ar_srv/local/lib/python3.10/dist-packages/ar_srv'...
[0.359s] Listing '/home/hans/ar/install/ar_srv/local/lib/python3.10/dist-packages/ar_srv/srv'...
[0.362s] -- Up-to-date: /home/hans/ar/install/ar_srv/local/lib/python3.10/dist-packages/ar_srv/ar_srv_s__rosidl_typesupport_fastrtps_c.cpython-310-x86_64-linux-gnu.so
[0.362s] -- Up-to-date: /home/hans/ar/install/ar_srv/local/lib/python3.10/dist-packages/ar_srv/ar_srv_s__rosidl_typesupport_introspection_c.cpython-310-x86_64-linux-gnu.so
[0.363s] -- Up-to-date: /home/hans/ar/install/ar_srv/local/lib/python3.10/dist-packages/ar_srv/ar_srv_s__rosidl_typesupport_c.cpython-310-x86_64-linux-gnu.so
[0.363s] -- Up-to-date: /home/hans/ar/install/ar_srv/lib/libar_srv__rosidl_generator_py.so
[0.363s] -- Up-to-date: /home/hans/ar/install/ar_srv/share/ar_srv/srv/Device.idl
[0.363s] -- Up-to-date: /home/hans/ar/install/ar_srv/share/ar_srv/srv/Device.srv
[0.364s] -- Up-to-date: /home/hans/ar/install/ar_srv/share/ar_srv/srv/Device_Request.msg
[0.364s] -- Up-to-date: /home/hans/ar/install/ar_srv/share/ar_srv/srv/Device_Response.msg
[0.364s] -- Up-to-date: /home/hans/ar/install/ar_srv/share/ament_index/resource_index/package_run_dependencies/ar_srv
[0.364s] -- Up-to-date: /home/hans/ar/install/ar_srv/share/ament_index/resource_index/parent_prefix_path/ar_srv
[0.364s] -- Up-to-date: /home/hans/ar/install/ar_srv/share/ar_srv/environment/ament_prefix_path.sh
[0.364s] -- Up-to-date: /home/hans/ar/install/ar_srv/share/ar_srv/environment/ament_prefix_path.dsv
[0.364s] -- Up-to-date: /home/hans/ar/install/ar_srv/share/ar_srv/environment/path.sh
[0.364s] -- Up-to-date: /home/hans/ar/install/ar_srv/share/ar_srv/environment/path.dsv
[0.364s] -- Up-to-date: /home/hans/ar/install/ar_srv/share/ar_srv/local_setup.bash
[0.364s] -- Up-to-date: /home/hans/ar/install/ar_srv/share/ar_srv/local_setup.sh
[0.364s] -- Up-to-date: /home/hans/ar/install/ar_srv/share/ar_srv/local_setup.zsh
[0.364s] -- Up-to-date: /home/hans/ar/install/ar_srv/share/ar_srv/local_setup.dsv
[0.364s] -- Installing: /home/hans/ar/install/ar_srv/share/ar_srv/package.dsv
[0.364s] -- Up-to-date: /home/hans/ar/install/ar_srv/share/ament_index/resource_index/packages/ar_srv
[0.364s] -- Up-to-date: /home/hans/ar/install/ar_srv/share/ar_srv/cmake/export_ar_srv__rosidl_generator_cExport.cmake
[0.364s] -- Up-to-date: /home/hans/ar/install/ar_srv/share/ar_srv/cmake/export_ar_srv__rosidl_generator_cExport-relwithdebinfo.cmake
[0.364s] -- Up-to-date: /home/hans/ar/install/ar_srv/share/ar_srv/cmake/export_ar_srv__rosidl_typesupport_fastrtps_cExport.cmake
[0.365s] -- Up-to-date: /home/hans/ar/install/ar_srv/share/ar_srv/cmake/export_ar_srv__rosidl_typesupport_fastrtps_cExport-relwithdebinfo.cmake
[0.365s] -- Up-to-date: /home/hans/ar/install/ar_srv/share/ar_srv/cmake/ar_srv__rosidl_typesupport_introspection_cExport.cmake
[0.365s] -- Up-to-date: /home/hans/ar/install/ar_srv/share/ar_srv/cmake/ar_srv__rosidl_typesupport_introspection_cExport-relwithdebinfo.cmake
[0.365s] -- Up-to-date: /home/hans/ar/install/ar_srv/share/ar_srv/cmake/ar_srv__rosidl_typesupport_cExport.cmake
[0.365s] -- Up-to-date: /home/hans/ar/install/ar_srv/share/ar_srv/cmake/ar_srv__rosidl_typesupport_cExport-relwithdebinfo.cmake
[0.365s] -- Up-to-date: /home/hans/ar/install/ar_srv/share/ar_srv/cmake/export_ar_srv__rosidl_generator_cppExport.cmake
[0.365s] -- Up-to-date: /home/hans/ar/install/ar_srv/share/ar_srv/cmake/export_ar_srv__rosidl_typesupport_fastrtps_cppExport.cmake
[0.365s] -- Up-to-date: /home/hans/ar/install/ar_srv/share/ar_srv/cmake/export_ar_srv__rosidl_typesupport_fastrtps_cppExport-relwithdebinfo.cmake
[0.365s] -- Up-to-date: /home/hans/ar/install/ar_srv/share/ar_srv/cmake/ar_srv__rosidl_typesupport_introspection_cppExport.cmake
[0.365s] -- Up-to-date: /home/hans/ar/install/ar_srv/share/ar_srv/cmake/ar_srv__rosidl_typesupport_introspection_cppExport-relwithdebinfo.cmake
[0.365s] -- Up-to-date: /home/hans/ar/install/ar_srv/share/ar_srv/cmake/ar_srv__rosidl_typesupport_cppExport.cmake
[0.365s] -- Up-to-date: /home/hans/ar/install/ar_srv/share/ar_srv/cmake/ar_srv__rosidl_typesupport_cppExport-relwithdebinfo.cmake
[0.365s] -- Up-to-date: /home/hans/ar/install/ar_srv/share/ar_srv/cmake/export_ar_srv__rosidl_generator_pyExport.cmake
[0.365s] -- Up-to-date: /home/hans/ar/install/ar_srv/share/ar_srv/cmake/export_ar_srv__rosidl_generator_pyExport-relwithdebinfo.cmake
[0.365s] -- Up-to-date: /home/hans/ar/install/ar_srv/share/ar_srv/cmake/rosidl_cmake-extras.cmake
[0.365s] -- Up-to-date: /home/hans/ar/install/ar_srv/share/ar_srv/cmake/ament_cmake_export_dependencies-extras.cmake
[0.365s] -- Up-to-date: /home/hans/ar/install/ar_srv/share/ar_srv/cmake/ament_cmake_export_include_directories-extras.cmake
[0.365s] -- Up-to-date: /home/hans/ar/install/ar_srv/share/ar_srv/cmake/ament_cmake_export_libraries-extras.cmake
[0.365s] -- Up-to-date: /home/hans/ar/install/ar_srv/share/ar_srv/cmake/ament_cmake_export_targets-extras.cmake
[0.365s] -- Up-to-date: /home/hans/ar/install/ar_srv/share/ar_srv/cmake/rosidl_cmake_export_typesupport_targets-extras.cmake
[0.365s] -- Up-to-date: /home/hans/ar/install/ar_srv/share/ar_srv/cmake/rosidl_cmake_export_typesupport_libraries-extras.cmake
[0.365s] -- Up-to-date: /home/hans/ar/install/ar_srv/share/ar_srv/cmake/ar_srvConfig.cmake
[0.365s] -- Up-to-date: /home/hans/ar/install/ar_srv/share/ar_srv/cmake/ar_srvConfig-version.cmake
[0.365s] -- Up-to-date: /home/hans/ar/install/ar_srv/share/ar_srv/package.xml
[0.377s] Invoked command in '/home/hans/ar/build/ar_srv' returned '0': CMAKE_PREFIX_PATH=${CMAKE_PREFIX_PATH}:/opt/ros/humble /usr/bin/cmake --install /home/hans/ar/build/ar_srv
