-- Install configuration: "RelWithDebInfo"
-- Up-to-date: /home/hans/ar/install/ar_moveit_config/share/ar_moveit_config/config
-- Up-to-date: /home/hans/ar/install/ar_moveit_config/share/ar_moveit_config/config/cartesian_limits.yaml
-- Up-to-date: /home/hans/ar/install/ar_moveit_config/share/ar_moveit_config/config/ar_ros_controllers.yaml
-- Up-to-date: /home/hans/ar/install/ar_moveit_config/share/ar_moveit_config/config/ompl_planning.yaml
-- Up-to-date: /home/hans/ar/install/ar_moveit_config/share/ar_moveit_config/config/joint_limits.yaml
-- Up-to-date: /home/hans/ar/install/ar_moveit_config/share/ar_moveit_config/config/ar_config.urdf.xacro
-- Up-to-date: /home/hans/ar/install/ar_moveit_config/share/ar_moveit_config/config/kinematics.yaml
-- Up-to-date: /home/hans/ar/install/ar_moveit_config/share/ar_moveit_config/config/ar_moveit_controllers.yaml
-- Up-to-date: /home/hans/ar/install/ar_moveit_config/share/ar_moveit_config/config/ar_config.srdf.xacro
-- Up-to-date: /home/hans/ar/install/ar_moveit_config/share/ar_moveit_config/launch
-- Up-to-date: /home/hans/ar/install/ar_moveit_config/share/ar_moveit_config/launch/tomobase_moveit.rviz
-- Up-to-date: /home/hans/ar/install/ar_moveit_config/share/ar_moveit_config/launch/view_robot.launch.py
-- Up-to-date: /home/hans/ar/install/ar_moveit_config/share/ar_moveit_config/ros2_control
-- Up-to-date: /home/hans/ar/install/ar_moveit_config/share/ar_moveit_config/ros2_control/ar.ros2_control.xacro
-- Up-to-date: /home/hans/ar/install/ar_moveit_config/share/ar_moveit_config/meshes
-- Up-to-date: /home/hans/ar/install/ar_moveit_config/share/ar_moveit_config/meshes/collisions
-- Up-to-date: /home/hans/ar/install/ar_moveit_config/share/ar_moveit_config/meshes/collisions/link_4.STL
-- Up-to-date: /home/hans/ar/install/ar_moveit_config/share/ar_moveit_config/meshes/collisions/link_3.STL
-- Up-to-date: /home/hans/ar/install/ar_moveit_config/share/ar_moveit_config/meshes/collisions/link_5.STL
-- Up-to-date: /home/hans/ar/install/ar_moveit_config/share/ar_moveit_config/meshes/collisions/link_1.STL
-- Up-to-date: /home/hans/ar/install/ar_moveit_config/share/ar_moveit_config/meshes/collisions/link_2.STL
-- Up-to-date: /home/hans/ar/install/ar_moveit_config/share/ar_moveit_config/meshes/collisions/base_link.STL
-- Up-to-date: /home/hans/ar/install/ar_moveit_config/share/ar_moveit_config/meshes/collisions/link_6.STL
-- Up-to-date: /home/hans/ar/install/ar_moveit_config/share/ar_moveit_config/meshes/visuals
-- Up-to-date: /home/hans/ar/install/ar_moveit_config/share/ar_moveit_config/meshes/visuals/link_4.STL
-- Up-to-date: /home/hans/ar/install/ar_moveit_config/share/ar_moveit_config/meshes/visuals/link_3.STL
-- Up-to-date: /home/hans/ar/install/ar_moveit_config/share/ar_moveit_config/meshes/visuals/link_5.STL
-- Up-to-date: /home/hans/ar/install/ar_moveit_config/share/ar_moveit_config/meshes/visuals/link_1.STL
-- Up-to-date: /home/hans/ar/install/ar_moveit_config/share/ar_moveit_config/meshes/visuals/link_2.STL
-- Up-to-date: /home/hans/ar/install/ar_moveit_config/share/ar_moveit_config/meshes/visuals/base_link.STL
-- Up-to-date: /home/hans/ar/install/ar_moveit_config/share/ar_moveit_config/meshes/visuals/link_6.STL
-- Up-to-date: /home/hans/ar/install/ar_moveit_config/share/ar_moveit_config/urdf
-- Up-to-date: /home/hans/ar/install/ar_moveit_config/share/ar_moveit_config/urdf/ar_base.xacro
-- Up-to-date: /home/hans/ar/install/ar_moveit_config/share/ament_index/resource_index/package_run_dependencies/ar_moveit_config
-- Up-to-date: /home/hans/ar/install/ar_moveit_config/share/ament_index/resource_index/parent_prefix_path/ar_moveit_config
-- Up-to-date: /home/hans/ar/install/ar_moveit_config/share/ar_moveit_config/environment/ament_prefix_path.sh
-- Up-to-date: /home/hans/ar/install/ar_moveit_config/share/ar_moveit_config/environment/ament_prefix_path.dsv
-- Up-to-date: /home/hans/ar/install/ar_moveit_config/share/ar_moveit_config/environment/path.sh
-- Up-to-date: /home/hans/ar/install/ar_moveit_config/share/ar_moveit_config/environment/path.dsv
-- Up-to-date: /home/hans/ar/install/ar_moveit_config/share/ar_moveit_config/local_setup.bash
-- Up-to-date: /home/hans/ar/install/ar_moveit_config/share/ar_moveit_config/local_setup.sh
-- Up-to-date: /home/hans/ar/install/ar_moveit_config/share/ar_moveit_config/local_setup.zsh
-- Up-to-date: /home/hans/ar/install/ar_moveit_config/share/ar_moveit_config/local_setup.dsv
-- Installing: /home/hans/ar/install/ar_moveit_config/share/ar_moveit_config/package.dsv
-- Up-to-date: /home/hans/ar/install/ar_moveit_config/share/ament_index/resource_index/packages/ar_moveit_config
-- Up-to-date: /home/hans/ar/install/ar_moveit_config/share/ar_moveit_config/cmake/ar_moveit_configConfig.cmake
-- Up-to-date: /home/hans/ar/install/ar_moveit_config/share/ar_moveit_config/cmake/ar_moveit_configConfig-version.cmake
-- Up-to-date: /home/hans/ar/install/ar_moveit_config/share/ar_moveit_config/package.xml
