[0.038s] Invoking command in '/home/hans/ar/build/ar_comm': CMAKE_PREFIX_PATH=${CMAKE_PREFIX_PATH}:/opt/ros/humble /usr/bin/cmake /home/hans/ar/ar_src/communication/commlibs/ar_comm -DCMAKE_INSTALL_PREFIX=/home/hans/ar/install/ar_comm
[0.277s] -- The C compiler identification is GNU 11.4.0
[0.464s] -- The CXX compiler identification is GNU 11.4.0
[0.489s] -- Detecting C compiler ABI info
[0.905s] -- Detecting C compiler ABI info - done
[0.913s] -- Check for working C compiler: /usr/bin/cc - skipped
[0.913s] -- Detecting C compile features
[0.914s] -- Detecting C compile features - done
[0.917s] -- Detecting CXX compiler ABI info
[1.309s] -- Detecting CXX compiler ABI info - done
[1.316s] -- Check for working CXX compiler: /usr/bin/c++ - skipped
[1.316s] -- Detecting CXX compile features
[1.317s] -- Detecting CXX compile features - done
[1.319s] -- Found ament_cmake: 1.3.11 (/opt/ros/humble/share/ament_cmake/cmake)
[1.599s] -- Found Python3: /usr/bin/python3 (found version "3.10.12") found components: Interpreter 
[1.722s] -- Found rclcpp: 16.0.12 (/opt/ros/humble/share/rclcpp/cmake)
[1.768s] -- Found rosidl_generator_c: 3.1.6 (/opt/ros/humble/share/rosidl_generator_c/cmake)
[1.774s] -- Found rosidl_adapter: 3.1.6 (/opt/ros/humble/share/rosidl_adapter/cmake)
[1.783s] -- Found rosidl_generator_cpp: 3.1.6 (/opt/ros/humble/share/rosidl_generator_cpp/cmake)
[1.797s] -- Using all available rosidl_typesupport_c: rosidl_typesupport_fastrtps_c;rosidl_typesupport_introspection_c
[1.815s] -- Using all available rosidl_typesupport_cpp: rosidl_typesupport_fastrtps_cpp;rosidl_typesupport_introspection_cpp
[1.865s] -- Found rmw_implementation_cmake: 6.1.2 (/opt/ros/humble/share/rmw_implementation_cmake/cmake)
[1.873s] -- Found rmw_fastrtps_cpp: 6.2.7 (/opt/ros/humble/share/rmw_fastrtps_cpp/cmake)
[2.194s] -- Found OpenSSL: /usr/lib/x86_64-linux-gnu/libcrypto.so (found version "3.0.2")  
[2.244s] -- Found FastRTPS: /opt/ros/humble/include  
[2.315s] -- Using RMW implementation 'rmw_fastrtps_cpp' as default
[2.325s] -- Looking for pthread.h
[2.505s] -- Looking for pthread.h - found
[2.505s] -- Performing Test CMAKE_HAVE_LIBC_PTHREAD
[2.692s] -- Performing Test CMAKE_HAVE_LIBC_PTHREAD - Success
[2.694s] -- Found Threads: TRUE  
[2.749s] -- Found ament_lint_auto: 0.12.12 (/opt/ros/humble/share/ament_lint_auto/cmake)
[2.839s] -- Added test 'cppcheck' to perform static code analysis on C / C++ code
[2.839s] -- Configured cppcheck include dirs: 
[2.839s] -- Configured cppcheck exclude dirs and/or files: 
[2.840s] -- Added test 'lint_cmake' to check CMake code style
[2.843s] -- Added test 'uncrustify' to check C / C++ code style
[2.843s] -- Configured uncrustify additional arguments: 
[2.843s] -- Added test 'xmllint' to check XML markup files
[2.847s] -- Configuring done
[2.854s] -- Generating done
[2.857s] -- Build files have been written to: /home/hans/ar/build/ar_comm
