[0.034s] Invoking command in '/home/hans/ar/build/master': CMAKE_PREFIX_PATH=/opt/ros/humble /usr/bin/cmake /home/hans/ar/ar_src/communication/master -DCMAKE_INSTALL_PREFIX=/home/hans/ar/install/master
[0.318s] -- The C compiler identification is GNU 11.4.0
[0.501s] -- The CXX compiler identification is GNU 11.4.0
[0.529s] -- Detecting C compiler ABI info
[0.884s] -- Detecting C compiler ABI info - done
[0.895s] -- Check for working C compiler: /usr/bin/cc - skipped
[0.895s] -- Detecting C compile features
[0.895s] -- Detecting C compile features - done
[0.895s] -- Detecting CXX compiler ABI info
[1.344s] -- Detecting CXX compiler ABI info - done
[1.350s] -- Check for working CXX compiler: /usr/bin/c++ - skipped
[1.350s] -- Detecting CXX compile features
[1.351s] -- Detecting CXX compile features - done
[1.353s] -- Found ament_cmake: 1.3.11 (/opt/ros/humble/share/ament_cmake/cmake)
[1.610s] -- Found Python3: /usr/bin/python3 (found version "3.10.12") found components: Interpreter 
[1.715s] -- Found rclcpp: 16.0.12 (/opt/ros/humble/share/rclcpp/cmake)
[1.756s] -- Found rosidl_generator_c: 3.1.6 (/opt/ros/humble/share/rosidl_generator_c/cmake)
[1.757s] -- Found rosidl_adapter: 3.1.6 (/opt/ros/humble/share/rosidl_adapter/cmake)
[1.765s] -- Found rosidl_generator_cpp: 3.1.6 (/opt/ros/humble/share/rosidl_generator_cpp/cmake)
[1.776s] -- Using all available rosidl_typesupport_c: rosidl_typesupport_fastrtps_c;rosidl_typesupport_introspection_c
[1.791s] -- Using all available rosidl_typesupport_cpp: rosidl_typesupport_fastrtps_cpp;rosidl_typesupport_introspection_cpp
[1.833s] -- Found rmw_implementation_cmake: 6.1.2 (/opt/ros/humble/share/rmw_implementation_cmake/cmake)
[1.836s] -- Found rmw_fastrtps_cpp: 6.2.7 (/opt/ros/humble/share/rmw_fastrtps_cpp/cmake)
[2.139s] -- Found OpenSSL: /usr/lib/x86_64-linux-gnu/libcrypto.so (found version "3.0.2")  
[2.180s] -- Found FastRTPS: /opt/ros/humble/include  
[2.250s] -- Using RMW implementation 'rmw_fastrtps_cpp' as default
[2.258s] -- Looking for pthread.h
[2.499s] -- Looking for pthread.h - found
[2.499s] -- Performing Test CMAKE_HAVE_LIBC_PTHREAD
[2.762s] -- Performing Test CMAKE_HAVE_LIBC_PTHREAD - Success
[2.765s] -- Found Threads: TRUE  
[2.845s] -- Found ament_lint_auto: 0.12.12 (/opt/ros/humble/share/ament_lint_auto/cmake)
[2.964s] -- Added test 'lint_cmake' to check CMake code style
[2.965s] -- Added test 'xmllint' to check XML markup files
[2.969s] -- Configuring done
[2.974s] -- Generating done
[2.977s] -- Build files have been written to: /home/hans/ar/build/master
[3.060s] Invoked command in '/home/hans/ar/build/master' returned '0': CMAKE_PREFIX_PATH=/opt/ros/humble /usr/bin/cmake /home/hans/ar/ar_src/communication/master -DCMAKE_INSTALL_PREFIX=/home/hans/ar/install/master
[3.060s] Invoking command in '/home/hans/ar/build/master': CMAKE_PREFIX_PATH=/opt/ros/humble /usr/bin/cmake --build /home/hans/ar/build/master -- -j12 -l12
[3.240s] Invoked command in '/home/hans/ar/build/master' returned '0': CMAKE_PREFIX_PATH=/opt/ros/humble /usr/bin/cmake --build /home/hans/ar/build/master -- -j12 -l12
[3.241s] Invoking command in '/home/hans/ar/build/master': CMAKE_PREFIX_PATH=/opt/ros/humble /usr/bin/cmake --install /home/hans/ar/build/master
[3.256s] -- Install configuration: ""
[3.256s] -- Installing: /home/hans/ar/install/master/share/ament_index/resource_index/package_run_dependencies/master
[3.256s] -- Installing: /home/hans/ar/install/master/share/ament_index/resource_index/parent_prefix_path/master
[3.257s] -- Installing: /home/hans/ar/install/master/share/master/environment/ament_prefix_path.sh
[3.257s] -- Installing: /home/hans/ar/install/master/share/master/environment/ament_prefix_path.dsv
[3.257s] -- Installing: /home/hans/ar/install/master/share/master/environment/path.sh
[3.257s] -- Installing: /home/hans/ar/install/master/share/master/environment/path.dsv
[3.257s] -- Installing: /home/hans/ar/install/master/share/master/local_setup.bash
[3.257s] -- Installing: /home/hans/ar/install/master/share/master/local_setup.sh
[3.257s] -- Installing: /home/hans/ar/install/master/share/master/local_setup.zsh
[3.257s] -- Installing: /home/hans/ar/install/master/share/master/local_setup.dsv
[3.258s] -- Installing: /home/hans/ar/install/master/share/master/package.dsv
[3.258s] -- Installing: /home/hans/ar/install/master/share/ament_index/resource_index/packages/master
[3.258s] -- Installing: /home/hans/ar/install/master/share/master/cmake/masterConfig.cmake
[3.258s] -- Installing: /home/hans/ar/install/master/share/master/cmake/masterConfig-version.cmake
[3.258s] -- Installing: /home/hans/ar/install/master/share/master/package.xml
[3.277s] Invoked command in '/home/hans/ar/build/master' returned '0': CMAKE_PREFIX_PATH=/opt/ros/humble /usr/bin/cmake --install /home/hans/ar/build/master
