[0.032s] Invoking command in '/home/hans/ar/build/master': CMAKE_PREFIX_PATH=${CMAKE_PREFIX_PATH}:/opt/ros/humble /usr/bin/cmake --build /home/hans/ar/build/master -- -j12 -l12
[0.081s] Invoked command in '/home/hans/ar/build/master' returned '0': CMAKE_PREFIX_PATH=${CMAKE_PREFIX_PATH}:/opt/ros/humble /usr/bin/cmake --build /home/hans/ar/build/master -- -j12 -l12
[0.084s] Invoking command in '/home/hans/ar/build/master': CMAKE_PREFIX_PATH=${CMAKE_PREFIX_PATH}:/opt/ros/humble /usr/bin/cmake --install /home/hans/ar/build/master
[0.098s] -- Install configuration: ""
[0.099s] -- Up-to-date: /home/hans/ar/install/master/share/ament_index/resource_index/package_run_dependencies/master
[0.100s] -- Up-to-date: /home/hans/ar/install/master/share/ament_index/resource_index/parent_prefix_path/master
[0.101s] -- Up-to-date: /home/hans/ar/install/master/share/master/environment/ament_prefix_path.sh
[0.101s] -- Up-to-date: /home/hans/ar/install/master/share/master/environment/ament_prefix_path.dsv
[0.101s] -- Up-to-date: /home/hans/ar/install/master/share/master/environment/path.sh
[0.101s] -- Up-to-date: /home/hans/ar/install/master/share/master/environment/path.dsv
[0.101s] -- Up-to-date: /home/hans/ar/install/master/share/master/local_setup.bash
[0.102s] -- Up-to-date: /home/hans/ar/install/master/share/master/local_setup.sh
[0.102s] -- Up-to-date: /home/hans/ar/install/master/share/master/local_setup.zsh
[0.102s] -- Up-to-date: /home/hans/ar/install/master/share/master/local_setup.dsv
[0.102s] -- Installing: /home/hans/ar/install/master/share/master/package.dsv
[0.102s] -- Up-to-date: /home/hans/ar/install/master/share/ament_index/resource_index/packages/master
[0.102s] -- Up-to-date: /home/hans/ar/install/master/share/master/cmake/masterConfig.cmake
[0.102s] -- Up-to-date: /home/hans/ar/install/master/share/master/cmake/masterConfig-version.cmake
[0.102s] -- Up-to-date: /home/hans/ar/install/master/share/master/package.xml
[0.163s] Invoked command in '/home/hans/ar/build/master' returned '0': CMAKE_PREFIX_PATH=${CMAKE_PREFIX_PATH}:/opt/ros/humble /usr/bin/cmake --install /home/hans/ar/build/master
