[0.023s] Invoking command in '/home/hans/ar/build/ar_computation': CMAKE_PREFIX_PATH=/opt/ros/humble /usr/bin/cmake --build /home/hans/ar/build/ar_computation -- -j12 -l12
[0.072s] Invoked command in '/home/hans/ar/build/ar_computation' returned '0': CMAKE_PREFIX_PATH=/opt/ros/humble /usr/bin/cmake --build /home/hans/ar/build/ar_computation -- -j12 -l12
[0.073s] Invoking command in '/home/hans/ar/build/ar_computation': CMAKE_PREFIX_PATH=/opt/ros/humble /usr/bin/cmake --install /home/hans/ar/build/ar_computation
[0.077s] -- Install configuration: ""
[0.079s] -- Up-to-date: /home/hans/ar/install/ar_computation/share/ament_index/resource_index/package_run_dependencies/ar_computation
[0.079s] -- Up-to-date: /home/hans/ar/install/ar_computation/share/ament_index/resource_index/parent_prefix_path/ar_computation
[0.079s] -- Up-to-date: /home/hans/ar/install/ar_computation/share/ar_computation/environment/ament_prefix_path.sh
[0.079s] -- Up-to-date: /home/hans/ar/install/ar_computation/share/ar_computation/environment/ament_prefix_path.dsv
[0.085s] -- Up-to-date: /home/hans/ar/install/ar_computation/share/ar_computation/environment/path.sh
[0.085s] -- Up-to-date: /home/hans/ar/install/ar_computation/share/ar_computation/environment/path.dsv
[0.085s] -- Up-to-date: /home/hans/ar/install/ar_computation/share/ar_computation/local_setup.bash
[0.085s] -- Up-to-date: /home/hans/ar/install/ar_computation/share/ar_computation/local_setup.sh
[0.085s] -- Up-to-date: /home/hans/ar/install/ar_computation/share/ar_computation/local_setup.zsh
[0.085s] -- Up-to-date: /home/hans/ar/install/ar_computation/share/ar_computation/local_setup.dsv
[0.085s] -- Installing: /home/hans/ar/install/ar_computation/share/ar_computation/package.dsv
[0.086s] -- Up-to-date: /home/hans/ar/install/ar_computation/share/ament_index/resource_index/packages/ar_computation
[0.086s] -- Up-to-date: /home/hans/ar/install/ar_computation/share/ar_computation/cmake/ar_computationConfig.cmake
[0.086s] -- Up-to-date: /home/hans/ar/install/ar_computation/share/ar_computation/cmake/ar_computationConfig-version.cmake
[0.086s] -- Up-to-date: /home/hans/ar/install/ar_computation/share/ar_computation/package.xml
[0.141s] Invoked command in '/home/hans/ar/build/ar_computation' returned '0': CMAKE_PREFIX_PATH=/opt/ros/humble /usr/bin/cmake --install /home/hans/ar/build/ar_computation
