[0.026s] Invoking command in '/home/hans/ar/build/ar_msgs': CMAKE_PREFIX_PATH=/opt/ros/humble /usr/bin/cmake --build /home/hans/ar/build/ar_msgs -- -j12 -l12
[0.079s] [  3%] Built target ar_msgs__cpp
[0.080s] [ 12%] Built target ar_msgs__rosidl_generator_c
[0.085s] [ 12%] Built target ament_cmake_python_copy_ar_msgs
[0.120s] [ 22%] Built target ar_msgs__rosidl_typesupport_fastrtps_cpp
[0.120s] [ 32%] Built target ar_msgs__rosidl_typesupport_cpp
[0.121s] [ 51%] Built target ar_msgs__rosidl_typesupport_introspection_cpp
[0.121s] [ 48%] Built target ar_msgs__rosidl_typesupport_fastrtps_c
[0.121s] [ 61%] Built target ar_msgs__rosidl_typesupport_introspection_c
[0.125s] [ 70%] Built target ar_msgs__rosidl_typesupport_c
[0.142s] [ 70%] Built target ar_msgs
[0.157s] [ 74%] Built target ar_msgs__py
[0.178s] [ 80%] Built target ar_msgs__rosidl_generator_py
[0.195s] [100%] Built target ar_msgs__rosidl_typesupport_c__pyext
[0.195s] [100%] Built target ar_msgs__rosidl_typesupport_introspection_c__pyext
[0.195s] [100%] Built target ar_msgs__rosidl_typesupport_fastrtps_c__pyext
[0.284s] running egg_info
[0.285s] writing ar_msgs.egg-info/PKG-INFO
[0.285s] writing dependency_links to ar_msgs.egg-info/dependency_links.txt
[0.285s] writing top-level names to ar_msgs.egg-info/top_level.txt
[0.291s] reading manifest file 'ar_msgs.egg-info/SOURCES.txt'
[0.292s] writing manifest file 'ar_msgs.egg-info/SOURCES.txt'
[0.334s] [100%] Built target ament_cmake_python_build_ar_msgs_egg
[0.352s] Invoked command in '/home/hans/ar/build/ar_msgs' returned '0': CMAKE_PREFIX_PATH=/opt/ros/humble /usr/bin/cmake --build /home/hans/ar/build/ar_msgs -- -j12 -l12
[0.353s] Invoking command in '/home/hans/ar/build/ar_msgs': CMAKE_PREFIX_PATH=/opt/ros/humble /usr/bin/cmake --install /home/hans/ar/build/ar_msgs
[0.367s] -- Install configuration: ""
[0.367s] -- Up-to-date: /home/hans/ar/install/ar_msgs/share/ament_index/resource_index/rosidl_interfaces/ar_msgs
[0.367s] -- Up-to-date: /home/hans/ar/install/ar_msgs/include/ar_msgs/ar_msgs
[0.367s] -- Up-to-date: /home/hans/ar/install/ar_msgs/include/ar_msgs/ar_msgs/msg
[0.367s] -- Up-to-date: /home/hans/ar/install/ar_msgs/include/ar_msgs/ar_msgs/msg/detail
[0.368s] -- Up-to-date: /home/hans/ar/install/ar_msgs/include/ar_msgs/ar_msgs/msg/detail/joy__struct.h
[0.368s] -- Up-to-date: /home/hans/ar/install/ar_msgs/include/ar_msgs/ar_msgs/msg/detail/joy__type_support.h
[0.368s] -- Up-to-date: /home/hans/ar/install/ar_msgs/include/ar_msgs/ar_msgs/msg/detail/joy__functions.c
[0.368s] -- Up-to-date: /home/hans/ar/install/ar_msgs/include/ar_msgs/ar_msgs/msg/detail/joy__functions.h
[0.368s] -- Up-to-date: /home/hans/ar/install/ar_msgs/include/ar_msgs/ar_msgs/msg/rosidl_generator_c__visibility_control.h
[0.368s] -- Up-to-date: /home/hans/ar/install/ar_msgs/include/ar_msgs/ar_msgs/msg/joy.h
[0.368s] -- Up-to-date: /home/hans/ar/install/ar_msgs/share/ar_msgs/environment/library_path.sh
[0.368s] -- Up-to-date: /home/hans/ar/install/ar_msgs/share/ar_msgs/environment/library_path.dsv
[0.368s] -- Up-to-date: /home/hans/ar/install/ar_msgs/lib/libar_msgs__rosidl_generator_c.so
[0.368s] -- Up-to-date: /home/hans/ar/install/ar_msgs/include/ar_msgs/ar_msgs
[0.368s] -- Up-to-date: /home/hans/ar/install/ar_msgs/include/ar_msgs/ar_msgs/msg
[0.368s] -- Up-to-date: /home/hans/ar/install/ar_msgs/include/ar_msgs/ar_msgs/msg/detail
[0.368s] -- Up-to-date: /home/hans/ar/install/ar_msgs/include/ar_msgs/ar_msgs/msg/detail/joy__rosidl_typesupport_fastrtps_c.h
[0.368s] -- Up-to-date: /home/hans/ar/install/ar_msgs/include/ar_msgs/ar_msgs/msg/rosidl_typesupport_fastrtps_c__visibility_control.h
[0.368s] -- Up-to-date: /home/hans/ar/install/ar_msgs/lib/libar_msgs__rosidl_typesupport_fastrtps_c.so
[0.368s] -- Up-to-date: /home/hans/ar/install/ar_msgs/include/ar_msgs/ar_msgs
[0.368s] -- Up-to-date: /home/hans/ar/install/ar_msgs/include/ar_msgs/ar_msgs/msg
[0.368s] -- Up-to-date: /home/hans/ar/install/ar_msgs/include/ar_msgs/ar_msgs/msg/detail
[0.368s] -- Up-to-date: /home/hans/ar/install/ar_msgs/include/ar_msgs/ar_msgs/msg/detail/joy__rosidl_typesupport_introspection_c.h
[0.368s] -- Up-to-date: /home/hans/ar/install/ar_msgs/include/ar_msgs/ar_msgs/msg/detail/joy__type_support.c
[0.368s] -- Up-to-date: /home/hans/ar/install/ar_msgs/include/ar_msgs/ar_msgs/msg/rosidl_typesupport_introspection_c__visibility_control.h
[0.368s] -- Up-to-date: /home/hans/ar/install/ar_msgs/lib/libar_msgs__rosidl_typesupport_introspection_c.so
[0.368s] -- Up-to-date: /home/hans/ar/install/ar_msgs/lib/libar_msgs__rosidl_typesupport_c.so
[0.368s] -- Up-to-date: /home/hans/ar/install/ar_msgs/include/ar_msgs/ar_msgs
[0.368s] -- Up-to-date: /home/hans/ar/install/ar_msgs/include/ar_msgs/ar_msgs/msg
[0.368s] -- Up-to-date: /home/hans/ar/install/ar_msgs/include/ar_msgs/ar_msgs/msg/detail
[0.369s] -- Up-to-date: /home/hans/ar/install/ar_msgs/include/ar_msgs/ar_msgs/msg/detail/joy__struct.hpp
[0.369s] -- Up-to-date: /home/hans/ar/install/ar_msgs/include/ar_msgs/ar_msgs/msg/detail/joy__traits.hpp
[0.369s] -- Up-to-date: /home/hans/ar/install/ar_msgs/include/ar_msgs/ar_msgs/msg/detail/joy__type_support.hpp
[0.369s] -- Up-to-date: /home/hans/ar/install/ar_msgs/include/ar_msgs/ar_msgs/msg/detail/joy__builder.hpp
[0.369s] -- Up-to-date: /home/hans/ar/install/ar_msgs/include/ar_msgs/ar_msgs/msg/rosidl_generator_cpp__visibility_control.hpp
[0.369s] -- Up-to-date: /home/hans/ar/install/ar_msgs/include/ar_msgs/ar_msgs/msg/joy.hpp
[0.369s] -- Up-to-date: /home/hans/ar/install/ar_msgs/include/ar_msgs/ar_msgs
[0.369s] -- Up-to-date: /home/hans/ar/install/ar_msgs/include/ar_msgs/ar_msgs/msg
[0.369s] -- Up-to-date: /home/hans/ar/install/ar_msgs/include/ar_msgs/ar_msgs/msg/detail
[0.369s] -- Up-to-date: /home/hans/ar/install/ar_msgs/include/ar_msgs/ar_msgs/msg/detail/dds_fastrtps
[0.369s] -- Up-to-date: /home/hans/ar/install/ar_msgs/include/ar_msgs/ar_msgs/msg/detail/joy__rosidl_typesupport_fastrtps_cpp.hpp
[0.369s] -- Up-to-date: /home/hans/ar/install/ar_msgs/include/ar_msgs/ar_msgs/msg/rosidl_typesupport_fastrtps_cpp__visibility_control.h
[0.369s] -- Up-to-date: /home/hans/ar/install/ar_msgs/lib/libar_msgs__rosidl_typesupport_fastrtps_cpp.so
[0.369s] -- Up-to-date: /home/hans/ar/install/ar_msgs/include/ar_msgs/ar_msgs
[0.369s] -- Up-to-date: /home/hans/ar/install/ar_msgs/include/ar_msgs/ar_msgs/msg
[0.369s] -- Up-to-date: /home/hans/ar/install/ar_msgs/include/ar_msgs/ar_msgs/msg/detail
[0.369s] -- Up-to-date: /home/hans/ar/install/ar_msgs/include/ar_msgs/ar_msgs/msg/detail/joy__type_support.cpp
[0.369s] -- Up-to-date: /home/hans/ar/install/ar_msgs/include/ar_msgs/ar_msgs/msg/detail/joy__rosidl_typesupport_introspection_cpp.hpp
[0.369s] -- Up-to-date: /home/hans/ar/install/ar_msgs/lib/libar_msgs__rosidl_typesupport_introspection_cpp.so
[0.369s] -- Up-to-date: /home/hans/ar/install/ar_msgs/lib/libar_msgs__rosidl_typesupport_cpp.so
[0.369s] -- Up-to-date: /home/hans/ar/install/ar_msgs/share/ar_msgs/environment/pythonpath.sh
[0.369s] -- Up-to-date: /home/hans/ar/install/ar_msgs/share/ar_msgs/environment/pythonpath.dsv
[0.369s] -- Up-to-date: /home/hans/ar/install/ar_msgs/local/lib/python3.10/dist-packages/ar_msgs-0.0.0-py3.10.egg-info
[0.369s] -- Installing: /home/hans/ar/install/ar_msgs/local/lib/python3.10/dist-packages/ar_msgs-0.0.0-py3.10.egg-info/top_level.txt
[0.369s] -- Installing: /home/hans/ar/install/ar_msgs/local/lib/python3.10/dist-packages/ar_msgs-0.0.0-py3.10.egg-info/PKG-INFO
[0.369s] -- Installing: /home/hans/ar/install/ar_msgs/local/lib/python3.10/dist-packages/ar_msgs-0.0.0-py3.10.egg-info/SOURCES.txt
[0.369s] -- Installing: /home/hans/ar/install/ar_msgs/local/lib/python3.10/dist-packages/ar_msgs-0.0.0-py3.10.egg-info/dependency_links.txt
[0.370s] -- Up-to-date: /home/hans/ar/install/ar_msgs/local/lib/python3.10/dist-packages/ar_msgs
[0.370s] -- Up-to-date: /home/hans/ar/install/ar_msgs/local/lib/python3.10/dist-packages/ar_msgs/ar_msgs_s__rosidl_typesupport_c.cpython-310-x86_64-linux-gnu.so
[0.370s] -- Up-to-date: /home/hans/ar/install/ar_msgs/local/lib/python3.10/dist-packages/ar_msgs/_ar_msgs_s.ep.rosidl_typesupport_c.c
[0.370s] -- Up-to-date: /home/hans/ar/install/ar_msgs/local/lib/python3.10/dist-packages/ar_msgs/__init__.py
[0.370s] -- Up-to-date: /home/hans/ar/install/ar_msgs/local/lib/python3.10/dist-packages/ar_msgs/ar_msgs_s__rosidl_typesupport_fastrtps_c.cpython-310-x86_64-linux-gnu.so
[0.370s] -- Up-to-date: /home/hans/ar/install/ar_msgs/local/lib/python3.10/dist-packages/ar_msgs/libar_msgs__rosidl_generator_py.so
[0.370s] -- Up-to-date: /home/hans/ar/install/ar_msgs/local/lib/python3.10/dist-packages/ar_msgs/msg
[0.370s] -- Up-to-date: /home/hans/ar/install/ar_msgs/local/lib/python3.10/dist-packages/ar_msgs/msg/_joy_s.c
[0.370s] -- Up-to-date: /home/hans/ar/install/ar_msgs/local/lib/python3.10/dist-packages/ar_msgs/msg/__init__.py
[0.370s] -- Up-to-date: /home/hans/ar/install/ar_msgs/local/lib/python3.10/dist-packages/ar_msgs/msg/_joy.py
[0.370s] -- Up-to-date: /home/hans/ar/install/ar_msgs/local/lib/python3.10/dist-packages/ar_msgs/ar_msgs_s__rosidl_typesupport_introspection_c.cpython-310-x86_64-linux-gnu.so
[0.370s] -- Up-to-date: /home/hans/ar/install/ar_msgs/local/lib/python3.10/dist-packages/ar_msgs/_ar_msgs_s.ep.rosidl_typesupport_introspection_c.c
[0.370s] -- Up-to-date: /home/hans/ar/install/ar_msgs/local/lib/python3.10/dist-packages/ar_msgs/_ar_msgs_s.ep.rosidl_typesupport_fastrtps_c.c
[0.390s] Listing '/home/hans/ar/install/ar_msgs/local/lib/python3.10/dist-packages/ar_msgs'...
[0.390s] Listing '/home/hans/ar/install/ar_msgs/local/lib/python3.10/dist-packages/ar_msgs/msg'...
[0.395s] -- Up-to-date: /home/hans/ar/install/ar_msgs/local/lib/python3.10/dist-packages/ar_msgs/ar_msgs_s__rosidl_typesupport_fastrtps_c.cpython-310-x86_64-linux-gnu.so
[0.395s] -- Up-to-date: /home/hans/ar/install/ar_msgs/local/lib/python3.10/dist-packages/ar_msgs/ar_msgs_s__rosidl_typesupport_introspection_c.cpython-310-x86_64-linux-gnu.so
[0.396s] -- Up-to-date: /home/hans/ar/install/ar_msgs/local/lib/python3.10/dist-packages/ar_msgs/ar_msgs_s__rosidl_typesupport_c.cpython-310-x86_64-linux-gnu.so
[0.396s] -- Up-to-date: /home/hans/ar/install/ar_msgs/lib/libar_msgs__rosidl_generator_py.so
[0.396s] -- Up-to-date: /home/hans/ar/install/ar_msgs/share/ar_msgs/msg/Joy.idl
[0.396s] -- Up-to-date: /home/hans/ar/install/ar_msgs/share/ar_msgs/msg/Joy.msg
[0.396s] -- Up-to-date: /home/hans/ar/install/ar_msgs/share/ament_index/resource_index/package_run_dependencies/ar_msgs
[0.396s] -- Up-to-date: /home/hans/ar/install/ar_msgs/share/ament_index/resource_index/parent_prefix_path/ar_msgs
[0.396s] -- Up-to-date: /home/hans/ar/install/ar_msgs/share/ar_msgs/environment/ament_prefix_path.sh
[0.396s] -- Up-to-date: /home/hans/ar/install/ar_msgs/share/ar_msgs/environment/ament_prefix_path.dsv
[0.396s] -- Up-to-date: /home/hans/ar/install/ar_msgs/share/ar_msgs/environment/path.sh
[0.396s] -- Up-to-date: /home/hans/ar/install/ar_msgs/share/ar_msgs/environment/path.dsv
[0.396s] -- Up-to-date: /home/hans/ar/install/ar_msgs/share/ar_msgs/local_setup.bash
[0.396s] -- Up-to-date: /home/hans/ar/install/ar_msgs/share/ar_msgs/local_setup.sh
[0.396s] -- Up-to-date: /home/hans/ar/install/ar_msgs/share/ar_msgs/local_setup.zsh
[0.396s] -- Up-to-date: /home/hans/ar/install/ar_msgs/share/ar_msgs/local_setup.dsv
[0.396s] -- Installing: /home/hans/ar/install/ar_msgs/share/ar_msgs/package.dsv
[0.396s] -- Up-to-date: /home/hans/ar/install/ar_msgs/share/ament_index/resource_index/packages/ar_msgs
[0.396s] -- Up-to-date: /home/hans/ar/install/ar_msgs/share/ar_msgs/cmake/export_ar_msgs__rosidl_generator_cExport.cmake
[0.396s] -- Up-to-date: /home/hans/ar/install/ar_msgs/share/ar_msgs/cmake/export_ar_msgs__rosidl_generator_cExport-noconfig.cmake
[0.397s] -- Up-to-date: /home/hans/ar/install/ar_msgs/share/ar_msgs/cmake/export_ar_msgs__rosidl_typesupport_fastrtps_cExport.cmake
[0.397s] -- Up-to-date: /home/hans/ar/install/ar_msgs/share/ar_msgs/cmake/export_ar_msgs__rosidl_typesupport_fastrtps_cExport-noconfig.cmake
[0.397s] -- Up-to-date: /home/hans/ar/install/ar_msgs/share/ar_msgs/cmake/ar_msgs__rosidl_typesupport_introspection_cExport.cmake
[0.397s] -- Up-to-date: /home/hans/ar/install/ar_msgs/share/ar_msgs/cmake/ar_msgs__rosidl_typesupport_introspection_cExport-noconfig.cmake
[0.397s] -- Up-to-date: /home/hans/ar/install/ar_msgs/share/ar_msgs/cmake/ar_msgs__rosidl_typesupport_cExport.cmake
[0.397s] -- Up-to-date: /home/hans/ar/install/ar_msgs/share/ar_msgs/cmake/ar_msgs__rosidl_typesupport_cExport-noconfig.cmake
[0.397s] -- Up-to-date: /home/hans/ar/install/ar_msgs/share/ar_msgs/cmake/export_ar_msgs__rosidl_generator_cppExport.cmake
[0.397s] -- Up-to-date: /home/hans/ar/install/ar_msgs/share/ar_msgs/cmake/export_ar_msgs__rosidl_typesupport_fastrtps_cppExport.cmake
[0.397s] -- Up-to-date: /home/hans/ar/install/ar_msgs/share/ar_msgs/cmake/export_ar_msgs__rosidl_typesupport_fastrtps_cppExport-noconfig.cmake
[0.397s] -- Up-to-date: /home/hans/ar/install/ar_msgs/share/ar_msgs/cmake/ar_msgs__rosidl_typesupport_introspection_cppExport.cmake
[0.397s] -- Up-to-date: /home/hans/ar/install/ar_msgs/share/ar_msgs/cmake/ar_msgs__rosidl_typesupport_introspection_cppExport-noconfig.cmake
[0.397s] -- Up-to-date: /home/hans/ar/install/ar_msgs/share/ar_msgs/cmake/ar_msgs__rosidl_typesupport_cppExport.cmake
[0.397s] -- Up-to-date: /home/hans/ar/install/ar_msgs/share/ar_msgs/cmake/ar_msgs__rosidl_typesupport_cppExport-noconfig.cmake
[0.397s] -- Up-to-date: /home/hans/ar/install/ar_msgs/share/ar_msgs/cmake/export_ar_msgs__rosidl_generator_pyExport.cmake
[0.397s] -- Up-to-date: /home/hans/ar/install/ar_msgs/share/ar_msgs/cmake/export_ar_msgs__rosidl_generator_pyExport-noconfig.cmake
[0.397s] -- Up-to-date: /home/hans/ar/install/ar_msgs/share/ar_msgs/cmake/rosidl_cmake-extras.cmake
[0.397s] -- Up-to-date: /home/hans/ar/install/ar_msgs/share/ar_msgs/cmake/ament_cmake_export_dependencies-extras.cmake
[0.398s] -- Up-to-date: /home/hans/ar/install/ar_msgs/share/ar_msgs/cmake/ament_cmake_export_include_directories-extras.cmake
[0.398s] -- Up-to-date: /home/hans/ar/install/ar_msgs/share/ar_msgs/cmake/ament_cmake_export_libraries-extras.cmake
[0.398s] -- Up-to-date: /home/hans/ar/install/ar_msgs/share/ar_msgs/cmake/ament_cmake_export_targets-extras.cmake
[0.398s] -- Up-to-date: /home/hans/ar/install/ar_msgs/share/ar_msgs/cmake/rosidl_cmake_export_typesupport_targets-extras.cmake
[0.398s] -- Up-to-date: /home/hans/ar/install/ar_msgs/share/ar_msgs/cmake/rosidl_cmake_export_typesupport_libraries-extras.cmake
[0.398s] -- Up-to-date: /home/hans/ar/install/ar_msgs/share/ar_msgs/cmake/ar_msgsConfig.cmake
[0.398s] -- Up-to-date: /home/hans/ar/install/ar_msgs/share/ar_msgs/cmake/ar_msgsConfig-version.cmake
[0.398s] -- Up-to-date: /home/hans/ar/install/ar_msgs/share/ar_msgs/package.xml
[0.400s] Invoked command in '/home/hans/ar/build/ar_msgs' returned '0': CMAKE_PREFIX_PATH=/opt/ros/humble /usr/bin/cmake --install /home/hans/ar/build/ar_msgs
