[0.044s] Invoking command in '/home/hans/ar/build/ar_action': CMAKE_PREFIX_PATH=${CMAKE_PREFIX_PATH}:/opt/ros/humble /usr/bin/cmake --build /home/hans/ar/build/ar_action -- -j12 -l12
[0.252s] [35m[1mConsolidate compiler generated dependencies of target ar_action__rosidl_generator_c[0m
[0.325s] [  9%] Built target ar_action__rosidl_generator_c
[0.328s] [ 12%] Built target ar_action__cpp
[0.382s] [ 12%] Built target ament_cmake_python_copy_ar_action
[0.516s] [35m[1mConsolidate compiler generated dependencies of target ar_action__rosidl_typesupport_fastrtps_c[0m
[0.528s] [35m[1mConsolidate compiler generated dependencies of target ar_action__rosidl_typesupport_fastrtps_cpp[0m
[0.536s] [35m[1mConsolidate compiler generated dependencies of target ar_action__rosidl_typesupport_c[0m
[0.544s] [35m[1mConsolidate compiler generated dependencies of target ar_action__rosidl_typesupport_introspection_c[0m
[0.557s] [35m[1mConsolidate compiler generated dependencies of target ar_action__rosidl_typesupport_cpp[0m
[0.578s] [35m[1mConsolidate compiler generated dependencies of target ar_action__rosidl_typesupport_introspection_cpp[0m
[0.719s] [ 22%] Built target ar_action__rosidl_typesupport_fastrtps_c
[0.739s] [ 32%] Built target ar_action__rosidl_typesupport_cpp
[0.744s] [ 41%] Built target ar_action__rosidl_typesupport_fastrtps_cpp
[0.755s] [ 51%] Built target ar_action__rosidl_typesupport_c
[0.770s] [ 70%] Built target ar_action__rosidl_typesupport_introspection_c
[0.770s] [ 70%] Built target ar_action__rosidl_typesupport_introspection_cpp
[0.857s] [ 70%] Built target ar_action
[0.921s] [ 74%] Built target ar_action__py
[0.958s] [35m[1mConsolidate compiler generated dependencies of target ar_action__rosidl_generator_py[0m
[0.992s] running egg_info
[0.993s] writing ar_action.egg-info/PKG-INFO
[0.993s] writing dependency_links to ar_action.egg-info/dependency_links.txt
[0.993s] writing top-level names to ar_action.egg-info/top_level.txt
[0.995s] reading manifest file 'ar_action.egg-info/SOURCES.txt'
[0.996s] writing manifest file 'ar_action.egg-info/SOURCES.txt'
[0.999s] [ 80%] Built target ar_action__rosidl_generator_py
[1.083s] [35m[1mConsolidate compiler generated dependencies of target ar_action__rosidl_typesupport_c__pyext[0m
[1.091s] [35m[1mConsolidate compiler generated dependencies of target ar_action__rosidl_typesupport_fastrtps_c__pyext[0m
[1.100s] [35m[1mConsolidate compiler generated dependencies of target ar_action__rosidl_typesupport_introspection_c__pyext[0m
[1.101s] [ 80%] Built target ament_cmake_python_build_ar_action_egg
[1.140s] [ 87%] Built target ar_action__rosidl_typesupport_c__pyext
[1.144s] [ 93%] Built target ar_action__rosidl_typesupport_fastrtps_c__pyext
[1.149s] [100%] Built target ar_action__rosidl_typesupport_introspection_c__pyext
[1.170s] Invoked command in '/home/hans/ar/build/ar_action' returned '0': CMAKE_PREFIX_PATH=${CMAKE_PREFIX_PATH}:/opt/ros/humble /usr/bin/cmake --build /home/hans/ar/build/ar_action -- -j12 -l12
[1.171s] Invoking command in '/home/hans/ar/build/ar_action': CMAKE_PREFIX_PATH=${CMAKE_PREFIX_PATH}:/opt/ros/humble /usr/bin/cmake --install /home/hans/ar/build/ar_action
[1.180s] -- Install configuration: "RelWithDebInfo"
[1.180s] -- Up-to-date: /home/hans/ar/install/ar_action/share/ament_index/resource_index/rosidl_interfaces/ar_action
[1.180s] -- Up-to-date: /home/hans/ar/install/ar_action/include/ar_action/ar_action
[1.180s] -- Up-to-date: /home/hans/ar/install/ar_action/include/ar_action/ar_action/action
[1.180s] -- Up-to-date: /home/hans/ar/install/ar_action/include/ar_action/ar_action/action/ar_control.h
[1.180s] -- Up-to-date: /home/hans/ar/install/ar_action/include/ar_action/ar_action/action/detail
[1.180s] -- Up-to-date: /home/hans/ar/install/ar_action/include/ar_action/ar_action/action/detail/ar_control__functions.c
[1.180s] -- Up-to-date: /home/hans/ar/install/ar_action/include/ar_action/ar_action/action/detail/ar_control__functions.h
[1.180s] -- Up-to-date: /home/hans/ar/install/ar_action/include/ar_action/ar_action/action/detail/ar_control__struct.h
[1.181s] -- Up-to-date: /home/hans/ar/install/ar_action/include/ar_action/ar_action/action/detail/ar_control__type_support.h
[1.181s] -- Up-to-date: /home/hans/ar/install/ar_action/include/ar_action/ar_action/msg
[1.181s] -- Up-to-date: /home/hans/ar/install/ar_action/include/ar_action/ar_action/msg/rosidl_generator_c__visibility_control.h
[1.181s] -- Up-to-date: /home/hans/ar/install/ar_action/share/ar_action/environment/library_path.sh
[1.181s] -- Up-to-date: /home/hans/ar/install/ar_action/share/ar_action/environment/library_path.dsv
[1.181s] -- Up-to-date: /home/hans/ar/install/ar_action/lib/libar_action__rosidl_generator_c.so
[1.181s] -- Up-to-date: /home/hans/ar/install/ar_action/include/ar_action/ar_action
[1.181s] -- Up-to-date: /home/hans/ar/install/ar_action/include/ar_action/ar_action/action
[1.181s] -- Up-to-date: /home/hans/ar/install/ar_action/include/ar_action/ar_action/action/detail
[1.181s] -- Up-to-date: /home/hans/ar/install/ar_action/include/ar_action/ar_action/action/detail/ar_control__rosidl_typesupport_fastrtps_c.h
[1.181s] -- Up-to-date: /home/hans/ar/install/ar_action/include/ar_action/ar_action/msg
[1.181s] -- Up-to-date: /home/hans/ar/install/ar_action/include/ar_action/ar_action/msg/rosidl_typesupport_fastrtps_c__visibility_control.h
[1.181s] -- Up-to-date: /home/hans/ar/install/ar_action/lib/libar_action__rosidl_typesupport_fastrtps_c.so
[1.181s] -- Up-to-date: /home/hans/ar/install/ar_action/include/ar_action/ar_action
[1.181s] -- Up-to-date: /home/hans/ar/install/ar_action/include/ar_action/ar_action/action
[1.181s] -- Up-to-date: /home/hans/ar/install/ar_action/include/ar_action/ar_action/action/detail
[1.181s] -- Up-to-date: /home/hans/ar/install/ar_action/include/ar_action/ar_action/action/detail/ar_control__type_support.c
[1.182s] -- Up-to-date: /home/hans/ar/install/ar_action/include/ar_action/ar_action/action/detail/ar_control__rosidl_typesupport_introspection_c.h
[1.182s] -- Up-to-date: /home/hans/ar/install/ar_action/include/ar_action/ar_action/msg
[1.182s] -- Up-to-date: /home/hans/ar/install/ar_action/include/ar_action/ar_action/msg/rosidl_typesupport_introspection_c__visibility_control.h
[1.182s] -- Up-to-date: /home/hans/ar/install/ar_action/lib/libar_action__rosidl_typesupport_introspection_c.so
[1.182s] -- Up-to-date: /home/hans/ar/install/ar_action/lib/libar_action__rosidl_typesupport_c.so
[1.182s] -- Up-to-date: /home/hans/ar/install/ar_action/include/ar_action/ar_action
[1.182s] -- Up-to-date: /home/hans/ar/install/ar_action/include/ar_action/ar_action/action
[1.182s] -- Up-to-date: /home/hans/ar/install/ar_action/include/ar_action/ar_action/action/detail
[1.182s] -- Up-to-date: /home/hans/ar/install/ar_action/include/ar_action/ar_action/action/detail/ar_control__traits.hpp
[1.182s] -- Up-to-date: /home/hans/ar/install/ar_action/include/ar_action/ar_action/action/detail/ar_control__type_support.hpp
[1.182s] -- Up-to-date: /home/hans/ar/install/ar_action/include/ar_action/ar_action/action/detail/ar_control__builder.hpp
[1.182s] -- Up-to-date: /home/hans/ar/install/ar_action/include/ar_action/ar_action/action/detail/ar_control__struct.hpp
[1.182s] -- Up-to-date: /home/hans/ar/install/ar_action/include/ar_action/ar_action/action/ar_control.hpp
[1.182s] -- Up-to-date: /home/hans/ar/install/ar_action/include/ar_action/ar_action/msg
[1.182s] -- Up-to-date: /home/hans/ar/install/ar_action/include/ar_action/ar_action/msg/rosidl_generator_cpp__visibility_control.hpp
[1.182s] -- Up-to-date: /home/hans/ar/install/ar_action/include/ar_action/ar_action
[1.182s] -- Up-to-date: /home/hans/ar/install/ar_action/include/ar_action/ar_action/action
[1.183s] -- Up-to-date: /home/hans/ar/install/ar_action/include/ar_action/ar_action/action/detail
[1.183s] -- Up-to-date: /home/hans/ar/install/ar_action/include/ar_action/ar_action/action/detail/ar_control__rosidl_typesupport_fastrtps_cpp.hpp
[1.183s] -- Up-to-date: /home/hans/ar/install/ar_action/include/ar_action/ar_action/action/detail/dds_fastrtps
[1.183s] -- Up-to-date: /home/hans/ar/install/ar_action/include/ar_action/ar_action/msg
[1.183s] -- Up-to-date: /home/hans/ar/install/ar_action/include/ar_action/ar_action/msg/rosidl_typesupport_fastrtps_cpp__visibility_control.h
[1.183s] -- Up-to-date: /home/hans/ar/install/ar_action/lib/libar_action__rosidl_typesupport_fastrtps_cpp.so
[1.183s] -- Up-to-date: /home/hans/ar/install/ar_action/include/ar_action/ar_action
[1.183s] -- Up-to-date: /home/hans/ar/install/ar_action/include/ar_action/ar_action/action
[1.183s] -- Up-to-date: /home/hans/ar/install/ar_action/include/ar_action/ar_action/action/detail
[1.183s] -- Up-to-date: /home/hans/ar/install/ar_action/include/ar_action/ar_action/action/detail/ar_control__rosidl_typesupport_introspection_cpp.hpp
[1.183s] -- Up-to-date: /home/hans/ar/install/ar_action/include/ar_action/ar_action/action/detail/ar_control__type_support.cpp
[1.183s] -- Up-to-date: /home/hans/ar/install/ar_action/lib/libar_action__rosidl_typesupport_introspection_cpp.so
[1.183s] -- Up-to-date: /home/hans/ar/install/ar_action/lib/libar_action__rosidl_typesupport_cpp.so
[1.183s] -- Up-to-date: /home/hans/ar/install/ar_action/share/ar_action/environment/pythonpath.sh
[1.183s] -- Up-to-date: /home/hans/ar/install/ar_action/share/ar_action/environment/pythonpath.dsv
[1.183s] -- Up-to-date: /home/hans/ar/install/ar_action/local/lib/python3.10/dist-packages/ar_action-0.0.0-py3.10.egg-info
[1.183s] -- Installing: /home/hans/ar/install/ar_action/local/lib/python3.10/dist-packages/ar_action-0.0.0-py3.10.egg-info/top_level.txt
[1.183s] -- Installing: /home/hans/ar/install/ar_action/local/lib/python3.10/dist-packages/ar_action-0.0.0-py3.10.egg-info/PKG-INFO
[1.184s] -- Installing: /home/hans/ar/install/ar_action/local/lib/python3.10/dist-packages/ar_action-0.0.0-py3.10.egg-info/SOURCES.txt
[1.184s] -- Installing: /home/hans/ar/install/ar_action/local/lib/python3.10/dist-packages/ar_action-0.0.0-py3.10.egg-info/dependency_links.txt
[1.184s] -- Up-to-date: /home/hans/ar/install/ar_action/local/lib/python3.10/dist-packages/ar_action
[1.184s] -- Up-to-date: /home/hans/ar/install/ar_action/local/lib/python3.10/dist-packages/ar_action/ar_action_s__rosidl_typesupport_c.cpython-310-x86_64-linux-gnu.so
[1.184s] -- Up-to-date: /home/hans/ar/install/ar_action/local/lib/python3.10/dist-packages/ar_action/action
[1.184s] -- Up-to-date: /home/hans/ar/install/ar_action/local/lib/python3.10/dist-packages/ar_action/action/_ar_control.py
[1.184s] -- Up-to-date: /home/hans/ar/install/ar_action/local/lib/python3.10/dist-packages/ar_action/action/_ar_control_s.c
[1.184s] -- Up-to-date: /home/hans/ar/install/ar_action/local/lib/python3.10/dist-packages/ar_action/action/__init__.py
[1.184s] -- Up-to-date: /home/hans/ar/install/ar_action/local/lib/python3.10/dist-packages/ar_action/_ar_action_s.ep.rosidl_typesupport_fastrtps_c.c
[1.184s] -- Up-to-date: /home/hans/ar/install/ar_action/local/lib/python3.10/dist-packages/ar_action/ar_action_s__rosidl_typesupport_fastrtps_c.cpython-310-x86_64-linux-gnu.so
[1.184s] -- Up-to-date: /home/hans/ar/install/ar_action/local/lib/python3.10/dist-packages/ar_action/__init__.py
[1.184s] -- Up-to-date: /home/hans/ar/install/ar_action/local/lib/python3.10/dist-packages/ar_action/libar_action__rosidl_generator_py.so
[1.184s] -- Up-to-date: /home/hans/ar/install/ar_action/local/lib/python3.10/dist-packages/ar_action/ar_action_s__rosidl_typesupport_introspection_c.cpython-310-x86_64-linux-gnu.so
[1.184s] -- Up-to-date: /home/hans/ar/install/ar_action/local/lib/python3.10/dist-packages/ar_action/_ar_action_s.ep.rosidl_typesupport_introspection_c.c
[1.184s] -- Up-to-date: /home/hans/ar/install/ar_action/local/lib/python3.10/dist-packages/ar_action/_ar_action_s.ep.rosidl_typesupport_c.c
[1.216s] Listing '/home/hans/ar/install/ar_action/local/lib/python3.10/dist-packages/ar_action'...
[1.216s] Listing '/home/hans/ar/install/ar_action/local/lib/python3.10/dist-packages/ar_action/action'...
[1.220s] -- Up-to-date: /home/hans/ar/install/ar_action/local/lib/python3.10/dist-packages/ar_action/ar_action_s__rosidl_typesupport_fastrtps_c.cpython-310-x86_64-linux-gnu.so
[1.220s] -- Up-to-date: /home/hans/ar/install/ar_action/local/lib/python3.10/dist-packages/ar_action/ar_action_s__rosidl_typesupport_introspection_c.cpython-310-x86_64-linux-gnu.so
[1.220s] -- Up-to-date: /home/hans/ar/install/ar_action/local/lib/python3.10/dist-packages/ar_action/ar_action_s__rosidl_typesupport_c.cpython-310-x86_64-linux-gnu.so
[1.220s] -- Up-to-date: /home/hans/ar/install/ar_action/lib/libar_action__rosidl_generator_py.so
[1.220s] -- Up-to-date: /home/hans/ar/install/ar_action/share/ar_action/action/ArControl.idl
[1.221s] -- Up-to-date: /home/hans/ar/install/ar_action/share/ar_action/action/ArControl.action
[1.221s] -- Up-to-date: /home/hans/ar/install/ar_action/share/ament_index/resource_index/package_run_dependencies/ar_action
[1.221s] -- Up-to-date: /home/hans/ar/install/ar_action/share/ament_index/resource_index/parent_prefix_path/ar_action
[1.221s] -- Up-to-date: /home/hans/ar/install/ar_action/share/ar_action/environment/ament_prefix_path.sh
[1.221s] -- Up-to-date: /home/hans/ar/install/ar_action/share/ar_action/environment/ament_prefix_path.dsv
[1.221s] -- Up-to-date: /home/hans/ar/install/ar_action/share/ar_action/environment/path.sh
[1.221s] -- Up-to-date: /home/hans/ar/install/ar_action/share/ar_action/environment/path.dsv
[1.221s] -- Up-to-date: /home/hans/ar/install/ar_action/share/ar_action/local_setup.bash
[1.221s] -- Up-to-date: /home/hans/ar/install/ar_action/share/ar_action/local_setup.sh
[1.221s] -- Up-to-date: /home/hans/ar/install/ar_action/share/ar_action/local_setup.zsh
[1.221s] -- Up-to-date: /home/hans/ar/install/ar_action/share/ar_action/local_setup.dsv
[1.221s] -- Installing: /home/hans/ar/install/ar_action/share/ar_action/package.dsv
[1.221s] -- Up-to-date: /home/hans/ar/install/ar_action/share/ament_index/resource_index/packages/ar_action
[1.221s] -- Up-to-date: /home/hans/ar/install/ar_action/share/ar_action/cmake/export_ar_action__rosidl_generator_cExport.cmake
[1.221s] -- Up-to-date: /home/hans/ar/install/ar_action/share/ar_action/cmake/export_ar_action__rosidl_generator_cExport-relwithdebinfo.cmake
[1.221s] -- Up-to-date: /home/hans/ar/install/ar_action/share/ar_action/cmake/export_ar_action__rosidl_typesupport_fastrtps_cExport.cmake
[1.221s] -- Up-to-date: /home/hans/ar/install/ar_action/share/ar_action/cmake/export_ar_action__rosidl_typesupport_fastrtps_cExport-relwithdebinfo.cmake
[1.221s] -- Up-to-date: /home/hans/ar/install/ar_action/share/ar_action/cmake/ar_action__rosidl_typesupport_introspection_cExport.cmake
[1.221s] -- Up-to-date: /home/hans/ar/install/ar_action/share/ar_action/cmake/ar_action__rosidl_typesupport_introspection_cExport-relwithdebinfo.cmake
[1.221s] -- Up-to-date: /home/hans/ar/install/ar_action/share/ar_action/cmake/ar_action__rosidl_typesupport_cExport.cmake
[1.221s] -- Up-to-date: /home/hans/ar/install/ar_action/share/ar_action/cmake/ar_action__rosidl_typesupport_cExport-relwithdebinfo.cmake
[1.222s] -- Up-to-date: /home/hans/ar/install/ar_action/share/ar_action/cmake/export_ar_action__rosidl_generator_cppExport.cmake
[1.222s] -- Up-to-date: /home/hans/ar/install/ar_action/share/ar_action/cmake/export_ar_action__rosidl_typesupport_fastrtps_cppExport.cmake
[1.222s] -- Up-to-date: /home/hans/ar/install/ar_action/share/ar_action/cmake/export_ar_action__rosidl_typesupport_fastrtps_cppExport-relwithdebinfo.cmake
[1.222s] -- Up-to-date: /home/hans/ar/install/ar_action/share/ar_action/cmake/ar_action__rosidl_typesupport_introspection_cppExport.cmake
[1.222s] -- Up-to-date: /home/hans/ar/install/ar_action/share/ar_action/cmake/ar_action__rosidl_typesupport_introspection_cppExport-relwithdebinfo.cmake
[1.222s] -- Up-to-date: /home/hans/ar/install/ar_action/share/ar_action/cmake/ar_action__rosidl_typesupport_cppExport.cmake
[1.222s] -- Up-to-date: /home/hans/ar/install/ar_action/share/ar_action/cmake/ar_action__rosidl_typesupport_cppExport-relwithdebinfo.cmake
[1.222s] -- Up-to-date: /home/hans/ar/install/ar_action/share/ar_action/cmake/export_ar_action__rosidl_generator_pyExport.cmake
[1.222s] -- Up-to-date: /home/hans/ar/install/ar_action/share/ar_action/cmake/export_ar_action__rosidl_generator_pyExport-relwithdebinfo.cmake
[1.222s] -- Up-to-date: /home/hans/ar/install/ar_action/share/ar_action/cmake/rosidl_cmake-extras.cmake
[1.222s] -- Up-to-date: /home/hans/ar/install/ar_action/share/ar_action/cmake/ament_cmake_export_dependencies-extras.cmake
[1.222s] -- Up-to-date: /home/hans/ar/install/ar_action/share/ar_action/cmake/ament_cmake_export_include_directories-extras.cmake
[1.222s] -- Up-to-date: /home/hans/ar/install/ar_action/share/ar_action/cmake/ament_cmake_export_libraries-extras.cmake
[1.222s] -- Up-to-date: /home/hans/ar/install/ar_action/share/ar_action/cmake/ament_cmake_export_targets-extras.cmake
[1.222s] -- Up-to-date: /home/hans/ar/install/ar_action/share/ar_action/cmake/rosidl_cmake_export_typesupport_targets-extras.cmake
[1.222s] -- Up-to-date: /home/hans/ar/install/ar_action/share/ar_action/cmake/rosidl_cmake_export_typesupport_libraries-extras.cmake
[1.222s] -- Up-to-date: /home/hans/ar/install/ar_action/share/ar_action/cmake/ar_actionConfig.cmake
[1.223s] -- Up-to-date: /home/hans/ar/install/ar_action/share/ar_action/cmake/ar_actionConfig-version.cmake
[1.223s] -- Up-to-date: /home/hans/ar/install/ar_action/share/ar_action/package.xml
[1.226s] Invoked command in '/home/hans/ar/build/ar_action' returned '0': CMAKE_PREFIX_PATH=${CMAKE_PREFIX_PATH}:/opt/ros/humble /usr/bin/cmake --install /home/hans/ar/build/ar_action
