[0.007s] Invoking command in '/home/hans/ar/build/ar_control': AMENT_PREFIX_PATH=/home/hans/ar/install/master:/home/hans/ar/install/ar_utils:/home/hans/ar/install/ar_comm:${AMENT_PREFIX_PATH} CMAKE_PREFIX_PATH=/home/hans/ar/install/master:/home/hans/ar/install/ar_utils:/home/hans/ar/install/ar_comm:/opt/ros/humble LD_LIBRARY_PATH=/home/hans/ar/install/ar_utils/lib:${LD_LIBRARY_PATH} /usr/bin/cmake --build /home/hans/ar/build/ar_control -- -j12 -l12
[0.050s] [35m[1mConsolidate compiler generated dependencies of target ar_control_client_server_test[0m
[0.051s] [35m[1mConsolidate compiler generated dependencies of target ar_control_server[0m
[0.051s] [35m[1mConsolidate compiler generated dependencies of target ar_control[0m
[0.063s] [ 10%] Built target ar_control_client
[0.066s] [ 15%] [32mBuilding CXX object CMakeFiles/ar_control_client_server_test.dir/test/ar_control_client_server_test.cpp.o[0m
[0.081s] [ 90%] Built target ar_control_server
[0.081s] [ 95%] Built target ar_control
[2.302s] [100%] [32m[1mLinking CXX executable ar_control_client_server_test[0m
[2.859s] [100%] Built target ar_control_client_server_test
[2.870s] Invoked command in '/home/hans/ar/build/ar_control' returned '0': AMENT_PREFIX_PATH=/home/hans/ar/install/master:/home/hans/ar/install/ar_utils:/home/hans/ar/install/ar_comm:${AMENT_PREFIX_PATH} CMAKE_PREFIX_PATH=/home/hans/ar/install/master:/home/hans/ar/install/ar_utils:/home/hans/ar/install/ar_comm:/opt/ros/humble LD_LIBRARY_PATH=/home/hans/ar/install/ar_utils/lib:${LD_LIBRARY_PATH} /usr/bin/cmake --build /home/hans/ar/build/ar_control -- -j12 -l12
[2.871s] Invoking command in '/home/hans/ar/build/ar_control': AMENT_PREFIX_PATH=/home/hans/ar/install/master:/home/hans/ar/install/ar_utils:/home/hans/ar/install/ar_comm:${AMENT_PREFIX_PATH} CMAKE_PREFIX_PATH=/home/hans/ar/install/master:/home/hans/ar/install/ar_utils:/home/hans/ar/install/ar_comm:/opt/ros/humble LD_LIBRARY_PATH=/home/hans/ar/install/ar_utils/lib:${LD_LIBRARY_PATH} /usr/bin/cmake --install /home/hans/ar/build/ar_control
[2.877s] -- Install configuration: "Release"
[2.877s] -- Up-to-date: /home/hans/ar/install/ar_control/share/ar_control/ar_control.xml
[2.877s] -- Up-to-date: /home/hans/ar/install/ar_control/lib/libar_control.so
[2.877s] -- Up-to-date: /home/hans/ar/install/ar_control/lib/ar_control/ar_control_server
[2.877s] -- Up-to-date: /home/hans/ar/install/ar_control/include
[2.877s] -- Up-to-date: /home/hans/ar/install/ar_control/include/ar_hardware_interface.h
[2.878s] -- Up-to-date: /home/hans/ar/install/ar_control/include/ar_control_client.h
[2.878s] -- Up-to-date: /home/hans/ar/install/ar_control/include/ar_drive_config.h
[2.878s] -- Up-to-date: /home/hans/ar/install/ar_control/include/ar_joint_control.h
[2.878s] -- Up-to-date: /home/hans/ar/install/ar_control/include/ar_system.hpp
[2.878s] -- Up-to-date: /home/hans/ar/install/ar_control/include/ar_control_server.h
[2.878s] -- Up-to-date: /home/hans/ar/install/ar_control/include/control_def.h
[2.878s] -- Up-to-date: /home/hans/ar/install/ar_control/include/ar_drive_client.h
[2.878s] -- Up-to-date: /home/hans/ar/install/ar_control/include/ar_drive_control.h
[2.878s] -- Up-to-date: /home/hans/ar/install/ar_control/include/visibility_control.h
[2.878s] -- Up-to-date: /home/hans/ar/install/ar_control/share/ar_control/config
[2.878s] -- Up-to-date: /home/hans/ar/install/ar_control/share/ar_control/config/devbrix_drive.yaml
[2.878s] -- Up-to-date: /home/hans/ar/install/ar_control/lib/libar_control_client.so
[2.878s] -- Up-to-date: /home/hans/ar/install/ar_control/share/ar_control/launch
[2.878s] -- Up-to-date: /home/hans/ar/install/ar_control/share/ar_control/launch/ar_simualtion.launch.py
[2.878s] -- Up-to-date: /home/hans/ar/install/ar_control/share/ar_control/launch/view_robot.launch.py
[2.878s] -- Up-to-date: /home/hans/ar/install/ar_control/share/ar_control/launch/moveit_empty.rviz
[2.878s] -- Up-to-date: /home/hans/ar/install/ar_control/share/ar_control/launch/ar_moveit.launch.py
[2.878s] -- Up-to-date: /home/hans/ar/install/ar_control/share/ar_control/launch/ar_bringup.launch.py
[2.878s] -- Up-to-date: /home/hans/ar/install/ar_control/share/ar_control/environment/library_path.sh
[2.878s] -- Up-to-date: /home/hans/ar/install/ar_control/share/ar_control/environment/library_path.dsv
[2.878s] -- Up-to-date: /home/hans/ar/install/ar_control/share/ament_index/resource_index/package_run_dependencies/ar_control
[2.878s] -- Up-to-date: /home/hans/ar/install/ar_control/share/ament_index/resource_index/parent_prefix_path/ar_control
[2.878s] -- Up-to-date: /home/hans/ar/install/ar_control/share/ar_control/environment/ament_prefix_path.sh
[2.878s] -- Up-to-date: /home/hans/ar/install/ar_control/share/ar_control/environment/ament_prefix_path.dsv
[2.878s] -- Up-to-date: /home/hans/ar/install/ar_control/share/ar_control/environment/path.sh
[2.878s] -- Up-to-date: /home/hans/ar/install/ar_control/share/ar_control/environment/path.dsv
[2.878s] -- Up-to-date: /home/hans/ar/install/ar_control/share/ar_control/local_setup.bash
[2.878s] -- Up-to-date: /home/hans/ar/install/ar_control/share/ar_control/local_setup.sh
[2.878s] -- Up-to-date: /home/hans/ar/install/ar_control/share/ar_control/local_setup.zsh
[2.878s] -- Up-to-date: /home/hans/ar/install/ar_control/share/ar_control/local_setup.dsv
[2.878s] -- Installing: /home/hans/ar/install/ar_control/share/ar_control/package.dsv
[2.878s] -- Up-to-date: /home/hans/ar/install/ar_control/share/ament_index/resource_index/packages/ar_control
[2.878s] -- Up-to-date: /home/hans/ar/install/ar_control/share/ament_index/resource_index/hardware_interface__pluginlib__plugin/ar_control
[2.879s] -- Up-to-date: /home/hans/ar/install/ar_control/share/ar_control/cmake/ament_cmake_export_include_directories-extras.cmake
[2.879s] -- Up-to-date: /home/hans/ar/install/ar_control/share/ar_control/cmake/ament_cmake_export_libraries-extras.cmake
[2.879s] -- Up-to-date: /home/hans/ar/install/ar_control/share/ar_control/cmake/ament_cmake_export_dependencies-extras.cmake
[2.879s] -- Up-to-date: /home/hans/ar/install/ar_control/share/ar_control/cmake/ar_controlConfig.cmake
[2.879s] -- Up-to-date: /home/hans/ar/install/ar_control/share/ar_control/cmake/ar_controlConfig-version.cmake
[2.879s] -- Up-to-date: /home/hans/ar/install/ar_control/share/ar_control/package.xml
[2.880s] Invoked command in '/home/hans/ar/build/ar_control' returned '0': AMENT_PREFIX_PATH=/home/hans/ar/install/master:/home/hans/ar/install/ar_utils:/home/hans/ar/install/ar_comm:${AMENT_PREFIX_PATH} CMAKE_PREFIX_PATH=/home/hans/ar/install/master:/home/hans/ar/install/ar_utils:/home/hans/ar/install/ar_comm:/opt/ros/humble LD_LIBRARY_PATH=/home/hans/ar/install/ar_utils/lib:${LD_LIBRARY_PATH} /usr/bin/cmake --install /home/hans/ar/build/ar_control
