[0.034s] Invoking command in '/home/hans/ar/build/ar_msgs': CMAKE_PREFIX_PATH=/opt/ros/humble /usr/bin/cmake /home/hans/ar/ar_src/communication/messages/ar_msgs -DCMAKE_INSTALL_PREFIX=/home/hans/ar/install/ar_msgs
[0.345s] -- The C compiler identification is GNU 11.4.0
[0.510s] -- The CXX compiler identification is GNU 11.4.0
[0.534s] -- Detecting C compiler ABI info
[0.881s] -- Detecting C compiler ABI info - done
[0.888s] -- Check for working C compiler: /usr/bin/cc - skipped
[0.889s] -- Detecting C compile features
[0.889s] -- Detecting C compile features - done
[0.892s] -- Detecting CXX compiler ABI info
[1.337s] -- Detecting CXX compiler ABI info - done
[1.343s] -- Check for working CXX compiler: /usr/bin/c++ - skipped
[1.343s] -- Detecting CXX compile features
[1.344s] -- Detecting CXX compile features - done
[1.346s] -- Found ament_cmake: 1.3.11 (/opt/ros/humble/share/ament_cmake/cmake)
[1.596s] -- Found Python3: /usr/bin/python3 (found version "3.10.12") found components: Interpreter 
[1.707s] -- Found rosidl_default_generators: 1.2.0 (/opt/ros/humble/share/rosidl_default_generators/cmake)
[1.709s] -- Using all available rosidl_typesupport_c: rosidl_typesupport_fastrtps_c;rosidl_typesupport_introspection_c
[1.715s] -- Found rosidl_adapter: 3.1.6 (/opt/ros/humble/share/rosidl_adapter/cmake)
[1.752s] -- Using all available rosidl_typesupport_cpp: rosidl_typesupport_fastrtps_cpp;rosidl_typesupport_introspection_cpp
[1.779s] -- Found std_msgs: 4.8.0 (/opt/ros/humble/share/std_msgs/cmake)
[1.802s] -- Found geometry_msgs: 4.8.0 (/opt/ros/humble/share/geometry_msgs/cmake)
[1.815s] -- Found sensor_msgs: 4.8.0 (/opt/ros/humble/share/sensor_msgs/cmake)
[1.832s] -- Found trajectory_msgs: 4.8.0 (/opt/ros/humble/share/trajectory_msgs/cmake)
[1.847s] -- Found actionlib_msgs: 4.8.0 (/opt/ros/humble/share/actionlib_msgs/cmake)
[2.195s] -- Found ament_cmake_ros: 0.10.0 (/opt/ros/humble/share/ament_cmake_ros/cmake)
[2.537s] -- Using all available rosidl_typesupport_c: rosidl_typesupport_fastrtps_c;rosidl_typesupport_introspection_c
[3.124s] -- Using all available rosidl_typesupport_cpp: rosidl_typesupport_fastrtps_cpp;rosidl_typesupport_introspection_cpp
[3.169s] -- Found PythonInterp: /usr/bin/python3 (found suitable version "3.10.12", minimum required is "3.6") 
[3.171s] -- Found python_cmake_module: 0.10.0 (/opt/ros/humble/share/python_cmake_module/cmake)
[3.203s] -- Found PythonLibs: /usr/lib/x86_64-linux-gnu/libpython3.10.so (found suitable version "3.10.12", minimum required is "3.5") 
[3.203s] -- Using PYTHON_EXECUTABLE: /usr/bin/python3
[3.203s] -- Using PYTHON_INCLUDE_DIRS: /usr/include/python3.10
[3.203s] -- Using PYTHON_LIBRARIES: /usr/lib/x86_64-linux-gnu/libpython3.10.so
[3.233s] -- Found PythonExtra: .so  
[3.304s] -- Configuring done
[3.339s] -- Generating done
[3.352s] -- Build files have been written to: /home/hans/ar/build/ar_msgs
[3.362s] Invoked command in '/home/hans/ar/build/ar_msgs' returned '0': CMAKE_PREFIX_PATH=/opt/ros/humble /usr/bin/cmake /home/hans/ar/ar_src/communication/messages/ar_msgs -DCMAKE_INSTALL_PREFIX=/home/hans/ar/install/ar_msgs
[3.363s] Invoking command in '/home/hans/ar/build/ar_msgs': CMAKE_PREFIX_PATH=/opt/ros/humble /usr/bin/cmake --build /home/hans/ar/build/ar_msgs -- -j12 -l12
[3.430s] [  3%] [34m[1mGenerating C code for ROS interfaces[0m
[3.453s] [  6%] [34m[1mGenerating C++ code for ROS interfaces[0m
[3.472s] [  6%] Built target ament_cmake_python_copy_ar_msgs
[3.793s] running egg_info
[3.794s] creating ar_msgs.egg-info
[3.795s] writing ar_msgs.egg-info/PKG-INFO
[3.795s] writing dependency_links to ar_msgs.egg-info/dependency_links.txt
[3.795s] writing top-level names to ar_msgs.egg-info/top_level.txt
[3.795s] writing manifest file 'ar_msgs.egg-info/SOURCES.txt'
[3.804s] reading manifest file 'ar_msgs.egg-info/SOURCES.txt'
[3.804s] writing manifest file 'ar_msgs.egg-info/SOURCES.txt'
[3.823s] [  6%] Built target ar_msgs__cpp
[3.844s] [  9%] [32mBuilding C object CMakeFiles/ar_msgs__rosidl_generator_c.dir/rosidl_generator_c/ar_msgs/msg/detail/joy__functions.c.o[0m
[3.897s] [ 12%] [34m[1mGenerating C++ introspection for ROS interfaces[0m
[3.925s] [ 16%] [34m[1mGenerating C++ type support for eProsima Fast-RTPS[0m
[3.925s] [ 16%] Built target ament_cmake_python_build_ar_msgs_egg
[3.931s] [ 19%] [34m[1mGenerating C++ type support dispatch for ROS interfaces[0m
[3.975s] [ 22%] [32m[1mLinking C shared library libar_msgs__rosidl_generator_c.so[0m
[4.167s] [ 22%] Built target ar_msgs__rosidl_generator_c
[4.354s] [ 25%] [34m[1mGenerating C type support dispatch for ROS interfaces[0m
[4.355s] [ 29%] [34m[1mGenerating C type support for eProsima Fast-RTPS[0m
[4.356s] [ 32%] [34m[1mGenerating C introspection for ROS interfaces[0m
[4.397s] [ 35%] [32mBuilding CXX object CMakeFiles/ar_msgs__rosidl_typesupport_cpp.dir/rosidl_typesupport_cpp/ar_msgs/msg/joy__type_support.cpp.o[0m
[4.485s] [ 41%] [32mBuilding CXX object CMakeFiles/ar_msgs__rosidl_typesupport_introspection_cpp.dir/rosidl_typesupport_introspection_cpp/ar_msgs/msg/detail/joy__type_support.cpp.o[0m
[4.487s] [ 41%] [32mBuilding CXX object CMakeFiles/ar_msgs__rosidl_typesupport_fastrtps_cpp.dir/rosidl_typesupport_fastrtps_cpp/ar_msgs/msg/detail/dds_fastrtps/joy__type_support.cpp.o[0m
[4.819s] [ 45%] [32mBuilding CXX object CMakeFiles/ar_msgs__rosidl_typesupport_c.dir/rosidl_typesupport_c/ar_msgs/msg/joy__type_support.cpp.o[0m
[4.930s] [ 48%] [32m[1mLinking CXX shared library libar_msgs__rosidl_typesupport_cpp.so[0m
[4.944s] [ 51%] [32mBuilding CXX object CMakeFiles/ar_msgs__rosidl_typesupport_fastrtps_c.dir/rosidl_typesupport_fastrtps_c/ar_msgs/msg/detail/joy__type_support_c.cpp.o[0m
[5.055s] [ 54%] [32m[1mLinking CXX shared library libar_msgs__rosidl_typesupport_c.so[0m
[5.096s] [ 58%] [32mBuilding C object CMakeFiles/ar_msgs__rosidl_typesupport_introspection_c.dir/rosidl_typesupport_introspection_c/ar_msgs/msg/detail/joy__type_support.c.o[0m
[5.131s] [ 61%] [32m[1mLinking CXX shared library libar_msgs__rosidl_typesupport_introspection_cpp.so[0m
[5.275s] [ 61%] Built target ar_msgs__rosidl_typesupport_cpp
[5.314s] [ 64%] [32m[1mLinking CXX shared library libar_msgs__rosidl_typesupport_fastrtps_cpp.so[0m
[5.325s] [ 64%] Built target ar_msgs__rosidl_typesupport_c
[5.390s] [ 67%] [32m[1mLinking C shared library libar_msgs__rosidl_typesupport_introspection_c.so[0m
[5.469s] [ 67%] Built target ar_msgs__rosidl_typesupport_introspection_cpp
[5.576s] [ 70%] [32m[1mLinking CXX shared library libar_msgs__rosidl_typesupport_fastrtps_c.so[0m
[5.779s] [ 70%] Built target ar_msgs__rosidl_typesupport_introspection_c
[5.785s] [ 70%] Built target ar_msgs__rosidl_typesupport_fastrtps_cpp
[6.031s] [ 70%] Built target ar_msgs__rosidl_typesupport_fastrtps_c
[6.194s] [ 70%] Built target ar_msgs
[6.268s] [ 74%] [34m[1mGenerating Python code for ROS interfaces[0m
[6.532s] [ 74%] Built target ar_msgs__py
[6.569s] [ 77%] [32mBuilding C object CMakeFiles/ar_msgs__rosidl_generator_py.dir/rosidl_generator_py/ar_msgs/msg/_joy_s.c.o[0m
[6.664s] [ 80%] [32m[1mLinking C shared library rosidl_generator_py/ar_msgs/libar_msgs__rosidl_generator_py.so[0m
[6.724s] [ 80%] Built target ar_msgs__rosidl_generator_py
[6.770s] [ 83%] [32mBuilding C object CMakeFiles/ar_msgs__rosidl_typesupport_introspection_c__pyext.dir/rosidl_generator_py/ar_msgs/_ar_msgs_s.ep.rosidl_typesupport_introspection_c.c.o[0m
[6.777s] [ 90%] [32mBuilding C object CMakeFiles/ar_msgs__rosidl_typesupport_c__pyext.dir/rosidl_generator_py/ar_msgs/_ar_msgs_s.ep.rosidl_typesupport_c.c.o[0m
[6.777s] [ 90%] [32mBuilding C object CMakeFiles/ar_msgs__rosidl_typesupport_fastrtps_c__pyext.dir/rosidl_generator_py/ar_msgs/_ar_msgs_s.ep.rosidl_typesupport_fastrtps_c.c.o[0m
[6.884s] [ 93%] [32m[1mLinking C shared library rosidl_generator_py/ar_msgs/ar_msgs_s__rosidl_typesupport_introspection_c.cpython-310-x86_64-linux-gnu.so[0m
[6.890s] [ 96%] [32m[1mLinking C shared library rosidl_generator_py/ar_msgs/ar_msgs_s__rosidl_typesupport_c.cpython-310-x86_64-linux-gnu.so[0m
[6.900s] [100%] [32m[1mLinking C shared library rosidl_generator_py/ar_msgs/ar_msgs_s__rosidl_typesupport_fastrtps_c.cpython-310-x86_64-linux-gnu.so[0m
[6.952s] [100%] Built target ar_msgs__rosidl_typesupport_introspection_c__pyext
[6.963s] [100%] Built target ar_msgs__rosidl_typesupport_c__pyext
[6.969s] [100%] Built target ar_msgs__rosidl_typesupport_fastrtps_c__pyext
[6.988s] Invoked command in '/home/hans/ar/build/ar_msgs' returned '0': CMAKE_PREFIX_PATH=/opt/ros/humble /usr/bin/cmake --build /home/hans/ar/build/ar_msgs -- -j12 -l12
[6.989s] Invoking command in '/home/hans/ar/build/ar_msgs': CMAKE_PREFIX_PATH=/opt/ros/humble /usr/bin/cmake --install /home/hans/ar/build/ar_msgs
[7.000s] -- Install configuration: ""
[7.000s] -- Installing: /home/hans/ar/install/ar_msgs/share/ament_index/resource_index/rosidl_interfaces/ar_msgs
[7.000s] -- Installing: /home/hans/ar/install/ar_msgs/include/ar_msgs/ar_msgs
[7.000s] -- Installing: /home/hans/ar/install/ar_msgs/include/ar_msgs/ar_msgs/msg
[7.000s] -- Installing: /home/hans/ar/install/ar_msgs/include/ar_msgs/ar_msgs/msg/detail
[7.000s] -- Installing: /home/hans/ar/install/ar_msgs/include/ar_msgs/ar_msgs/msg/detail/joy__struct.h
[7.000s] -- Installing: /home/hans/ar/install/ar_msgs/include/ar_msgs/ar_msgs/msg/detail/joy__type_support.h
[7.000s] -- Installing: /home/hans/ar/install/ar_msgs/include/ar_msgs/ar_msgs/msg/detail/joy__functions.c
[7.001s] -- Installing: /home/hans/ar/install/ar_msgs/include/ar_msgs/ar_msgs/msg/detail/joy__functions.h
[7.001s] -- Installing: /home/hans/ar/install/ar_msgs/include/ar_msgs/ar_msgs/msg/rosidl_generator_c__visibility_control.h
[7.001s] -- Installing: /home/hans/ar/install/ar_msgs/include/ar_msgs/ar_msgs/msg/joy.h
[7.001s] -- Installing: /home/hans/ar/install/ar_msgs/share/ar_msgs/environment/library_path.sh
[7.001s] -- Installing: /home/hans/ar/install/ar_msgs/share/ar_msgs/environment/library_path.dsv
[7.001s] -- Installing: /home/hans/ar/install/ar_msgs/lib/libar_msgs__rosidl_generator_c.so
[7.002s] -- Set runtime path of "/home/hans/ar/install/ar_msgs/lib/libar_msgs__rosidl_generator_c.so" to ""
[7.002s] -- Up-to-date: /home/hans/ar/install/ar_msgs/include/ar_msgs/ar_msgs
[7.002s] -- Up-to-date: /home/hans/ar/install/ar_msgs/include/ar_msgs/ar_msgs/msg
[7.002s] -- Up-to-date: /home/hans/ar/install/ar_msgs/include/ar_msgs/ar_msgs/msg/detail
[7.002s] -- Installing: /home/hans/ar/install/ar_msgs/include/ar_msgs/ar_msgs/msg/detail/joy__rosidl_typesupport_fastrtps_c.h
[7.002s] -- Installing: /home/hans/ar/install/ar_msgs/include/ar_msgs/ar_msgs/msg/rosidl_typesupport_fastrtps_c__visibility_control.h
[7.002s] -- Installing: /home/hans/ar/install/ar_msgs/lib/libar_msgs__rosidl_typesupport_fastrtps_c.so
[7.002s] -- Set runtime path of "/home/hans/ar/install/ar_msgs/lib/libar_msgs__rosidl_typesupport_fastrtps_c.so" to ""
[7.002s] -- Up-to-date: /home/hans/ar/install/ar_msgs/include/ar_msgs/ar_msgs
[7.002s] -- Up-to-date: /home/hans/ar/install/ar_msgs/include/ar_msgs/ar_msgs/msg
[7.002s] -- Up-to-date: /home/hans/ar/install/ar_msgs/include/ar_msgs/ar_msgs/msg/detail
[7.002s] -- Installing: /home/hans/ar/install/ar_msgs/include/ar_msgs/ar_msgs/msg/detail/joy__rosidl_typesupport_introspection_c.h
[7.002s] -- Installing: /home/hans/ar/install/ar_msgs/include/ar_msgs/ar_msgs/msg/detail/joy__type_support.c
[7.002s] -- Installing: /home/hans/ar/install/ar_msgs/include/ar_msgs/ar_msgs/msg/rosidl_typesupport_introspection_c__visibility_control.h
[7.003s] -- Installing: /home/hans/ar/install/ar_msgs/lib/libar_msgs__rosidl_typesupport_introspection_c.so
[7.003s] -- Set runtime path of "/home/hans/ar/install/ar_msgs/lib/libar_msgs__rosidl_typesupport_introspection_c.so" to ""
[7.003s] -- Installing: /home/hans/ar/install/ar_msgs/lib/libar_msgs__rosidl_typesupport_c.so
[7.003s] -- Set runtime path of "/home/hans/ar/install/ar_msgs/lib/libar_msgs__rosidl_typesupport_c.so" to ""
[7.003s] -- Up-to-date: /home/hans/ar/install/ar_msgs/include/ar_msgs/ar_msgs
[7.004s] -- Up-to-date: /home/hans/ar/install/ar_msgs/include/ar_msgs/ar_msgs/msg
[7.004s] -- Up-to-date: /home/hans/ar/install/ar_msgs/include/ar_msgs/ar_msgs/msg/detail
[7.004s] -- Installing: /home/hans/ar/install/ar_msgs/include/ar_msgs/ar_msgs/msg/detail/joy__struct.hpp
[7.004s] -- Installing: /home/hans/ar/install/ar_msgs/include/ar_msgs/ar_msgs/msg/detail/joy__traits.hpp
[7.004s] -- Installing: /home/hans/ar/install/ar_msgs/include/ar_msgs/ar_msgs/msg/detail/joy__type_support.hpp
[7.004s] -- Installing: /home/hans/ar/install/ar_msgs/include/ar_msgs/ar_msgs/msg/detail/joy__builder.hpp
[7.004s] -- Installing: /home/hans/ar/install/ar_msgs/include/ar_msgs/ar_msgs/msg/rosidl_generator_cpp__visibility_control.hpp
[7.004s] -- Installing: /home/hans/ar/install/ar_msgs/include/ar_msgs/ar_msgs/msg/joy.hpp
[7.004s] -- Up-to-date: /home/hans/ar/install/ar_msgs/include/ar_msgs/ar_msgs
[7.004s] -- Up-to-date: /home/hans/ar/install/ar_msgs/include/ar_msgs/ar_msgs/msg
[7.004s] -- Up-to-date: /home/hans/ar/install/ar_msgs/include/ar_msgs/ar_msgs/msg/detail
[7.004s] -- Installing: /home/hans/ar/install/ar_msgs/include/ar_msgs/ar_msgs/msg/detail/dds_fastrtps
[7.004s] -- Installing: /home/hans/ar/install/ar_msgs/include/ar_msgs/ar_msgs/msg/detail/joy__rosidl_typesupport_fastrtps_cpp.hpp
[7.004s] -- Installing: /home/hans/ar/install/ar_msgs/include/ar_msgs/ar_msgs/msg/rosidl_typesupport_fastrtps_cpp__visibility_control.h
[7.004s] -- Installing: /home/hans/ar/install/ar_msgs/lib/libar_msgs__rosidl_typesupport_fastrtps_cpp.so
[7.005s] -- Set runtime path of "/home/hans/ar/install/ar_msgs/lib/libar_msgs__rosidl_typesupport_fastrtps_cpp.so" to ""
[7.005s] -- Up-to-date: /home/hans/ar/install/ar_msgs/include/ar_msgs/ar_msgs
[7.005s] -- Up-to-date: /home/hans/ar/install/ar_msgs/include/ar_msgs/ar_msgs/msg
[7.005s] -- Up-to-date: /home/hans/ar/install/ar_msgs/include/ar_msgs/ar_msgs/msg/detail
[7.005s] -- Installing: /home/hans/ar/install/ar_msgs/include/ar_msgs/ar_msgs/msg/detail/joy__type_support.cpp
[7.005s] -- Installing: /home/hans/ar/install/ar_msgs/include/ar_msgs/ar_msgs/msg/detail/joy__rosidl_typesupport_introspection_cpp.hpp
[7.005s] -- Installing: /home/hans/ar/install/ar_msgs/lib/libar_msgs__rosidl_typesupport_introspection_cpp.so
[7.005s] -- Set runtime path of "/home/hans/ar/install/ar_msgs/lib/libar_msgs__rosidl_typesupport_introspection_cpp.so" to ""
[7.005s] -- Installing: /home/hans/ar/install/ar_msgs/lib/libar_msgs__rosidl_typesupport_cpp.so
[7.006s] -- Set runtime path of "/home/hans/ar/install/ar_msgs/lib/libar_msgs__rosidl_typesupport_cpp.so" to ""
[7.006s] -- Installing: /home/hans/ar/install/ar_msgs/share/ar_msgs/environment/pythonpath.sh
[7.006s] -- Installing: /home/hans/ar/install/ar_msgs/share/ar_msgs/environment/pythonpath.dsv
[7.006s] -- Installing: /home/hans/ar/install/ar_msgs/local/lib/python3.10/dist-packages/ar_msgs-0.0.0-py3.10.egg-info
[7.006s] -- Installing: /home/hans/ar/install/ar_msgs/local/lib/python3.10/dist-packages/ar_msgs-0.0.0-py3.10.egg-info/top_level.txt
[7.006s] -- Installing: /home/hans/ar/install/ar_msgs/local/lib/python3.10/dist-packages/ar_msgs-0.0.0-py3.10.egg-info/PKG-INFO
[7.006s] -- Installing: /home/hans/ar/install/ar_msgs/local/lib/python3.10/dist-packages/ar_msgs-0.0.0-py3.10.egg-info/SOURCES.txt
[7.006s] -- Installing: /home/hans/ar/install/ar_msgs/local/lib/python3.10/dist-packages/ar_msgs-0.0.0-py3.10.egg-info/dependency_links.txt
[7.006s] -- Installing: /home/hans/ar/install/ar_msgs/local/lib/python3.10/dist-packages/ar_msgs
[7.006s] -- Installing: /home/hans/ar/install/ar_msgs/local/lib/python3.10/dist-packages/ar_msgs/ar_msgs_s__rosidl_typesupport_c.cpython-310-x86_64-linux-gnu.so
[7.006s] -- Installing: /home/hans/ar/install/ar_msgs/local/lib/python3.10/dist-packages/ar_msgs/_ar_msgs_s.ep.rosidl_typesupport_c.c
[7.006s] -- Installing: /home/hans/ar/install/ar_msgs/local/lib/python3.10/dist-packages/ar_msgs/__init__.py
[7.007s] -- Installing: /home/hans/ar/install/ar_msgs/local/lib/python3.10/dist-packages/ar_msgs/ar_msgs_s__rosidl_typesupport_fastrtps_c.cpython-310-x86_64-linux-gnu.so
[7.007s] -- Installing: /home/hans/ar/install/ar_msgs/local/lib/python3.10/dist-packages/ar_msgs/libar_msgs__rosidl_generator_py.so
[7.007s] -- Installing: /home/hans/ar/install/ar_msgs/local/lib/python3.10/dist-packages/ar_msgs/msg
[7.007s] -- Installing: /home/hans/ar/install/ar_msgs/local/lib/python3.10/dist-packages/ar_msgs/msg/_joy_s.c
[7.007s] -- Installing: /home/hans/ar/install/ar_msgs/local/lib/python3.10/dist-packages/ar_msgs/msg/__init__.py
[7.007s] -- Installing: /home/hans/ar/install/ar_msgs/local/lib/python3.10/dist-packages/ar_msgs/msg/_joy.py
[7.007s] -- Installing: /home/hans/ar/install/ar_msgs/local/lib/python3.10/dist-packages/ar_msgs/ar_msgs_s__rosidl_typesupport_introspection_c.cpython-310-x86_64-linux-gnu.so
[7.007s] -- Installing: /home/hans/ar/install/ar_msgs/local/lib/python3.10/dist-packages/ar_msgs/_ar_msgs_s.ep.rosidl_typesupport_introspection_c.c
[7.007s] -- Installing: /home/hans/ar/install/ar_msgs/local/lib/python3.10/dist-packages/ar_msgs/_ar_msgs_s.ep.rosidl_typesupport_fastrtps_c.c
[7.037s] Listing '/home/hans/ar/install/ar_msgs/local/lib/python3.10/dist-packages/ar_msgs'...
[7.037s] Compiling '/home/hans/ar/install/ar_msgs/local/lib/python3.10/dist-packages/ar_msgs/__init__.py'...
[7.038s] Listing '/home/hans/ar/install/ar_msgs/local/lib/python3.10/dist-packages/ar_msgs/msg'...
[7.038s] Compiling '/home/hans/ar/install/ar_msgs/local/lib/python3.10/dist-packages/ar_msgs/msg/__init__.py'...
[7.038s] Compiling '/home/hans/ar/install/ar_msgs/local/lib/python3.10/dist-packages/ar_msgs/msg/_joy.py'...
[7.043s] -- Installing: /home/hans/ar/install/ar_msgs/local/lib/python3.10/dist-packages/ar_msgs/ar_msgs_s__rosidl_typesupport_fastrtps_c.cpython-310-x86_64-linux-gnu.so
[7.044s] -- Set runtime path of "/home/hans/ar/install/ar_msgs/local/lib/python3.10/dist-packages/ar_msgs/ar_msgs_s__rosidl_typesupport_fastrtps_c.cpython-310-x86_64-linux-gnu.so" to ""
[7.044s] -- Installing: /home/hans/ar/install/ar_msgs/local/lib/python3.10/dist-packages/ar_msgs/ar_msgs_s__rosidl_typesupport_introspection_c.cpython-310-x86_64-linux-gnu.so
[7.045s] -- Set runtime path of "/home/hans/ar/install/ar_msgs/local/lib/python3.10/dist-packages/ar_msgs/ar_msgs_s__rosidl_typesupport_introspection_c.cpython-310-x86_64-linux-gnu.so" to ""
[7.045s] -- Installing: /home/hans/ar/install/ar_msgs/local/lib/python3.10/dist-packages/ar_msgs/ar_msgs_s__rosidl_typesupport_c.cpython-310-x86_64-linux-gnu.so
[7.045s] -- Set runtime path of "/home/hans/ar/install/ar_msgs/local/lib/python3.10/dist-packages/ar_msgs/ar_msgs_s__rosidl_typesupport_c.cpython-310-x86_64-linux-gnu.so" to ""
[7.045s] -- Installing: /home/hans/ar/install/ar_msgs/lib/libar_msgs__rosidl_generator_py.so
[7.046s] -- Set runtime path of "/home/hans/ar/install/ar_msgs/lib/libar_msgs__rosidl_generator_py.so" to ""
[7.046s] -- Installing: /home/hans/ar/install/ar_msgs/share/ar_msgs/msg/Joy.idl
[7.046s] -- Installing: /home/hans/ar/install/ar_msgs/share/ar_msgs/msg/Joy.msg
[7.046s] -- Installing: /home/hans/ar/install/ar_msgs/share/ament_index/resource_index/package_run_dependencies/ar_msgs
[7.046s] -- Installing: /home/hans/ar/install/ar_msgs/share/ament_index/resource_index/parent_prefix_path/ar_msgs
[7.046s] -- Installing: /home/hans/ar/install/ar_msgs/share/ar_msgs/environment/ament_prefix_path.sh
[7.046s] -- Installing: /home/hans/ar/install/ar_msgs/share/ar_msgs/environment/ament_prefix_path.dsv
[7.046s] -- Installing: /home/hans/ar/install/ar_msgs/share/ar_msgs/environment/path.sh
[7.047s] -- Installing: /home/hans/ar/install/ar_msgs/share/ar_msgs/environment/path.dsv
[7.047s] -- Installing: /home/hans/ar/install/ar_msgs/share/ar_msgs/local_setup.bash
[7.047s] -- Installing: /home/hans/ar/install/ar_msgs/share/ar_msgs/local_setup.sh
[7.047s] -- Installing: /home/hans/ar/install/ar_msgs/share/ar_msgs/local_setup.zsh
[7.047s] -- Installing: /home/hans/ar/install/ar_msgs/share/ar_msgs/local_setup.dsv
[7.047s] -- Installing: /home/hans/ar/install/ar_msgs/share/ar_msgs/package.dsv
[7.047s] -- Installing: /home/hans/ar/install/ar_msgs/share/ament_index/resource_index/packages/ar_msgs
[7.047s] -- Installing: /home/hans/ar/install/ar_msgs/share/ar_msgs/cmake/export_ar_msgs__rosidl_generator_cExport.cmake
[7.048s] -- Installing: /home/hans/ar/install/ar_msgs/share/ar_msgs/cmake/export_ar_msgs__rosidl_generator_cExport-noconfig.cmake
[7.048s] -- Installing: /home/hans/ar/install/ar_msgs/share/ar_msgs/cmake/export_ar_msgs__rosidl_typesupport_fastrtps_cExport.cmake
[7.048s] -- Installing: /home/hans/ar/install/ar_msgs/share/ar_msgs/cmake/export_ar_msgs__rosidl_typesupport_fastrtps_cExport-noconfig.cmake
[7.048s] -- Installing: /home/hans/ar/install/ar_msgs/share/ar_msgs/cmake/ar_msgs__rosidl_typesupport_introspection_cExport.cmake
[7.048s] -- Installing: /home/hans/ar/install/ar_msgs/share/ar_msgs/cmake/ar_msgs__rosidl_typesupport_introspection_cExport-noconfig.cmake
[7.048s] -- Installing: /home/hans/ar/install/ar_msgs/share/ar_msgs/cmake/ar_msgs__rosidl_typesupport_cExport.cmake
[7.048s] -- Installing: /home/hans/ar/install/ar_msgs/share/ar_msgs/cmake/ar_msgs__rosidl_typesupport_cExport-noconfig.cmake
[7.049s] -- Installing: /home/hans/ar/install/ar_msgs/share/ar_msgs/cmake/export_ar_msgs__rosidl_generator_cppExport.cmake
[7.049s] -- Installing: /home/hans/ar/install/ar_msgs/share/ar_msgs/cmake/export_ar_msgs__rosidl_typesupport_fastrtps_cppExport.cmake
[7.049s] -- Installing: /home/hans/ar/install/ar_msgs/share/ar_msgs/cmake/export_ar_msgs__rosidl_typesupport_fastrtps_cppExport-noconfig.cmake
[7.049s] -- Installing: /home/hans/ar/install/ar_msgs/share/ar_msgs/cmake/ar_msgs__rosidl_typesupport_introspection_cppExport.cmake
[7.049s] -- Installing: /home/hans/ar/install/ar_msgs/share/ar_msgs/cmake/ar_msgs__rosidl_typesupport_introspection_cppExport-noconfig.cmake
[7.049s] -- Installing: /home/hans/ar/install/ar_msgs/share/ar_msgs/cmake/ar_msgs__rosidl_typesupport_cppExport.cmake
[7.049s] -- Installing: /home/hans/ar/install/ar_msgs/share/ar_msgs/cmake/ar_msgs__rosidl_typesupport_cppExport-noconfig.cmake
[7.049s] -- Installing: /home/hans/ar/install/ar_msgs/share/ar_msgs/cmake/export_ar_msgs__rosidl_generator_pyExport.cmake
[7.050s] -- Installing: /home/hans/ar/install/ar_msgs/share/ar_msgs/cmake/export_ar_msgs__rosidl_generator_pyExport-noconfig.cmake
[7.050s] -- Installing: /home/hans/ar/install/ar_msgs/share/ar_msgs/cmake/rosidl_cmake-extras.cmake
[7.050s] -- Installing: /home/hans/ar/install/ar_msgs/share/ar_msgs/cmake/ament_cmake_export_dependencies-extras.cmake
[7.050s] -- Installing: /home/hans/ar/install/ar_msgs/share/ar_msgs/cmake/ament_cmake_export_include_directories-extras.cmake
[7.050s] -- Installing: /home/hans/ar/install/ar_msgs/share/ar_msgs/cmake/ament_cmake_export_libraries-extras.cmake
[7.050s] -- Installing: /home/hans/ar/install/ar_msgs/share/ar_msgs/cmake/ament_cmake_export_targets-extras.cmake
[7.050s] -- Installing: /home/hans/ar/install/ar_msgs/share/ar_msgs/cmake/rosidl_cmake_export_typesupport_targets-extras.cmake
[7.050s] -- Installing: /home/hans/ar/install/ar_msgs/share/ar_msgs/cmake/rosidl_cmake_export_typesupport_libraries-extras.cmake
[7.050s] -- Installing: /home/hans/ar/install/ar_msgs/share/ar_msgs/cmake/ar_msgsConfig.cmake
[7.051s] -- Installing: /home/hans/ar/install/ar_msgs/share/ar_msgs/cmake/ar_msgsConfig-version.cmake
[7.051s] -- Installing: /home/hans/ar/install/ar_msgs/share/ar_msgs/package.xml
[7.054s] Invoked command in '/home/hans/ar/build/ar_msgs' returned '0': CMAKE_PREFIX_PATH=/opt/ros/humble /usr/bin/cmake --install /home/hans/ar/build/ar_msgs
