[0.032s] Invoking command in '/home/hans/ar/build/ar_computation': CMAKE_PREFIX_PATH=${CMAKE_PREFIX_PATH}:/opt/ros/humble /usr/bin/cmake --build /home/hans/ar/build/ar_computation -- -j12 -l12
[0.100s] Invoked command in '/home/hans/ar/build/ar_computation' returned '0': CMAKE_PREFIX_PATH=${CMAKE_PREFIX_PATH}:/opt/ros/humble /usr/bin/cmake --build /home/hans/ar/build/ar_computation -- -j12 -l12
[0.101s] Invoking command in '/home/hans/ar/build/ar_computation': CMAKE_PREFIX_PATH=${CMAKE_PREFIX_PATH}:/opt/ros/humble /usr/bin/cmake --install /home/hans/ar/build/ar_computation
[0.123s] -- Install configuration: ""
[0.123s] -- Up-to-date: /home/hans/ar/install/ar_computation/share/ament_index/resource_index/package_run_dependencies/ar_computation
[0.123s] -- Up-to-date: /home/hans/ar/install/ar_computation/share/ament_index/resource_index/parent_prefix_path/ar_computation
[0.123s] -- Up-to-date: /home/hans/ar/install/ar_computation/share/ar_computation/environment/ament_prefix_path.sh
[0.123s] -- Up-to-date: /home/hans/ar/install/ar_computation/share/ar_computation/environment/ament_prefix_path.dsv
[0.127s] -- Up-to-date: /home/hans/ar/install/ar_computation/share/ar_computation/environment/path.sh
[0.127s] -- Up-to-date: /home/hans/ar/install/ar_computation/share/ar_computation/environment/path.dsv
[0.127s] -- Up-to-date: /home/hans/ar/install/ar_computation/share/ar_computation/local_setup.bash
[0.127s] -- Up-to-date: /home/hans/ar/install/ar_computation/share/ar_computation/local_setup.sh
[0.127s] -- Up-to-date: /home/hans/ar/install/ar_computation/share/ar_computation/local_setup.zsh
[0.127s] -- Up-to-date: /home/hans/ar/install/ar_computation/share/ar_computation/local_setup.dsv
[0.127s] -- Installing: /home/hans/ar/install/ar_computation/share/ar_computation/package.dsv
[0.128s] -- Up-to-date: /home/hans/ar/install/ar_computation/share/ament_index/resource_index/packages/ar_computation
[0.128s] -- Up-to-date: /home/hans/ar/install/ar_computation/share/ar_computation/cmake/ar_computationConfig.cmake
[0.128s] -- Up-to-date: /home/hans/ar/install/ar_computation/share/ar_computation/cmake/ar_computationConfig-version.cmake
[0.128s] -- Up-to-date: /home/hans/ar/install/ar_computation/share/ar_computation/package.xml
[0.163s] Invoked command in '/home/hans/ar/build/ar_computation' returned '0': CMAKE_PREFIX_PATH=${CMAKE_PREFIX_PATH}:/opt/ros/humble /usr/bin/cmake --install /home/hans/ar/build/ar_computation
