[0.027s] Invoking command in '/home/hans/ar/build/ar_moveit_config': CMAKE_PREFIX_PATH=${CMAKE_PREFIX_PATH}:/opt/ros/humble /usr/bin/cmake --build /home/hans/ar/build/ar_moveit_config -- -j12 -l12
[0.147s] Invoked command in '/home/hans/ar/build/ar_moveit_config' returned '0': CMAKE_PREFIX_PATH=${CMAKE_PREFIX_PATH}:/opt/ros/humble /usr/bin/cmake --build /home/hans/ar/build/ar_moveit_config -- -j12 -l12
[0.148s] Invoking command in '/home/hans/ar/build/ar_moveit_config': CMAKE_PREFIX_PATH=${CMAKE_PREFIX_PATH}:/opt/ros/humble /usr/bin/cmake --install /home/hans/ar/build/ar_moveit_config
[0.173s] -- Install configuration: "RelWithDebInfo"
[0.173s] -- Up-to-date: /home/hans/ar/install/ar_moveit_config/share/ar_moveit_config/config
[0.173s] -- Up-to-date: /home/hans/ar/install/ar_moveit_config/share/ar_moveit_config/config/cartesian_limits.yaml
[0.173s] -- Up-to-date: /home/hans/ar/install/ar_moveit_config/share/ar_moveit_config/config/ar_ros_controllers.yaml
[0.173s] -- Up-to-date: /home/hans/ar/install/ar_moveit_config/share/ar_moveit_config/config/ompl_planning.yaml
[0.173s] -- Up-to-date: /home/hans/ar/install/ar_moveit_config/share/ar_moveit_config/config/joint_limits.yaml
[0.174s] -- Up-to-date: /home/hans/ar/install/ar_moveit_config/share/ar_moveit_config/config/ar_config.urdf.xacro
[0.174s] -- Up-to-date: /home/hans/ar/install/ar_moveit_config/share/ar_moveit_config/config/kinematics.yaml
[0.174s] -- Up-to-date: /home/hans/ar/install/ar_moveit_config/share/ar_moveit_config/config/ar_moveit_controllers.yaml
[0.174s] -- Up-to-date: /home/hans/ar/install/ar_moveit_config/share/ar_moveit_config/config/ar_config.srdf.xacro
[0.174s] -- Up-to-date: /home/hans/ar/install/ar_moveit_config/share/ar_moveit_config/launch
[0.174s] -- Up-to-date: /home/hans/ar/install/ar_moveit_config/share/ar_moveit_config/launch/tomobase_moveit.rviz
[0.174s] -- Up-to-date: /home/hans/ar/install/ar_moveit_config/share/ar_moveit_config/launch/view_robot.launch.py
[0.174s] -- Up-to-date: /home/hans/ar/install/ar_moveit_config/share/ar_moveit_config/ros2_control
[0.174s] -- Up-to-date: /home/hans/ar/install/ar_moveit_config/share/ar_moveit_config/ros2_control/ar.ros2_control.xacro
[0.174s] -- Up-to-date: /home/hans/ar/install/ar_moveit_config/share/ar_moveit_config/meshes
[0.174s] -- Up-to-date: /home/hans/ar/install/ar_moveit_config/share/ar_moveit_config/meshes/collisions
[0.174s] -- Up-to-date: /home/hans/ar/install/ar_moveit_config/share/ar_moveit_config/meshes/collisions/link_4.STL
[0.174s] -- Up-to-date: /home/hans/ar/install/ar_moveit_config/share/ar_moveit_config/meshes/collisions/link_3.STL
[0.174s] -- Up-to-date: /home/hans/ar/install/ar_moveit_config/share/ar_moveit_config/meshes/collisions/link_5.STL
[0.174s] -- Up-to-date: /home/hans/ar/install/ar_moveit_config/share/ar_moveit_config/meshes/collisions/link_1.STL
[0.174s] -- Up-to-date: /home/hans/ar/install/ar_moveit_config/share/ar_moveit_config/meshes/collisions/link_2.STL
[0.176s] -- Up-to-date: /home/hans/ar/install/ar_moveit_config/share/ar_moveit_config/meshes/collisions/base_link.STL
[0.176s] -- Up-to-date: /home/hans/ar/install/ar_moveit_config/share/ar_moveit_config/meshes/collisions/link_6.STL
[0.176s] -- Up-to-date: /home/hans/ar/install/ar_moveit_config/share/ar_moveit_config/meshes/visuals
[0.176s] -- Up-to-date: /home/hans/ar/install/ar_moveit_config/share/ar_moveit_config/meshes/visuals/link_4.STL
[0.176s] -- Up-to-date: /home/hans/ar/install/ar_moveit_config/share/ar_moveit_config/meshes/visuals/link_3.STL
[0.176s] -- Up-to-date: /home/hans/ar/install/ar_moveit_config/share/ar_moveit_config/meshes/visuals/link_5.STL
[0.176s] -- Up-to-date: /home/hans/ar/install/ar_moveit_config/share/ar_moveit_config/meshes/visuals/link_1.STL
[0.176s] -- Up-to-date: /home/hans/ar/install/ar_moveit_config/share/ar_moveit_config/meshes/visuals/link_2.STL
[0.176s] -- Up-to-date: /home/hans/ar/install/ar_moveit_config/share/ar_moveit_config/meshes/visuals/base_link.STL
[0.176s] -- Up-to-date: /home/hans/ar/install/ar_moveit_config/share/ar_moveit_config/meshes/visuals/link_6.STL
[0.176s] -- Up-to-date: /home/hans/ar/install/ar_moveit_config/share/ar_moveit_config/urdf
[0.177s] -- Up-to-date: /home/hans/ar/install/ar_moveit_config/share/ar_moveit_config/urdf/ar_base.xacro
[0.177s] -- Up-to-date: /home/hans/ar/install/ar_moveit_config/share/ament_index/resource_index/package_run_dependencies/ar_moveit_config
[0.177s] -- Up-to-date: /home/hans/ar/install/ar_moveit_config/share/ament_index/resource_index/parent_prefix_path/ar_moveit_config
[0.177s] -- Up-to-date: /home/hans/ar/install/ar_moveit_config/share/ar_moveit_config/environment/ament_prefix_path.sh
[0.177s] -- Up-to-date: /home/hans/ar/install/ar_moveit_config/share/ar_moveit_config/environment/ament_prefix_path.dsv
[0.177s] -- Up-to-date: /home/hans/ar/install/ar_moveit_config/share/ar_moveit_config/environment/path.sh
[0.178s] -- Up-to-date: /home/hans/ar/install/ar_moveit_config/share/ar_moveit_config/environment/path.dsv
[0.182s] -- Up-to-date: /home/hans/ar/install/ar_moveit_config/share/ar_moveit_config/local_setup.bash
[0.184s] -- Up-to-date: /home/hans/ar/install/ar_moveit_config/share/ar_moveit_config/local_setup.sh
[0.184s] -- Up-to-date: /home/hans/ar/install/ar_moveit_config/share/ar_moveit_config/local_setup.zsh
[0.184s] -- Up-to-date: /home/hans/ar/install/ar_moveit_config/share/ar_moveit_config/local_setup.dsv
[0.184s] -- Up-to-date: /home/hans/ar/install/ar_moveit_config/share/ar_moveit_config/package.dsv
[0.184s] -- Up-to-date: /home/hans/ar/install/ar_moveit_config/share/ament_index/resource_index/packages/ar_moveit_config
[0.185s] -- Up-to-date: /home/hans/ar/install/ar_moveit_config/share/ar_moveit_config/cmake/ar_moveit_configConfig.cmake
[0.185s] -- Up-to-date: /home/hans/ar/install/ar_moveit_config/share/ar_moveit_config/cmake/ar_moveit_configConfig-version.cmake
[0.185s] -- Up-to-date: /home/hans/ar/install/ar_moveit_config/share/ar_moveit_config/package.xml
[0.204s] Invoked command in '/home/hans/ar/build/ar_moveit_config' returned '0': CMAKE_PREFIX_PATH=${CMAKE_PREFIX_PATH}:/opt/ros/humble /usr/bin/cmake --install /home/hans/ar/build/ar_moveit_config
