[0.028s] Invoking command in '/home/hans/ar/build/ar_srv': /usr/bin/cmake /home/hans/ar/ar_src/communication/messages/ar_srv -DCMAKE_INSTALL_PREFIX=/home/hans/ar/install/ar_srv
[1.838s] [33mCMake Warning (dev) in CMakeLists.txt:
[1.838s]   No project() command is present.  The top-level CMakeLists.txt file must
[1.838s]   contain a literal, direct call to the project() command.  Add a line of
[1.838s]   code such as
[1.838s] 
[1.838s]     project(ProjectName)
[1.838s] 
[1.838s]   near the top of the file, but after cmake_minimum_required().
[1.839s] 
[1.839s]   CMake is pretending there is a "project(Project)" command on the first
[1.839s]   line.
[1.839s] This warning is for project developers.  Use -Wno-dev to suppress it.
[1.839s] [0m
[1.840s] -- The C compiler identification is GNU 11.4.0
[1.840s] -- The CXX compiler identification is GNU 11.4.0
[1.840s] -- Detecting C compiler ABI info
[1.840s] -- Detecting C compiler ABI info - done
[1.840s] -- Check for working C compiler: /usr/bin/cc - skipped
[1.840s] -- Detecting C compile features
[1.840s] -- Detecting C compile features - done
[1.840s] -- Detecting CXX compiler ABI info
[1.841s] -- Detecting CXX compiler ABI info - done
[1.841s] -- Check for working CXX compiler: /usr/bin/c++ - skipped
[1.842s] -- Detecting CXX compile features
[1.844s] -- Detecting CXX compile features - done
[1.844s] -- Configuring done
[1.844s] -- Generating done
[1.844s] -- Build files have been written to: /home/hans/ar/build/ar_srv
[1.846s] Invoked command in '/home/hans/ar/build/ar_srv' returned '0': /usr/bin/cmake /home/hans/ar/ar_src/communication/messages/ar_srv -DCMAKE_INSTALL_PREFIX=/home/hans/ar/install/ar_srv
[1.847s] Invoking command in '/home/hans/ar/build/ar_srv': /usr/bin/cmake --build /home/hans/ar/build/ar_srv -- -j12 -l12
[2.793s] Invoked command in '/home/hans/ar/build/ar_srv' returned '0': /usr/bin/cmake --build /home/hans/ar/build/ar_srv -- -j12 -l12
