[0.027s] Invoking command in '/home/hans/ar/build/ar_action': CMAKE_PREFIX_PATH=/opt/ros/humble /usr/bin/cmake --build /home/hans/ar/build/ar_action -- -j12 -l12
[0.084s] [  3%] Built target ar_action__cpp
[0.084s] [ 12%] Built target ar_action__rosidl_generator_c
[0.084s] [ 12%] Built target ament_cmake_python_copy_ar_action
[0.100s] [ 22%] Built target ar_action__rosidl_typesupport_cpp
[0.115s] [ 32%] Built target ar_action__rosidl_typesupport_fastrtps_c
[0.115s] [ 41%] Built target ar_action__rosidl_typesupport_fastrtps_cpp
[0.115s] [ 51%] Built target ar_action__rosidl_typesupport_introspection_cpp
[0.115s] [ 61%] Built target ar_action__rosidl_typesupport_c
[0.115s] [ 70%] Built target ar_action__rosidl_typesupport_introspection_c
[0.134s] [ 70%] Built target ar_action
[0.153s] [ 74%] Built target ar_action__py
[0.170s] [ 80%] Built target ar_action__rosidl_generator_py
[0.189s] [ 93%] Built target ar_action__rosidl_typesupport_introspection_c__pyext
[0.190s] [ 93%] Built target ar_action__rosidl_typesupport_c__pyext
[0.190s] [100%] Built target ar_action__rosidl_typesupport_fastrtps_c__pyext
[0.273s] running egg_info
[0.273s] writing ar_action.egg-info/PKG-INFO
[0.273s] writing dependency_links to ar_action.egg-info/dependency_links.txt
[0.273s] writing top-level names to ar_action.egg-info/top_level.txt
[0.275s] reading manifest file 'ar_action.egg-info/SOURCES.txt'
[0.276s] writing manifest file 'ar_action.egg-info/SOURCES.txt'
[0.297s] [100%] Built target ament_cmake_python_build_ar_action_egg
[0.311s] Invoked command in '/home/hans/ar/build/ar_action' returned '0': CMAKE_PREFIX_PATH=/opt/ros/humble /usr/bin/cmake --build /home/hans/ar/build/ar_action -- -j12 -l12
[0.314s] Invoking command in '/home/hans/ar/build/ar_action': CMAKE_PREFIX_PATH=/opt/ros/humble /usr/bin/cmake --install /home/hans/ar/build/ar_action
[0.329s] -- Install configuration: "RelWithDebInfo"
[0.329s] -- Up-to-date: /home/hans/ar/install/ar_action/share/ament_index/resource_index/rosidl_interfaces/ar_action
[0.329s] -- Up-to-date: /home/hans/ar/install/ar_action/include/ar_action/ar_action
[0.329s] -- Up-to-date: /home/hans/ar/install/ar_action/include/ar_action/ar_action/action
[0.329s] -- Up-to-date: /home/hans/ar/install/ar_action/include/ar_action/ar_action/action/ar_control.h
[0.329s] -- Up-to-date: /home/hans/ar/install/ar_action/include/ar_action/ar_action/action/detail
[0.330s] -- Up-to-date: /home/hans/ar/install/ar_action/include/ar_action/ar_action/action/detail/ar_control__functions.c
[0.330s] -- Up-to-date: /home/hans/ar/install/ar_action/include/ar_action/ar_action/action/detail/ar_control__functions.h
[0.330s] -- Up-to-date: /home/hans/ar/install/ar_action/include/ar_action/ar_action/action/detail/ar_control__struct.h
[0.330s] -- Up-to-date: /home/hans/ar/install/ar_action/include/ar_action/ar_action/action/detail/ar_control__type_support.h
[0.330s] -- Up-to-date: /home/hans/ar/install/ar_action/include/ar_action/ar_action/msg
[0.330s] -- Up-to-date: /home/hans/ar/install/ar_action/include/ar_action/ar_action/msg/rosidl_generator_c__visibility_control.h
[0.330s] -- Up-to-date: /home/hans/ar/install/ar_action/share/ar_action/environment/library_path.sh
[0.330s] -- Up-to-date: /home/hans/ar/install/ar_action/share/ar_action/environment/library_path.dsv
[0.330s] -- Up-to-date: /home/hans/ar/install/ar_action/lib/libar_action__rosidl_generator_c.so
[0.330s] -- Up-to-date: /home/hans/ar/install/ar_action/include/ar_action/ar_action
[0.330s] -- Up-to-date: /home/hans/ar/install/ar_action/include/ar_action/ar_action/action
[0.330s] -- Up-to-date: /home/hans/ar/install/ar_action/include/ar_action/ar_action/action/detail
[0.330s] -- Up-to-date: /home/hans/ar/install/ar_action/include/ar_action/ar_action/action/detail/ar_control__rosidl_typesupport_fastrtps_c.h
[0.331s] -- Up-to-date: /home/hans/ar/install/ar_action/include/ar_action/ar_action/msg
[0.331s] -- Up-to-date: /home/hans/ar/install/ar_action/include/ar_action/ar_action/msg/rosidl_typesupport_fastrtps_c__visibility_control.h
[0.331s] -- Up-to-date: /home/hans/ar/install/ar_action/lib/libar_action__rosidl_typesupport_fastrtps_c.so
[0.331s] -- Up-to-date: /home/hans/ar/install/ar_action/include/ar_action/ar_action
[0.331s] -- Up-to-date: /home/hans/ar/install/ar_action/include/ar_action/ar_action/action
[0.331s] -- Up-to-date: /home/hans/ar/install/ar_action/include/ar_action/ar_action/action/detail
[0.331s] -- Up-to-date: /home/hans/ar/install/ar_action/include/ar_action/ar_action/action/detail/ar_control__type_support.c
[0.331s] -- Up-to-date: /home/hans/ar/install/ar_action/include/ar_action/ar_action/action/detail/ar_control__rosidl_typesupport_introspection_c.h
[0.331s] -- Up-to-date: /home/hans/ar/install/ar_action/include/ar_action/ar_action/msg
[0.331s] -- Up-to-date: /home/hans/ar/install/ar_action/include/ar_action/ar_action/msg/rosidl_typesupport_introspection_c__visibility_control.h
[0.331s] -- Up-to-date: /home/hans/ar/install/ar_action/lib/libar_action__rosidl_typesupport_introspection_c.so
[0.331s] -- Up-to-date: /home/hans/ar/install/ar_action/lib/libar_action__rosidl_typesupport_c.so
[0.331s] -- Up-to-date: /home/hans/ar/install/ar_action/include/ar_action/ar_action
[0.331s] -- Up-to-date: /home/hans/ar/install/ar_action/include/ar_action/ar_action/action
[0.331s] -- Up-to-date: /home/hans/ar/install/ar_action/include/ar_action/ar_action/action/detail
[0.331s] -- Up-to-date: /home/hans/ar/install/ar_action/include/ar_action/ar_action/action/detail/ar_control__traits.hpp
[0.331s] -- Up-to-date: /home/hans/ar/install/ar_action/include/ar_action/ar_action/action/detail/ar_control__type_support.hpp
[0.331s] -- Up-to-date: /home/hans/ar/install/ar_action/include/ar_action/ar_action/action/detail/ar_control__builder.hpp
[0.331s] -- Up-to-date: /home/hans/ar/install/ar_action/include/ar_action/ar_action/action/detail/ar_control__struct.hpp
[0.331s] -- Up-to-date: /home/hans/ar/install/ar_action/include/ar_action/ar_action/action/ar_control.hpp
[0.331s] -- Up-to-date: /home/hans/ar/install/ar_action/include/ar_action/ar_action/msg
[0.331s] -- Up-to-date: /home/hans/ar/install/ar_action/include/ar_action/ar_action/msg/rosidl_generator_cpp__visibility_control.hpp
[0.331s] -- Up-to-date: /home/hans/ar/install/ar_action/include/ar_action/ar_action
[0.331s] -- Up-to-date: /home/hans/ar/install/ar_action/include/ar_action/ar_action/action
[0.331s] -- Up-to-date: /home/hans/ar/install/ar_action/include/ar_action/ar_action/action/detail
[0.331s] -- Up-to-date: /home/hans/ar/install/ar_action/include/ar_action/ar_action/action/detail/ar_control__rosidl_typesupport_fastrtps_cpp.hpp
[0.332s] -- Up-to-date: /home/hans/ar/install/ar_action/include/ar_action/ar_action/action/detail/dds_fastrtps
[0.332s] -- Up-to-date: /home/hans/ar/install/ar_action/include/ar_action/ar_action/msg
[0.332s] -- Up-to-date: /home/hans/ar/install/ar_action/include/ar_action/ar_action/msg/rosidl_typesupport_fastrtps_cpp__visibility_control.h
[0.332s] -- Up-to-date: /home/hans/ar/install/ar_action/lib/libar_action__rosidl_typesupport_fastrtps_cpp.so
[0.332s] -- Up-to-date: /home/hans/ar/install/ar_action/include/ar_action/ar_action
[0.332s] -- Up-to-date: /home/hans/ar/install/ar_action/include/ar_action/ar_action/action
[0.332s] -- Up-to-date: /home/hans/ar/install/ar_action/include/ar_action/ar_action/action/detail
[0.332s] -- Up-to-date: /home/hans/ar/install/ar_action/include/ar_action/ar_action/action/detail/ar_control__rosidl_typesupport_introspection_cpp.hpp
[0.332s] -- Up-to-date: /home/hans/ar/install/ar_action/include/ar_action/ar_action/action/detail/ar_control__type_support.cpp
[0.332s] -- Up-to-date: /home/hans/ar/install/ar_action/lib/libar_action__rosidl_typesupport_introspection_cpp.so
[0.332s] -- Up-to-date: /home/hans/ar/install/ar_action/lib/libar_action__rosidl_typesupport_cpp.so
[0.332s] -- Up-to-date: /home/hans/ar/install/ar_action/share/ar_action/environment/pythonpath.sh
[0.332s] -- Up-to-date: /home/hans/ar/install/ar_action/share/ar_action/environment/pythonpath.dsv
[0.332s] -- Up-to-date: /home/hans/ar/install/ar_action/local/lib/python3.10/dist-packages/ar_action-0.0.0-py3.10.egg-info
[0.332s] -- Installing: /home/hans/ar/install/ar_action/local/lib/python3.10/dist-packages/ar_action-0.0.0-py3.10.egg-info/top_level.txt
[0.332s] -- Installing: /home/hans/ar/install/ar_action/local/lib/python3.10/dist-packages/ar_action-0.0.0-py3.10.egg-info/PKG-INFO
[0.332s] -- Installing: /home/hans/ar/install/ar_action/local/lib/python3.10/dist-packages/ar_action-0.0.0-py3.10.egg-info/SOURCES.txt
[0.332s] -- Installing: /home/hans/ar/install/ar_action/local/lib/python3.10/dist-packages/ar_action-0.0.0-py3.10.egg-info/dependency_links.txt
[0.332s] -- Up-to-date: /home/hans/ar/install/ar_action/local/lib/python3.10/dist-packages/ar_action
[0.332s] -- Up-to-date: /home/hans/ar/install/ar_action/local/lib/python3.10/dist-packages/ar_action/ar_action_s__rosidl_typesupport_c.cpython-310-x86_64-linux-gnu.so
[0.332s] -- Up-to-date: /home/hans/ar/install/ar_action/local/lib/python3.10/dist-packages/ar_action/action
[0.333s] -- Up-to-date: /home/hans/ar/install/ar_action/local/lib/python3.10/dist-packages/ar_action/action/_ar_control.py
[0.336s] -- Up-to-date: /home/hans/ar/install/ar_action/local/lib/python3.10/dist-packages/ar_action/action/_ar_control_s.c
[0.336s] -- Up-to-date: /home/hans/ar/install/ar_action/local/lib/python3.10/dist-packages/ar_action/action/__init__.py
[0.336s] -- Up-to-date: /home/hans/ar/install/ar_action/local/lib/python3.10/dist-packages/ar_action/_ar_action_s.ep.rosidl_typesupport_fastrtps_c.c
[0.336s] -- Up-to-date: /home/hans/ar/install/ar_action/local/lib/python3.10/dist-packages/ar_action/ar_action_s__rosidl_typesupport_fastrtps_c.cpython-310-x86_64-linux-gnu.so
[0.336s] -- Up-to-date: /home/hans/ar/install/ar_action/local/lib/python3.10/dist-packages/ar_action/__init__.py
[0.336s] -- Up-to-date: /home/hans/ar/install/ar_action/local/lib/python3.10/dist-packages/ar_action/libar_action__rosidl_generator_py.so
[0.336s] -- Up-to-date: /home/hans/ar/install/ar_action/local/lib/python3.10/dist-packages/ar_action/ar_action_s__rosidl_typesupport_introspection_c.cpython-310-x86_64-linux-gnu.so
[0.336s] -- Up-to-date: /home/hans/ar/install/ar_action/local/lib/python3.10/dist-packages/ar_action/_ar_action_s.ep.rosidl_typesupport_introspection_c.c
[0.336s] -- Up-to-date: /home/hans/ar/install/ar_action/local/lib/python3.10/dist-packages/ar_action/_ar_action_s.ep.rosidl_typesupport_c.c
[0.358s] Listing '/home/hans/ar/install/ar_action/local/lib/python3.10/dist-packages/ar_action'...
[0.358s] Listing '/home/hans/ar/install/ar_action/local/lib/python3.10/dist-packages/ar_action/action'...
[0.362s] -- Up-to-date: /home/hans/ar/install/ar_action/local/lib/python3.10/dist-packages/ar_action/ar_action_s__rosidl_typesupport_fastrtps_c.cpython-310-x86_64-linux-gnu.so
[0.362s] -- Up-to-date: /home/hans/ar/install/ar_action/local/lib/python3.10/dist-packages/ar_action/ar_action_s__rosidl_typesupport_introspection_c.cpython-310-x86_64-linux-gnu.so
[0.363s] -- Up-to-date: /home/hans/ar/install/ar_action/local/lib/python3.10/dist-packages/ar_action/ar_action_s__rosidl_typesupport_c.cpython-310-x86_64-linux-gnu.so
[0.363s] -- Up-to-date: /home/hans/ar/install/ar_action/lib/libar_action__rosidl_generator_py.so
[0.363s] -- Up-to-date: /home/hans/ar/install/ar_action/share/ar_action/action/ArControl.idl
[0.363s] -- Up-to-date: /home/hans/ar/install/ar_action/share/ar_action/action/ArControl.action
[0.364s] -- Up-to-date: /home/hans/ar/install/ar_action/share/ament_index/resource_index/package_run_dependencies/ar_action
[0.364s] -- Up-to-date: /home/hans/ar/install/ar_action/share/ament_index/resource_index/parent_prefix_path/ar_action
[0.364s] -- Up-to-date: /home/hans/ar/install/ar_action/share/ar_action/environment/ament_prefix_path.sh
[0.364s] -- Up-to-date: /home/hans/ar/install/ar_action/share/ar_action/environment/ament_prefix_path.dsv
[0.364s] -- Up-to-date: /home/hans/ar/install/ar_action/share/ar_action/environment/path.sh
[0.364s] -- Up-to-date: /home/hans/ar/install/ar_action/share/ar_action/environment/path.dsv
[0.368s] -- Up-to-date: /home/hans/ar/install/ar_action/share/ar_action/local_setup.bash
[0.368s] -- Up-to-date: /home/hans/ar/install/ar_action/share/ar_action/local_setup.sh
[0.368s] -- Up-to-date: /home/hans/ar/install/ar_action/share/ar_action/local_setup.zsh
[0.368s] -- Up-to-date: /home/hans/ar/install/ar_action/share/ar_action/local_setup.dsv
[0.368s] -- Installing: /home/hans/ar/install/ar_action/share/ar_action/package.dsv
[0.368s] -- Up-to-date: /home/hans/ar/install/ar_action/share/ament_index/resource_index/packages/ar_action
[0.368s] -- Up-to-date: /home/hans/ar/install/ar_action/share/ar_action/cmake/export_ar_action__rosidl_generator_cExport.cmake
[0.368s] -- Up-to-date: /home/hans/ar/install/ar_action/share/ar_action/cmake/export_ar_action__rosidl_generator_cExport-relwithdebinfo.cmake
[0.368s] -- Up-to-date: /home/hans/ar/install/ar_action/share/ar_action/cmake/export_ar_action__rosidl_typesupport_fastrtps_cExport.cmake
[0.368s] -- Up-to-date: /home/hans/ar/install/ar_action/share/ar_action/cmake/export_ar_action__rosidl_typesupport_fastrtps_cExport-relwithdebinfo.cmake
[0.369s] -- Up-to-date: /home/hans/ar/install/ar_action/share/ar_action/cmake/ar_action__rosidl_typesupport_introspection_cExport.cmake
[0.369s] -- Up-to-date: /home/hans/ar/install/ar_action/share/ar_action/cmake/ar_action__rosidl_typesupport_introspection_cExport-relwithdebinfo.cmake
[0.369s] -- Up-to-date: /home/hans/ar/install/ar_action/share/ar_action/cmake/ar_action__rosidl_typesupport_cExport.cmake
[0.369s] -- Up-to-date: /home/hans/ar/install/ar_action/share/ar_action/cmake/ar_action__rosidl_typesupport_cExport-relwithdebinfo.cmake
[0.369s] -- Up-to-date: /home/hans/ar/install/ar_action/share/ar_action/cmake/export_ar_action__rosidl_generator_cppExport.cmake
[0.369s] -- Up-to-date: /home/hans/ar/install/ar_action/share/ar_action/cmake/export_ar_action__rosidl_typesupport_fastrtps_cppExport.cmake
[0.369s] -- Up-to-date: /home/hans/ar/install/ar_action/share/ar_action/cmake/export_ar_action__rosidl_typesupport_fastrtps_cppExport-relwithdebinfo.cmake
[0.369s] -- Up-to-date: /home/hans/ar/install/ar_action/share/ar_action/cmake/ar_action__rosidl_typesupport_introspection_cppExport.cmake
[0.369s] -- Up-to-date: /home/hans/ar/install/ar_action/share/ar_action/cmake/ar_action__rosidl_typesupport_introspection_cppExport-relwithdebinfo.cmake
[0.369s] -- Up-to-date: /home/hans/ar/install/ar_action/share/ar_action/cmake/ar_action__rosidl_typesupport_cppExport.cmake
[0.369s] -- Up-to-date: /home/hans/ar/install/ar_action/share/ar_action/cmake/ar_action__rosidl_typesupport_cppExport-relwithdebinfo.cmake
[0.369s] -- Up-to-date: /home/hans/ar/install/ar_action/share/ar_action/cmake/export_ar_action__rosidl_generator_pyExport.cmake
[0.369s] -- Up-to-date: /home/hans/ar/install/ar_action/share/ar_action/cmake/export_ar_action__rosidl_generator_pyExport-relwithdebinfo.cmake
[0.369s] -- Up-to-date: /home/hans/ar/install/ar_action/share/ar_action/cmake/rosidl_cmake-extras.cmake
[0.369s] -- Up-to-date: /home/hans/ar/install/ar_action/share/ar_action/cmake/ament_cmake_export_dependencies-extras.cmake
[0.369s] -- Up-to-date: /home/hans/ar/install/ar_action/share/ar_action/cmake/ament_cmake_export_include_directories-extras.cmake
[0.369s] -- Up-to-date: /home/hans/ar/install/ar_action/share/ar_action/cmake/ament_cmake_export_libraries-extras.cmake
[0.369s] -- Up-to-date: /home/hans/ar/install/ar_action/share/ar_action/cmake/ament_cmake_export_targets-extras.cmake
[0.369s] -- Up-to-date: /home/hans/ar/install/ar_action/share/ar_action/cmake/rosidl_cmake_export_typesupport_targets-extras.cmake
[0.369s] -- Up-to-date: /home/hans/ar/install/ar_action/share/ar_action/cmake/rosidl_cmake_export_typesupport_libraries-extras.cmake
[0.369s] -- Up-to-date: /home/hans/ar/install/ar_action/share/ar_action/cmake/ar_actionConfig.cmake
[0.369s] -- Up-to-date: /home/hans/ar/install/ar_action/share/ar_action/cmake/ar_actionConfig-version.cmake
[0.369s] -- Up-to-date: /home/hans/ar/install/ar_action/share/ar_action/package.xml
[0.378s] Invoked command in '/home/hans/ar/build/ar_action' returned '0': CMAKE_PREFIX_PATH=/opt/ros/humble /usr/bin/cmake --install /home/hans/ar/build/ar_action
