[0.008s] Invoking command in '/home/hans/ar/build/ar_control': AMENT_PREFIX_PATH=/home/hans/ar/install/master:/home/hans/ar/install/ar_utils:/home/hans/ar/install/ar_comm:${AMENT_PREFIX_PATH} CMAKE_PREFIX_PATH=/home/hans/ar/install/master:/home/hans/ar/install/ar_utils:/home/hans/ar/install/ar_comm:/opt/ros/humble LD_LIBRARY_PATH=/home/hans/ar/install/ar_utils/lib:${LD_LIBRARY_PATH} /usr/bin/cmake --build /home/hans/ar/build/ar_control -- -j12 -l12
[0.052s] [35m[1mConsolidate compiler generated dependencies of target ar_control[0m
[0.053s] [35m[1mConsolidate compiler generated dependencies of target ar_control_server[0m
[0.059s] [ 10%] Built target ar_control_client
[0.063s] [ 15%] [32m[1mLinking CXX executable ar_control_client_server_test[0m
[0.086s] [ 25%] [32mBuilding CXX object CMakeFiles/ar_control.dir/src/ar_control_server.cpp.o[0m
[0.086s] [ 25%] [32mBuilding CXX object CMakeFiles/ar_control.dir/src/ar_hardware_interface.cpp.o[0m
[0.087s] [ 30%] [32mBuilding CXX object CMakeFiles/ar_control.dir/src/ar_system.cpp.o[0m
[0.092s] [ 40%] [32mBuilding CXX object CMakeFiles/ar_control_server.dir/src/ar_hardware_interface.cpp.o[0m
[0.092s] [ 40%] [32mBuilding CXX object CMakeFiles/ar_control_server.dir/src/ar_control_server.cpp.o[0m
[0.095s] [ 45%] [32mBuilding CXX object CMakeFiles/ar_control_server.dir/src/ar_system.cpp.o[0m
[0.214s] /usr/bin/ld: CMakeFiles/ar_control_client_server_test.dir/test/ar_control_client_server_test.cpp.o: in function `main':
[0.214s] ar_control_client_server_test.cpp:(.text.startup+0x228): undefined reference to `ar_control::ArControlServer::ArControlServer(ar_control::ArHardwareInterface*, rclcpp::NodeOptions const&)'
[0.214s] /usr/bin/ld: ar_control_client_server_test.cpp:(.text.startup+0x564): undefined reference to `ar_control::ArControlServer::startActionServer()'
[0.214s] /usr/bin/ld: ar_control_client_server_test.cpp:(.text.startup+0x65b): undefined reference to `ar_control::ArControlClient::ArControlClient(std::__cxx11::basic_string<char, std::char_traits<char>, std::allocator<char> > const&, rclcpp::NodeOptions const&)'
[0.214s] /usr/bin/ld: ar_control_client_server_test.cpp:(.text.startup+0x8c9): undefined reference to `ar_control::ArControlClient::sendGoal(ar_action::action::ArControl_Goal_<std::allocator<void> > const&, bool)'
[0.220s] collect2: error: ld returned 1 exit status
[0.222s] gmake[2]: *** [CMakeFiles/ar_control_client_server_test.dir/build.make:337: ar_control_client_server_test] Error 1
[0.222s] gmake[1]: *** [CMakeFiles/Makefile2:221: CMakeFiles/ar_control_client_server_test.dir/all] Error 2
[0.222s] gmake[1]: *** Waiting for unfinished jobs....
[4.230s] [01m[K/home/hans/ar/ar_src/command/ar_control/src/ar_system.cpp:[m[K In member function ‘[01m[Kvirtual CallbackReturn ar_control::ArSystemHardware::on_configure(const rclcpp_lifecycle::State&)[m[K’:
[4.230s] [01m[K/home/hans/ar/ar_src/command/ar_control/src/ar_system.cpp:90:40:[m[K [01;31m[Kerror: [m[K‘[01m[Kclass ar_control::ArJointControl[m[K’ has no member named ‘[01m[Kjoint_cmd[m[K’; did you mean ‘[01m[Kjoint_name[m[K’?
[4.231s]    90 |                                 joint->[01;31m[Kjoint_cmd[m[K = joint->joint_pos;
[4.231s]       |                                        [01;31m[K^~~~~~~~~[m[K
[4.231s]       |                                        [32m[Kjoint_name[m[K
[4.237s] [01m[K/home/hans/ar/ar_src/command/ar_control/src/ar_system.cpp:[m[K In member function ‘[01m[Kvirtual std::vector<hardware_interface::CommandInterface> ar_control::ArSystemHardware::export_command_interfaces()[m[K’:
[4.237s] [01m[K/home/hans/ar/ar_src/command/ar_control/src/ar_system.cpp:124:141:[m[K [01;31m[Kerror: [m[K‘[01m[Kclass ar_control::ArJointControl[m[K’ has no member named ‘[01m[Kjoint_cmd[m[K’; did you mean ‘[01m[Kjoint_name[m[K’?
[4.237s]   124 |                                         hardware_interface::CommandInterface(joint->joint_name, hardware_interface::HW_IF_POSITION, &joint->[01;31m[Kjoint_cmd[m[K));
[4.237s]       |                                                                                                                                             [01;31m[K^~~~~~~~~[m[K
[4.237s]       |                                                                                                                                             [32m[Kjoint_name[m[K
[4.238s] [01m[K/home/hans/ar/ar_src/command/ar_control/src/ar_system.cpp:[m[K In member function ‘[01m[Kvirtual CallbackReturn ar_control::ArSystemHardware::on_activate(const rclcpp_lifecycle::State&)[m[K’:
[4.238s] [01m[K/home/hans/ar/ar_src/command/ar_control/src/ar_system.cpp:139:40:[m[K [01;31m[Kerror: [m[K‘[01m[Kclass ar_control::ArJointControl[m[K’ has no member named ‘[01m[Kjoint_cmd[m[K’; did you mean ‘[01m[Kjoint_name[m[K’?
[4.238s]   139 |                                 joint->[01;31m[Kjoint_cmd[m[K = joint->joint_pos;
[4.238s]       |                                        [01;31m[K^~~~~~~~~[m[K
[4.238s]       |                                        [32m[Kjoint_name[m[K
[4.239s] [01m[K/home/hans/ar/ar_src/command/ar_control/src/ar_system.cpp:[m[K In member function ‘[01m[Kvirtual hardware_interface::return_type ar_control::ArSystemHardware::write(const rclcpp::Time&, const rclcpp::Duration&)[m[K’:
[4.239s] [01m[K/home/hans/ar/ar_src/command/ar_control/src/ar_system.cpp:178:27:[m[K [01;31m[Kerror: [m[K‘[01m[Kusing element_type = class ar_control::ArHardwareInterface[m[K’ {aka ‘[01m[Kclass ar_control::ArHardwareInterface[m[K’} has no member named ‘[01m[Ksoem_drives[m[K’; did you mean ‘[01m[KArDrives ar_control::ArHardwareInterface::ar_drives[m[K’? (not accessible from this context)
[4.239s]   178 |                 if(robot->[01;31m[Ksoem_drives[m[K)
[4.239s]       |                           [01;31m[K^~~~~~~~~~~[m[K
[4.239s] In file included from [01m[K/home/hans/ar/ar_src/command/ar_control/include/ar_system.hpp:30[m[K,
[4.239s]                  from [01m[K/home/hans/ar/ar_src/command/ar_control/src/ar_system.cpp:15[m[K:
[4.239s] [01m[K/home/hans/ar/ar_src/command/ar_control/include/ar_hardware_interface.h:41:26:[m[K [01;36m[Knote: [m[Kdeclared private here
[4.239s]    41 |                 ArDrives [01;36m[Kar_drives[m[K;                                             ///< Holds all drive parameters and joint names
[4.239s]       |                          [01;36m[K^~~~~~~~~[m[K
[4.245s] [01m[K/home/hans/ar/ar_src/command/ar_control/src/ar_system.cpp:179:44:[m[K [01;31m[Kerror: [m[K‘[01m[Kcond[m[K’ was not declared in this scope
[4.245s]   179 |                         pthread_cond_wait(&[01;31m[Kcond[m[K, &lock);
[4.245s]       |                                            [01;31m[K^~~~[m[K
[4.246s] [01m[K/home/hans/ar/ar_src/command/ar_control/src/ar_system.cpp:179:51:[m[K [01;31m[Kerror: [m[K‘[01m[Klock[m[K’ was not declared in this scope; did you mean ‘[01m[Kstd::lock[m[K’?
[4.246s]   179 |                         pthread_cond_wait(&cond, &[01;31m[Klock[m[K);
[4.247s]       |                                                   [01;31m[K^~~~[m[K
[4.247s]       |                                                   [32m[Kstd::lock[m[K
[4.247s] In file included from [01m[K/home/hans/ar/ar_src/command/ar_control/include/ar_control_server.h:10[m[K,
[4.247s]                  from [01m[K/home/hans/ar/ar_src/command/ar_control/include/ar_hardware_interface.h:11[m[K,
[4.247s]                  from [01m[K/home/hans/ar/ar_src/command/ar_control/include/ar_system.hpp:30[m[K,
[4.247s]                  from [01m[K/home/hans/ar/ar_src/command/ar_control/src/ar_system.cpp:15[m[K:
[4.247s] [01m[K/usr/include/c++/11/mutex:591:5:[m[K [01;36m[Knote: [m[K‘[01m[Kstd::lock[m[K’ declared here
[4.247s]   591 |     [01;36m[Klock[m[K(_L1& __l1, _L2& __l2, _L3&... __l3)
[4.247s]       |     [01;36m[K^~~~[m[K
[4.425s] [01m[K/home/hans/ar/ar_src/command/ar_control/src/ar_system.cpp:[m[K In member function ‘[01m[Kvirtual CallbackReturn ar_control::ArSystemHardware::on_configure(const rclcpp_lifecycle::State&)[m[K’:
[4.425s] [01m[K/home/hans/ar/ar_src/command/ar_control/src/ar_system.cpp:90:40:[m[K [01;31m[Kerror: [m[K‘[01m[Kclass ar_control::ArJointControl[m[K’ has no member named ‘[01m[Kjoint_cmd[m[K’; did you mean ‘[01m[Kjoint_name[m[K’?
[4.425s]    90 |                                 joint->[01;31m[Kjoint_cmd[m[K = joint->joint_pos;
[4.425s]       |                                        [01;31m[K^~~~~~~~~[m[K
[4.425s]       |                                        [32m[Kjoint_name[m[K
[4.431s] [01m[K/home/hans/ar/ar_src/command/ar_control/src/ar_system.cpp:[m[K In member function ‘[01m[Kvirtual std::vector<hardware_interface::CommandInterface> ar_control::ArSystemHardware::export_command_interfaces()[m[K’:
[4.431s] [01m[K/home/hans/ar/ar_src/command/ar_control/src/ar_system.cpp:124:141:[m[K [01;31m[Kerror: [m[K‘[01m[Kclass ar_control::ArJointControl[m[K’ has no member named ‘[01m[Kjoint_cmd[m[K’; did you mean ‘[01m[Kjoint_name[m[K’?
[4.431s]   124 |                                         hardware_interface::CommandInterface(joint->joint_name, hardware_interface::HW_IF_POSITION, &joint->[01;31m[Kjoint_cmd[m[K));
[4.431s]       |                                                                                                                                             [01;31m[K^~~~~~~~~[m[K
[4.431s]       |                                                                                                                                             [32m[Kjoint_name[m[K
[4.432s] [01m[K/home/hans/ar/ar_src/command/ar_control/src/ar_system.cpp:[m[K In member function ‘[01m[Kvirtual CallbackReturn ar_control::ArSystemHardware::on_activate(const rclcpp_lifecycle::State&)[m[K’:
[4.432s] [01m[K/home/hans/ar/ar_src/command/ar_control/src/ar_system.cpp:139:40:[m[K [01;31m[Kerror: [m[K‘[01m[Kclass ar_control::ArJointControl[m[K’ has no member named ‘[01m[Kjoint_cmd[m[K’; did you mean ‘[01m[Kjoint_name[m[K’?
[4.432s]   139 |                                 joint->[01;31m[Kjoint_cmd[m[K = joint->joint_pos;
[4.432s]       |                                        [01;31m[K^~~~~~~~~[m[K
[4.432s]       |                                        [32m[Kjoint_name[m[K
[4.433s] [01m[K/home/hans/ar/ar_src/command/ar_control/src/ar_system.cpp:[m[K In member function ‘[01m[Kvirtual hardware_interface::return_type ar_control::ArSystemHardware::write(const rclcpp::Time&, const rclcpp::Duration&)[m[K’:
[4.433s] [01m[K/home/hans/ar/ar_src/command/ar_control/src/ar_system.cpp:178:27:[m[K [01;31m[Kerror: [m[K‘[01m[Kusing element_type = class ar_control::ArHardwareInterface[m[K’ {aka ‘[01m[Kclass ar_control::ArHardwareInterface[m[K’} has no member named ‘[01m[Ksoem_drives[m[K’; did you mean ‘[01m[KArDrives ar_control::ArHardwareInterface::ar_drives[m[K’? (not accessible from this context)
[4.433s]   178 |                 if(robot->[01;31m[Ksoem_drives[m[K)
[4.433s]       |                           [01;31m[K^~~~~~~~~~~[m[K
[4.433s] In file included from [01m[K/home/hans/ar/ar_src/command/ar_control/include/ar_system.hpp:30[m[K,
[4.433s]                  from [01m[K/home/hans/ar/ar_src/command/ar_control/src/ar_system.cpp:15[m[K:
[4.433s] [01m[K/home/hans/ar/ar_src/command/ar_control/include/ar_hardware_interface.h:41:26:[m[K [01;36m[Knote: [m[Kdeclared private here
[4.434s]    41 |                 ArDrives [01;36m[Kar_drives[m[K;                                             ///< Holds all drive parameters and joint names
[4.434s]       |                          [01;36m[K^~~~~~~~~[m[K
[4.440s] [01m[K/home/hans/ar/ar_src/command/ar_control/src/ar_system.cpp:179:44:[m[K [01;31m[Kerror: [m[K‘[01m[Kcond[m[K’ was not declared in this scope
[4.440s]   179 |                         pthread_cond_wait(&[01;31m[Kcond[m[K, &lock);
[4.440s]       |                                            [01;31m[K^~~~[m[K
[4.441s] [01m[K/home/hans/ar/ar_src/command/ar_control/src/ar_system.cpp:179:51:[m[K [01;31m[Kerror: [m[K‘[01m[Klock[m[K’ was not declared in this scope; did you mean ‘[01m[Kstd::lock[m[K’?
[4.441s]   179 |                         pthread_cond_wait(&cond, &[01;31m[Klock[m[K);
[4.441s]       |                                                   [01;31m[K^~~~[m[K
[4.441s]       |                                                   [32m[Kstd::lock[m[K
[4.441s] In file included from [01m[K/home/hans/ar/ar_src/command/ar_control/include/ar_control_server.h:10[m[K,
[4.442s]                  from [01m[K/home/hans/ar/ar_src/command/ar_control/include/ar_hardware_interface.h:11[m[K,
[4.442s]                  from [01m[K/home/hans/ar/ar_src/command/ar_control/include/ar_system.hpp:30[m[K,
[4.442s]                  from [01m[K/home/hans/ar/ar_src/command/ar_control/src/ar_system.cpp:15[m[K:
[4.442s] [01m[K/usr/include/c++/11/mutex:591:5:[m[K [01;36m[Knote: [m[K‘[01m[Kstd::lock[m[K’ declared here
[4.442s]   591 |     [01;36m[Klock[m[K(_L1& __l1, _L2& __l2, _L3&... __l3)
[4.442s]       |     [01;36m[K^~~~[m[K
[6.482s] gmake[2]: *** [CMakeFiles/ar_control.dir/build.make:160: CMakeFiles/ar_control.dir/src/ar_system.cpp.o] Error 1
[6.482s] gmake[2]: *** Waiting for unfinished jobs....
[6.702s] gmake[2]: *** [CMakeFiles/ar_control_server.dir/build.make:160: CMakeFiles/ar_control_server.dir/src/ar_system.cpp.o] Error 1
[6.702s] gmake[2]: *** Waiting for unfinished jobs....
[7.589s] gmake[1]: *** [CMakeFiles/Makefile2:143: CMakeFiles/ar_control.dir/all] Error 2
[7.589s] gmake[1]: *** [CMakeFiles/Makefile2:169: CMakeFiles/ar_control_server.dir/all] Error 2
[7.590s] gmake: *** [Makefile:146: all] Error 2
[7.592s] Invoked command in '/home/hans/ar/build/ar_control' returned '2': AMENT_PREFIX_PATH=/home/hans/ar/install/master:/home/hans/ar/install/ar_utils:/home/hans/ar/install/ar_comm:${AMENT_PREFIX_PATH} CMAKE_PREFIX_PATH=/home/hans/ar/install/master:/home/hans/ar/install/ar_utils:/home/hans/ar/install/ar_comm:/opt/ros/humble LD_LIBRARY_PATH=/home/hans/ar/install/ar_utils/lib:${LD_LIBRARY_PATH} /usr/bin/cmake --build /home/hans/ar/build/ar_control -- -j12 -l12
