[0.029s] Invoking command in '/home/hans/ar/build/ar_scene': CMAKE_PREFIX_PATH=${CMAKE_PREFIX_PATH}:/opt/ros/humble /usr/bin/cmake /home/hans/ar/ar_src/command/ar_scene -DCMAKE_INSTALL_PREFIX=/home/hans/ar/install/ar_scene
[1.372s] -- The C compiler identification is GNU 11.4.0
[1.374s] -- The CXX compiler identification is GNU 11.4.0
[1.374s] -- Detecting C compiler ABI info
[1.374s] -- Detecting C compiler ABI info - done
[1.374s] -- Check for working C compiler: /usr/bin/cc - skipped
[1.374s] -- Detecting C compile features
[1.374s] -- Detecting C compile features - done
[1.375s] -- Detecting CXX compiler ABI info
[1.375s] -- Detecting CXX compiler ABI info - done
[1.375s] -- Check for working CXX compiler: /usr/bin/c++ - skipped
[1.375s] -- Detecting CXX compile features
[1.376s] -- Detecting CXX compile features - done
[1.379s] -- Found ament_cmake: 1.3.11 (/opt/ros/humble/share/ament_cmake/cmake)
[1.633s] -- Found Python3: /usr/bin/python3 (found version "3.10.12") found components: Interpreter 
[1.747s] -- Found rclcpp: 16.0.12 (/opt/ros/humble/share/rclcpp/cmake)
[1.796s] -- Found rosidl_generator_c: 3.1.6 (/opt/ros/humble/share/rosidl_generator_c/cmake)
[1.801s] -- Found rosidl_adapter: 3.1.6 (/opt/ros/humble/share/rosidl_adapter/cmake)
[1.811s] -- Found rosidl_generator_cpp: 3.1.6 (/opt/ros/humble/share/rosidl_generator_cpp/cmake)
[1.827s] -- Using all available rosidl_typesupport_c: rosidl_typesupport_fastrtps_c;rosidl_typesupport_introspection_c
[1.849s] -- Using all available rosidl_typesupport_cpp: rosidl_typesupport_fastrtps_cpp;rosidl_typesupport_introspection_cpp
[1.892s] -- Found rmw_implementation_cmake: 6.1.2 (/opt/ros/humble/share/rmw_implementation_cmake/cmake)
[1.894s] -- Found rmw_fastrtps_cpp: 6.2.7 (/opt/ros/humble/share/rmw_fastrtps_cpp/cmake)
[2.211s] -- Found OpenSSL: /usr/lib/x86_64-linux-gnu/libcrypto.so (found version "3.0.2")  
[2.249s] -- Found FastRTPS: /opt/ros/humble/include  
[2.321s] -- Using RMW implementation 'rmw_fastrtps_cpp' as default
[2.332s] -- Looking for pthread.h
[2.522s] -- Looking for pthread.h - found
[2.523s] -- Performing Test CMAKE_HAVE_LIBC_PTHREAD
[2.714s] -- Performing Test CMAKE_HAVE_LIBC_PTHREAD - Success
[2.715s] -- Found Threads: TRUE  
[2.774s] -- Found ament_lint_auto: 0.12.12 (/opt/ros/humble/share/ament_lint_auto/cmake)
[2.872s] -- Added test 'cppcheck' to perform static code analysis on C / C++ code
[2.873s] -- Configured cppcheck include dirs: 
[2.873s] -- Configured cppcheck exclude dirs and/or files: 
[2.873s] -- Added test 'lint_cmake' to check CMake code style
[2.875s] -- Added test 'uncrustify' to check C / C++ code style
[2.875s] -- Configured uncrustify additional arguments: 
[2.875s] -- Added test 'xmllint' to check XML markup files
[2.877s] -- Configuring done
[2.882s] -- Generating done
[2.884s] -- Build files have been written to: /home/hans/ar/build/ar_scene
