[35m[1mConsolidate compiler generated dependencies of target ar_control_client[0m
[35m[1mConsolidate compiler generated dependencies of target ar_control_client_server_test[0m
[35m[1mConsolidate compiler generated dependencies of target ar_control_server[0m
[35m[1mConsolidate compiler generated dependencies of target ar_control[0m
[  5%] [32m[1mLinking CXX executable ar_control_client_server_test[0m
[ 15%] Built target ar_control_client
[ 25%] [32mBuilding CXX object CMakeFiles/ar_control_server.dir/src/ar_system.cpp.o[0m
[ 25%] [32mBuilding CXX object CMakeFiles/ar_control_server.dir/src/ar_hardware_interface.cpp.o[0m
[ 35%] [32mBuilding CXX object CMakeFiles/ar_control.dir/src/ar_hardware_interface.cpp.o[0m
[ 35%] [32mBuilding CXX object CMakeFiles/ar_control.dir/src/ar_system.cpp.o[0m
/usr/bin/ld: CMakeFiles/ar_control_client_server_test.dir/test/ar_control_client_server_test.cpp.o: in function `main':
ar_control_client_server_test.cpp:(.text.startup+0x228): undefined reference to `ar_control::ArControlServer::ArControlServer(ar_control::ArHardwareInterface*, rclcpp::NodeOptions const&)'
/usr/bin/ld: ar_control_client_server_test.cpp:(.text.startup+0x564): undefined reference to `ar_control::ArControlServer::startActionServer()'
/usr/bin/ld: ar_control_client_server_test.cpp:(.text.startup+0x65b): undefined reference to `ar_control::ArControlClient::ArControlClient(std::__cxx11::basic_string<char, std::char_traits<char>, std::allocator<char> > const&, rclcpp::NodeOptions const&)'
/usr/bin/ld: ar_control_client_server_test.cpp:(.text.startup+0x8c9): undefined reference to `ar_control::ArControlClient::sendGoal(ar_action::action::ArControl_Goal_<std::allocator<void> > const&, bool)'
collect2: error: ld returned 1 exit status
gmake[2]: *** [CMakeFiles/ar_control_client_server_test.dir/build.make:337: ar_control_client_server_test] Error 1
gmake[1]: *** [CMakeFiles/Makefile2:221: CMakeFiles/ar_control_client_server_test.dir/all] Error 2
gmake[1]: *** Waiting for unfinished jobs....
[01m[K/home/hans/ar/ar_src/command/ar_control/src/ar_hardware_interface.cpp:142:37:[m[K [01;31m[Kerror: [m[Kno declaration matches ‘[01m[Kstd::map<int, ar_control::ArDriveControl*> ar_control::ArHardwareInterface::getDrives()[m[K’
  142 |     std::map<int, ArDriveControl *> [01;31m[KArHardwareInterface[m[K::getDrives()
      |                                     [01;31m[K^~~~~~~~~~~~~~~~~~~[m[K
[01m[K/home/hans/ar/ar_src/command/ar_control/src/ar_hardware_interface.cpp:142:37:[m[K [01;36m[Knote: [m[Kno functions named ‘[01m[Kstd::map<int, ar_control::ArDriveControl*> ar_control::ArHardwareInterface::getDrives()[m[K’
In file included from [01m[K/home/hans/ar/ar_src/command/ar_control/src/ar_hardware_interface.cpp:1[m[K:
[01m[K/home/hans/ar/ar_src/command/ar_control/include/ar_hardware_interface.h:25:15:[m[K [01;36m[Knote: [m[K‘[01m[Kclass ar_control::ArHardwareInterface[m[K’ defined here
   25 |         class [01;36m[KArHardwareInterface[m[K
      |               [01;36m[K^~~~~~~~~~~~~~~~~~~[m[K
[01m[K/home/hans/ar/ar_src/command/ar_control/src/ar_hardware_interface.cpp:142:37:[m[K [01;31m[Kerror: [m[Kno declaration matches ‘[01m[Kstd::map<int, ar_control::ArDriveControl*> ar_control::ArHardwareInterface::getDrives()[m[K’
  142 |     std::map<int, ArDriveControl *> [01;31m[KArHardwareInterface[m[K::getDrives()
      |                                     [01;31m[K^~~~~~~~~~~~~~~~~~~[m[K
[01m[K/home/hans/ar/ar_src/command/ar_control/src/ar_hardware_interface.cpp:142:37:[m[K [01;36m[Knote: [m[Kno functions named ‘[01m[Kstd::map<int, ar_control::ArDriveControl*> ar_control::ArHardwareInterface::getDrives()[m[K’
In file included from [01m[K/home/hans/ar/ar_src/command/ar_control/src/ar_hardware_interface.cpp:1[m[K:
[01m[K/home/hans/ar/ar_src/command/ar_control/include/ar_hardware_interface.h:25:15:[m[K [01;36m[Knote: [m[K‘[01m[Kclass ar_control::ArHardwareInterface[m[K’ defined here
   25 |         class [01;36m[KArHardwareInterface[m[K
      |               [01;36m[K^~~~~~~~~~~~~~~~~~~[m[K
[01m[K/home/hans/ar/ar_src/command/ar_control/src/ar_system.cpp:[m[K In member function ‘[01m[Kvirtual CallbackReturn ar_control::ArSystemHardware::on_configure(const rclcpp_lifecycle::State&)[m[K’:
[01m[K/home/hans/ar/ar_src/command/ar_control/src/ar_system.cpp:88:41:[m[K [01;31m[Kerror: [m[K‘[01m[Kusing element_type = class ar_control::ArHardwareInterface[m[K’ {aka ‘[01m[Kclass ar_control::ArHardwareInterface[m[K’} has no member named ‘[01m[KgetDrives[m[K’
   88 |                 for(auto drive : robot->[01;31m[KgetDrives[m[K()) {
      |                                         [01;31m[K^~~~~~~~~[m[K
[01m[K/home/hans/ar/ar_src/command/ar_control/src/ar_system.cpp:[m[K In member function ‘[01m[Kvirtual std::vector<hardware_interface::StateInterface> ar_control::ArSystemHardware::export_state_interfaces()[m[K’:
[01m[K/home/hans/ar/ar_src/command/ar_control/src/ar_system.cpp:103:41:[m[K [01;31m[Kerror: [m[K‘[01m[Kusing element_type = class ar_control::ArHardwareInterface[m[K’ {aka ‘[01m[Kclass ar_control::ArHardwareInterface[m[K’} has no member named ‘[01m[KgetDrives[m[K’
  103 |                 for(auto drive : robot->[01;31m[KgetDrives[m[K()) {
      |                                         [01;31m[K^~~~~~~~~[m[K
[01m[K/home/hans/ar/ar_src/command/ar_control/src/ar_system.cpp:[m[K In member function ‘[01m[Kvirtual std::vector<hardware_interface::CommandInterface> ar_control::ArSystemHardware::export_command_interfaces()[m[K’:
[01m[K/home/hans/ar/ar_src/command/ar_control/src/ar_system.cpp:120:41:[m[K [01;31m[Kerror: [m[K‘[01m[Kusing element_type = class ar_control::ArHardwareInterface[m[K’ {aka ‘[01m[Kclass ar_control::ArHardwareInterface[m[K’} has no member named ‘[01m[KgetDrives[m[K’
  120 |                 for(auto drive : robot->[01;31m[KgetDrives[m[K()) {
      |                                         [01;31m[K^~~~~~~~~[m[K
[01m[K/home/hans/ar/ar_src/command/ar_control/src/ar_system.cpp:[m[K In member function ‘[01m[Kvirtual CallbackReturn ar_control::ArSystemHardware::on_activate(const rclcpp_lifecycle::State&)[m[K’:
[01m[K/home/hans/ar/ar_src/command/ar_control/src/ar_system.cpp:137:41:[m[K [01;31m[Kerror: [m[K‘[01m[Kusing element_type = class ar_control::ArHardwareInterface[m[K’ {aka ‘[01m[Kclass ar_control::ArHardwareInterface[m[K’} has no member named ‘[01m[KgetDrives[m[K’
  137 |                 for(auto drive : robot->[01;31m[KgetDrives[m[K()) {
      |                                         [01;31m[K^~~~~~~~~[m[K
[01m[K/home/hans/ar/ar_src/command/ar_control/src/ar_system.cpp:[m[K In member function ‘[01m[Kvirtual hardware_interface::return_type ar_control::ArSystemHardware::write(const rclcpp::Time&, const rclcpp::Duration&)[m[K’:
[01m[K/home/hans/ar/ar_src/command/ar_control/src/ar_system.cpp:178:27:[m[K [01;31m[Kerror: [m[K‘[01m[Kusing element_type = class ar_control::ArHardwareInterface[m[K’ {aka ‘[01m[Kclass ar_control::ArHardwareInterface[m[K’} has no member named ‘[01m[Ksoem_drives[m[K’; did you mean ‘[01m[KArDrives ar_control::ArHardwareInterface::ar_drives[m[K’? (not accessible from this context)
  178 |                 if(robot->[01;31m[Ksoem_drives[m[K)
      |                           [01;31m[K^~~~~~~~~~~[m[K
In file included from [01m[K/home/hans/ar/ar_src/command/ar_control/include/ar_system.hpp:30[m[K,
                 from [01m[K/home/hans/ar/ar_src/command/ar_control/src/ar_system.cpp:15[m[K:
[01m[K/home/hans/ar/ar_src/command/ar_control/include/ar_hardware_interface.h:39:26:[m[K [01;36m[Knote: [m[Kdeclared private here
   39 |                 ArDrives [01;36m[Kar_drives[m[K;                                             ///< Holds all drive parameters and joint names
      |                          [01;36m[K^~~~~~~~~[m[K
[01m[K/home/hans/ar/ar_src/command/ar_control/src/ar_system.cpp:179:44:[m[K [01;31m[Kerror: [m[K‘[01m[Kcond[m[K’ was not declared in this scope
  179 |                         pthread_cond_wait(&[01;31m[Kcond[m[K, &lock);
      |                                            [01;31m[K^~~~[m[K
[01m[K/home/hans/ar/ar_src/command/ar_control/src/ar_system.cpp:179:51:[m[K [01;31m[Kerror: [m[K‘[01m[Klock[m[K’ was not declared in this scope; did you mean ‘[01m[Kstd::lock[m[K’?
  179 |                         pthread_cond_wait(&cond, &[01;31m[Klock[m[K);
      |                                                   [01;31m[K^~~~[m[K
      |                                                   [32m[Kstd::lock[m[K
In file included from [01m[K/home/hans/ar/ar_src/command/ar_control/include/ar_control_server.h:10[m[K,
                 from [01m[K/home/hans/ar/ar_src/command/ar_control/include/ar_hardware_interface.h:11[m[K,
                 from [01m[K/home/hans/ar/ar_src/command/ar_control/include/ar_system.hpp:30[m[K,
                 from [01m[K/home/hans/ar/ar_src/command/ar_control/src/ar_system.cpp:15[m[K:
[01m[K/usr/include/c++/11/mutex:591:5:[m[K [01;36m[Knote: [m[K‘[01m[Kstd::lock[m[K’ declared here
  591 |     [01;36m[Klock[m[K(_L1& __l1, _L2& __l2, _L3&... __l3)
      |     [01;36m[K^~~~[m[K
[01m[K/home/hans/ar/ar_src/command/ar_control/src/ar_system.cpp:[m[K In member function ‘[01m[Kvirtual CallbackReturn ar_control::ArSystemHardware::on_configure(const rclcpp_lifecycle::State&)[m[K’:
[01m[K/home/hans/ar/ar_src/command/ar_control/src/ar_system.cpp:88:41:[m[K [01;31m[Kerror: [m[K‘[01m[Kusing element_type = class ar_control::ArHardwareInterface[m[K’ {aka ‘[01m[Kclass ar_control::ArHardwareInterface[m[K’} has no member named ‘[01m[KgetDrives[m[K’
   88 |                 for(auto drive : robot->[01;31m[KgetDrives[m[K()) {
      |                                         [01;31m[K^~~~~~~~~[m[K
[01m[K/home/hans/ar/ar_src/command/ar_control/src/ar_system.cpp:[m[K In member function ‘[01m[Kvirtual std::vector<hardware_interface::StateInterface> ar_control::ArSystemHardware::export_state_interfaces()[m[K’:
[01m[K/home/hans/ar/ar_src/command/ar_control/src/ar_system.cpp:103:41:[m[K [01;31m[Kerror: [m[K‘[01m[Kusing element_type = class ar_control::ArHardwareInterface[m[K’ {aka ‘[01m[Kclass ar_control::ArHardwareInterface[m[K’} has no member named ‘[01m[KgetDrives[m[K’
  103 |                 for(auto drive : robot->[01;31m[KgetDrives[m[K()) {
      |                                         [01;31m[K^~~~~~~~~[m[K
[01m[K/home/hans/ar/ar_src/command/ar_control/src/ar_system.cpp:[m[K In member function ‘[01m[Kvirtual std::vector<hardware_interface::CommandInterface> ar_control::ArSystemHardware::export_command_interfaces()[m[K’:
[01m[K/home/hans/ar/ar_src/command/ar_control/src/ar_system.cpp:120:41:[m[K [01;31m[Kerror: [m[K‘[01m[Kusing element_type = class ar_control::ArHardwareInterface[m[K’ {aka ‘[01m[Kclass ar_control::ArHardwareInterface[m[K’} has no member named ‘[01m[KgetDrives[m[K’
  120 |                 for(auto drive : robot->[01;31m[KgetDrives[m[K()) {
      |                                         [01;31m[K^~~~~~~~~[m[K
[01m[K/home/hans/ar/ar_src/command/ar_control/src/ar_system.cpp:[m[K In member function ‘[01m[Kvirtual CallbackReturn ar_control::ArSystemHardware::on_activate(const rclcpp_lifecycle::State&)[m[K’:
[01m[K/home/hans/ar/ar_src/command/ar_control/src/ar_system.cpp:137:41:[m[K [01;31m[Kerror: [m[K‘[01m[Kusing element_type = class ar_control::ArHardwareInterface[m[K’ {aka ‘[01m[Kclass ar_control::ArHardwareInterface[m[K’} has no member named ‘[01m[KgetDrives[m[K’
  137 |                 for(auto drive : robot->[01;31m[KgetDrives[m[K()) {
      |                                         [01;31m[K^~~~~~~~~[m[K
[01m[K/home/hans/ar/ar_src/command/ar_control/src/ar_system.cpp:[m[K In member function ‘[01m[Kvirtual hardware_interface::return_type ar_control::ArSystemHardware::write(const rclcpp::Time&, const rclcpp::Duration&)[m[K’:
[01m[K/home/hans/ar/ar_src/command/ar_control/src/ar_system.cpp:178:27:[m[K [01;31m[Kerror: [m[K‘[01m[Kusing element_type = class ar_control::ArHardwareInterface[m[K’ {aka ‘[01m[Kclass ar_control::ArHardwareInterface[m[K’} has no member named ‘[01m[Ksoem_drives[m[K’; did you mean ‘[01m[KArDrives ar_control::ArHardwareInterface::ar_drives[m[K’? (not accessible from this context)
  178 |                 if(robot->[01;31m[Ksoem_drives[m[K)
      |                           [01;31m[K^~~~~~~~~~~[m[K
In file included from [01m[K/home/hans/ar/ar_src/command/ar_control/include/ar_system.hpp:30[m[K,
                 from [01m[K/home/hans/ar/ar_src/command/ar_control/src/ar_system.cpp:15[m[K:
[01m[K/home/hans/ar/ar_src/command/ar_control/include/ar_hardware_interface.h:39:26:[m[K [01;36m[Knote: [m[Kdeclared private here
   39 |                 ArDrives [01;36m[Kar_drives[m[K;                                             ///< Holds all drive parameters and joint names
      |                          [01;36m[K^~~~~~~~~[m[K
[01m[K/home/hans/ar/ar_src/command/ar_control/src/ar_system.cpp:179:44:[m[K [01;31m[Kerror: [m[K‘[01m[Kcond[m[K’ was not declared in this scope
  179 |                         pthread_cond_wait(&[01;31m[Kcond[m[K, &lock);
      |                                            [01;31m[K^~~~[m[K
[01m[K/home/hans/ar/ar_src/command/ar_control/src/ar_system.cpp:179:51:[m[K [01;31m[Kerror: [m[K‘[01m[Klock[m[K’ was not declared in this scope; did you mean ‘[01m[Kstd::lock[m[K’?
  179 |                         pthread_cond_wait(&cond, &[01;31m[Klock[m[K);
      |                                                   [01;31m[K^~~~[m[K
      |                                                   [32m[Kstd::lock[m[K
In file included from [01m[K/home/hans/ar/ar_src/command/ar_control/include/ar_control_server.h:10[m[K,
                 from [01m[K/home/hans/ar/ar_src/command/ar_control/include/ar_hardware_interface.h:11[m[K,
                 from [01m[K/home/hans/ar/ar_src/command/ar_control/include/ar_system.hpp:30[m[K,
                 from [01m[K/home/hans/ar/ar_src/command/ar_control/src/ar_system.cpp:15[m[K:
[01m[K/usr/include/c++/11/mutex:591:5:[m[K [01;36m[Knote: [m[K‘[01m[Kstd::lock[m[K’ declared here
  591 |     [01;36m[Klock[m[K(_L1& __l1, _L2& __l2, _L3&... __l3)
      |     [01;36m[K^~~~[m[K
gmake[2]: *** [CMakeFiles/ar_control_server.dir/build.make:132: CMakeFiles/ar_control_server.dir/src/ar_hardware_interface.cpp.o] Error 1
gmake[2]: *** Waiting for unfinished jobs....
gmake[2]: *** [CMakeFiles/ar_control.dir/build.make:132: CMakeFiles/ar_control.dir/src/ar_hardware_interface.cpp.o] Error 1
gmake[2]: *** Waiting for unfinished jobs....
gmake[2]: *** [CMakeFiles/ar_control.dir/build.make:160: CMakeFiles/ar_control.dir/src/ar_system.cpp.o] Error 1
gmake[1]: *** [CMakeFiles/Makefile2:143: CMakeFiles/ar_control.dir/all] Error 2
gmake[2]: *** [CMakeFiles/ar_control_server.dir/build.make:160: CMakeFiles/ar_control_server.dir/src/ar_system.cpp.o] Error 1
gmake[1]: *** [CMakeFiles/Makefile2:169: CMakeFiles/ar_control_server.dir/all] Error 2
gmake: *** [Makefile:146: all] Error 2
