[0.008s] Invoking command in '/home/hans/ar/build/ar_control': AMENT_PREFIX_PATH=/home/hans/ar/install/master:/home/hans/ar/install/ar_utils:/home/hans/ar/install/ar_comm:${AMENT_PREFIX_PATH} CMAKE_PREFIX_PATH=/home/hans/ar/install/master:/home/hans/ar/install/ar_utils:/home/hans/ar/install/ar_comm:/opt/ros/humble LD_LIBRARY_PATH=/home/hans/ar/install/ar_utils/lib:${LD_LIBRARY_PATH} /usr/bin/cmake --build /home/hans/ar/build/ar_control -- -j12 -l12
[0.047s] [35m[1mConsolidate compiler generated dependencies of target ar_control_client[0m
[0.049s] [35m[1mConsolidate compiler generated dependencies of target ar_control_client_server_test[0m
[0.051s] [35m[1mConsolidate compiler generated dependencies of target ar_control_server[0m
[0.055s] [35m[1mConsolidate compiler generated dependencies of target ar_control[0m
[0.063s] [  5%] [32m[1mLinking CXX executable ar_control_client_server_test[0m
[0.069s] [ 15%] Built target ar_control_client
[0.084s] [ 25%] [32mBuilding CXX object CMakeFiles/ar_control_server.dir/src/ar_system.cpp.o[0m
[0.084s] [ 25%] [32mBuilding CXX object CMakeFiles/ar_control_server.dir/src/ar_hardware_interface.cpp.o[0m
[0.100s] [ 35%] [32mBuilding CXX object CMakeFiles/ar_control.dir/src/ar_hardware_interface.cpp.o[0m
[0.100s] [ 35%] [32mBuilding CXX object CMakeFiles/ar_control.dir/src/ar_system.cpp.o[0m
[0.207s] /usr/bin/ld: CMakeFiles/ar_control_client_server_test.dir/test/ar_control_client_server_test.cpp.o: in function `main':
[0.207s] ar_control_client_server_test.cpp:(.text.startup+0x228): undefined reference to `ar_control::ArControlServer::ArControlServer(ar_control::ArHardwareInterface*, rclcpp::NodeOptions const&)'
[0.207s] /usr/bin/ld: ar_control_client_server_test.cpp:(.text.startup+0x564): undefined reference to `ar_control::ArControlServer::startActionServer()'
[0.207s] /usr/bin/ld: ar_control_client_server_test.cpp:(.text.startup+0x65b): undefined reference to `ar_control::ArControlClient::ArControlClient(std::__cxx11::basic_string<char, std::char_traits<char>, std::allocator<char> > const&, rclcpp::NodeOptions const&)'
[0.207s] /usr/bin/ld: ar_control_client_server_test.cpp:(.text.startup+0x8c9): undefined reference to `ar_control::ArControlClient::sendGoal(ar_action::action::ArControl_Goal_<std::allocator<void> > const&, bool)'
[0.220s] collect2: error: ld returned 1 exit status
[0.221s] gmake[2]: *** [CMakeFiles/ar_control_client_server_test.dir/build.make:337: ar_control_client_server_test] Error 1
[0.221s] gmake[1]: *** [CMakeFiles/Makefile2:221: CMakeFiles/ar_control_client_server_test.dir/all] Error 2
[0.221s] gmake[1]: *** Waiting for unfinished jobs....
[3.753s] [01m[K/home/hans/ar/ar_src/command/ar_control/src/ar_hardware_interface.cpp:142:37:[m[K [01;31m[Kerror: [m[Kno declaration matches ‘[01m[Kstd::map<int, ar_control::ArDriveControl*> ar_control::ArHardwareInterface::getDrives()[m[K’
[3.754s]   142 |     std::map<int, ArDriveControl *> [01;31m[KArHardwareInterface[m[K::getDrives()
[3.754s]       |                                     [01;31m[K^~~~~~~~~~~~~~~~~~~[m[K
[3.754s] [01m[K/home/hans/ar/ar_src/command/ar_control/src/ar_hardware_interface.cpp:142:37:[m[K [01;36m[Knote: [m[Kno functions named ‘[01m[Kstd::map<int, ar_control::ArDriveControl*> ar_control::ArHardwareInterface::getDrives()[m[K’
[3.754s] In file included from [01m[K/home/hans/ar/ar_src/command/ar_control/src/ar_hardware_interface.cpp:1[m[K:
[3.754s] [01m[K/home/hans/ar/ar_src/command/ar_control/include/ar_hardware_interface.h:25:15:[m[K [01;36m[Knote: [m[K‘[01m[Kclass ar_control::ArHardwareInterface[m[K’ defined here
[3.754s]    25 |         class [01;36m[KArHardwareInterface[m[K
[3.754s]       |               [01;36m[K^~~~~~~~~~~~~~~~~~~[m[K
[3.791s] [01m[K/home/hans/ar/ar_src/command/ar_control/src/ar_hardware_interface.cpp:142:37:[m[K [01;31m[Kerror: [m[Kno declaration matches ‘[01m[Kstd::map<int, ar_control::ArDriveControl*> ar_control::ArHardwareInterface::getDrives()[m[K’
[3.791s]   142 |     std::map<int, ArDriveControl *> [01;31m[KArHardwareInterface[m[K::getDrives()
[3.791s]       |                                     [01;31m[K^~~~~~~~~~~~~~~~~~~[m[K
[3.792s] [01m[K/home/hans/ar/ar_src/command/ar_control/src/ar_hardware_interface.cpp:142:37:[m[K [01;36m[Knote: [m[Kno functions named ‘[01m[Kstd::map<int, ar_control::ArDriveControl*> ar_control::ArHardwareInterface::getDrives()[m[K’
[3.792s] In file included from [01m[K/home/hans/ar/ar_src/command/ar_control/src/ar_hardware_interface.cpp:1[m[K:
[3.792s] [01m[K/home/hans/ar/ar_src/command/ar_control/include/ar_hardware_interface.h:25:15:[m[K [01;36m[Knote: [m[K‘[01m[Kclass ar_control::ArHardwareInterface[m[K’ defined here
[3.792s]    25 |         class [01;36m[KArHardwareInterface[m[K
[3.792s]       |               [01;36m[K^~~~~~~~~~~~~~~~~~~[m[K
[3.822s] [01m[K/home/hans/ar/ar_src/command/ar_control/src/ar_system.cpp:[m[K In member function ‘[01m[Kvirtual CallbackReturn ar_control::ArSystemHardware::on_configure(const rclcpp_lifecycle::State&)[m[K’:
[3.822s] [01m[K/home/hans/ar/ar_src/command/ar_control/src/ar_system.cpp:88:41:[m[K [01;31m[Kerror: [m[K‘[01m[Kusing element_type = class ar_control::ArHardwareInterface[m[K’ {aka ‘[01m[Kclass ar_control::ArHardwareInterface[m[K’} has no member named ‘[01m[KgetDrives[m[K’
[3.822s]    88 |                 for(auto drive : robot->[01;31m[KgetDrives[m[K()) {
[3.822s]       |                                         [01;31m[K^~~~~~~~~[m[K
[3.827s] [01m[K/home/hans/ar/ar_src/command/ar_control/src/ar_system.cpp:[m[K In member function ‘[01m[Kvirtual std::vector<hardware_interface::StateInterface> ar_control::ArSystemHardware::export_state_interfaces()[m[K’:
[3.827s] [01m[K/home/hans/ar/ar_src/command/ar_control/src/ar_system.cpp:103:41:[m[K [01;31m[Kerror: [m[K‘[01m[Kusing element_type = class ar_control::ArHardwareInterface[m[K’ {aka ‘[01m[Kclass ar_control::ArHardwareInterface[m[K’} has no member named ‘[01m[KgetDrives[m[K’
[3.827s]   103 |                 for(auto drive : robot->[01;31m[KgetDrives[m[K()) {
[3.827s]       |                                         [01;31m[K^~~~~~~~~[m[K
[3.829s] [01m[K/home/hans/ar/ar_src/command/ar_control/src/ar_system.cpp:[m[K In member function ‘[01m[Kvirtual std::vector<hardware_interface::CommandInterface> ar_control::ArSystemHardware::export_command_interfaces()[m[K’:
[3.829s] [01m[K/home/hans/ar/ar_src/command/ar_control/src/ar_system.cpp:120:41:[m[K [01;31m[Kerror: [m[K‘[01m[Kusing element_type = class ar_control::ArHardwareInterface[m[K’ {aka ‘[01m[Kclass ar_control::ArHardwareInterface[m[K’} has no member named ‘[01m[KgetDrives[m[K’
[3.829s]   120 |                 for(auto drive : robot->[01;31m[KgetDrives[m[K()) {
[3.829s]       |                                         [01;31m[K^~~~~~~~~[m[K
[3.830s] [01m[K/home/hans/ar/ar_src/command/ar_control/src/ar_system.cpp:[m[K In member function ‘[01m[Kvirtual CallbackReturn ar_control::ArSystemHardware::on_activate(const rclcpp_lifecycle::State&)[m[K’:
[3.830s] [01m[K/home/hans/ar/ar_src/command/ar_control/src/ar_system.cpp:137:41:[m[K [01;31m[Kerror: [m[K‘[01m[Kusing element_type = class ar_control::ArHardwareInterface[m[K’ {aka ‘[01m[Kclass ar_control::ArHardwareInterface[m[K’} has no member named ‘[01m[KgetDrives[m[K’
[3.830s]   137 |                 for(auto drive : robot->[01;31m[KgetDrives[m[K()) {
[3.830s]       |                                         [01;31m[K^~~~~~~~~[m[K
[3.831s] [01m[K/home/hans/ar/ar_src/command/ar_control/src/ar_system.cpp:[m[K In member function ‘[01m[Kvirtual hardware_interface::return_type ar_control::ArSystemHardware::write(const rclcpp::Time&, const rclcpp::Duration&)[m[K’:
[3.831s] [01m[K/home/hans/ar/ar_src/command/ar_control/src/ar_system.cpp:178:27:[m[K [01;31m[Kerror: [m[K‘[01m[Kusing element_type = class ar_control::ArHardwareInterface[m[K’ {aka ‘[01m[Kclass ar_control::ArHardwareInterface[m[K’} has no member named ‘[01m[Ksoem_drives[m[K’; did you mean ‘[01m[KArDrives ar_control::ArHardwareInterface::ar_drives[m[K’? (not accessible from this context)
[3.831s]   178 |                 if(robot->[01;31m[Ksoem_drives[m[K)
[3.831s]       |                           [01;31m[K^~~~~~~~~~~[m[K
[3.831s] In file included from [01m[K/home/hans/ar/ar_src/command/ar_control/include/ar_system.hpp:30[m[K,
[3.831s]                  from [01m[K/home/hans/ar/ar_src/command/ar_control/src/ar_system.cpp:15[m[K:
[3.831s] [01m[K/home/hans/ar/ar_src/command/ar_control/include/ar_hardware_interface.h:39:26:[m[K [01;36m[Knote: [m[Kdeclared private here
[3.831s]    39 |                 ArDrives [01;36m[Kar_drives[m[K;                                             ///< Holds all drive parameters and joint names
[3.831s]       |                          [01;36m[K^~~~~~~~~[m[K
[3.836s] [01m[K/home/hans/ar/ar_src/command/ar_control/src/ar_system.cpp:179:44:[m[K [01;31m[Kerror: [m[K‘[01m[Kcond[m[K’ was not declared in this scope
[3.836s]   179 |                         pthread_cond_wait(&[01;31m[Kcond[m[K, &lock);
[3.836s]       |                                            [01;31m[K^~~~[m[K
[3.837s] [01m[K/home/hans/ar/ar_src/command/ar_control/src/ar_system.cpp:179:51:[m[K [01;31m[Kerror: [m[K‘[01m[Klock[m[K’ was not declared in this scope; did you mean ‘[01m[Kstd::lock[m[K’?
[3.837s]   179 |                         pthread_cond_wait(&cond, &[01;31m[Klock[m[K);
[3.837s]       |                                                   [01;31m[K^~~~[m[K
[3.837s]       |                                                   [32m[Kstd::lock[m[K
[3.838s] In file included from [01m[K/home/hans/ar/ar_src/command/ar_control/include/ar_control_server.h:10[m[K,
[3.838s]                  from [01m[K/home/hans/ar/ar_src/command/ar_control/include/ar_hardware_interface.h:11[m[K,
[3.838s]                  from [01m[K/home/hans/ar/ar_src/command/ar_control/include/ar_system.hpp:30[m[K,
[3.838s]                  from [01m[K/home/hans/ar/ar_src/command/ar_control/src/ar_system.cpp:15[m[K:
[3.838s] [01m[K/usr/include/c++/11/mutex:591:5:[m[K [01;36m[Knote: [m[K‘[01m[Kstd::lock[m[K’ declared here
[3.838s]   591 |     [01;36m[Klock[m[K(_L1& __l1, _L2& __l2, _L3&... __l3)
[3.838s]       |     [01;36m[K^~~~[m[K
[3.843s] [01m[K/home/hans/ar/ar_src/command/ar_control/src/ar_system.cpp:[m[K In member function ‘[01m[Kvirtual CallbackReturn ar_control::ArSystemHardware::on_configure(const rclcpp_lifecycle::State&)[m[K’:
[3.843s] [01m[K/home/hans/ar/ar_src/command/ar_control/src/ar_system.cpp:88:41:[m[K [01;31m[Kerror: [m[K‘[01m[Kusing element_type = class ar_control::ArHardwareInterface[m[K’ {aka ‘[01m[Kclass ar_control::ArHardwareInterface[m[K’} has no member named ‘[01m[KgetDrives[m[K’
[3.843s]    88 |                 for(auto drive : robot->[01;31m[KgetDrives[m[K()) {
[3.843s]       |                                         [01;31m[K^~~~~~~~~[m[K
[3.846s] [01m[K/home/hans/ar/ar_src/command/ar_control/src/ar_system.cpp:[m[K In member function ‘[01m[Kvirtual std::vector<hardware_interface::StateInterface> ar_control::ArSystemHardware::export_state_interfaces()[m[K’:
[3.846s] [01m[K/home/hans/ar/ar_src/command/ar_control/src/ar_system.cpp:103:41:[m[K [01;31m[Kerror: [m[K‘[01m[Kusing element_type = class ar_control::ArHardwareInterface[m[K’ {aka ‘[01m[Kclass ar_control::ArHardwareInterface[m[K’} has no member named ‘[01m[KgetDrives[m[K’
[3.846s]   103 |                 for(auto drive : robot->[01;31m[KgetDrives[m[K()) {
[3.846s]       |                                         [01;31m[K^~~~~~~~~[m[K
[3.848s] [01m[K/home/hans/ar/ar_src/command/ar_control/src/ar_system.cpp:[m[K In member function ‘[01m[Kvirtual std::vector<hardware_interface::CommandInterface> ar_control::ArSystemHardware::export_command_interfaces()[m[K’:
[3.848s] [01m[K/home/hans/ar/ar_src/command/ar_control/src/ar_system.cpp:120:41:[m[K [01;31m[Kerror: [m[K‘[01m[Kusing element_type = class ar_control::ArHardwareInterface[m[K’ {aka ‘[01m[Kclass ar_control::ArHardwareInterface[m[K’} has no member named ‘[01m[KgetDrives[m[K’
[3.848s]   120 |                 for(auto drive : robot->[01;31m[KgetDrives[m[K()) {
[3.848s]       |                                         [01;31m[K^~~~~~~~~[m[K
[3.849s] [01m[K/home/hans/ar/ar_src/command/ar_control/src/ar_system.cpp:[m[K In member function ‘[01m[Kvirtual CallbackReturn ar_control::ArSystemHardware::on_activate(const rclcpp_lifecycle::State&)[m[K’:
[3.849s] [01m[K/home/hans/ar/ar_src/command/ar_control/src/ar_system.cpp:137:41:[m[K [01;31m[Kerror: [m[K‘[01m[Kusing element_type = class ar_control::ArHardwareInterface[m[K’ {aka ‘[01m[Kclass ar_control::ArHardwareInterface[m[K’} has no member named ‘[01m[KgetDrives[m[K’
[3.849s]   137 |                 for(auto drive : robot->[01;31m[KgetDrives[m[K()) {
[3.849s]       |                                         [01;31m[K^~~~~~~~~[m[K
[3.850s] [01m[K/home/hans/ar/ar_src/command/ar_control/src/ar_system.cpp:[m[K In member function ‘[01m[Kvirtual hardware_interface::return_type ar_control::ArSystemHardware::write(const rclcpp::Time&, const rclcpp::Duration&)[m[K’:
[3.850s] [01m[K/home/hans/ar/ar_src/command/ar_control/src/ar_system.cpp:178:27:[m[K [01;31m[Kerror: [m[K‘[01m[Kusing element_type = class ar_control::ArHardwareInterface[m[K’ {aka ‘[01m[Kclass ar_control::ArHardwareInterface[m[K’} has no member named ‘[01m[Ksoem_drives[m[K’; did you mean ‘[01m[KArDrives ar_control::ArHardwareInterface::ar_drives[m[K’? (not accessible from this context)
[3.850s]   178 |                 if(robot->[01;31m[Ksoem_drives[m[K)
[3.850s]       |                           [01;31m[K^~~~~~~~~~~[m[K
[3.850s] In file included from [01m[K/home/hans/ar/ar_src/command/ar_control/include/ar_system.hpp:30[m[K,
[3.850s]                  from [01m[K/home/hans/ar/ar_src/command/ar_control/src/ar_system.cpp:15[m[K:
[3.850s] [01m[K/home/hans/ar/ar_src/command/ar_control/include/ar_hardware_interface.h:39:26:[m[K [01;36m[Knote: [m[Kdeclared private here
[3.850s]    39 |                 ArDrives [01;36m[Kar_drives[m[K;                                             ///< Holds all drive parameters and joint names
[3.850s]       |                          [01;36m[K^~~~~~~~~[m[K
[3.855s] [01m[K/home/hans/ar/ar_src/command/ar_control/src/ar_system.cpp:179:44:[m[K [01;31m[Kerror: [m[K‘[01m[Kcond[m[K’ was not declared in this scope
[3.855s]   179 |                         pthread_cond_wait(&[01;31m[Kcond[m[K, &lock);
[3.856s]       |                                            [01;31m[K^~~~[m[K
[3.857s] [01m[K/home/hans/ar/ar_src/command/ar_control/src/ar_system.cpp:179:51:[m[K [01;31m[Kerror: [m[K‘[01m[Klock[m[K’ was not declared in this scope; did you mean ‘[01m[Kstd::lock[m[K’?
[3.857s]   179 |                         pthread_cond_wait(&cond, &[01;31m[Klock[m[K);
[3.857s]       |                                                   [01;31m[K^~~~[m[K
[3.857s]       |                                                   [32m[Kstd::lock[m[K
[3.857s] In file included from [01m[K/home/hans/ar/ar_src/command/ar_control/include/ar_control_server.h:10[m[K,
[3.857s]                  from [01m[K/home/hans/ar/ar_src/command/ar_control/include/ar_hardware_interface.h:11[m[K,
[3.857s]                  from [01m[K/home/hans/ar/ar_src/command/ar_control/include/ar_system.hpp:30[m[K,
[3.857s]                  from [01m[K/home/hans/ar/ar_src/command/ar_control/src/ar_system.cpp:15[m[K:
[3.857s] [01m[K/usr/include/c++/11/mutex:591:5:[m[K [01;36m[Knote: [m[K‘[01m[Kstd::lock[m[K’ declared here
[3.857s]   591 |     [01;36m[Klock[m[K(_L1& __l1, _L2& __l2, _L3&... __l3)
[3.857s]       |     [01;36m[K^~~~[m[K
[5.727s] gmake[2]: *** [CMakeFiles/ar_control_server.dir/build.make:132: CMakeFiles/ar_control_server.dir/src/ar_hardware_interface.cpp.o] Error 1
[5.727s] gmake[2]: *** Waiting for unfinished jobs....
[5.770s] gmake[2]: *** [CMakeFiles/ar_control.dir/build.make:132: CMakeFiles/ar_control.dir/src/ar_hardware_interface.cpp.o] Error 1
[5.770s] gmake[2]: *** Waiting for unfinished jobs....
[5.811s] gmake[2]: *** [CMakeFiles/ar_control.dir/build.make:160: CMakeFiles/ar_control.dir/src/ar_system.cpp.o] Error 1
[5.811s] gmake[1]: *** [CMakeFiles/Makefile2:143: CMakeFiles/ar_control.dir/all] Error 2
[5.834s] gmake[2]: *** [CMakeFiles/ar_control_server.dir/build.make:160: CMakeFiles/ar_control_server.dir/src/ar_system.cpp.o] Error 1
[5.834s] gmake[1]: *** [CMakeFiles/Makefile2:169: CMakeFiles/ar_control_server.dir/all] Error 2
[5.834s] gmake: *** [Makefile:146: all] Error 2
[5.836s] Invoked command in '/home/hans/ar/build/ar_control' returned '2': AMENT_PREFIX_PATH=/home/hans/ar/install/master:/home/hans/ar/install/ar_utils:/home/hans/ar/install/ar_comm:${AMENT_PREFIX_PATH} CMAKE_PREFIX_PATH=/home/hans/ar/install/master:/home/hans/ar/install/ar_utils:/home/hans/ar/install/ar_comm:/opt/ros/humble LD_LIBRARY_PATH=/home/hans/ar/install/ar_utils/lib:${LD_LIBRARY_PATH} /usr/bin/cmake --build /home/hans/ar/build/ar_control -- -j12 -l12
